[0.325s] Invoking command in '/home/dinhcuong/arm_ws/build/arduinobot_moveit': CMAKE_PREFIX_PATH=${CMAKE_PREFIX_PATH}:/home/dinhcuong/arm_ws/install/test_serverws:/home/dinhcuong/arm_ws/install/server_python:/opt/ros/humble /usr/bin/cmake /home/dinhcuong/arm_ws/src/arduinobot_moveit -DCMAKE_INSTALL_PREFIX=/home/dinhcuong/arm_ws/install/arduinobot_moveit
[0.354s] -- Found ament_cmake: 1.3.8 (/opt/ros/humble/share/ament_cmake/cmake)
[0.601s] -- Override CMake install command with custom implementation using symlinks instead of copying resources
[0.615s] -- Found ament_lint_auto: 0.12.10 (/opt/ros/humble/share/ament_lint_auto/cmake)
[0.767s] -- Added test 'flake8' to check Python code syntax and style conventions
[0.768s] -- Added test 'lint_cmake' to check CMake code style
[0.769s] -- Added test 'pep257' to check Python code against some of the docstring style conventions in PEP 257
[0.771s] -- Added test 'xmllint' to check XML markup files
[0.772s] -- Configuring done
[0.776s] -- Generating done
[0.778s] -- Build files have been written to: /home/dinhcuong/arm_ws/build/arduinobot_moveit
[0.786s] Invoked command in '/home/dinhcuong/arm_ws/build/arduinobot_moveit' returned '0': CMAKE_PREFIX_PATH=${CMAKE_PREFIX_PATH}:/home/dinhcuong/arm_ws/install/test_serverws:/home/dinhcuong/arm_ws/install/server_python:/opt/ros/humble /usr/bin/cmake /home/dinhcuong/arm_ws/src/arduinobot_moveit -DCMAKE_INSTALL_PREFIX=/home/dinhcuong/arm_ws/install/arduinobot_moveit
[0.787s] Invoking command in '/home/dinhcuong/arm_ws/build/arduinobot_moveit': CMAKE_PREFIX_PATH=${CMAKE_PREFIX_PATH}:/home/dinhcuong/arm_ws/install/test_serverws:/home/dinhcuong/arm_ws/install/server_python:/opt/ros/humble /usr/bin/cmake --build /home/dinhcuong/arm_ws/build/arduinobot_moveit -- -j8 -l8
[0.843s] Invoked command in '/home/dinhcuong/arm_ws/build/arduinobot_moveit' returned '0': CMAKE_PREFIX_PATH=${CMAKE_PREFIX_PATH}:/home/dinhcuong/arm_ws/install/test_serverws:/home/dinhcuong/arm_ws/install/server_python:/opt/ros/humble /usr/bin/cmake --build /home/dinhcuong/arm_ws/build/arduinobot_moveit -- -j8 -l8
[0.887s] Invoking command in '/home/dinhcuong/arm_ws/build/arduinobot_moveit': CMAKE_PREFIX_PATH=${CMAKE_PREFIX_PATH}:/home/dinhcuong/arm_ws/install/test_serverws:/home/dinhcuong/arm_ws/install/server_python:/opt/ros/humble /usr/bin/cmake --install /home/dinhcuong/arm_ws/build/arduinobot_moveit
[0.898s] -- Install configuration: ""
[0.899s] -- Execute custom install script
[0.900s] -- Up-to-date symlink: /home/dinhcuong/arm_ws/install/arduinobot_moveit/share/arduinobot_moveit/launch/moveit.launch.py
[0.900s] -- Up-to-date symlink: /home/dinhcuong/arm_ws/install/arduinobot_moveit/share/arduinobot_moveit/config/arduinobot.srdf
[0.901s] -- Up-to-date symlink: /home/dinhcuong/arm_ws/install/arduinobot_moveit/share/arduinobot_moveit/config/initial_positions.yaml
[0.901s] -- Up-to-date symlink: /home/dinhcuong/arm_ws/install/arduinobot_moveit/share/arduinobot_moveit/config/joint_limits.yaml
[0.901s] -- Up-to-date symlink: /home/dinhcuong/arm_ws/install/arduinobot_moveit/share/arduinobot_moveit/config/kinematics.yaml
[0.901s] -- Up-to-date symlink: /home/dinhcuong/arm_ws/install/arduinobot_moveit/share/arduinobot_moveit/config/moveit_controllers.yaml
[0.901s] -- Up-to-date symlink: /home/dinhcuong/arm_ws/install/arduinobot_moveit/share/arduinobot_moveit/config/pilz_cartesian_limits.yaml
[0.902s] -- Up-to-date symlink: /home/dinhcuong/arm_ws/install/arduinobot_moveit/share/ament_index/resource_index/package_run_dependencies/arduinobot_moveit
[0.902s] -- Up-to-date symlink: /home/dinhcuong/arm_ws/install/arduinobot_moveit/share/ament_index/resource_index/parent_prefix_path/arduinobot_moveit
[0.902s] -- Up-to-date symlink: /home/dinhcuong/arm_ws/install/arduinobot_moveit/share/arduinobot_moveit/environment/ament_prefix_path.sh
[0.903s] -- Up-to-date symlink: /home/dinhcuong/arm_ws/install/arduinobot_moveit/share/arduinobot_moveit/environment/ament_prefix_path.dsv
[0.903s] -- Up-to-date symlink: /home/dinhcuong/arm_ws/install/arduinobot_moveit/share/arduinobot_moveit/environment/path.sh
[0.903s] -- Up-to-date symlink: /home/dinhcuong/arm_ws/install/arduinobot_moveit/share/arduinobot_moveit/environment/path.dsv
[0.904s] -- Up-to-date symlink: /home/dinhcuong/arm_ws/install/arduinobot_moveit/share/arduinobot_moveit/local_setup.bash
[0.904s] -- Up-to-date symlink: /home/dinhcuong/arm_ws/install/arduinobot_moveit/share/arduinobot_moveit/local_setup.sh
[0.904s] -- Up-to-date symlink: /home/dinhcuong/arm_ws/install/arduinobot_moveit/share/arduinobot_moveit/local_setup.zsh
[0.904s] -- Up-to-date symlink: /home/dinhcuong/arm_ws/install/arduinobot_moveit/share/arduinobot_moveit/local_setup.dsv
[0.905s] -- Symlinking: /home/dinhcuong/arm_ws/install/arduinobot_moveit/share/arduinobot_moveit/package.dsv
[0.918s] -- Up-to-date symlink: /home/dinhcuong/arm_ws/install/arduinobot_moveit/share/ament_index/resource_index/packages/arduinobot_moveit
[0.918s] -- Up-to-date symlink: /home/dinhcuong/arm_ws/install/arduinobot_moveit/share/arduinobot_moveit/cmake/arduinobot_moveitConfig.cmake
[0.919s] -- Up-to-date symlink: /home/dinhcuong/arm_ws/install/arduinobot_moveit/share/arduinobot_moveit/cmake/arduinobot_moveitConfig-version.cmake
[0.919s] -- Up-to-date symlink: /home/dinhcuong/arm_ws/install/arduinobot_moveit/share/arduinobot_moveit/package.xml
[0.935s] Invoked command in '/home/dinhcuong/arm_ws/build/arduinobot_moveit' returned '0': CMAKE_PREFIX_PATH=${CMAKE_PREFIX_PATH}:/home/dinhcuong/arm_ws/install/test_serverws:/home/dinhcuong/arm_ws/install/server_python:/opt/ros/humble /usr/bin/cmake --install /home/dinhcuong/arm_ws/build/arduinobot_moveit
