[0.157s] Invoking command in '/home/dinhcuong/arm_ws/build/arm_mark1_moveit': CMAKE_PREFIX_PATH=${CMAKE_PREFIX_PATH}:/home/dinhcuong/arm_ws/install/test_serverws:/home/dinhcuong/arm_ws/install/server_python:/opt/ros/humble /usr/bin/cmake /home/dinhcuong/arm_ws/src/arm_mark1_moveit -DCMAKE_INSTALL_PREFIX=/home/dinhcuong/arm_ws/install/arm_mark1_moveit
[0.600s] -- Found ament_cmake: 1.3.8 (/opt/ros/humble/share/ament_cmake/cmake)
[0.600s] -- Override CMake install command with custom implementation using symlinks instead of copying resources
[0.600s] -- Found ament_lint_auto: 0.12.10 (/opt/ros/humble/share/ament_lint_auto/cmake)
[0.614s] -- Added test 'flake8' to check Python code syntax and style conventions
[0.615s] -- Added test 'lint_cmake' to check CMake code style
[0.615s] -- Added test 'pep257' to check Python code against some of the docstring style conventions in PEP 257
[0.616s] -- Added test 'xmllint' to check XML markup files
[0.619s] -- Configuring done
[0.621s] -- Generating done
[0.624s] -- Build files have been written to: /home/dinhcuong/arm_ws/build/arm_mark1_moveit
[0.628s] Invoked command in '/home/dinhcuong/arm_ws/build/arm_mark1_moveit' returned '0': CMAKE_PREFIX_PATH=${CMAKE_PREFIX_PATH}:/home/dinhcuong/arm_ws/install/test_serverws:/home/dinhcuong/arm_ws/install/server_python:/opt/ros/humble /usr/bin/cmake /home/dinhcuong/arm_ws/src/arm_mark1_moveit -DCMAKE_INSTALL_PREFIX=/home/dinhcuong/arm_ws/install/arm_mark1_moveit
[0.631s] Invoking command in '/home/dinhcuong/arm_ws/build/arm_mark1_moveit': CMAKE_PREFIX_PATH=${CMAKE_PREFIX_PATH}:/home/dinhcuong/arm_ws/install/test_serverws:/home/dinhcuong/arm_ws/install/server_python:/opt/ros/humble /usr/bin/cmake --build /home/dinhcuong/arm_ws/build/arm_mark1_moveit -- -j8 -l8
[0.688s] Invoked command in '/home/dinhcuong/arm_ws/build/arm_mark1_moveit' returned '0': CMAKE_PREFIX_PATH=${CMAKE_PREFIX_PATH}:/home/dinhcuong/arm_ws/install/test_serverws:/home/dinhcuong/arm_ws/install/server_python:/opt/ros/humble /usr/bin/cmake --build /home/dinhcuong/arm_ws/build/arm_mark1_moveit -- -j8 -l8
[0.733s] Invoking command in '/home/dinhcuong/arm_ws/build/arm_mark1_moveit': CMAKE_PREFIX_PATH=${CMAKE_PREFIX_PATH}:/home/dinhcuong/arm_ws/install/test_serverws:/home/dinhcuong/arm_ws/install/server_python:/opt/ros/humble /usr/bin/cmake --install /home/dinhcuong/arm_ws/build/arm_mark1_moveit
[0.754s] -- Install configuration: ""
[0.755s] -- Execute custom install script
[0.755s] -- Up-to-date symlink: /home/dinhcuong/arm_ws/install/arm_mark1_moveit/share/arm_mark1_moveit/launch/moveit.launch.py
[0.755s] -- Up-to-date symlink: /home/dinhcuong/arm_ws/install/arm_mark1_moveit/share/arm_mark1_moveit/config/arm.srdf
[0.756s] -- Up-to-date symlink: /home/dinhcuong/arm_ws/install/arm_mark1_moveit/share/arm_mark1_moveit/config/initial_positions.yaml
[0.756s] -- Up-to-date symlink: /home/dinhcuong/arm_ws/install/arm_mark1_moveit/share/arm_mark1_moveit/config/joint_limits.yaml
[0.756s] -- Up-to-date symlink: /home/dinhcuong/arm_ws/install/arm_mark1_moveit/share/arm_mark1_moveit/config/kinematics.yaml
[0.757s] -- Up-to-date symlink: /home/dinhcuong/arm_ws/install/arm_mark1_moveit/share/arm_mark1_moveit/config/moveit.rviz
[0.757s] -- Up-to-date symlink: /home/dinhcuong/arm_ws/install/arm_mark1_moveit/share/arm_mark1_moveit/config/moveit_controllers.yaml
[0.757s] -- Up-to-date symlink: /home/dinhcuong/arm_ws/install/arm_mark1_moveit/share/arm_mark1_moveit/config/pilz_cartesian_limits.yaml
[0.758s] -- Up-to-date symlink: /home/dinhcuong/arm_ws/install/arm_mark1_moveit/share/ament_index/resource_index/package_run_dependencies/arm_mark1_moveit
[0.758s] -- Up-to-date symlink: /home/dinhcuong/arm_ws/install/arm_mark1_moveit/share/ament_index/resource_index/parent_prefix_path/arm_mark1_moveit
[0.758s] -- Up-to-date symlink: /home/dinhcuong/arm_ws/install/arm_mark1_moveit/share/arm_mark1_moveit/environment/ament_prefix_path.sh
[0.759s] -- Up-to-date symlink: /home/dinhcuong/arm_ws/install/arm_mark1_moveit/share/arm_mark1_moveit/environment/ament_prefix_path.dsv
[0.759s] -- Up-to-date symlink: /home/dinhcuong/arm_ws/install/arm_mark1_moveit/share/arm_mark1_moveit/environment/path.sh
[0.759s] -- Up-to-date symlink: /home/dinhcuong/arm_ws/install/arm_mark1_moveit/share/arm_mark1_moveit/environment/path.dsv
[0.760s] -- Up-to-date symlink: /home/dinhcuong/arm_ws/install/arm_mark1_moveit/share/arm_mark1_moveit/local_setup.bash
[0.760s] -- Up-to-date symlink: /home/dinhcuong/arm_ws/install/arm_mark1_moveit/share/arm_mark1_moveit/local_setup.sh
[0.760s] -- Up-to-date symlink: /home/dinhcuong/arm_ws/install/arm_mark1_moveit/share/arm_mark1_moveit/local_setup.zsh
[0.761s] -- Up-to-date symlink: /home/dinhcuong/arm_ws/install/arm_mark1_moveit/share/arm_mark1_moveit/local_setup.dsv
[0.761s] -- Symlinking: /home/dinhcuong/arm_ws/install/arm_mark1_moveit/share/arm_mark1_moveit/package.dsv
[0.765s] -- Up-to-date symlink: /home/dinhcuong/arm_ws/install/arm_mark1_moveit/share/ament_index/resource_index/packages/arm_mark1_moveit
[0.765s] -- Up-to-date symlink: /home/dinhcuong/arm_ws/install/arm_mark1_moveit/share/arm_mark1_moveit/cmake/arm_mark1_moveitConfig.cmake
[0.766s] -- Up-to-date symlink: /home/dinhcuong/arm_ws/install/arm_mark1_moveit/share/arm_mark1_moveit/cmake/arm_mark1_moveitConfig-version.cmake
[0.766s] -- Up-to-date symlink: /home/dinhcuong/arm_ws/install/arm_mark1_moveit/share/arm_mark1_moveit/package.xml
[1.104s] Invoked command in '/home/dinhcuong/arm_ws/build/arm_mark1_moveit' returned '0': CMAKE_PREFIX_PATH=${CMAKE_PREFIX_PATH}:/home/dinhcuong/arm_ws/install/test_serverws:/home/dinhcuong/arm_ws/install/server_python:/opt/ros/humble /usr/bin/cmake --install /home/dinhcuong/arm_ws/build/arm_mark1_moveit
