[0.169s] Invoking command in '/home/dinhcuong/arm_ws/build/custom_msgs': CMAKE_PREFIX_PATH=${CMAKE_PREFIX_PATH}:/home/dinhcuong/arm_ws/install/test_serverws:/home/dinhcuong/arm_ws/install/server_python:/opt/ros/humble /usr/bin/cmake --build /home/dinhcuong/arm_ws/build/custom_msgs -- -j8 -l8
[0.213s] [35m[1mConsolidate compiler generated dependencies of target custom_msgs__rosidl_generator_c[0m
[0.217s] [  3%] Built target custom_msgs__cpp
[0.224s] [ 12%] Built target custom_msgs__rosidl_generator_c
[0.227s] [ 12%] Built target ament_cmake_python_copy_custom_msgs
[0.227s] [35m[1mConsolidate compiler generated dependencies of target custom_msgs__rosidl_typesupport_cpp[0m
[0.227s] [35m[1mConsolidate compiler generated dependencies of target custom_msgs__rosidl_typesupport_introspection_cpp[0m
[0.229s] [35m[1mConsolidate compiler generated dependencies of target custom_msgs__rosidl_typesupport_fastrtps_cpp[0m
[0.235s] [35m[1mConsolidate compiler generated dependencies of target custom_msgs__rosidl_typesupport_introspection_c[0m
[0.237s] [35m[1mConsolidate compiler generated dependencies of target custom_msgs__rosidl_typesupport_fastrtps_c[0m
[0.237s] [35m[1mConsolidate compiler generated dependencies of target custom_msgs__rosidl_typesupport_c[0m
[0.240s] [ 25%] Built target custom_msgs__rosidl_typesupport_introspection_cpp
[0.240s] [ 32%] Built target custom_msgs__rosidl_typesupport_cpp
[0.246s] [ 41%] Built target custom_msgs__rosidl_typesupport_fastrtps_cpp
[0.247s] [ 51%] Built target custom_msgs__rosidl_typesupport_c
[0.248s] [ 61%] Built target custom_msgs__rosidl_typesupport_introspection_c
[0.251s] [ 70%] Built target custom_msgs__rosidl_typesupport_fastrtps_c
[0.266s] [ 70%] Built target custom_msgs
[0.281s] [ 74%] Built target custom_msgs__py
[0.289s] [35m[1mConsolidate compiler generated dependencies of target custom_msgs__rosidl_generator_py[0m
[0.297s] [ 80%] Built target custom_msgs__rosidl_generator_py
[0.304s] [35m[1mConsolidate compiler generated dependencies of target custom_msgs__rosidl_typesupport_introspection_c__pyext[0m
[0.305s] [35m[1mConsolidate compiler generated dependencies of target custom_msgs__rosidl_typesupport_c__pyext[0m
[0.307s] [35m[1mConsolidate compiler generated dependencies of target custom_msgs__rosidl_typesupport_fastrtps_c__pyext[0m
[0.314s] [ 87%] Built target custom_msgs__rosidl_typesupport_c__pyext
[0.315s] [ 93%] Built target custom_msgs__rosidl_typesupport_introspection_c__pyext
[0.318s] [100%] Built target custom_msgs__rosidl_typesupport_fastrtps_c__pyext
[0.441s] running egg_info
[0.447s] writing custom_msgs.egg-info/PKG-INFO
[0.448s] writing dependency_links to custom_msgs.egg-info/dependency_links.txt
[0.448s] writing top-level names to custom_msgs.egg-info/top_level.txt
[0.452s] reading manifest file 'custom_msgs.egg-info/SOURCES.txt'
[0.452s] writing manifest file 'custom_msgs.egg-info/SOURCES.txt'
[0.472s] [100%] Built target ament_cmake_python_build_custom_msgs_egg
[0.480s] Invoked command in '/home/dinhcuong/arm_ws/build/custom_msgs' returned '0': CMAKE_PREFIX_PATH=${CMAKE_PREFIX_PATH}:/home/dinhcuong/arm_ws/install/test_serverws:/home/dinhcuong/arm_ws/install/server_python:/opt/ros/humble /usr/bin/cmake --build /home/dinhcuong/arm_ws/build/custom_msgs -- -j8 -l8
[0.516s] Invoking command in '/home/dinhcuong/arm_ws/build/custom_msgs': CMAKE_PREFIX_PATH=${CMAKE_PREFIX_PATH}:/home/dinhcuong/arm_ws/install/test_serverws:/home/dinhcuong/arm_ws/install/server_python:/opt/ros/humble /usr/bin/cmake --install /home/dinhcuong/arm_ws/build/custom_msgs
[0.522s] -- Install configuration: ""
[0.522s] -- Up-to-date: /home/dinhcuong/arm_ws/install/custom_msgs/share/ament_index/resource_index/rosidl_interfaces/custom_msgs
[0.522s] -- Up-to-date: /home/dinhcuong/arm_ws/install/custom_msgs/include/custom_msgs/custom_msgs
[0.522s] -- Up-to-date: /home/dinhcuong/arm_ws/install/custom_msgs/include/custom_msgs/custom_msgs/srv
[0.522s] -- Up-to-date: /home/dinhcuong/arm_ws/install/custom_msgs/include/custom_msgs/custom_msgs/srv/add_variable.h
[0.522s] -- Up-to-date: /home/dinhcuong/arm_ws/install/custom_msgs/include/custom_msgs/custom_msgs/srv/detail
[0.522s] -- Up-to-date: /home/dinhcuong/arm_ws/install/custom_msgs/include/custom_msgs/custom_msgs/srv/detail/add_variable__functions.c
[0.522s] -- Up-to-date: /home/dinhcuong/arm_ws/install/custom_msgs/include/custom_msgs/custom_msgs/srv/detail/add_variable__struct.h
[0.522s] -- Up-to-date: /home/dinhcuong/arm_ws/install/custom_msgs/include/custom_msgs/custom_msgs/srv/detail/add_variable__type_support.h
[0.523s] -- Up-to-date: /home/dinhcuong/arm_ws/install/custom_msgs/include/custom_msgs/custom_msgs/srv/detail/add_variable__functions.h
[0.523s] -- Up-to-date: /home/dinhcuong/arm_ws/install/custom_msgs/include/custom_msgs/custom_msgs/msg
[0.523s] -- Up-to-date: /home/dinhcuong/arm_ws/install/custom_msgs/include/custom_msgs/custom_msgs/msg/rosidl_generator_c__visibility_control.h
[0.523s] -- Up-to-date: /home/dinhcuong/arm_ws/install/custom_msgs/share/custom_msgs/environment/library_path.sh
[0.523s] -- Up-to-date: /home/dinhcuong/arm_ws/install/custom_msgs/share/custom_msgs/environment/library_path.dsv
[0.523s] -- Up-to-date: /home/dinhcuong/arm_ws/install/custom_msgs/lib/libcustom_msgs__rosidl_generator_c.so
[0.523s] -- Up-to-date: /home/dinhcuong/arm_ws/install/custom_msgs/include/custom_msgs/custom_msgs
[0.523s] -- Up-to-date: /home/dinhcuong/arm_ws/install/custom_msgs/include/custom_msgs/custom_msgs/srv
[0.523s] -- Up-to-date: /home/dinhcuong/arm_ws/install/custom_msgs/include/custom_msgs/custom_msgs/srv/detail
[0.523s] -- Up-to-date: /home/dinhcuong/arm_ws/install/custom_msgs/include/custom_msgs/custom_msgs/srv/detail/add_variable__rosidl_typesupport_fastrtps_c.h
[0.523s] -- Up-to-date: /home/dinhcuong/arm_ws/install/custom_msgs/include/custom_msgs/custom_msgs/msg
[0.523s] -- Up-to-date: /home/dinhcuong/arm_ws/install/custom_msgs/include/custom_msgs/custom_msgs/msg/rosidl_typesupport_fastrtps_c__visibility_control.h
[0.523s] -- Up-to-date: /home/dinhcuong/arm_ws/install/custom_msgs/lib/libcustom_msgs__rosidl_typesupport_fastrtps_c.so
[0.523s] -- Up-to-date: /home/dinhcuong/arm_ws/install/custom_msgs/include/custom_msgs/custom_msgs
[0.523s] -- Up-to-date: /home/dinhcuong/arm_ws/install/custom_msgs/include/custom_msgs/custom_msgs/srv
[0.523s] -- Up-to-date: /home/dinhcuong/arm_ws/install/custom_msgs/include/custom_msgs/custom_msgs/srv/add_variable.hpp
[0.523s] -- Up-to-date: /home/dinhcuong/arm_ws/install/custom_msgs/include/custom_msgs/custom_msgs/srv/detail
[0.523s] -- Up-to-date: /home/dinhcuong/arm_ws/install/custom_msgs/include/custom_msgs/custom_msgs/srv/detail/add_variable__struct.hpp
[0.523s] -- Up-to-date: /home/dinhcuong/arm_ws/install/custom_msgs/include/custom_msgs/custom_msgs/srv/detail/add_variable__builder.hpp
[0.524s] -- Up-to-date: /home/dinhcuong/arm_ws/install/custom_msgs/include/custom_msgs/custom_msgs/srv/detail/add_variable__traits.hpp
[0.524s] -- Up-to-date: /home/dinhcuong/arm_ws/install/custom_msgs/include/custom_msgs/custom_msgs
[0.524s] -- Up-to-date: /home/dinhcuong/arm_ws/install/custom_msgs/include/custom_msgs/custom_msgs/srv
[0.524s] -- Up-to-date: /home/dinhcuong/arm_ws/install/custom_msgs/include/custom_msgs/custom_msgs/srv/detail
[0.524s] -- Up-to-date: /home/dinhcuong/arm_ws/install/custom_msgs/include/custom_msgs/custom_msgs/srv/detail/add_variable__rosidl_typesupport_fastrtps_cpp.hpp
[0.524s] -- Up-to-date: /home/dinhcuong/arm_ws/install/custom_msgs/include/custom_msgs/custom_msgs/srv/detail/dds_fastrtps
[0.524s] -- Up-to-date: /home/dinhcuong/arm_ws/install/custom_msgs/include/custom_msgs/custom_msgs/msg
[0.524s] -- Up-to-date: /home/dinhcuong/arm_ws/install/custom_msgs/include/custom_msgs/custom_msgs/msg/rosidl_typesupport_fastrtps_cpp__visibility_control.h
[0.524s] -- Up-to-date: /home/dinhcuong/arm_ws/install/custom_msgs/lib/libcustom_msgs__rosidl_typesupport_fastrtps_cpp.so
[0.524s] -- Up-to-date: /home/dinhcuong/arm_ws/install/custom_msgs/include/custom_msgs/custom_msgs
[0.524s] -- Up-to-date: /home/dinhcuong/arm_ws/install/custom_msgs/include/custom_msgs/custom_msgs/srv
[0.524s] -- Up-to-date: /home/dinhcuong/arm_ws/install/custom_msgs/include/custom_msgs/custom_msgs/srv/detail
[0.524s] -- Up-to-date: /home/dinhcuong/arm_ws/install/custom_msgs/include/custom_msgs/custom_msgs/srv/detail/add_variable__rosidl_typesupport_introspection_c.h
[0.524s] -- Up-to-date: /home/dinhcuong/arm_ws/install/custom_msgs/include/custom_msgs/custom_msgs/srv/detail/add_variable__type_support.c
[0.524s] -- Up-to-date: /home/dinhcuong/arm_ws/install/custom_msgs/include/custom_msgs/custom_msgs/msg
[0.524s] -- Up-to-date: /home/dinhcuong/arm_ws/install/custom_msgs/include/custom_msgs/custom_msgs/msg/rosidl_typesupport_introspection_c__visibility_control.h
[0.524s] -- Up-to-date: /home/dinhcuong/arm_ws/install/custom_msgs/lib/libcustom_msgs__rosidl_typesupport_introspection_c.so
[0.524s] -- Up-to-date: /home/dinhcuong/arm_ws/install/custom_msgs/lib/libcustom_msgs__rosidl_typesupport_c.so
[0.524s] -- Up-to-date: /home/dinhcuong/arm_ws/install/custom_msgs/include/custom_msgs/custom_msgs
[0.525s] -- Up-to-date: /home/dinhcuong/arm_ws/install/custom_msgs/include/custom_msgs/custom_msgs/srv
[0.525s] -- Up-to-date: /home/dinhcuong/arm_ws/install/custom_msgs/include/custom_msgs/custom_msgs/srv/detail
[0.525s] -- Up-to-date: /home/dinhcuong/arm_ws/install/custom_msgs/include/custom_msgs/custom_msgs/srv/detail/add_variable__type_support.cpp
[0.525s] -- Up-to-date: /home/dinhcuong/arm_ws/install/custom_msgs/include/custom_msgs/custom_msgs/srv/detail/add_variable__rosidl_typesupport_introspection_cpp.hpp
[0.525s] -- Up-to-date: /home/dinhcuong/arm_ws/install/custom_msgs/lib/libcustom_msgs__rosidl_typesupport_introspection_cpp.so
[0.525s] -- Up-to-date: /home/dinhcuong/arm_ws/install/custom_msgs/lib/libcustom_msgs__rosidl_typesupport_cpp.so
[0.525s] -- Up-to-date: /home/dinhcuong/arm_ws/install/custom_msgs/share/custom_msgs/environment/pythonpath.sh
[0.525s] -- Up-to-date: /home/dinhcuong/arm_ws/install/custom_msgs/share/custom_msgs/environment/pythonpath.dsv
[0.525s] -- Up-to-date: /home/dinhcuong/arm_ws/install/custom_msgs/local/lib/python3.10/dist-packages/custom_msgs-0.0.0-py3.10.egg-info
[0.525s] -- Installing: /home/dinhcuong/arm_ws/install/custom_msgs/local/lib/python3.10/dist-packages/custom_msgs-0.0.0-py3.10.egg-info/top_level.txt
[0.525s] -- Installing: /home/dinhcuong/arm_ws/install/custom_msgs/local/lib/python3.10/dist-packages/custom_msgs-0.0.0-py3.10.egg-info/SOURCES.txt
[0.525s] -- Installing: /home/dinhcuong/arm_ws/install/custom_msgs/local/lib/python3.10/dist-packages/custom_msgs-0.0.0-py3.10.egg-info/dependency_links.txt
[0.525s] -- Installing: /home/dinhcuong/arm_ws/install/custom_msgs/local/lib/python3.10/dist-packages/custom_msgs-0.0.0-py3.10.egg-info/PKG-INFO
[0.525s] -- Up-to-date: /home/dinhcuong/arm_ws/install/custom_msgs/local/lib/python3.10/dist-packages/custom_msgs
[0.525s] -- Up-to-date: /home/dinhcuong/arm_ws/install/custom_msgs/local/lib/python3.10/dist-packages/custom_msgs/__init__.py
[0.525s] -- Up-to-date: /home/dinhcuong/arm_ws/install/custom_msgs/local/lib/python3.10/dist-packages/custom_msgs/custom_msgs_s__rosidl_typesupport_fastrtps_c.cpython-310-x86_64-linux-gnu.so
[0.525s] -- Up-to-date: /home/dinhcuong/arm_ws/install/custom_msgs/local/lib/python3.10/dist-packages/custom_msgs/_custom_msgs_s.ep.rosidl_typesupport_fastrtps_c.c
[0.525s] -- Up-to-date: /home/dinhcuong/arm_ws/install/custom_msgs/local/lib/python3.10/dist-packages/custom_msgs/libcustom_msgs__rosidl_generator_py.so
[0.525s] -- Up-to-date: /home/dinhcuong/arm_ws/install/custom_msgs/local/lib/python3.10/dist-packages/custom_msgs/custom_msgs_s__rosidl_typesupport_introspection_c.cpython-310-x86_64-linux-gnu.so
[0.526s] -- Up-to-date: /home/dinhcuong/arm_ws/install/custom_msgs/local/lib/python3.10/dist-packages/custom_msgs/_custom_msgs_s.ep.rosidl_typesupport_c.c
[0.526s] -- Up-to-date: /home/dinhcuong/arm_ws/install/custom_msgs/local/lib/python3.10/dist-packages/custom_msgs/custom_msgs_s__rosidl_typesupport_c.cpython-310-x86_64-linux-gnu.so
[0.526s] -- Up-to-date: /home/dinhcuong/arm_ws/install/custom_msgs/local/lib/python3.10/dist-packages/custom_msgs/_custom_msgs_s.ep.rosidl_typesupport_introspection_c.c
[0.526s] -- Up-to-date: /home/dinhcuong/arm_ws/install/custom_msgs/local/lib/python3.10/dist-packages/custom_msgs/srv
[0.526s] -- Up-to-date: /home/dinhcuong/arm_ws/install/custom_msgs/local/lib/python3.10/dist-packages/custom_msgs/srv/__init__.py
[0.526s] -- Up-to-date: /home/dinhcuong/arm_ws/install/custom_msgs/local/lib/python3.10/dist-packages/custom_msgs/srv/_add_variable_s.c
[0.526s] -- Up-to-date: /home/dinhcuong/arm_ws/install/custom_msgs/local/lib/python3.10/dist-packages/custom_msgs/srv/_add_variable.py
[0.548s] Listing '/home/dinhcuong/arm_ws/install/custom_msgs/local/lib/python3.10/dist-packages/custom_msgs'...
[0.548s] Listing '/home/dinhcuong/arm_ws/install/custom_msgs/local/lib/python3.10/dist-packages/custom_msgs/srv'...
[0.551s] -- Up-to-date: /home/dinhcuong/arm_ws/install/custom_msgs/local/lib/python3.10/dist-packages/custom_msgs/custom_msgs_s__rosidl_typesupport_fastrtps_c.cpython-310-x86_64-linux-gnu.so
[0.551s] -- Up-to-date: /home/dinhcuong/arm_ws/install/custom_msgs/local/lib/python3.10/dist-packages/custom_msgs/custom_msgs_s__rosidl_typesupport_introspection_c.cpython-310-x86_64-linux-gnu.so
[0.552s] -- Up-to-date: /home/dinhcuong/arm_ws/install/custom_msgs/local/lib/python3.10/dist-packages/custom_msgs/custom_msgs_s__rosidl_typesupport_c.cpython-310-x86_64-linux-gnu.so
[0.552s] -- Up-to-date: /home/dinhcuong/arm_ws/install/custom_msgs/lib/libcustom_msgs__rosidl_generator_py.so
[0.552s] -- Up-to-date: /home/dinhcuong/arm_ws/install/custom_msgs/share/custom_msgs/srv/AddVariable.idl
[0.552s] -- Up-to-date: /home/dinhcuong/arm_ws/install/custom_msgs/share/custom_msgs/srv/AddVariable.srv
[0.552s] -- Up-to-date: /home/dinhcuong/arm_ws/install/custom_msgs/share/custom_msgs/srv/AddVariable_Request.msg
[0.552s] -- Up-to-date: /home/dinhcuong/arm_ws/install/custom_msgs/share/custom_msgs/srv/AddVariable_Response.msg
[0.553s] -- Up-to-date: /home/dinhcuong/arm_ws/install/custom_msgs/share/ament_index/resource_index/package_run_dependencies/custom_msgs
[0.553s] -- Up-to-date: /home/dinhcuong/arm_ws/install/custom_msgs/share/ament_index/resource_index/parent_prefix_path/custom_msgs
[0.553s] -- Up-to-date: /home/dinhcuong/arm_ws/install/custom_msgs/share/custom_msgs/environment/ament_prefix_path.sh
[0.553s] -- Up-to-date: /home/dinhcuong/arm_ws/install/custom_msgs/share/custom_msgs/environment/ament_prefix_path.dsv
[0.553s] -- Up-to-date: /home/dinhcuong/arm_ws/install/custom_msgs/share/custom_msgs/environment/path.sh
[0.553s] -- Up-to-date: /home/dinhcuong/arm_ws/install/custom_msgs/share/custom_msgs/environment/path.dsv
[0.553s] -- Up-to-date: /home/dinhcuong/arm_ws/install/custom_msgs/share/custom_msgs/local_setup.bash
[0.553s] -- Up-to-date: /home/dinhcuong/arm_ws/install/custom_msgs/share/custom_msgs/local_setup.sh
[0.553s] -- Up-to-date: /home/dinhcuong/arm_ws/install/custom_msgs/share/custom_msgs/local_setup.zsh
[0.553s] -- Up-to-date: /home/dinhcuong/arm_ws/install/custom_msgs/share/custom_msgs/local_setup.dsv
[0.553s] -- Installing: /home/dinhcuong/arm_ws/install/custom_msgs/share/custom_msgs/package.dsv
[0.553s] -- Up-to-date: /home/dinhcuong/arm_ws/install/custom_msgs/share/ament_index/resource_index/packages/custom_msgs
[0.553s] -- Up-to-date: /home/dinhcuong/arm_ws/install/custom_msgs/share/custom_msgs/cmake/export_custom_msgs__rosidl_generator_cExport.cmake
[0.553s] -- Up-to-date: /home/dinhcuong/arm_ws/install/custom_msgs/share/custom_msgs/cmake/export_custom_msgs__rosidl_generator_cExport-noconfig.cmake
[0.553s] -- Up-to-date: /home/dinhcuong/arm_ws/install/custom_msgs/share/custom_msgs/cmake/export_custom_msgs__rosidl_typesupport_fastrtps_cExport.cmake
[0.554s] -- Up-to-date: /home/dinhcuong/arm_ws/install/custom_msgs/share/custom_msgs/cmake/export_custom_msgs__rosidl_typesupport_fastrtps_cExport-noconfig.cmake
[0.554s] -- Up-to-date: /home/dinhcuong/arm_ws/install/custom_msgs/share/custom_msgs/cmake/export_custom_msgs__rosidl_generator_cppExport.cmake
[0.554s] -- Up-to-date: /home/dinhcuong/arm_ws/install/custom_msgs/share/custom_msgs/cmake/export_custom_msgs__rosidl_typesupport_fastrtps_cppExport.cmake
[0.554s] -- Up-to-date: /home/dinhcuong/arm_ws/install/custom_msgs/share/custom_msgs/cmake/export_custom_msgs__rosidl_typesupport_fastrtps_cppExport-noconfig.cmake
[0.554s] -- Up-to-date: /home/dinhcuong/arm_ws/install/custom_msgs/share/custom_msgs/cmake/custom_msgs__rosidl_typesupport_introspection_cExport.cmake
[0.554s] -- Up-to-date: /home/dinhcuong/arm_ws/install/custom_msgs/share/custom_msgs/cmake/custom_msgs__rosidl_typesupport_introspection_cExport-noconfig.cmake
[0.554s] -- Up-to-date: /home/dinhcuong/arm_ws/install/custom_msgs/share/custom_msgs/cmake/custom_msgs__rosidl_typesupport_cExport.cmake
[0.554s] -- Up-to-date: /home/dinhcuong/arm_ws/install/custom_msgs/share/custom_msgs/cmake/custom_msgs__rosidl_typesupport_cExport-noconfig.cmake
[0.554s] -- Up-to-date: /home/dinhcuong/arm_ws/install/custom_msgs/share/custom_msgs/cmake/custom_msgs__rosidl_typesupport_introspection_cppExport.cmake
[0.554s] -- Up-to-date: /home/dinhcuong/arm_ws/install/custom_msgs/share/custom_msgs/cmake/custom_msgs__rosidl_typesupport_introspection_cppExport-noconfig.cmake
[0.554s] -- Up-to-date: /home/dinhcuong/arm_ws/install/custom_msgs/share/custom_msgs/cmake/custom_msgs__rosidl_typesupport_cppExport.cmake
[0.554s] -- Up-to-date: /home/dinhcuong/arm_ws/install/custom_msgs/share/custom_msgs/cmake/custom_msgs__rosidl_typesupport_cppExport-noconfig.cmake
[0.554s] -- Up-to-date: /home/dinhcuong/arm_ws/install/custom_msgs/share/custom_msgs/cmake/export_custom_msgs__rosidl_generator_pyExport.cmake
[0.554s] -- Up-to-date: /home/dinhcuong/arm_ws/install/custom_msgs/share/custom_msgs/cmake/export_custom_msgs__rosidl_generator_pyExport-noconfig.cmake
[0.554s] -- Up-to-date: /home/dinhcuong/arm_ws/install/custom_msgs/share/custom_msgs/cmake/rosidl_cmake-extras.cmake
[0.554s] -- Up-to-date: /home/dinhcuong/arm_ws/install/custom_msgs/share/custom_msgs/cmake/ament_cmake_export_include_directories-extras.cmake
[0.554s] -- Up-to-date: /home/dinhcuong/arm_ws/install/custom_msgs/share/custom_msgs/cmake/ament_cmake_export_libraries-extras.cmake
[0.554s] -- Up-to-date: /home/dinhcuong/arm_ws/install/custom_msgs/share/custom_msgs/cmake/ament_cmake_export_targets-extras.cmake
[0.554s] -- Up-to-date: /home/dinhcuong/arm_ws/install/custom_msgs/share/custom_msgs/cmake/rosidl_cmake_export_typesupport_targets-extras.cmake
[0.554s] -- Up-to-date: /home/dinhcuong/arm_ws/install/custom_msgs/share/custom_msgs/cmake/ament_cmake_export_dependencies-extras.cmake
[0.554s] -- Up-to-date: /home/dinhcuong/arm_ws/install/custom_msgs/share/custom_msgs/cmake/rosidl_cmake_export_typesupport_libraries-extras.cmake
[0.555s] -- Up-to-date: /home/dinhcuong/arm_ws/install/custom_msgs/share/custom_msgs/cmake/custom_msgsConfig.cmake
[0.555s] -- Up-to-date: /home/dinhcuong/arm_ws/install/custom_msgs/share/custom_msgs/cmake/custom_msgsConfig-version.cmake
[0.555s] -- Up-to-date: /home/dinhcuong/arm_ws/install/custom_msgs/share/custom_msgs/package.xml
[0.555s] Invoked command in '/home/dinhcuong/arm_ws/build/custom_msgs' returned '0': CMAKE_PREFIX_PATH=${CMAKE_PREFIX_PATH}:/home/dinhcuong/arm_ws/install/test_serverws:/home/dinhcuong/arm_ws/install/server_python:/opt/ros/humble /usr/bin/cmake --install /home/dinhcuong/arm_ws/build/custom_msgs
