[0.126s] Invoking command in '/home/dinhcuong/arm_ws/build/arm_mark1_moveit': CMAKE_PREFIX_PATH=/opt/ros/humble /usr/bin/cmake --build /home/dinhcuong/arm_ws/build/arm_mark1_moveit -- -j8 -l8
[0.196s] Invoked command in '/home/dinhcuong/arm_ws/build/arm_mark1_moveit' returned '0': CMAKE_PREFIX_PATH=/opt/ros/humble /usr/bin/cmake --build /home/dinhcuong/arm_ws/build/arm_mark1_moveit -- -j8 -l8
[0.244s] Invoking command in '/home/dinhcuong/arm_ws/build/arm_mark1_moveit': CMAKE_PREFIX_PATH=/opt/ros/humble /usr/bin/cmake --install /home/dinhcuong/arm_ws/build/arm_mark1_moveit
[0.280s] -- Install configuration: ""
[0.280s] -- Up-to-date: /home/dinhcuong/arm_ws/install/arm_mark1_moveit/share/arm_mark1_moveit/launch
[0.280s] -- Up-to-date: /home/dinhcuong/arm_ws/install/arm_mark1_moveit/share/arm_mark1_moveit/launch/moveit.launch.py
[0.281s] -- Up-to-date: /home/dinhcuong/arm_ws/install/arm_mark1_moveit/share/arm_mark1_moveit/config
[0.281s] -- Up-to-date: /home/dinhcuong/arm_ws/install/arm_mark1_moveit/share/arm_mark1_moveit/config/moveit.rviz
[0.281s] -- Up-to-date: /home/dinhcuong/arm_ws/install/arm_mark1_moveit/share/arm_mark1_moveit/config/pilz_cartesian_limits.yaml
[0.281s] -- Up-to-date: /home/dinhcuong/arm_ws/install/arm_mark1_moveit/share/arm_mark1_moveit/config/moveit_controllers.yaml
[0.281s] -- Up-to-date: /home/dinhcuong/arm_ws/install/arm_mark1_moveit/share/arm_mark1_moveit/config/initial_positions.yaml
[0.281s] -- Up-to-date: /home/dinhcuong/arm_ws/install/arm_mark1_moveit/share/arm_mark1_moveit/config/arm.srdf
[0.281s] -- Up-to-date: /home/dinhcuong/arm_ws/install/arm_mark1_moveit/share/arm_mark1_moveit/config/joint_limits.yaml
[0.281s] -- Up-to-date: /home/dinhcuong/arm_ws/install/arm_mark1_moveit/share/arm_mark1_moveit/config/kinematics.yaml
[0.282s] -- Up-to-date: /home/dinhcuong/arm_ws/install/arm_mark1_moveit/share/ament_index/resource_index/package_run_dependencies/arm_mark1_moveit
[0.282s] -- Up-to-date: /home/dinhcuong/arm_ws/install/arm_mark1_moveit/share/ament_index/resource_index/parent_prefix_path/arm_mark1_moveit
[0.282s] -- Up-to-date: /home/dinhcuong/arm_ws/install/arm_mark1_moveit/share/arm_mark1_moveit/environment/ament_prefix_path.sh
[0.282s] -- Up-to-date: /home/dinhcuong/arm_ws/install/arm_mark1_moveit/share/arm_mark1_moveit/environment/ament_prefix_path.dsv
[0.282s] -- Up-to-date: /home/dinhcuong/arm_ws/install/arm_mark1_moveit/share/arm_mark1_moveit/environment/path.sh
[0.282s] -- Up-to-date: /home/dinhcuong/arm_ws/install/arm_mark1_moveit/share/arm_mark1_moveit/environment/path.dsv
[0.282s] -- Up-to-date: /home/dinhcuong/arm_ws/install/arm_mark1_moveit/share/arm_mark1_moveit/local_setup.bash
[0.282s] -- Up-to-date: /home/dinhcuong/arm_ws/install/arm_mark1_moveit/share/arm_mark1_moveit/local_setup.sh
[0.282s] -- Up-to-date: /home/dinhcuong/arm_ws/install/arm_mark1_moveit/share/arm_mark1_moveit/local_setup.zsh
[0.282s] -- Up-to-date: /home/dinhcuong/arm_ws/install/arm_mark1_moveit/share/arm_mark1_moveit/local_setup.dsv
[0.283s] -- Installing: /home/dinhcuong/arm_ws/install/arm_mark1_moveit/share/arm_mark1_moveit/package.dsv
[0.283s] -- Up-to-date: /home/dinhcuong/arm_ws/install/arm_mark1_moveit/share/ament_index/resource_index/packages/arm_mark1_moveit
[0.283s] -- Up-to-date: /home/dinhcuong/arm_ws/install/arm_mark1_moveit/share/arm_mark1_moveit/cmake/arm_mark1_moveitConfig.cmake
[0.291s] -- Up-to-date: /home/dinhcuong/arm_ws/install/arm_mark1_moveit/share/arm_mark1_moveit/cmake/arm_mark1_moveitConfig-version.cmake
[0.291s] -- Up-to-date: /home/dinhcuong/arm_ws/install/arm_mark1_moveit/share/arm_mark1_moveit/package.xml
[0.608s] Invoked command in '/home/dinhcuong/arm_ws/build/arm_mark1_moveit' returned '0': CMAKE_PREFIX_PATH=/opt/ros/humble /usr/bin/cmake --install /home/dinhcuong/arm_ws/build/arm_mark1_moveit
