[0.321s] Invoking command in '/home/dinhcuong/arm_ws/build/custom_msgs': CMAKE_PREFIX_PATH=/opt/ros/humble /usr/bin/cmake --build /home/dinhcuong/arm_ws/build/custom_msgs -- -j8 -l8
[0.387s] [  3%] Built target custom_msgs__cpp
[0.389s] [ 12%] Built target custom_msgs__rosidl_generator_c
[0.424s] [ 12%] Built target ament_cmake_python_copy_custom_msgs
[0.427s] [ 22%] Built target custom_msgs__rosidl_typesupport_introspection_cpp
[0.431s] [ 32%] Built target custom_msgs__rosidl_typesupport_cpp
[0.435s] [ 41%] Built target custom_msgs__rosidl_typesupport_introspection_c
[0.442s] [ 51%] Built target custom_msgs__rosidl_typesupport_fastrtps_c
[0.442s] [ 61%] Built target custom_msgs__rosidl_typesupport_c
[0.443s] [ 70%] Built target custom_msgs__rosidl_typesupport_fastrtps_cpp
[0.477s] [ 70%] Built target custom_msgs
[0.490s] [ 74%] Built target custom_msgs__py
[0.513s] [ 80%] Built target custom_msgs__rosidl_generator_py
[0.540s] [ 87%] Built target custom_msgs__rosidl_typesupport_c__pyext
[0.541s] [ 93%] Built target custom_msgs__rosidl_typesupport_introspection_c__pyext
[0.543s] [100%] Built target custom_msgs__rosidl_typesupport_fastrtps_c__pyext
[0.840s] running egg_info
[0.841s] writing custom_msgs.egg-info/PKG-INFO
[0.841s] writing dependency_links to custom_msgs.egg-info/dependency_links.txt
[0.841s] writing top-level names to custom_msgs.egg-info/top_level.txt
[0.844s] reading manifest file 'custom_msgs.egg-info/SOURCES.txt'
[0.845s] writing manifest file 'custom_msgs.egg-info/SOURCES.txt'
[0.877s] [100%] Built target ament_cmake_python_build_custom_msgs_egg
[1.091s] Invoked command in '/home/dinhcuong/arm_ws/build/custom_msgs' returned '0': CMAKE_PREFIX_PATH=/opt/ros/humble /usr/bin/cmake --build /home/dinhcuong/arm_ws/build/custom_msgs -- -j8 -l8
[1.146s] Invoking command in '/home/dinhcuong/arm_ws/build/custom_msgs': CMAKE_PREFIX_PATH=/opt/ros/humble /usr/bin/cmake --install /home/dinhcuong/arm_ws/build/custom_msgs
[1.156s] -- Install configuration: ""
[1.157s] -- Up-to-date: /home/dinhcuong/arm_ws/install/custom_msgs/share/ament_index/resource_index/rosidl_interfaces/custom_msgs
[1.157s] -- Up-to-date: /home/dinhcuong/arm_ws/install/custom_msgs/include/custom_msgs/custom_msgs
[1.157s] -- Up-to-date: /home/dinhcuong/arm_ws/install/custom_msgs/include/custom_msgs/custom_msgs/srv
[1.158s] -- Up-to-date: /home/dinhcuong/arm_ws/install/custom_msgs/include/custom_msgs/custom_msgs/srv/add_variable.h
[1.158s] -- Up-to-date: /home/dinhcuong/arm_ws/install/custom_msgs/include/custom_msgs/custom_msgs/srv/detail
[1.158s] -- Up-to-date: /home/dinhcuong/arm_ws/install/custom_msgs/include/custom_msgs/custom_msgs/srv/detail/add_variable__functions.c
[1.158s] -- Up-to-date: /home/dinhcuong/arm_ws/install/custom_msgs/include/custom_msgs/custom_msgs/srv/detail/add_variable__struct.h
[1.158s] -- Up-to-date: /home/dinhcuong/arm_ws/install/custom_msgs/include/custom_msgs/custom_msgs/srv/detail/add_variable__type_support.h
[1.159s] -- Up-to-date: /home/dinhcuong/arm_ws/install/custom_msgs/include/custom_msgs/custom_msgs/srv/detail/add_variable__functions.h
[1.159s] -- Up-to-date: /home/dinhcuong/arm_ws/install/custom_msgs/include/custom_msgs/custom_msgs/msg
[1.159s] -- Up-to-date: /home/dinhcuong/arm_ws/install/custom_msgs/include/custom_msgs/custom_msgs/msg/rosidl_generator_c__visibility_control.h
[1.159s] -- Up-to-date: /home/dinhcuong/arm_ws/install/custom_msgs/share/custom_msgs/environment/library_path.sh
[1.159s] -- Up-to-date: /home/dinhcuong/arm_ws/install/custom_msgs/share/custom_msgs/environment/library_path.dsv
[1.160s] -- Up-to-date: /home/dinhcuong/arm_ws/install/custom_msgs/lib/libcustom_msgs__rosidl_generator_c.so
[1.160s] -- Up-to-date: /home/dinhcuong/arm_ws/install/custom_msgs/include/custom_msgs/custom_msgs
[1.160s] -- Up-to-date: /home/dinhcuong/arm_ws/install/custom_msgs/include/custom_msgs/custom_msgs/srv
[1.160s] -- Up-to-date: /home/dinhcuong/arm_ws/install/custom_msgs/include/custom_msgs/custom_msgs/srv/detail
[1.160s] -- Up-to-date: /home/dinhcuong/arm_ws/install/custom_msgs/include/custom_msgs/custom_msgs/srv/detail/add_variable__rosidl_typesupport_fastrtps_c.h
[1.160s] -- Up-to-date: /home/dinhcuong/arm_ws/install/custom_msgs/include/custom_msgs/custom_msgs/msg
[1.161s] -- Up-to-date: /home/dinhcuong/arm_ws/install/custom_msgs/include/custom_msgs/custom_msgs/msg/rosidl_typesupport_fastrtps_c__visibility_control.h
[1.161s] -- Up-to-date: /home/dinhcuong/arm_ws/install/custom_msgs/lib/libcustom_msgs__rosidl_typesupport_fastrtps_c.so
[1.161s] -- Up-to-date: /home/dinhcuong/arm_ws/install/custom_msgs/include/custom_msgs/custom_msgs
[1.161s] -- Up-to-date: /home/dinhcuong/arm_ws/install/custom_msgs/include/custom_msgs/custom_msgs/srv
[1.161s] -- Up-to-date: /home/dinhcuong/arm_ws/install/custom_msgs/include/custom_msgs/custom_msgs/srv/add_variable.hpp
[1.161s] -- Up-to-date: /home/dinhcuong/arm_ws/install/custom_msgs/include/custom_msgs/custom_msgs/srv/detail
[1.162s] -- Up-to-date: /home/dinhcuong/arm_ws/install/custom_msgs/include/custom_msgs/custom_msgs/srv/detail/add_variable__struct.hpp
[1.162s] -- Up-to-date: /home/dinhcuong/arm_ws/install/custom_msgs/include/custom_msgs/custom_msgs/srv/detail/add_variable__builder.hpp
[1.162s] -- Up-to-date: /home/dinhcuong/arm_ws/install/custom_msgs/include/custom_msgs/custom_msgs/srv/detail/add_variable__traits.hpp
[1.162s] -- Up-to-date: /home/dinhcuong/arm_ws/install/custom_msgs/include/custom_msgs/custom_msgs
[1.163s] -- Up-to-date: /home/dinhcuong/arm_ws/install/custom_msgs/include/custom_msgs/custom_msgs/srv
[1.163s] -- Up-to-date: /home/dinhcuong/arm_ws/install/custom_msgs/include/custom_msgs/custom_msgs/srv/detail
[1.163s] -- Up-to-date: /home/dinhcuong/arm_ws/install/custom_msgs/include/custom_msgs/custom_msgs/srv/detail/add_variable__rosidl_typesupport_fastrtps_cpp.hpp
[1.163s] -- Up-to-date: /home/dinhcuong/arm_ws/install/custom_msgs/include/custom_msgs/custom_msgs/srv/detail/dds_fastrtps
[1.164s] -- Up-to-date: /home/dinhcuong/arm_ws/install/custom_msgs/include/custom_msgs/custom_msgs/msg
[1.164s] -- Up-to-date: /home/dinhcuong/arm_ws/install/custom_msgs/include/custom_msgs/custom_msgs/msg/rosidl_typesupport_fastrtps_cpp__visibility_control.h
[1.164s] -- Up-to-date: /home/dinhcuong/arm_ws/install/custom_msgs/lib/libcustom_msgs__rosidl_typesupport_fastrtps_cpp.so
[1.164s] -- Up-to-date: /home/dinhcuong/arm_ws/install/custom_msgs/include/custom_msgs/custom_msgs
[1.164s] -- Up-to-date: /home/dinhcuong/arm_ws/install/custom_msgs/include/custom_msgs/custom_msgs/srv
[1.164s] -- Up-to-date: /home/dinhcuong/arm_ws/install/custom_msgs/include/custom_msgs/custom_msgs/srv/detail
[1.165s] -- Up-to-date: /home/dinhcuong/arm_ws/install/custom_msgs/include/custom_msgs/custom_msgs/srv/detail/add_variable__rosidl_typesupport_introspection_c.h
[1.165s] -- Up-to-date: /home/dinhcuong/arm_ws/install/custom_msgs/include/custom_msgs/custom_msgs/srv/detail/add_variable__type_support.c
[1.165s] -- Up-to-date: /home/dinhcuong/arm_ws/install/custom_msgs/include/custom_msgs/custom_msgs/msg
[1.165s] -- Up-to-date: /home/dinhcuong/arm_ws/install/custom_msgs/include/custom_msgs/custom_msgs/msg/rosidl_typesupport_introspection_c__visibility_control.h
[1.165s] -- Up-to-date: /home/dinhcuong/arm_ws/install/custom_msgs/lib/libcustom_msgs__rosidl_typesupport_introspection_c.so
[1.165s] -- Up-to-date: /home/dinhcuong/arm_ws/install/custom_msgs/lib/libcustom_msgs__rosidl_typesupport_c.so
[1.165s] -- Up-to-date: /home/dinhcuong/arm_ws/install/custom_msgs/include/custom_msgs/custom_msgs
[1.165s] -- Up-to-date: /home/dinhcuong/arm_ws/install/custom_msgs/include/custom_msgs/custom_msgs/srv
[1.165s] -- Up-to-date: /home/dinhcuong/arm_ws/install/custom_msgs/include/custom_msgs/custom_msgs/srv/detail
[1.165s] -- Up-to-date: /home/dinhcuong/arm_ws/install/custom_msgs/include/custom_msgs/custom_msgs/srv/detail/add_variable__type_support.cpp
[1.165s] -- Up-to-date: /home/dinhcuong/arm_ws/install/custom_msgs/include/custom_msgs/custom_msgs/srv/detail/add_variable__rosidl_typesupport_introspection_cpp.hpp
[1.165s] -- Up-to-date: /home/dinhcuong/arm_ws/install/custom_msgs/lib/libcustom_msgs__rosidl_typesupport_introspection_cpp.so
[1.166s] -- Up-to-date: /home/dinhcuong/arm_ws/install/custom_msgs/lib/libcustom_msgs__rosidl_typesupport_cpp.so
[1.166s] -- Up-to-date: /home/dinhcuong/arm_ws/install/custom_msgs/share/custom_msgs/environment/pythonpath.sh
[1.166s] -- Up-to-date: /home/dinhcuong/arm_ws/install/custom_msgs/share/custom_msgs/environment/pythonpath.dsv
[1.166s] -- Up-to-date: /home/dinhcuong/arm_ws/install/custom_msgs/local/lib/python3.10/dist-packages/custom_msgs-0.0.0-py3.10.egg-info
[1.166s] -- Installing: /home/dinhcuong/arm_ws/install/custom_msgs/local/lib/python3.10/dist-packages/custom_msgs-0.0.0-py3.10.egg-info/top_level.txt
[1.166s] -- Installing: /home/dinhcuong/arm_ws/install/custom_msgs/local/lib/python3.10/dist-packages/custom_msgs-0.0.0-py3.10.egg-info/SOURCES.txt
[1.166s] -- Installing: /home/dinhcuong/arm_ws/install/custom_msgs/local/lib/python3.10/dist-packages/custom_msgs-0.0.0-py3.10.egg-info/dependency_links.txt
[1.166s] -- Installing: /home/dinhcuong/arm_ws/install/custom_msgs/local/lib/python3.10/dist-packages/custom_msgs-0.0.0-py3.10.egg-info/PKG-INFO
[1.166s] -- Up-to-date: /home/dinhcuong/arm_ws/install/custom_msgs/local/lib/python3.10/dist-packages/custom_msgs
[1.166s] -- Up-to-date: /home/dinhcuong/arm_ws/install/custom_msgs/local/lib/python3.10/dist-packages/custom_msgs/__init__.py
[1.166s] -- Up-to-date: /home/dinhcuong/arm_ws/install/custom_msgs/local/lib/python3.10/dist-packages/custom_msgs/custom_msgs_s__rosidl_typesupport_fastrtps_c.cpython-310-x86_64-linux-gnu.so
[1.166s] -- Up-to-date: /home/dinhcuong/arm_ws/install/custom_msgs/local/lib/python3.10/dist-packages/custom_msgs/_custom_msgs_s.ep.rosidl_typesupport_fastrtps_c.c
[1.167s] -- Up-to-date: /home/dinhcuong/arm_ws/install/custom_msgs/local/lib/python3.10/dist-packages/custom_msgs/libcustom_msgs__rosidl_generator_py.so
[1.167s] -- Up-to-date: /home/dinhcuong/arm_ws/install/custom_msgs/local/lib/python3.10/dist-packages/custom_msgs/custom_msgs_s__rosidl_typesupport_introspection_c.cpython-310-x86_64-linux-gnu.so
[1.167s] -- Up-to-date: /home/dinhcuong/arm_ws/install/custom_msgs/local/lib/python3.10/dist-packages/custom_msgs/_custom_msgs_s.ep.rosidl_typesupport_c.c
[1.167s] -- Up-to-date: /home/dinhcuong/arm_ws/install/custom_msgs/local/lib/python3.10/dist-packages/custom_msgs/custom_msgs_s__rosidl_typesupport_c.cpython-310-x86_64-linux-gnu.so
[1.167s] -- Up-to-date: /home/dinhcuong/arm_ws/install/custom_msgs/local/lib/python3.10/dist-packages/custom_msgs/_custom_msgs_s.ep.rosidl_typesupport_introspection_c.c
[1.167s] -- Up-to-date: /home/dinhcuong/arm_ws/install/custom_msgs/local/lib/python3.10/dist-packages/custom_msgs/srv
[1.167s] -- Up-to-date: /home/dinhcuong/arm_ws/install/custom_msgs/local/lib/python3.10/dist-packages/custom_msgs/srv/__init__.py
[1.167s] -- Up-to-date: /home/dinhcuong/arm_ws/install/custom_msgs/local/lib/python3.10/dist-packages/custom_msgs/srv/_add_variable_s.c
[1.167s] -- Up-to-date: /home/dinhcuong/arm_ws/install/custom_msgs/local/lib/python3.10/dist-packages/custom_msgs/srv/_add_variable.py
[1.205s] Listing '/home/dinhcuong/arm_ws/install/custom_msgs/local/lib/python3.10/dist-packages/custom_msgs'...
[1.205s] Listing '/home/dinhcuong/arm_ws/install/custom_msgs/local/lib/python3.10/dist-packages/custom_msgs/srv'...
[1.211s] -- Up-to-date: /home/dinhcuong/arm_ws/install/custom_msgs/local/lib/python3.10/dist-packages/custom_msgs/custom_msgs_s__rosidl_typesupport_fastrtps_c.cpython-310-x86_64-linux-gnu.so
[1.211s] -- Up-to-date: /home/dinhcuong/arm_ws/install/custom_msgs/local/lib/python3.10/dist-packages/custom_msgs/custom_msgs_s__rosidl_typesupport_introspection_c.cpython-310-x86_64-linux-gnu.so
[1.211s] -- Up-to-date: /home/dinhcuong/arm_ws/install/custom_msgs/local/lib/python3.10/dist-packages/custom_msgs/custom_msgs_s__rosidl_typesupport_c.cpython-310-x86_64-linux-gnu.so
[1.212s] -- Up-to-date: /home/dinhcuong/arm_ws/install/custom_msgs/lib/libcustom_msgs__rosidl_generator_py.so
[1.212s] -- Up-to-date: /home/dinhcuong/arm_ws/install/custom_msgs/share/custom_msgs/srv/AddVariable.idl
[1.212s] -- Up-to-date: /home/dinhcuong/arm_ws/install/custom_msgs/share/custom_msgs/srv/AddVariable.srv
[1.212s] -- Up-to-date: /home/dinhcuong/arm_ws/install/custom_msgs/share/custom_msgs/srv/AddVariable_Request.msg
[1.212s] -- Up-to-date: /home/dinhcuong/arm_ws/install/custom_msgs/share/custom_msgs/srv/AddVariable_Response.msg
[1.213s] -- Up-to-date: /home/dinhcuong/arm_ws/install/custom_msgs/share/ament_index/resource_index/package_run_dependencies/custom_msgs
[1.213s] -- Up-to-date: /home/dinhcuong/arm_ws/install/custom_msgs/share/ament_index/resource_index/parent_prefix_path/custom_msgs
[1.213s] -- Up-to-date: /home/dinhcuong/arm_ws/install/custom_msgs/share/custom_msgs/environment/ament_prefix_path.sh
[1.213s] -- Up-to-date: /home/dinhcuong/arm_ws/install/custom_msgs/share/custom_msgs/environment/ament_prefix_path.dsv
[1.213s] -- Up-to-date: /home/dinhcuong/arm_ws/install/custom_msgs/share/custom_msgs/environment/path.sh
[1.213s] -- Up-to-date: /home/dinhcuong/arm_ws/install/custom_msgs/share/custom_msgs/environment/path.dsv
[1.213s] -- Up-to-date: /home/dinhcuong/arm_ws/install/custom_msgs/share/custom_msgs/local_setup.bash
[1.213s] -- Up-to-date: /home/dinhcuong/arm_ws/install/custom_msgs/share/custom_msgs/local_setup.sh
[1.213s] -- Up-to-date: /home/dinhcuong/arm_ws/install/custom_msgs/share/custom_msgs/local_setup.zsh
[1.214s] -- Up-to-date: /home/dinhcuong/arm_ws/install/custom_msgs/share/custom_msgs/local_setup.dsv
[1.214s] -- Installing: /home/dinhcuong/arm_ws/install/custom_msgs/share/custom_msgs/package.dsv
[1.214s] -- Up-to-date: /home/dinhcuong/arm_ws/install/custom_msgs/share/ament_index/resource_index/packages/custom_msgs
[1.214s] -- Up-to-date: /home/dinhcuong/arm_ws/install/custom_msgs/share/custom_msgs/cmake/export_custom_msgs__rosidl_generator_cExport.cmake
[1.214s] -- Up-to-date: /home/dinhcuong/arm_ws/install/custom_msgs/share/custom_msgs/cmake/export_custom_msgs__rosidl_generator_cExport-noconfig.cmake
[1.214s] -- Up-to-date: /home/dinhcuong/arm_ws/install/custom_msgs/share/custom_msgs/cmake/export_custom_msgs__rosidl_typesupport_fastrtps_cExport.cmake
[1.214s] -- Up-to-date: /home/dinhcuong/arm_ws/install/custom_msgs/share/custom_msgs/cmake/export_custom_msgs__rosidl_typesupport_fastrtps_cExport-noconfig.cmake
[1.215s] -- Up-to-date: /home/dinhcuong/arm_ws/install/custom_msgs/share/custom_msgs/cmake/export_custom_msgs__rosidl_generator_cppExport.cmake
[1.215s] -- Up-to-date: /home/dinhcuong/arm_ws/install/custom_msgs/share/custom_msgs/cmake/export_custom_msgs__rosidl_typesupport_fastrtps_cppExport.cmake
[1.215s] -- Up-to-date: /home/dinhcuong/arm_ws/install/custom_msgs/share/custom_msgs/cmake/export_custom_msgs__rosidl_typesupport_fastrtps_cppExport-noconfig.cmake
[1.215s] -- Up-to-date: /home/dinhcuong/arm_ws/install/custom_msgs/share/custom_msgs/cmake/custom_msgs__rosidl_typesupport_introspection_cExport.cmake
[1.215s] -- Up-to-date: /home/dinhcuong/arm_ws/install/custom_msgs/share/custom_msgs/cmake/custom_msgs__rosidl_typesupport_introspection_cExport-noconfig.cmake
[1.215s] -- Up-to-date: /home/dinhcuong/arm_ws/install/custom_msgs/share/custom_msgs/cmake/custom_msgs__rosidl_typesupport_cExport.cmake
[1.216s] -- Up-to-date: /home/dinhcuong/arm_ws/install/custom_msgs/share/custom_msgs/cmake/custom_msgs__rosidl_typesupport_cExport-noconfig.cmake
[1.216s] -- Up-to-date: /home/dinhcuong/arm_ws/install/custom_msgs/share/custom_msgs/cmake/custom_msgs__rosidl_typesupport_introspection_cppExport.cmake
[1.216s] -- Up-to-date: /home/dinhcuong/arm_ws/install/custom_msgs/share/custom_msgs/cmake/custom_msgs__rosidl_typesupport_introspection_cppExport-noconfig.cmake
[1.217s] -- Up-to-date: /home/dinhcuong/arm_ws/install/custom_msgs/share/custom_msgs/cmake/custom_msgs__rosidl_typesupport_cppExport.cmake
[1.217s] -- Up-to-date: /home/dinhcuong/arm_ws/install/custom_msgs/share/custom_msgs/cmake/custom_msgs__rosidl_typesupport_cppExport-noconfig.cmake
[1.217s] -- Up-to-date: /home/dinhcuong/arm_ws/install/custom_msgs/share/custom_msgs/cmake/export_custom_msgs__rosidl_generator_pyExport.cmake
[1.217s] -- Up-to-date: /home/dinhcuong/arm_ws/install/custom_msgs/share/custom_msgs/cmake/export_custom_msgs__rosidl_generator_pyExport-noconfig.cmake
[1.218s] -- Up-to-date: /home/dinhcuong/arm_ws/install/custom_msgs/share/custom_msgs/cmake/rosidl_cmake-extras.cmake
[1.218s] -- Up-to-date: /home/dinhcuong/arm_ws/install/custom_msgs/share/custom_msgs/cmake/ament_cmake_export_include_directories-extras.cmake
[1.219s] -- Up-to-date: /home/dinhcuong/arm_ws/install/custom_msgs/share/custom_msgs/cmake/ament_cmake_export_libraries-extras.cmake
[1.219s] -- Up-to-date: /home/dinhcuong/arm_ws/install/custom_msgs/share/custom_msgs/cmake/ament_cmake_export_targets-extras.cmake
[1.219s] -- Up-to-date: /home/dinhcuong/arm_ws/install/custom_msgs/share/custom_msgs/cmake/rosidl_cmake_export_typesupport_targets-extras.cmake
[1.219s] -- Up-to-date: /home/dinhcuong/arm_ws/install/custom_msgs/share/custom_msgs/cmake/ament_cmake_export_dependencies-extras.cmake
[1.220s] -- Up-to-date: /home/dinhcuong/arm_ws/install/custom_msgs/share/custom_msgs/cmake/rosidl_cmake_export_typesupport_libraries-extras.cmake
[1.220s] -- Up-to-date: /home/dinhcuong/arm_ws/install/custom_msgs/share/custom_msgs/cmake/custom_msgsConfig.cmake
[1.220s] -- Up-to-date: /home/dinhcuong/arm_ws/install/custom_msgs/share/custom_msgs/cmake/custom_msgsConfig-version.cmake
[1.220s] -- Up-to-date: /home/dinhcuong/arm_ws/install/custom_msgs/share/custom_msgs/package.xml
[1.221s] Invoked command in '/home/dinhcuong/arm_ws/build/custom_msgs' returned '0': CMAKE_PREFIX_PATH=/opt/ros/humble /usr/bin/cmake --install /home/dinhcuong/arm_ws/build/custom_msgs
