-- Install configuration: ""
-- Up-to-date: /home/dinhcuong/arm_ws/install/arm_mark1/share/arm_mark1/launch
-- Up-to-date: /home/dinhcuong/arm_ws/install/arm_mark1/share/arm_mark1/launch/display_gazebo.launch.py
-- Up-to-date: /home/dinhcuong/arm_ws/install/arm_mark1/share/arm_mark1/launch/display_rviz2.launch.py
-- Up-to-date: /home/dinhcuong/arm_ws/install/arm_mark1/share/arm_mark1/meshes
-- Up-to-date: /home/dinhcuong/arm_ws/install/arm_mark1/share/arm_mark1/meshes/plate.STL
-- Up-to-date: /home/dinhcuong/arm_ws/install/arm_mark1/share/arm_mark1/meshes/left_finger.STL
-- Up-to-date: /home/dinhcuong/arm_ws/install/arm_mark1/share/arm_mark1/meshes/round_plate.STL
-- Up-to-date: /home/dinhcuong/arm_ws/install/arm_mark1/share/arm_mark1/meshes/horizontal_arm.STL
-- Up-to-date: /home/dinhcuong/arm_ws/install/arm_mark1/share/arm_mark1/meshes/vertical_drive_arm.STL
-- Up-to-date: /home/dinhcuong/arm_ws/install/arm_mark1/share/arm_mark1/meshes/triangular_link.STL
-- Up-to-date: /home/dinhcuong/arm_ws/install/arm_mark1/share/arm_mark1/meshes/servo_plate.STL
-- Up-to-date: /home/dinhcuong/arm_ws/install/arm_mark1/share/arm_mark1/meshes/forward_drive_arm.STL
-- Up-to-date: /home/dinhcuong/arm_ws/install/arm_mark1/share/arm_mark1/meshes/claw_support.STL
-- Up-to-date: /home/dinhcuong/arm_ws/install/arm_mark1/share/arm_mark1/meshes/base_plate.STL
-- Up-to-date: /home/dinhcuong/arm_ws/install/arm_mark1/share/arm_mark1/meshes/basement.STL
-- Up-to-date: /home/dinhcuong/arm_ws/install/arm_mark1/share/arm_mark1/meshes/right_finger.STL
-- Up-to-date: /home/dinhcuong/arm_ws/install/arm_mark1/share/arm_mark1/models
-- Up-to-date: /home/dinhcuong/arm_ws/install/arm_mark1/share/arm_mark1/models/ground_plane
-- Up-to-date: /home/dinhcuong/arm_ws/install/arm_mark1/share/arm_mark1/models/ground_plane/model-1_2.sdf
-- Up-to-date: /home/dinhcuong/arm_ws/install/arm_mark1/share/arm_mark1/models/ground_plane/model-1_3.sdf
-- Up-to-date: /home/dinhcuong/arm_ws/install/arm_mark1/share/arm_mark1/models/ground_plane/model-1_4.sdf
-- Up-to-date: /home/dinhcuong/arm_ws/install/arm_mark1/share/arm_mark1/models/ground_plane/model.config
-- Up-to-date: /home/dinhcuong/arm_ws/install/arm_mark1/share/arm_mark1/models/ground_plane/model.sdf
-- Up-to-date: /home/dinhcuong/arm_ws/install/arm_mark1/share/arm_mark1/models/sun
-- Up-to-date: /home/dinhcuong/arm_ws/install/arm_mark1/share/arm_mark1/models/sun/model-1_2.sdf
-- Up-to-date: /home/dinhcuong/arm_ws/install/arm_mark1/share/arm_mark1/models/sun/model-1_3.sdf
-- Up-to-date: /home/dinhcuong/arm_ws/install/arm_mark1/share/arm_mark1/models/sun/model-1_4.sdf
-- Up-to-date: /home/dinhcuong/arm_ws/install/arm_mark1/share/arm_mark1/models/sun/model.config
-- Up-to-date: /home/dinhcuong/arm_ws/install/arm_mark1/share/arm_mark1/models/sun/model.sdf
-- Up-to-date: /home/dinhcuong/arm_ws/install/arm_mark1/share/arm_mark1/urdf
-- Up-to-date: /home/dinhcuong/arm_ws/install/arm_mark1/share/arm_mark1/urdf/arm_ros2_control.xacro
-- Up-to-date: /home/dinhcuong/arm_ws/install/arm_mark1/share/arm_mark1/urdf/arm.urdf.xacro
-- Installing: /home/dinhcuong/arm_ws/install/arm_mark1/share/arm_mark1/urdf/arm_gazebo.xacro
-- Up-to-date: /home/dinhcuong/arm_ws/install/arm_mark1/share/arm_mark1/rviz
-- Up-to-date: /home/dinhcuong/arm_ws/install/arm_mark1/share/arm_mark1/rviz/display.rviz
-- Up-to-date: /home/dinhcuong/arm_ws/install/arm_mark1/share/ament_index/resource_index/package_run_dependencies/arm_mark1
-- Up-to-date: /home/dinhcuong/arm_ws/install/arm_mark1/share/ament_index/resource_index/parent_prefix_path/arm_mark1
-- Up-to-date: /home/dinhcuong/arm_ws/install/arm_mark1/share/arm_mark1/environment/ament_prefix_path.sh
-- Up-to-date: /home/dinhcuong/arm_ws/install/arm_mark1/share/arm_mark1/environment/ament_prefix_path.dsv
-- Up-to-date: /home/dinhcuong/arm_ws/install/arm_mark1/share/arm_mark1/environment/path.sh
-- Up-to-date: /home/dinhcuong/arm_ws/install/arm_mark1/share/arm_mark1/environment/path.dsv
-- Up-to-date: /home/dinhcuong/arm_ws/install/arm_mark1/share/arm_mark1/local_setup.bash
-- Up-to-date: /home/dinhcuong/arm_ws/install/arm_mark1/share/arm_mark1/local_setup.sh
-- Up-to-date: /home/dinhcuong/arm_ws/install/arm_mark1/share/arm_mark1/local_setup.zsh
-- Up-to-date: /home/dinhcuong/arm_ws/install/arm_mark1/share/arm_mark1/local_setup.dsv
-- Installing: /home/dinhcuong/arm_ws/install/arm_mark1/share/arm_mark1/package.dsv
-- Up-to-date: /home/dinhcuong/arm_ws/install/arm_mark1/share/ament_index/resource_index/packages/arm_mark1
-- Up-to-date: /home/dinhcuong/arm_ws/install/arm_mark1/share/arm_mark1/cmake/arm_mark1Config.cmake
-- Up-to-date: /home/dinhcuong/arm_ws/install/arm_mark1/share/arm_mark1/cmake/arm_mark1Config-version.cmake
-- Up-to-date: /home/dinhcuong/arm_ws/install/arm_mark1/share/arm_mark1/package.xml
