[0.117s] Invoking command in '/home/dinhcuong/arm_ws/build/arm_mark1_controller': CMAKE_PREFIX_PATH=${CMAKE_PREFIX_PATH}:/home/dinhcuong/arm_ws/install/test_serverws:/home/dinhcuong/arm_ws/install/server_python:/opt/ros/humble /usr/bin/cmake --build /home/dinhcuong/arm_ws/build/arm_mark1_controller -- -j8 -l8
[0.148s] Invoked command in '/home/dinhcuong/arm_ws/build/arm_mark1_controller' returned '0': CMAKE_PREFIX_PATH=${CMAKE_PREFIX_PATH}:/home/dinhcuong/arm_ws/install/test_serverws:/home/dinhcuong/arm_ws/install/server_python:/opt/ros/humble /usr/bin/cmake --build /home/dinhcuong/arm_ws/build/arm_mark1_controller -- -j8 -l8
[0.183s] Invoking command in '/home/dinhcuong/arm_ws/build/arm_mark1_controller': CMAKE_PREFIX_PATH=${CMAKE_PREFIX_PATH}:/home/dinhcuong/arm_ws/install/test_serverws:/home/dinhcuong/arm_ws/install/server_python:/opt/ros/humble /usr/bin/cmake --install /home/dinhcuong/arm_ws/build/arm_mark1_controller
[0.191s] -- Install configuration: ""
[0.191s] -- Up-to-date: /home/dinhcuong/arm_ws/install/arm_mark1_controller/share/arm_mark1_controller/config
[0.192s] -- Up-to-date: /home/dinhcuong/arm_ws/install/arm_mark1_controller/share/arm_mark1_controller/config/arm_controller.yaml
[0.192s] -- Up-to-date: /home/dinhcuong/arm_ws/install/arm_mark1_controller/share/arm_mark1_controller/launch
[0.192s] -- Up-to-date: /home/dinhcuong/arm_ws/install/arm_mark1_controller/share/arm_mark1_controller/launch/arm_controller.launch.py
[0.192s] -- Up-to-date: /home/dinhcuong/arm_ws/install/arm_mark1_controller/share/ament_index/resource_index/package_run_dependencies/arm_mark1_controller
[0.192s] -- Up-to-date: /home/dinhcuong/arm_ws/install/arm_mark1_controller/share/ament_index/resource_index/parent_prefix_path/arm_mark1_controller
[0.192s] -- Up-to-date: /home/dinhcuong/arm_ws/install/arm_mark1_controller/share/arm_mark1_controller/environment/ament_prefix_path.sh
[0.192s] -- Up-to-date: /home/dinhcuong/arm_ws/install/arm_mark1_controller/share/arm_mark1_controller/environment/ament_prefix_path.dsv
[0.193s] -- Up-to-date: /home/dinhcuong/arm_ws/install/arm_mark1_controller/share/arm_mark1_controller/environment/path.sh
[0.193s] -- Up-to-date: /home/dinhcuong/arm_ws/install/arm_mark1_controller/share/arm_mark1_controller/environment/path.dsv
[0.193s] -- Up-to-date: /home/dinhcuong/arm_ws/install/arm_mark1_controller/share/arm_mark1_controller/local_setup.bash
[0.193s] -- Up-to-date: /home/dinhcuong/arm_ws/install/arm_mark1_controller/share/arm_mark1_controller/local_setup.sh
[0.193s] -- Up-to-date: /home/dinhcuong/arm_ws/install/arm_mark1_controller/share/arm_mark1_controller/local_setup.zsh
[0.193s] -- Up-to-date: /home/dinhcuong/arm_ws/install/arm_mark1_controller/share/arm_mark1_controller/local_setup.dsv
[0.193s] -- Installing: /home/dinhcuong/arm_ws/install/arm_mark1_controller/share/arm_mark1_controller/package.dsv
[0.193s] -- Up-to-date: /home/dinhcuong/arm_ws/install/arm_mark1_controller/share/ament_index/resource_index/packages/arm_mark1_controller
[0.193s] -- Up-to-date: /home/dinhcuong/arm_ws/install/arm_mark1_controller/share/arm_mark1_controller/cmake/arm_mark1_controllerConfig.cmake
[0.194s] -- Up-to-date: /home/dinhcuong/arm_ws/install/arm_mark1_controller/share/arm_mark1_controller/cmake/arm_mark1_controllerConfig-version.cmake
[0.194s] -- Up-to-date: /home/dinhcuong/arm_ws/install/arm_mark1_controller/share/arm_mark1_controller/package.xml
[0.298s] Invoked command in '/home/dinhcuong/arm_ws/build/arm_mark1_controller' returned '0': CMAKE_PREFIX_PATH=${CMAKE_PREFIX_PATH}:/home/dinhcuong/arm_ws/install/test_serverws:/home/dinhcuong/arm_ws/install/server_python:/opt/ros/humble /usr/bin/cmake --install /home/dinhcuong/arm_ws/build/arm_mark1_controller
