-- The C compiler identification is GNU 11.4.0
-- The CXX compiler identification is GNU 11.4.0
-- Detecting C compiler ABI info
-- Detecting C compiler ABI info - done
-- Check for working C compiler: /usr/bin/cc - skipped
-- Detecting C compile features
-- Detecting C compile features - done
-- Detecting CXX compiler ABI info
-- Detecting CXX compiler ABI info - done
-- Check for working CXX compiler: /usr/bin/c++ - skipped
-- Detecting CXX compile features
-- Detecting CXX compile features - done
-- Found ament_cmake: 1.3.8 (/opt/ros/humble/share/ament_cmake/cmake)
-- Found Python3: /usr/bin/python3 (found version "3.10.12") found components: Interpreter 
-- Found ament_lint_auto: 0.12.10 (/opt/ros/humble/share/ament_lint_auto/cmake)
-- Added test 'flake8' to check Python code syntax and style conventions
-- Added test 'lint_cmake' to check CMake code style
-- Added test 'pep257' to check Python code against some of the docstring style conventions in PEP 257
-- Added test 'xmllint' to check XML markup files
-- Configuring done
-- Generating done
-- Build files have been written to: /home/dinhcuong/arm_ws/build/arduinobot_description
-- Install configuration: ""
-- Installing: /home/dinhcuong/arm_ws/install/arduinobot_description/share/arduinobot_description/launch
-- Installing: /home/dinhcuong/arm_ws/install/arduinobot_description/share/arduinobot_description/launch/gazebo.launch.py
-- Installing: /home/dinhcuong/arm_ws/install/arduinobot_description/share/arduinobot_description/meshes
-- Installing: /home/dinhcuong/arm_ws/install/arduinobot_description/share/arduinobot_description/meshes/plate.STL
-- Installing: /home/dinhcuong/arm_ws/install/arduinobot_description/share/arduinobot_description/meshes/left_finger.STL
-- Installing: /home/dinhcuong/arm_ws/install/arduinobot_description/share/arduinobot_description/meshes/round_plate.STL
-- Installing: /home/dinhcuong/arm_ws/install/arduinobot_description/share/arduinobot_description/meshes/horizontal_arm.STL
-- Installing: /home/dinhcuong/arm_ws/install/arduinobot_description/share/arduinobot_description/meshes/vertical_drive_arm.STL
-- Installing: /home/dinhcuong/arm_ws/install/arduinobot_description/share/arduinobot_description/meshes/triangular_link.STL
-- Installing: /home/dinhcuong/arm_ws/install/arduinobot_description/share/arduinobot_description/meshes/servo_plate.STL
-- Installing: /home/dinhcuong/arm_ws/install/arduinobot_description/share/arduinobot_description/meshes/forward_drive_arm.STL
-- Installing: /home/dinhcuong/arm_ws/install/arduinobot_description/share/arduinobot_description/meshes/claw_support.STL
-- Installing: /home/dinhcuong/arm_ws/install/arduinobot_description/share/arduinobot_description/meshes/base_plate.STL
-- Installing: /home/dinhcuong/arm_ws/install/arduinobot_description/share/arduinobot_description/meshes/basement.STL
-- Installing: /home/dinhcuong/arm_ws/install/arduinobot_description/share/arduinobot_description/meshes/right_finger.STL
-- Installing: /home/dinhcuong/arm_ws/install/arduinobot_description/share/arduinobot_description/models
-- Installing: /home/dinhcuong/arm_ws/install/arduinobot_description/share/arduinobot_description/models/ground_plane
-- Installing: /home/dinhcuong/arm_ws/install/arduinobot_description/share/arduinobot_description/models/ground_plane/model-1_2.sdf
-- Installing: /home/dinhcuong/arm_ws/install/arduinobot_description/share/arduinobot_description/models/ground_plane/model-1_3.sdf
-- Installing: /home/dinhcuong/arm_ws/install/arduinobot_description/share/arduinobot_description/models/ground_plane/model-1_4.sdf
-- Installing: /home/dinhcuong/arm_ws/install/arduinobot_description/share/arduinobot_description/models/ground_plane/model.config
-- Installing: /home/dinhcuong/arm_ws/install/arduinobot_description/share/arduinobot_description/models/ground_plane/model.sdf
-- Installing: /home/dinhcuong/arm_ws/install/arduinobot_description/share/arduinobot_description/models/sun
-- Installing: /home/dinhcuong/arm_ws/install/arduinobot_description/share/arduinobot_description/models/sun/model-1_2.sdf
-- Installing: /home/dinhcuong/arm_ws/install/arduinobot_description/share/arduinobot_description/models/sun/model-1_3.sdf
-- Installing: /home/dinhcuong/arm_ws/install/arduinobot_description/share/arduinobot_description/models/sun/model-1_4.sdf
-- Installing: /home/dinhcuong/arm_ws/install/arduinobot_description/share/arduinobot_description/models/sun/model.config
-- Installing: /home/dinhcuong/arm_ws/install/arduinobot_description/share/arduinobot_description/models/sun/model.sdf
-- Installing: /home/dinhcuong/arm_ws/install/arduinobot_description/share/arduinobot_description/urdf
-- Installing: /home/dinhcuong/arm_ws/install/arduinobot_description/share/arduinobot_description/urdf/arduinobot.urdf.xacro
[31mCMake Error at cmake_install.cmake:46 (file):
  file INSTALL cannot find
  "/home/dinhcuong/arm_ws/src/arduinobot_description/rviz": No such file or
  directory.

[0m
