[0.260s] Invoking command in '/home/dinhcuong/arm_ws/build/arduinobot_description': CMAKE_PREFIX_PATH=/opt/ros/humble /usr/bin/cmake /home/dinhcuong/arm_ws/src/arduinobot_description -DCMAKE_INSTALL_PREFIX=/home/dinhcuong/arm_ws/install/arduinobot_description
[0.413s] -- The C compiler identification is GNU 11.4.0
[0.506s] -- The CXX compiler identification is GNU 11.4.0
[0.523s] -- Detecting C compiler ABI info
[0.604s] -- Detecting C compiler ABI info - done
[0.614s] -- Check for working C compiler: /usr/bin/cc - skipped
[0.615s] -- Detecting C compile features
[0.615s] -- Detecting C compile features - done
[0.620s] -- Detecting CXX compiler ABI info
[0.712s] -- Detecting CXX compiler ABI info - done
[0.722s] -- Check for working CXX compiler: /usr/bin/c++ - skipped
[0.723s] -- Detecting CXX compile features
[0.724s] -- Detecting CXX compile features - done
[0.727s] -- Found ament_cmake: 1.3.8 (/opt/ros/humble/share/ament_cmake/cmake)
[0.939s] -- Found Python3: /usr/bin/python3 (found version "3.10.12") found components: Interpreter 
[1.061s] -- Found ament_lint_auto: 0.12.10 (/opt/ros/humble/share/ament_lint_auto/cmake)
[1.176s] -- Added test 'flake8' to check Python code syntax and style conventions
[1.177s] -- Added test 'lint_cmake' to check CMake code style
[1.179s] -- Added test 'pep257' to check Python code against some of the docstring style conventions in PEP 257
[1.182s] -- Added test 'xmllint' to check XML markup files
[1.185s] -- Configuring done
[1.189s] -- Generating done
[1.191s] -- Build files have been written to: /home/dinhcuong/arm_ws/build/arduinobot_description
[1.235s] Invoked command in '/home/dinhcuong/arm_ws/build/arduinobot_description' returned '0': CMAKE_PREFIX_PATH=/opt/ros/humble /usr/bin/cmake /home/dinhcuong/arm_ws/src/arduinobot_description -DCMAKE_INSTALL_PREFIX=/home/dinhcuong/arm_ws/install/arduinobot_description
[1.237s] Invoking command in '/home/dinhcuong/arm_ws/build/arduinobot_description': CMAKE_PREFIX_PATH=/opt/ros/humble /usr/bin/cmake --build /home/dinhcuong/arm_ws/build/arduinobot_description -- -j8 -l8
[1.281s] Invoked command in '/home/dinhcuong/arm_ws/build/arduinobot_description' returned '0': CMAKE_PREFIX_PATH=/opt/ros/humble /usr/bin/cmake --build /home/dinhcuong/arm_ws/build/arduinobot_description -- -j8 -l8
[1.490s] Invoking command in '/home/dinhcuong/arm_ws/build/arduinobot_description': CMAKE_PREFIX_PATH=/opt/ros/humble /usr/bin/cmake --install /home/dinhcuong/arm_ws/build/arduinobot_description
[1.499s] -- Install configuration: ""
[1.499s] -- Installing: /home/dinhcuong/arm_ws/install/arduinobot_description/share/arduinobot_description/launch
[1.500s] -- Installing: /home/dinhcuong/arm_ws/install/arduinobot_description/share/arduinobot_description/launch/gazebo.launch.py
[1.500s] -- Installing: /home/dinhcuong/arm_ws/install/arduinobot_description/share/arduinobot_description/meshes
[1.500s] -- Installing: /home/dinhcuong/arm_ws/install/arduinobot_description/share/arduinobot_description/meshes/plate.STL
[1.503s] -- Installing: /home/dinhcuong/arm_ws/install/arduinobot_description/share/arduinobot_description/meshes/left_finger.STL
[1.503s] -- Installing: /home/dinhcuong/arm_ws/install/arduinobot_description/share/arduinobot_description/meshes/round_plate.STL
[1.503s] -- Installing: /home/dinhcuong/arm_ws/install/arduinobot_description/share/arduinobot_description/meshes/horizontal_arm.STL
[1.505s] -- Installing: /home/dinhcuong/arm_ws/install/arduinobot_description/share/arduinobot_description/meshes/vertical_drive_arm.STL
[1.507s] -- Installing: /home/dinhcuong/arm_ws/install/arduinobot_description/share/arduinobot_description/meshes/triangular_link.STL
[1.509s] -- Installing: /home/dinhcuong/arm_ws/install/arduinobot_description/share/arduinobot_description/meshes/servo_plate.STL
[1.509s] -- Installing: /home/dinhcuong/arm_ws/install/arduinobot_description/share/arduinobot_description/meshes/forward_drive_arm.STL
[1.511s] -- Installing: /home/dinhcuong/arm_ws/install/arduinobot_description/share/arduinobot_description/meshes/claw_support.STL
[1.512s] -- Installing: /home/dinhcuong/arm_ws/install/arduinobot_description/share/arduinobot_description/meshes/base_plate.STL
[1.516s] -- Installing: /home/dinhcuong/arm_ws/install/arduinobot_description/share/arduinobot_description/meshes/basement.STL
[1.517s] -- Installing: /home/dinhcuong/arm_ws/install/arduinobot_description/share/arduinobot_description/meshes/right_finger.STL
[1.517s] -- Installing: /home/dinhcuong/arm_ws/install/arduinobot_description/share/arduinobot_description/models
[1.518s] -- Installing: /home/dinhcuong/arm_ws/install/arduinobot_description/share/arduinobot_description/models/ground_plane
[1.518s] -- Installing: /home/dinhcuong/arm_ws/install/arduinobot_description/share/arduinobot_description/models/ground_plane/model-1_2.sdf
[1.518s] -- Installing: /home/dinhcuong/arm_ws/install/arduinobot_description/share/arduinobot_description/models/ground_plane/model-1_3.sdf
[1.518s] -- Installing: /home/dinhcuong/arm_ws/install/arduinobot_description/share/arduinobot_description/models/ground_plane/model-1_4.sdf
[1.518s] -- Installing: /home/dinhcuong/arm_ws/install/arduinobot_description/share/arduinobot_description/models/ground_plane/model.config
[1.519s] -- Installing: /home/dinhcuong/arm_ws/install/arduinobot_description/share/arduinobot_description/models/ground_plane/model.sdf
[1.519s] -- Installing: /home/dinhcuong/arm_ws/install/arduinobot_description/share/arduinobot_description/models/sun
[1.519s] -- Installing: /home/dinhcuong/arm_ws/install/arduinobot_description/share/arduinobot_description/models/sun/model-1_2.sdf
[1.519s] -- Installing: /home/dinhcuong/arm_ws/install/arduinobot_description/share/arduinobot_description/models/sun/model-1_3.sdf
[1.519s] -- Installing: /home/dinhcuong/arm_ws/install/arduinobot_description/share/arduinobot_description/models/sun/model-1_4.sdf
[1.520s] -- Installing: /home/dinhcuong/arm_ws/install/arduinobot_description/share/arduinobot_description/models/sun/model.config
[1.520s] -- Installing: /home/dinhcuong/arm_ws/install/arduinobot_description/share/arduinobot_description/models/sun/model.sdf
[1.520s] -- Installing: /home/dinhcuong/arm_ws/install/arduinobot_description/share/arduinobot_description/urdf
[1.520s] -- Installing: /home/dinhcuong/arm_ws/install/arduinobot_description/share/arduinobot_description/urdf/arduinobot.urdf.xacro
[1.520s] [31mCMake Error at cmake_install.cmake:46 (file):
[1.520s]   file INSTALL cannot find
[1.521s]   "/home/dinhcuong/arm_ws/src/arduinobot_description/rviz": No such file or
[1.521s]   directory.
[1.521s] 
[1.521s] [0m
[1.923s] Invoked command in '/home/dinhcuong/arm_ws/build/arduinobot_description' returned '1': CMAKE_PREFIX_PATH=/opt/ros/humble /usr/bin/cmake --install /home/dinhcuong/arm_ws/build/arduinobot_description
