[0.852s] Invoking command in '/home/dinhcuong/arm_ws/src/server_python': PYTHONPATH=/home/dinhcuong/arm_ws/build/server_python/prefix_override:/home/dinhcuong/arm_ws/install/server_python/lib/python3.10/site-packages:${PYTHONPATH} /usr/bin/python3 setup.py egg_info --egg-base ../../build/server_python build --build-base /home/dinhcuong/arm_ws/build/server_python/build install --record /home/dinhcuong/arm_ws/build/server_python/install.log --single-version-externally-managed
[1.116s] running egg_info
[1.117s] writing ../../build/server_python/server_python.egg-info/PKG-INFO
[1.117s] writing dependency_links to ../../build/server_python/server_python.egg-info/dependency_links.txt
[1.117s] writing entry points to ../../build/server_python/server_python.egg-info/entry_points.txt
[1.118s] writing requirements to ../../build/server_python/server_python.egg-info/requires.txt
[1.118s] writing top-level names to ../../build/server_python/server_python.egg-info/top_level.txt
[1.120s] reading manifest file '../../build/server_python/server_python.egg-info/SOURCES.txt'
[1.121s] writing manifest file '../../build/server_python/server_python.egg-info/SOURCES.txt'
[1.122s] running build
[1.122s] running build_py
[1.122s] running install
[1.122s] /usr/lib/python3/dist-packages/setuptools/command/install.py:34: SetuptoolsDeprecationWarning: setup.py install is deprecated. Use build and pip and other standards-based tools.
[1.122s]   warnings.warn(
[1.123s] running install_lib
[1.124s] running install_data
[1.125s] running install_egg_info
[1.127s] removing '/home/dinhcuong/arm_ws/install/server_python/lib/python3.10/site-packages/server_python-0.0.0-py3.10.egg-info' (and everything under it)
[1.127s] Copying ../../build/server_python/server_python.egg-info to /home/dinhcuong/arm_ws/install/server_python/lib/python3.10/site-packages/server_python-0.0.0-py3.10.egg-info
[1.128s] running install_scripts
[1.151s] Installing client script to /home/dinhcuong/arm_ws/install/server_python/lib/server_python
[1.152s] Installing server script to /home/dinhcuong/arm_ws/install/server_python/lib/server_python
[1.152s] writing list of installed files to '/home/dinhcuong/arm_ws/build/server_python/install.log'
[1.173s] Invoked command in '/home/dinhcuong/arm_ws/src/server_python' returned '0': PYTHONPATH=/home/dinhcuong/arm_ws/build/server_python/prefix_override:/home/dinhcuong/arm_ws/install/server_python/lib/python3.10/site-packages:${PYTHONPATH} /usr/bin/python3 setup.py egg_info --egg-base ../../build/server_python build --build-base /home/dinhcuong/arm_ws/build/server_python/build install --record /home/dinhcuong/arm_ws/build/server_python/install.log --single-version-externally-managed
