-- Found ament_cmake: 1.3.8 (/opt/ros/humble/share/ament_cmake/cmake)
-- Override CMake install command with custom implementation using symlinks instead of copying resources
-- Found ament_lint_auto: 0.12.10 (/opt/ros/humble/share/ament_lint_auto/cmake)
-- Added test 'flake8' to check Python code syntax and style conventions
-- Added test 'lint_cmake' to check CMake code style
-- Added test 'pep257' to check Python code against some of the docstring style conventions in PEP 257
-- Added test 'xmllint' to check XML markup files
-- Configuring done
-- Generating done
-- Build files have been written to: /home/dinhcuong/arm_ws/build/arm_mark1_controller
-- Install configuration: ""
-- Execute custom install script
-- Symlinking: /home/dinhcuong/arm_ws/install/arm_mark1_controller/share/arm_mark1_controller/config/arm_controller.yaml
-- Symlinking: /home/dinhcuong/arm_ws/install/arm_mark1_controller/share/arm_mark1_controller/launch/arm_controller.launch.py
-- Symlinking: /home/dinhcuong/arm_ws/install/arm_mark1_controller/share/ament_index/resource_index/package_run_dependencies/arm_mark1_controller
-- Symlinking: /home/dinhcuong/arm_ws/install/arm_mark1_controller/share/ament_index/resource_index/parent_prefix_path/arm_mark1_controller
-- Symlinking: /home/dinhcuong/arm_ws/install/arm_mark1_controller/share/arm_mark1_controller/environment/ament_prefix_path.sh
-- Symlinking: /home/dinhcuong/arm_ws/install/arm_mark1_controller/share/arm_mark1_controller/environment/ament_prefix_path.dsv
-- Symlinking: /home/dinhcuong/arm_ws/install/arm_mark1_controller/share/arm_mark1_controller/environment/path.sh
-- Symlinking: /home/dinhcuong/arm_ws/install/arm_mark1_controller/share/arm_mark1_controller/environment/path.dsv
-- Symlinking: /home/dinhcuong/arm_ws/install/arm_mark1_controller/share/arm_mark1_controller/local_setup.bash
-- Symlinking: /home/dinhcuong/arm_ws/install/arm_mark1_controller/share/arm_mark1_controller/local_setup.sh
-- Symlinking: /home/dinhcuong/arm_ws/install/arm_mark1_controller/share/arm_mark1_controller/local_setup.zsh
-- Symlinking: /home/dinhcuong/arm_ws/install/arm_mark1_controller/share/arm_mark1_controller/local_setup.dsv
-- Symlinking: /home/dinhcuong/arm_ws/install/arm_mark1_controller/share/arm_mark1_controller/package.dsv
-- Symlinking: /home/dinhcuong/arm_ws/install/arm_mark1_controller/share/ament_index/resource_index/packages/arm_mark1_controller
-- Symlinking: /home/dinhcuong/arm_ws/install/arm_mark1_controller/share/arm_mark1_controller/cmake/arm_mark1_controllerConfig.cmake
-- Symlinking: /home/dinhcuong/arm_ws/install/arm_mark1_controller/share/arm_mark1_controller/cmake/arm_mark1_controllerConfig-version.cmake
-- Symlinking: /home/dinhcuong/arm_ws/install/arm_mark1_controller/share/arm_mark1_controller/package.xml
