[0.902s] DEBUG:colcon:Command line arguments: ['/usr/bin/colcon', 'build']
[0.902s] DEBUG:colcon:Parsed command line arguments: Namespace(log_base=None, log_level=None, verb_name='build', build_base='build', install_base='install', merge_install=False, symlink_install=False, test_result_base=None, continue_on_error=False, executor='parallel', parallel_workers=8, event_handlers=None, ignore_user_meta=False, metas=['./colcon.meta'], base_paths=['.'], packages_ignore=None, packages_ignore_regex=None, paths=None, packages_up_to=None, packages_up_to_regex=None, packages_above=None, packages_above_and_dependencies=None, packages_above_depth=None, packages_select_by_dep=None, packages_skip_by_dep=None, packages_skip_up_to=None, packages_select_build_failed=False, packages_skip_build_finished=False, packages_select_test_failures=False, packages_skip_test_passed=False, packages_select=None, packages_skip=None, packages_select_regex=None, packages_skip_regex=None, packages_start=None, packages_end=None, allow_overriding=[], cmake_args=None, cmake_target=None, cmake_target_skip_unavailable=False, cmake_clean_cache=False, cmake_clean_first=False, cmake_force_configure=False, ament_cmake_args=None, catkin_cmake_args=None, catkin_skip_building_tests=False, verb_parser=<colcon_defaults.argument_parser.defaults.DefaultArgumentsDecorator object at 0x7fe38788bc70>, verb_extension=<colcon_core.verb.build.BuildVerb object at 0x7fe38788b940>, main=<bound method BuildVerb.main of <colcon_core.verb.build.BuildVerb object at 0x7fe38788b940>>)
[0.944s] Level 1:colcon.colcon_core.package_discovery:discover_packages(colcon_meta) check parameters
[0.944s] Level 1:colcon.colcon_core.package_discovery:discover_packages(recursive) check parameters
[0.944s] Level 1:colcon.colcon_core.package_discovery:discover_packages(ignore) check parameters
[0.944s] Level 1:colcon.colcon_core.package_discovery:discover_packages(path) check parameters
[0.944s] Level 1:colcon.colcon_core.package_discovery:discover_packages(colcon_meta) discover
[0.944s] Level 1:colcon.colcon_core.package_discovery:discover_packages(recursive) discover
[0.945s] INFO:colcon.colcon_core.package_discovery:Crawling recursively for packages in '/home/dinhcuong/arm_ws'
[0.945s] Level 1:colcon.colcon_core.package_identification:_identify(.) by extensions ['ignore', 'ignore_ament_install']
[0.945s] Level 1:colcon.colcon_core.package_identification:_identify(.) by extension 'ignore'
[0.945s] Level 1:colcon.colcon_core.package_identification:_identify(.) by extension 'ignore_ament_install'
[0.945s] Level 1:colcon.colcon_core.package_identification:_identify(.) by extensions ['colcon_pkg']
[0.945s] Level 1:colcon.colcon_core.package_identification:_identify(.) by extension 'colcon_pkg'
[0.945s] Level 1:colcon.colcon_core.package_identification:_identify(.) by extensions ['colcon_meta']
[0.945s] Level 1:colcon.colcon_core.package_identification:_identify(.) by extension 'colcon_meta'
[0.945s] Level 1:colcon.colcon_core.package_identification:_identify(.) by extensions ['ros']
[0.945s] Level 1:colcon.colcon_core.package_identification:_identify(.) by extension 'ros'
[0.955s] Level 1:colcon.colcon_core.package_identification:_identify(.) by extensions ['cmake', 'python']
[0.955s] Level 1:colcon.colcon_core.package_identification:_identify(.) by extension 'cmake'
[0.955s] Level 1:colcon.colcon_core.package_identification:_identify(.) by extension 'python'
[0.955s] Level 1:colcon.colcon_core.package_identification:_identify(.) by extensions ['python_setup_py']
[0.955s] Level 1:colcon.colcon_core.package_identification:_identify(.) by extension 'python_setup_py'
[0.955s] Level 1:colcon.colcon_core.package_identification:_identify(build) by extensions ['ignore', 'ignore_ament_install']
[0.955s] Level 1:colcon.colcon_core.package_identification:_identify(build) by extension 'ignore'
[0.955s] Level 1:colcon.colcon_core.package_identification:_identify(build) ignored
[0.955s] Level 1:colcon.colcon_core.package_identification:_identify(install) by extensions ['ignore', 'ignore_ament_install']
[0.955s] Level 1:colcon.colcon_core.package_identification:_identify(install) by extension 'ignore'
[0.955s] Level 1:colcon.colcon_core.package_identification:_identify(install) ignored
[0.956s] Level 1:colcon.colcon_core.package_identification:_identify(log) by extensions ['ignore', 'ignore_ament_install']
[0.956s] Level 1:colcon.colcon_core.package_identification:_identify(log) by extension 'ignore'
[0.956s] Level 1:colcon.colcon_core.package_identification:_identify(log) ignored
[0.956s] Level 1:colcon.colcon_core.package_identification:_identify(src) by extensions ['ignore', 'ignore_ament_install']
[0.956s] Level 1:colcon.colcon_core.package_identification:_identify(src) by extension 'ignore'
[0.956s] Level 1:colcon.colcon_core.package_identification:_identify(src) by extension 'ignore_ament_install'
[0.956s] Level 1:colcon.colcon_core.package_identification:_identify(src) by extensions ['colcon_pkg']
[0.956s] Level 1:colcon.colcon_core.package_identification:_identify(src) by extension 'colcon_pkg'
[0.956s] Level 1:colcon.colcon_core.package_identification:_identify(src) by extensions ['colcon_meta']
[0.956s] Level 1:colcon.colcon_core.package_identification:_identify(src) by extension 'colcon_meta'
[0.956s] Level 1:colcon.colcon_core.package_identification:_identify(src) by extensions ['ros']
[0.956s] Level 1:colcon.colcon_core.package_identification:_identify(src) by extension 'ros'
[0.956s] Level 1:colcon.colcon_core.package_identification:_identify(src) by extensions ['cmake', 'python']
[0.956s] Level 1:colcon.colcon_core.package_identification:_identify(src) by extension 'cmake'
[0.956s] Level 1:colcon.colcon_core.package_identification:_identify(src) by extension 'python'
[0.956s] Level 1:colcon.colcon_core.package_identification:_identify(src) by extensions ['python_setup_py']
[0.956s] Level 1:colcon.colcon_core.package_identification:_identify(src) by extension 'python_setup_py'
[0.957s] Level 1:colcon.colcon_core.package_identification:_identify(src/arm_mark1) by extensions ['ignore', 'ignore_ament_install']
[0.957s] Level 1:colcon.colcon_core.package_identification:_identify(src/arm_mark1) by extension 'ignore'
[0.957s] Level 1:colcon.colcon_core.package_identification:_identify(src/arm_mark1) by extension 'ignore_ament_install'
[0.957s] Level 1:colcon.colcon_core.package_identification:_identify(src/arm_mark1) by extensions ['colcon_pkg']
[0.957s] Level 1:colcon.colcon_core.package_identification:_identify(src/arm_mark1) by extension 'colcon_pkg'
[0.957s] Level 1:colcon.colcon_core.package_identification:_identify(src/arm_mark1) by extensions ['colcon_meta']
[0.957s] Level 1:colcon.colcon_core.package_identification:_identify(src/arm_mark1) by extension 'colcon_meta'
[0.957s] Level 1:colcon.colcon_core.package_identification:_identify(src/arm_mark1) by extensions ['ros']
[0.957s] Level 1:colcon.colcon_core.package_identification:_identify(src/arm_mark1) by extension 'ros'
[0.959s] DEBUG:colcon.colcon_core.package_identification:Package 'src/arm_mark1' with type 'ros.ament_cmake' and name 'arm_mark1'
[0.959s] Level 1:colcon.colcon_core.package_identification:_identify(src/arm_mark1_controller) by extensions ['ignore', 'ignore_ament_install']
[0.959s] Level 1:colcon.colcon_core.package_identification:_identify(src/arm_mark1_controller) by extension 'ignore'
[0.959s] Level 1:colcon.colcon_core.package_identification:_identify(src/arm_mark1_controller) by extension 'ignore_ament_install'
[0.959s] Level 1:colcon.colcon_core.package_identification:_identify(src/arm_mark1_controller) by extensions ['colcon_pkg']
[0.959s] Level 1:colcon.colcon_core.package_identification:_identify(src/arm_mark1_controller) by extension 'colcon_pkg'
[0.959s] Level 1:colcon.colcon_core.package_identification:_identify(src/arm_mark1_controller) by extensions ['colcon_meta']
[0.959s] Level 1:colcon.colcon_core.package_identification:_identify(src/arm_mark1_controller) by extension 'colcon_meta'
[0.959s] Level 1:colcon.colcon_core.package_identification:_identify(src/arm_mark1_controller) by extensions ['ros']
[0.959s] Level 1:colcon.colcon_core.package_identification:_identify(src/arm_mark1_controller) by extension 'ros'
[0.960s] DEBUG:colcon.colcon_core.package_identification:Package 'src/arm_mark1_controller' with type 'ros.ament_cmake' and name 'arm_mark1_controller'
[0.960s] Level 1:colcon.colcon_core.package_identification:_identify(src/arm_mark1_moveit) by extensions ['ignore', 'ignore_ament_install']
[0.960s] Level 1:colcon.colcon_core.package_identification:_identify(src/arm_mark1_moveit) by extension 'ignore'
[0.960s] Level 1:colcon.colcon_core.package_identification:_identify(src/arm_mark1_moveit) by extension 'ignore_ament_install'
[0.960s] Level 1:colcon.colcon_core.package_identification:_identify(src/arm_mark1_moveit) by extensions ['colcon_pkg']
[0.960s] Level 1:colcon.colcon_core.package_identification:_identify(src/arm_mark1_moveit) by extension 'colcon_pkg'
[0.960s] Level 1:colcon.colcon_core.package_identification:_identify(src/arm_mark1_moveit) by extensions ['colcon_meta']
[0.960s] Level 1:colcon.colcon_core.package_identification:_identify(src/arm_mark1_moveit) by extension 'colcon_meta'
[0.960s] Level 1:colcon.colcon_core.package_identification:_identify(src/arm_mark1_moveit) by extensions ['ros']
[0.960s] Level 1:colcon.colcon_core.package_identification:_identify(src/arm_mark1_moveit) by extension 'ros'
[0.960s] DEBUG:colcon.colcon_core.package_identification:Package 'src/arm_mark1_moveit' with type 'ros.ament_cmake' and name 'arm_mark1_moveit'
[0.960s] Level 1:colcon.colcon_core.package_identification:_identify(src/custom_msgs) by extensions ['ignore', 'ignore_ament_install']
[0.961s] Level 1:colcon.colcon_core.package_identification:_identify(src/custom_msgs) by extension 'ignore'
[0.961s] Level 1:colcon.colcon_core.package_identification:_identify(src/custom_msgs) by extension 'ignore_ament_install'
[0.961s] Level 1:colcon.colcon_core.package_identification:_identify(src/custom_msgs) by extensions ['colcon_pkg']
[0.961s] Level 1:colcon.colcon_core.package_identification:_identify(src/custom_msgs) by extension 'colcon_pkg'
[0.961s] Level 1:colcon.colcon_core.package_identification:_identify(src/custom_msgs) by extensions ['colcon_meta']
[0.961s] Level 1:colcon.colcon_core.package_identification:_identify(src/custom_msgs) by extension 'colcon_meta'
[0.961s] Level 1:colcon.colcon_core.package_identification:_identify(src/custom_msgs) by extensions ['ros']
[0.961s] Level 1:colcon.colcon_core.package_identification:_identify(src/custom_msgs) by extension 'ros'
[0.961s] DEBUG:colcon.colcon_core.package_identification:Package 'src/custom_msgs' with type 'ros.ament_cmake' and name 'custom_msgs'
[0.961s] Level 1:colcon.colcon_core.package_identification:_identify(src/server_python) by extensions ['ignore', 'ignore_ament_install']
[0.961s] Level 1:colcon.colcon_core.package_identification:_identify(src/server_python) by extension 'ignore'
[0.961s] Level 1:colcon.colcon_core.package_identification:_identify(src/server_python) by extension 'ignore_ament_install'
[0.962s] Level 1:colcon.colcon_core.package_identification:_identify(src/server_python) by extensions ['colcon_pkg']
[0.962s] Level 1:colcon.colcon_core.package_identification:_identify(src/server_python) by extension 'colcon_pkg'
[0.962s] Level 1:colcon.colcon_core.package_identification:_identify(src/server_python) by extensions ['colcon_meta']
[0.962s] Level 1:colcon.colcon_core.package_identification:_identify(src/server_python) by extension 'colcon_meta'
[0.962s] Level 1:colcon.colcon_core.package_identification:_identify(src/server_python) by extensions ['ros']
[0.962s] Level 1:colcon.colcon_core.package_identification:_identify(src/server_python) by extension 'ros'
[0.962s] DEBUG:colcon.colcon_core.package_identification:Package 'src/server_python' with type 'ros.ament_python' and name 'server_python'
[0.962s] Level 1:colcon.colcon_core.package_discovery:discover_packages(recursive) using defaults
[0.962s] Level 1:colcon.colcon_core.package_discovery:discover_packages(ignore) discover
[0.962s] Level 1:colcon.colcon_core.package_discovery:discover_packages(ignore) using defaults
[0.962s] Level 1:colcon.colcon_core.package_discovery:discover_packages(path) discover
[0.962s] Level 1:colcon.colcon_core.package_discovery:discover_packages(path) using defaults
[1.044s] Level 1:colcon.colcon_core.package_discovery:discover_packages(prefix_path) check parameters
[1.044s] Level 1:colcon.colcon_core.package_discovery:discover_packages(prefix_path) discover
[1.058s] WARNING:colcon.colcon_core.prefix_path.colcon:The path '/home/dinhcuong/install' in the environment variable COLCON_PREFIX_PATH doesn't exist
[1.058s] WARNING:colcon.colcon_ros.prefix_path.ament:The path '/home/dinhcuong/install/server_python' in the environment variable AMENT_PREFIX_PATH doesn't exist
[1.058s] WARNING:colcon.colcon_ros.prefix_path.ament:The path '/home/dinhcuong/install/custom_msgs' in the environment variable AMENT_PREFIX_PATH doesn't exist
[1.058s] WARNING:colcon.colcon_ros.prefix_path.ament:The path '/home/dinhcuong/install/arm_mark1_moveit' in the environment variable AMENT_PREFIX_PATH doesn't exist
[1.058s] WARNING:colcon.colcon_ros.prefix_path.ament:The path '/home/dinhcuong/install/arm_mark1_controller' in the environment variable AMENT_PREFIX_PATH doesn't exist
[1.058s] WARNING:colcon.colcon_ros.prefix_path.ament:The path '/home/dinhcuong/install/arm_mark1' in the environment variable AMENT_PREFIX_PATH doesn't exist
[1.059s] WARNING:colcon.colcon_ros.prefix_path.catkin:The path '/home/dinhcuong/install/custom_msgs' in the environment variable CMAKE_PREFIX_PATH doesn't exist
[1.059s] WARNING:colcon.colcon_ros.prefix_path.catkin:The path '/home/dinhcuong/install/arm_mark1_moveit' in the environment variable CMAKE_PREFIX_PATH doesn't exist
[1.059s] WARNING:colcon.colcon_ros.prefix_path.catkin:The path '/home/dinhcuong/install/arm_mark1_controller' in the environment variable CMAKE_PREFIX_PATH doesn't exist
[1.059s] WARNING:colcon.colcon_ros.prefix_path.catkin:The path '/home/dinhcuong/install/arm_mark1' in the environment variable CMAKE_PREFIX_PATH doesn't exist
[1.072s] DEBUG:colcon.colcon_installed_package_information.package_discovery:Found 6 installed packages in /home/dinhcuong/arm_ws/install
[1.087s] DEBUG:colcon.colcon_installed_package_information.package_discovery:Found 355 installed packages in /opt/ros/humble
[1.088s] Level 1:colcon.colcon_core.package_discovery:discover_packages(prefix_path) using defaults
[1.178s] Level 5:colcon.colcon_core.verb:set package 'arm_mark1' build argument 'cmake_args' from command line to 'None'
[1.178s] Level 5:colcon.colcon_core.verb:set package 'arm_mark1' build argument 'cmake_target' from command line to 'None'
[1.178s] Level 5:colcon.colcon_core.verb:set package 'arm_mark1' build argument 'cmake_target_skip_unavailable' from command line to 'False'
[1.178s] Level 5:colcon.colcon_core.verb:set package 'arm_mark1' build argument 'cmake_clean_cache' from command line to 'False'
[1.178s] Level 5:colcon.colcon_core.verb:set package 'arm_mark1' build argument 'cmake_clean_first' from command line to 'False'
[1.178s] Level 5:colcon.colcon_core.verb:set package 'arm_mark1' build argument 'cmake_force_configure' from command line to 'False'
[1.178s] Level 5:colcon.colcon_core.verb:set package 'arm_mark1' build argument 'ament_cmake_args' from command line to 'None'
[1.179s] Level 5:colcon.colcon_core.verb:set package 'arm_mark1' build argument 'catkin_cmake_args' from command line to 'None'
[1.179s] Level 5:colcon.colcon_core.verb:set package 'arm_mark1' build argument 'catkin_skip_building_tests' from command line to 'False'
[1.179s] DEBUG:colcon.colcon_core.verb:Building package 'arm_mark1' with the following arguments: {'ament_cmake_args': None, 'build_base': '/home/dinhcuong/arm_ws/build/arm_mark1', 'catkin_cmake_args': None, 'catkin_skip_building_tests': False, 'cmake_args': None, 'cmake_clean_cache': False, 'cmake_clean_first': False, 'cmake_force_configure': False, 'cmake_target': None, 'cmake_target_skip_unavailable': False, 'install_base': '/home/dinhcuong/arm_ws/install/arm_mark1', 'merge_install': False, 'path': '/home/dinhcuong/arm_ws/src/arm_mark1', 'symlink_install': False, 'test_result_base': None}
[1.192s] Level 5:colcon.colcon_core.verb:set package 'arm_mark1_controller' build argument 'cmake_args' from command line to 'None'
[1.192s] Level 5:colcon.colcon_core.verb:set package 'arm_mark1_controller' build argument 'cmake_target' from command line to 'None'
[1.192s] Level 5:colcon.colcon_core.verb:set package 'arm_mark1_controller' build argument 'cmake_target_skip_unavailable' from command line to 'False'
[1.192s] Level 5:colcon.colcon_core.verb:set package 'arm_mark1_controller' build argument 'cmake_clean_cache' from command line to 'False'
[1.193s] Level 5:colcon.colcon_core.verb:set package 'arm_mark1_controller' build argument 'cmake_clean_first' from command line to 'False'
[1.193s] Level 5:colcon.colcon_core.verb:set package 'arm_mark1_controller' build argument 'cmake_force_configure' from command line to 'False'
[1.193s] Level 5:colcon.colcon_core.verb:set package 'arm_mark1_controller' build argument 'ament_cmake_args' from command line to 'None'
[1.193s] Level 5:colcon.colcon_core.verb:set package 'arm_mark1_controller' build argument 'catkin_cmake_args' from command line to 'None'
[1.193s] Level 5:colcon.colcon_core.verb:set package 'arm_mark1_controller' build argument 'catkin_skip_building_tests' from command line to 'False'
[1.193s] DEBUG:colcon.colcon_core.verb:Building package 'arm_mark1_controller' with the following arguments: {'ament_cmake_args': None, 'build_base': '/home/dinhcuong/arm_ws/build/arm_mark1_controller', 'catkin_cmake_args': None, 'catkin_skip_building_tests': False, 'cmake_args': None, 'cmake_clean_cache': False, 'cmake_clean_first': False, 'cmake_force_configure': False, 'cmake_target': None, 'cmake_target_skip_unavailable': False, 'install_base': '/home/dinhcuong/arm_ws/install/arm_mark1_controller', 'merge_install': False, 'path': '/home/dinhcuong/arm_ws/src/arm_mark1_controller', 'symlink_install': False, 'test_result_base': None}
[1.207s] Level 5:colcon.colcon_core.verb:set package 'arm_mark1_moveit' build argument 'cmake_args' from command line to 'None'
[1.207s] Level 5:colcon.colcon_core.verb:set package 'arm_mark1_moveit' build argument 'cmake_target' from command line to 'None'
[1.207s] Level 5:colcon.colcon_core.verb:set package 'arm_mark1_moveit' build argument 'cmake_target_skip_unavailable' from command line to 'False'
[1.207s] Level 5:colcon.colcon_core.verb:set package 'arm_mark1_moveit' build argument 'cmake_clean_cache' from command line to 'False'
[1.207s] Level 5:colcon.colcon_core.verb:set package 'arm_mark1_moveit' build argument 'cmake_clean_first' from command line to 'False'
[1.207s] Level 5:colcon.colcon_core.verb:set package 'arm_mark1_moveit' build argument 'cmake_force_configure' from command line to 'False'
[1.207s] Level 5:colcon.colcon_core.verb:set package 'arm_mark1_moveit' build argument 'ament_cmake_args' from command line to 'None'
[1.207s] Level 5:colcon.colcon_core.verb:set package 'arm_mark1_moveit' build argument 'catkin_cmake_args' from command line to 'None'
[1.207s] Level 5:colcon.colcon_core.verb:set package 'arm_mark1_moveit' build argument 'catkin_skip_building_tests' from command line to 'False'
[1.207s] DEBUG:colcon.colcon_core.verb:Building package 'arm_mark1_moveit' with the following arguments: {'ament_cmake_args': None, 'build_base': '/home/dinhcuong/arm_ws/build/arm_mark1_moveit', 'catkin_cmake_args': None, 'catkin_skip_building_tests': False, 'cmake_args': None, 'cmake_clean_cache': False, 'cmake_clean_first': False, 'cmake_force_configure': False, 'cmake_target': None, 'cmake_target_skip_unavailable': False, 'install_base': '/home/dinhcuong/arm_ws/install/arm_mark1_moveit', 'merge_install': False, 'path': '/home/dinhcuong/arm_ws/src/arm_mark1_moveit', 'symlink_install': False, 'test_result_base': None}
[1.221s] Level 5:colcon.colcon_core.verb:set package 'custom_msgs' build argument 'cmake_args' from command line to 'None'
[1.221s] Level 5:colcon.colcon_core.verb:set package 'custom_msgs' build argument 'cmake_target' from command line to 'None'
[1.221s] Level 5:colcon.colcon_core.verb:set package 'custom_msgs' build argument 'cmake_target_skip_unavailable' from command line to 'False'
[1.221s] Level 5:colcon.colcon_core.verb:set package 'custom_msgs' build argument 'cmake_clean_cache' from command line to 'False'
[1.221s] Level 5:colcon.colcon_core.verb:set package 'custom_msgs' build argument 'cmake_clean_first' from command line to 'False'
[1.221s] Level 5:colcon.colcon_core.verb:set package 'custom_msgs' build argument 'cmake_force_configure' from command line to 'False'
[1.221s] Level 5:colcon.colcon_core.verb:set package 'custom_msgs' build argument 'ament_cmake_args' from command line to 'None'
[1.221s] Level 5:colcon.colcon_core.verb:set package 'custom_msgs' build argument 'catkin_cmake_args' from command line to 'None'
[1.221s] Level 5:colcon.colcon_core.verb:set package 'custom_msgs' build argument 'catkin_skip_building_tests' from command line to 'False'
[1.221s] DEBUG:colcon.colcon_core.verb:Building package 'custom_msgs' with the following arguments: {'ament_cmake_args': None, 'build_base': '/home/dinhcuong/arm_ws/build/custom_msgs', 'catkin_cmake_args': None, 'catkin_skip_building_tests': False, 'cmake_args': None, 'cmake_clean_cache': False, 'cmake_clean_first': False, 'cmake_force_configure': False, 'cmake_target': None, 'cmake_target_skip_unavailable': False, 'install_base': '/home/dinhcuong/arm_ws/install/custom_msgs', 'merge_install': False, 'path': '/home/dinhcuong/arm_ws/src/custom_msgs', 'symlink_install': False, 'test_result_base': None}
[1.234s] Level 5:colcon.colcon_core.verb:set package 'server_python' build argument 'cmake_args' from command line to 'None'
[1.234s] Level 5:colcon.colcon_core.verb:set package 'server_python' build argument 'cmake_target' from command line to 'None'
[1.234s] Level 5:colcon.colcon_core.verb:set package 'server_python' build argument 'cmake_target_skip_unavailable' from command line to 'False'
[1.234s] Level 5:colcon.colcon_core.verb:set package 'server_python' build argument 'cmake_clean_cache' from command line to 'False'
[1.234s] Level 5:colcon.colcon_core.verb:set package 'server_python' build argument 'cmake_clean_first' from command line to 'False'
[1.234s] Level 5:colcon.colcon_core.verb:set package 'server_python' build argument 'cmake_force_configure' from command line to 'False'
[1.235s] Level 5:colcon.colcon_core.verb:set package 'server_python' build argument 'ament_cmake_args' from command line to 'None'
[1.235s] Level 5:colcon.colcon_core.verb:set package 'server_python' build argument 'catkin_cmake_args' from command line to 'None'
[1.235s] Level 5:colcon.colcon_core.verb:set package 'server_python' build argument 'catkin_skip_building_tests' from command line to 'False'
[1.235s] DEBUG:colcon.colcon_core.verb:Building package 'server_python' with the following arguments: {'ament_cmake_args': None, 'build_base': '/home/dinhcuong/arm_ws/build/server_python', 'catkin_cmake_args': None, 'catkin_skip_building_tests': False, 'cmake_args': None, 'cmake_clean_cache': False, 'cmake_clean_first': False, 'cmake_force_configure': False, 'cmake_target': None, 'cmake_target_skip_unavailable': False, 'install_base': '/home/dinhcuong/arm_ws/install/server_python', 'merge_install': False, 'path': '/home/dinhcuong/arm_ws/src/server_python', 'symlink_install': False, 'test_result_base': None}
[1.248s] INFO:colcon.colcon_core.executor:Executing jobs using 'parallel' executor
[1.261s] DEBUG:colcon.colcon_parallel_executor.executor.parallel:run_until_complete
[1.262s] INFO:colcon.colcon_ros.task.ament_cmake.build:Building ROS package in '/home/dinhcuong/arm_ws/src/custom_msgs' with build type 'ament_cmake'
[1.262s] INFO:colcon.colcon_cmake.task.cmake.build:Building CMake package in '/home/dinhcuong/arm_ws/src/custom_msgs'
[1.276s] INFO:colcon.colcon_core.plugin_system:Skipping extension 'colcon_core.shell.bat': Not used on non-Windows systems
[1.276s] INFO:colcon.colcon_core.shell:Skip shell extension 'powershell' for command environment: Not usable outside of PowerShell
[1.276s] DEBUG:colcon.colcon_core.shell:Skip shell extension 'dsv' for command environment
[1.323s] INFO:colcon.colcon_ros.task.ament_cmake.build:Building ROS package in '/home/dinhcuong/arm_ws/src/arm_mark1' with build type 'ament_cmake'
[1.323s] INFO:colcon.colcon_cmake.task.cmake.build:Building CMake package in '/home/dinhcuong/arm_ws/src/arm_mark1'
[1.347s] INFO:colcon.colcon_core.shell:Skip shell extension 'powershell' for command environment: Not usable outside of PowerShell
[1.347s] DEBUG:colcon.colcon_core.shell:Skip shell extension 'dsv' for command environment
[1.390s] INFO:colcon.colcon_ros.task.ament_cmake.build:Building ROS package in '/home/dinhcuong/arm_ws/src/arm_mark1_controller' with build type 'ament_cmake'
[1.390s] INFO:colcon.colcon_cmake.task.cmake.build:Building CMake package in '/home/dinhcuong/arm_ws/src/arm_mark1_controller'
[1.404s] INFO:colcon.colcon_core.shell:Skip shell extension 'powershell' for command environment: Not usable outside of PowerShell
[1.404s] DEBUG:colcon.colcon_core.shell:Skip shell extension 'dsv' for command environment
[1.447s] INFO:colcon.colcon_ros.task.ament_cmake.build:Building ROS package in '/home/dinhcuong/arm_ws/src/arm_mark1_moveit' with build type 'ament_cmake'
[1.447s] INFO:colcon.colcon_cmake.task.cmake.build:Building CMake package in '/home/dinhcuong/arm_ws/src/arm_mark1_moveit'
[1.462s] INFO:colcon.colcon_core.shell:Skip shell extension 'powershell' for command environment: Not usable outside of PowerShell
[1.462s] DEBUG:colcon.colcon_core.shell:Skip shell extension 'dsv' for command environment
[1.508s] DEBUG:colcon.colcon_core.event_handler.log_command:Invoking command in '/home/dinhcuong/arm_ws/build/custom_msgs': CMAKE_PREFIX_PATH=${CMAKE_PREFIX_PATH}:/home/dinhcuong/install/server_python:/home/dinhcuong/arm_ws/install/test_serverws:/home/dinhcuong/arm_ws/install/server_python:/opt/ros/humble /usr/bin/cmake --build /home/dinhcuong/arm_ws/build/custom_msgs -- -j8 -l8
[1.510s] DEBUG:colcon.colcon_core.event_handler.log_command:Invoking command in '/home/dinhcuong/arm_ws/build/arm_mark1': CMAKE_PREFIX_PATH=${CMAKE_PREFIX_PATH}:/home/dinhcuong/install/server_python:/home/dinhcuong/arm_ws/install/test_serverws:/home/dinhcuong/arm_ws/install/server_python:/opt/ros/humble /usr/bin/cmake --build /home/dinhcuong/arm_ws/build/arm_mark1 -- -j8 -l8
[1.513s] DEBUG:colcon.colcon_core.event_handler.log_command:Invoking command in '/home/dinhcuong/arm_ws/build/arm_mark1_controller': CMAKE_PREFIX_PATH=${CMAKE_PREFIX_PATH}:/home/dinhcuong/install/server_python:/home/dinhcuong/arm_ws/install/test_serverws:/home/dinhcuong/arm_ws/install/server_python:/opt/ros/humble /usr/bin/cmake --build /home/dinhcuong/arm_ws/build/arm_mark1_controller -- -j8 -l8
[1.518s] DEBUG:colcon.colcon_core.event_handler.log_command:Invoking command in '/home/dinhcuong/arm_ws/build/arm_mark1_moveit': CMAKE_PREFIX_PATH=${CMAKE_PREFIX_PATH}:/home/dinhcuong/install/server_python:/home/dinhcuong/arm_ws/install/test_serverws:/home/dinhcuong/arm_ws/install/server_python:/opt/ros/humble /usr/bin/cmake --build /home/dinhcuong/arm_ws/build/arm_mark1_moveit -- -j8 -l8
[1.544s] DEBUG:colcon.colcon_core.event_handler.log_command:Invoked command in '/home/dinhcuong/arm_ws/build/arm_mark1' returned '0': CMAKE_PREFIX_PATH=${CMAKE_PREFIX_PATH}:/home/dinhcuong/install/server_python:/home/dinhcuong/arm_ws/install/test_serverws:/home/dinhcuong/arm_ws/install/server_python:/opt/ros/humble /usr/bin/cmake --build /home/dinhcuong/arm_ws/build/arm_mark1 -- -j8 -l8
[1.547s] DEBUG:colcon.colcon_core.event_handler.log_command:Invoked command in '/home/dinhcuong/arm_ws/build/arm_mark1_controller' returned '0': CMAKE_PREFIX_PATH=${CMAKE_PREFIX_PATH}:/home/dinhcuong/install/server_python:/home/dinhcuong/arm_ws/install/test_serverws:/home/dinhcuong/arm_ws/install/server_python:/opt/ros/humble /usr/bin/cmake --build /home/dinhcuong/arm_ws/build/arm_mark1_controller -- -j8 -l8
[1.553s] DEBUG:colcon.colcon_core.event_handler.log_command:Invoked command in '/home/dinhcuong/arm_ws/build/arm_mark1_moveit' returned '0': CMAKE_PREFIX_PATH=${CMAKE_PREFIX_PATH}:/home/dinhcuong/install/server_python:/home/dinhcuong/arm_ws/install/test_serverws:/home/dinhcuong/arm_ws/install/server_python:/opt/ros/humble /usr/bin/cmake --build /home/dinhcuong/arm_ws/build/arm_mark1_moveit -- -j8 -l8
[1.592s] DEBUG:colcon.colcon_core.event_handler.log_command:Invoking command in '/home/dinhcuong/arm_ws/build/arm_mark1': CMAKE_PREFIX_PATH=${CMAKE_PREFIX_PATH}:/home/dinhcuong/install/server_python:/home/dinhcuong/arm_ws/install/test_serverws:/home/dinhcuong/arm_ws/install/server_python:/opt/ros/humble /usr/bin/cmake --install /home/dinhcuong/arm_ws/build/arm_mark1
[1.595s] DEBUG:colcon.colcon_core.event_handler.log_command:Invoking command in '/home/dinhcuong/arm_ws/build/arm_mark1_moveit': CMAKE_PREFIX_PATH=${CMAKE_PREFIX_PATH}:/home/dinhcuong/install/server_python:/home/dinhcuong/arm_ws/install/test_serverws:/home/dinhcuong/arm_ws/install/server_python:/opt/ros/humble /usr/bin/cmake --install /home/dinhcuong/arm_ws/build/arm_mark1_moveit
[1.596s] DEBUG:colcon.colcon_core.event_handler.log_command:Invoking command in '/home/dinhcuong/arm_ws/build/arm_mark1_controller': CMAKE_PREFIX_PATH=${CMAKE_PREFIX_PATH}:/home/dinhcuong/install/server_python:/home/dinhcuong/arm_ws/install/test_serverws:/home/dinhcuong/arm_ws/install/server_python:/opt/ros/humble /usr/bin/cmake --install /home/dinhcuong/arm_ws/build/arm_mark1_controller
[1.602s] Level 1:colcon.colcon_core.environment:create_environment_scripts_only(arm_mark1)
[1.609s] DEBUG:colcon.colcon_core.event_handler.log_command:Invoked command in '/home/dinhcuong/arm_ws/build/arm_mark1' returned '0': CMAKE_PREFIX_PATH=${CMAKE_PREFIX_PATH}:/home/dinhcuong/install/server_python:/home/dinhcuong/arm_ws/install/test_serverws:/home/dinhcuong/arm_ws/install/server_python:/opt/ros/humble /usr/bin/cmake --install /home/dinhcuong/arm_ws/build/arm_mark1
[1.634s] Level 1:colcon.colcon_core.environment:checking '/home/dinhcuong/arm_ws/install/arm_mark1' for CMake module files
[1.635s] Level 1:colcon.colcon_core.environment:checking '/home/dinhcuong/arm_ws/install/arm_mark1' for CMake config files
[1.635s] Level 1:colcon.colcon_core.shell:create_environment_hook('arm_mark1', 'cmake_prefix_path')
[1.653s] INFO:colcon.colcon_core.shell:Creating environment hook '/home/dinhcuong/arm_ws/install/arm_mark1/share/arm_mark1/hook/cmake_prefix_path.ps1'
[1.654s] INFO:colcon.colcon_core.shell:Creating environment descriptor '/home/dinhcuong/arm_ws/install/arm_mark1/share/arm_mark1/hook/cmake_prefix_path.dsv'
[1.654s] INFO:colcon.colcon_core.shell:Creating environment hook '/home/dinhcuong/arm_ws/install/arm_mark1/share/arm_mark1/hook/cmake_prefix_path.sh'
[1.655s] Level 1:colcon.colcon_core.environment:checking '/home/dinhcuong/arm_ws/install/arm_mark1/bin'
[1.656s] Level 1:colcon.colcon_core.environment:checking '/home/dinhcuong/arm_ws/install/arm_mark1/lib/pkgconfig/arm_mark1.pc'
[1.656s] Level 1:colcon.colcon_core.environment:checking '/home/dinhcuong/arm_ws/install/arm_mark1/lib/python3.10/site-packages'
[1.656s] Level 1:colcon.colcon_core.environment:checking '/home/dinhcuong/arm_ws/install/arm_mark1/bin'
[1.675s] INFO:colcon.colcon_core.shell:Creating package script '/home/dinhcuong/arm_ws/install/arm_mark1/share/arm_mark1/package.ps1'
[1.676s] INFO:colcon.colcon_core.shell:Creating package descriptor '/home/dinhcuong/arm_ws/install/arm_mark1/share/arm_mark1/package.dsv'
[1.676s] INFO:colcon.colcon_core.shell:Creating package script '/home/dinhcuong/arm_ws/install/arm_mark1/share/arm_mark1/package.sh'
[1.677s] INFO:colcon.colcon_core.shell:Creating package script '/home/dinhcuong/arm_ws/install/arm_mark1/share/arm_mark1/package.bash'
[1.677s] INFO:colcon.colcon_core.shell:Creating package script '/home/dinhcuong/arm_ws/install/arm_mark1/share/arm_mark1/package.zsh'
[1.678s] Level 1:colcon.colcon_core.environment:create_file_with_runtime_dependencies(/home/dinhcuong/arm_ws/install/arm_mark1/share/colcon-core/packages/arm_mark1)
[1.678s] Level 1:colcon.colcon_core.environment:create_environment_scripts_only(arm_mark1_moveit)
[1.679s] DEBUG:colcon.colcon_core.event_handler.log_command:Invoked command in '/home/dinhcuong/arm_ws/build/arm_mark1_moveit' returned '0': CMAKE_PREFIX_PATH=${CMAKE_PREFIX_PATH}:/home/dinhcuong/install/server_python:/home/dinhcuong/arm_ws/install/test_serverws:/home/dinhcuong/arm_ws/install/server_python:/opt/ros/humble /usr/bin/cmake --install /home/dinhcuong/arm_ws/build/arm_mark1_moveit
[1.693s] Level 1:colcon.colcon_core.environment:checking '/home/dinhcuong/arm_ws/install/arm_mark1_moveit' for CMake module files
[1.694s] Level 1:colcon.colcon_core.environment:checking '/home/dinhcuong/arm_ws/install/arm_mark1_moveit' for CMake config files
[1.694s] Level 1:colcon.colcon_core.shell:create_environment_hook('arm_mark1_moveit', 'cmake_prefix_path')
[1.708s] INFO:colcon.colcon_core.shell:Creating environment hook '/home/dinhcuong/arm_ws/install/arm_mark1_moveit/share/arm_mark1_moveit/hook/cmake_prefix_path.ps1'
[1.708s] INFO:colcon.colcon_core.shell:Creating environment descriptor '/home/dinhcuong/arm_ws/install/arm_mark1_moveit/share/arm_mark1_moveit/hook/cmake_prefix_path.dsv'
[1.709s] INFO:colcon.colcon_core.shell:Creating environment hook '/home/dinhcuong/arm_ws/install/arm_mark1_moveit/share/arm_mark1_moveit/hook/cmake_prefix_path.sh'
[1.709s] Level 1:colcon.colcon_core.environment:checking '/home/dinhcuong/arm_ws/install/arm_mark1_moveit/bin'
[1.709s] Level 1:colcon.colcon_core.environment:checking '/home/dinhcuong/arm_ws/install/arm_mark1_moveit/lib/pkgconfig/arm_mark1_moveit.pc'
[1.709s] Level 1:colcon.colcon_core.environment:checking '/home/dinhcuong/arm_ws/install/arm_mark1_moveit/lib/python3.10/site-packages'
[1.709s] Level 1:colcon.colcon_core.environment:checking '/home/dinhcuong/arm_ws/install/arm_mark1_moveit/bin'
[1.723s] INFO:colcon.colcon_core.shell:Creating package script '/home/dinhcuong/arm_ws/install/arm_mark1_moveit/share/arm_mark1_moveit/package.ps1'
[1.723s] INFO:colcon.colcon_core.shell:Creating package descriptor '/home/dinhcuong/arm_ws/install/arm_mark1_moveit/share/arm_mark1_moveit/package.dsv'
[1.723s] INFO:colcon.colcon_core.shell:Creating package script '/home/dinhcuong/arm_ws/install/arm_mark1_moveit/share/arm_mark1_moveit/package.sh'
[1.724s] INFO:colcon.colcon_core.shell:Creating package script '/home/dinhcuong/arm_ws/install/arm_mark1_moveit/share/arm_mark1_moveit/package.bash'
[1.724s] INFO:colcon.colcon_core.shell:Creating package script '/home/dinhcuong/arm_ws/install/arm_mark1_moveit/share/arm_mark1_moveit/package.zsh'
[1.724s] Level 1:colcon.colcon_core.environment:create_file_with_runtime_dependencies(/home/dinhcuong/arm_ws/install/arm_mark1_moveit/share/colcon-core/packages/arm_mark1_moveit)
[1.725s] Level 1:colcon.colcon_core.environment:create_environment_scripts_only(arm_mark1_controller)
[1.726s] DEBUG:colcon.colcon_core.event_handler.log_command:Invoked command in '/home/dinhcuong/arm_ws/build/arm_mark1_controller' returned '0': CMAKE_PREFIX_PATH=${CMAKE_PREFIX_PATH}:/home/dinhcuong/install/server_python:/home/dinhcuong/arm_ws/install/test_serverws:/home/dinhcuong/arm_ws/install/server_python:/opt/ros/humble /usr/bin/cmake --install /home/dinhcuong/arm_ws/build/arm_mark1_controller
[1.740s] Level 1:colcon.colcon_core.environment:checking '/home/dinhcuong/arm_ws/install/arm_mark1_controller' for CMake module files
[1.740s] Level 1:colcon.colcon_core.environment:checking '/home/dinhcuong/arm_ws/install/arm_mark1_controller' for CMake config files
[1.740s] Level 1:colcon.colcon_core.shell:create_environment_hook('arm_mark1_controller', 'cmake_prefix_path')
[1.754s] INFO:colcon.colcon_core.shell:Creating environment hook '/home/dinhcuong/arm_ws/install/arm_mark1_controller/share/arm_mark1_controller/hook/cmake_prefix_path.ps1'
[1.754s] INFO:colcon.colcon_core.shell:Creating environment descriptor '/home/dinhcuong/arm_ws/install/arm_mark1_controller/share/arm_mark1_controller/hook/cmake_prefix_path.dsv'
[1.754s] INFO:colcon.colcon_core.shell:Creating environment hook '/home/dinhcuong/arm_ws/install/arm_mark1_controller/share/arm_mark1_controller/hook/cmake_prefix_path.sh'
[1.755s] Level 1:colcon.colcon_core.environment:checking '/home/dinhcuong/arm_ws/install/arm_mark1_controller/bin'
[1.755s] Level 1:colcon.colcon_core.environment:checking '/home/dinhcuong/arm_ws/install/arm_mark1_controller/lib/pkgconfig/arm_mark1_controller.pc'
[1.755s] Level 1:colcon.colcon_core.environment:checking '/home/dinhcuong/arm_ws/install/arm_mark1_controller/lib/python3.10/site-packages'
[1.755s] Level 1:colcon.colcon_core.environment:checking '/home/dinhcuong/arm_ws/install/arm_mark1_controller/bin'
[1.769s] INFO:colcon.colcon_core.shell:Creating package script '/home/dinhcuong/arm_ws/install/arm_mark1_controller/share/arm_mark1_controller/package.ps1'
[1.769s] INFO:colcon.colcon_core.shell:Creating package descriptor '/home/dinhcuong/arm_ws/install/arm_mark1_controller/share/arm_mark1_controller/package.dsv'
[1.770s] INFO:colcon.colcon_core.shell:Creating package script '/home/dinhcuong/arm_ws/install/arm_mark1_controller/share/arm_mark1_controller/package.sh'
[1.770s] INFO:colcon.colcon_core.shell:Creating package script '/home/dinhcuong/arm_ws/install/arm_mark1_controller/share/arm_mark1_controller/package.bash'
[1.770s] INFO:colcon.colcon_core.shell:Creating package script '/home/dinhcuong/arm_ws/install/arm_mark1_controller/share/arm_mark1_controller/package.zsh'
[1.770s] Level 1:colcon.colcon_core.environment:create_file_with_runtime_dependencies(/home/dinhcuong/arm_ws/install/arm_mark1_controller/share/colcon-core/packages/arm_mark1_controller)
[1.785s] Level 1:colcon.colcon_core.environment:create_environment_scripts_only(arm_mark1)
[1.799s] Level 1:colcon.colcon_core.environment:checking '/home/dinhcuong/arm_ws/install/arm_mark1' for CMake module files
[1.799s] Level 1:colcon.colcon_core.environment:checking '/home/dinhcuong/arm_ws/install/arm_mark1' for CMake config files
[1.800s] Level 1:colcon.colcon_core.shell:create_environment_hook('arm_mark1', 'cmake_prefix_path')
[1.813s] INFO:colcon.colcon_core.shell:Creating environment hook '/home/dinhcuong/arm_ws/install/arm_mark1/share/arm_mark1/hook/cmake_prefix_path.ps1'
[1.813s] INFO:colcon.colcon_core.shell:Creating environment descriptor '/home/dinhcuong/arm_ws/install/arm_mark1/share/arm_mark1/hook/cmake_prefix_path.dsv'
[1.813s] INFO:colcon.colcon_core.shell:Creating environment hook '/home/dinhcuong/arm_ws/install/arm_mark1/share/arm_mark1/hook/cmake_prefix_path.sh'
[1.814s] Level 1:colcon.colcon_core.environment:checking '/home/dinhcuong/arm_ws/install/arm_mark1/bin'
[1.814s] Level 1:colcon.colcon_core.environment:checking '/home/dinhcuong/arm_ws/install/arm_mark1/lib/pkgconfig/arm_mark1.pc'
[1.814s] Level 1:colcon.colcon_core.environment:checking '/home/dinhcuong/arm_ws/install/arm_mark1/lib/python3.10/site-packages'
[1.814s] Level 1:colcon.colcon_core.environment:checking '/home/dinhcuong/arm_ws/install/arm_mark1/bin'
[1.829s] INFO:colcon.colcon_core.shell:Creating package script '/home/dinhcuong/arm_ws/install/arm_mark1/share/arm_mark1/package.ps1'
[1.829s] INFO:colcon.colcon_core.shell:Creating package descriptor '/home/dinhcuong/arm_ws/install/arm_mark1/share/arm_mark1/package.dsv'
[1.830s] INFO:colcon.colcon_core.shell:Creating package script '/home/dinhcuong/arm_ws/install/arm_mark1/share/arm_mark1/package.sh'
[1.830s] INFO:colcon.colcon_core.shell:Creating package script '/home/dinhcuong/arm_ws/install/arm_mark1/share/arm_mark1/package.bash'
[1.830s] INFO:colcon.colcon_core.shell:Creating package script '/home/dinhcuong/arm_ws/install/arm_mark1/share/arm_mark1/package.zsh'
[1.831s] Level 1:colcon.colcon_core.environment:create_file_with_runtime_dependencies(/home/dinhcuong/arm_ws/install/arm_mark1/share/colcon-core/packages/arm_mark1)
[1.845s] Level 1:colcon.colcon_core.environment:create_environment_scripts_only(arm_mark1_moveit)
[1.859s] Level 1:colcon.colcon_core.environment:checking '/home/dinhcuong/arm_ws/install/arm_mark1_moveit' for CMake module files
[1.860s] Level 1:colcon.colcon_core.environment:checking '/home/dinhcuong/arm_ws/install/arm_mark1_moveit' for CMake config files
[1.860s] Level 1:colcon.colcon_core.shell:create_environment_hook('arm_mark1_moveit', 'cmake_prefix_path')
[1.873s] INFO:colcon.colcon_core.shell:Creating environment hook '/home/dinhcuong/arm_ws/install/arm_mark1_moveit/share/arm_mark1_moveit/hook/cmake_prefix_path.ps1'
[1.874s] INFO:colcon.colcon_core.shell:Creating environment descriptor '/home/dinhcuong/arm_ws/install/arm_mark1_moveit/share/arm_mark1_moveit/hook/cmake_prefix_path.dsv'
[1.874s] INFO:colcon.colcon_core.shell:Creating environment hook '/home/dinhcuong/arm_ws/install/arm_mark1_moveit/share/arm_mark1_moveit/hook/cmake_prefix_path.sh'
[1.874s] Level 1:colcon.colcon_core.environment:checking '/home/dinhcuong/arm_ws/install/arm_mark1_moveit/bin'
[1.874s] Level 1:colcon.colcon_core.environment:checking '/home/dinhcuong/arm_ws/install/arm_mark1_moveit/lib/pkgconfig/arm_mark1_moveit.pc'
[1.875s] Level 1:colcon.colcon_core.environment:checking '/home/dinhcuong/arm_ws/install/arm_mark1_moveit/lib/python3.10/site-packages'
[1.875s] Level 1:colcon.colcon_core.environment:checking '/home/dinhcuong/arm_ws/install/arm_mark1_moveit/bin'
[1.888s] INFO:colcon.colcon_core.shell:Creating package script '/home/dinhcuong/arm_ws/install/arm_mark1_moveit/share/arm_mark1_moveit/package.ps1'
[1.888s] INFO:colcon.colcon_core.shell:Creating package descriptor '/home/dinhcuong/arm_ws/install/arm_mark1_moveit/share/arm_mark1_moveit/package.dsv'
[1.889s] INFO:colcon.colcon_core.shell:Creating package script '/home/dinhcuong/arm_ws/install/arm_mark1_moveit/share/arm_mark1_moveit/package.sh'
[1.889s] INFO:colcon.colcon_core.shell:Creating package script '/home/dinhcuong/arm_ws/install/arm_mark1_moveit/share/arm_mark1_moveit/package.bash'
[1.889s] INFO:colcon.colcon_core.shell:Creating package script '/home/dinhcuong/arm_ws/install/arm_mark1_moveit/share/arm_mark1_moveit/package.zsh'
[1.890s] Level 1:colcon.colcon_core.environment:create_file_with_runtime_dependencies(/home/dinhcuong/arm_ws/install/arm_mark1_moveit/share/colcon-core/packages/arm_mark1_moveit)
[1.904s] Level 1:colcon.colcon_core.environment:create_environment_scripts_only(arm_mark1_controller)
[1.916s] Level 1:colcon.colcon_core.environment:checking '/home/dinhcuong/arm_ws/install/arm_mark1_controller' for CMake module files
[1.917s] Level 1:colcon.colcon_core.environment:checking '/home/dinhcuong/arm_ws/install/arm_mark1_controller' for CMake config files
[1.917s] Level 1:colcon.colcon_core.shell:create_environment_hook('arm_mark1_controller', 'cmake_prefix_path')
[1.930s] INFO:colcon.colcon_core.shell:Creating environment hook '/home/dinhcuong/arm_ws/install/arm_mark1_controller/share/arm_mark1_controller/hook/cmake_prefix_path.ps1'
[1.931s] INFO:colcon.colcon_core.shell:Creating environment descriptor '/home/dinhcuong/arm_ws/install/arm_mark1_controller/share/arm_mark1_controller/hook/cmake_prefix_path.dsv'
[1.931s] INFO:colcon.colcon_core.shell:Creating environment hook '/home/dinhcuong/arm_ws/install/arm_mark1_controller/share/arm_mark1_controller/hook/cmake_prefix_path.sh'
[1.932s] Level 1:colcon.colcon_core.environment:checking '/home/dinhcuong/arm_ws/install/arm_mark1_controller/bin'
[1.932s] Level 1:colcon.colcon_core.environment:checking '/home/dinhcuong/arm_ws/install/arm_mark1_controller/lib/pkgconfig/arm_mark1_controller.pc'
[1.932s] Level 1:colcon.colcon_core.environment:checking '/home/dinhcuong/arm_ws/install/arm_mark1_controller/lib/python3.10/site-packages'
[1.932s] Level 1:colcon.colcon_core.environment:checking '/home/dinhcuong/arm_ws/install/arm_mark1_controller/bin'
[1.945s] INFO:colcon.colcon_core.shell:Creating package script '/home/dinhcuong/arm_ws/install/arm_mark1_controller/share/arm_mark1_controller/package.ps1'
[1.946s] INFO:colcon.colcon_core.shell:Creating package descriptor '/home/dinhcuong/arm_ws/install/arm_mark1_controller/share/arm_mark1_controller/package.dsv'
[1.946s] INFO:colcon.colcon_core.shell:Creating package script '/home/dinhcuong/arm_ws/install/arm_mark1_controller/share/arm_mark1_controller/package.sh'
[1.947s] INFO:colcon.colcon_core.shell:Creating package script '/home/dinhcuong/arm_ws/install/arm_mark1_controller/share/arm_mark1_controller/package.bash'
[1.947s] INFO:colcon.colcon_core.shell:Creating package script '/home/dinhcuong/arm_ws/install/arm_mark1_controller/share/arm_mark1_controller/package.zsh'
[1.947s] Level 1:colcon.colcon_core.environment:create_file_with_runtime_dependencies(/home/dinhcuong/arm_ws/install/arm_mark1_controller/share/colcon-core/packages/arm_mark1_controller)
[1.949s] DEBUG:colcon.colcon_core.event_handler.log_command:Invoked command in '/home/dinhcuong/arm_ws/build/custom_msgs' returned '0': CMAKE_PREFIX_PATH=${CMAKE_PREFIX_PATH}:/home/dinhcuong/install/server_python:/home/dinhcuong/arm_ws/install/test_serverws:/home/dinhcuong/arm_ws/install/server_python:/opt/ros/humble /usr/bin/cmake --build /home/dinhcuong/arm_ws/build/custom_msgs -- -j8 -l8
[1.987s] DEBUG:colcon.colcon_core.event_handler.log_command:Invoking command in '/home/dinhcuong/arm_ws/build/custom_msgs': CMAKE_PREFIX_PATH=${CMAKE_PREFIX_PATH}:/home/dinhcuong/install/server_python:/home/dinhcuong/arm_ws/install/test_serverws:/home/dinhcuong/arm_ws/install/server_python:/opt/ros/humble /usr/bin/cmake --install /home/dinhcuong/arm_ws/build/custom_msgs
[2.029s] Level 1:colcon.colcon_core.environment:create_environment_scripts_only(custom_msgs)
[2.029s] DEBUG:colcon.colcon_core.event_handler.log_command:Invoked command in '/home/dinhcuong/arm_ws/build/custom_msgs' returned '0': CMAKE_PREFIX_PATH=${CMAKE_PREFIX_PATH}:/home/dinhcuong/install/server_python:/home/dinhcuong/arm_ws/install/test_serverws:/home/dinhcuong/arm_ws/install/server_python:/opt/ros/humble /usr/bin/cmake --install /home/dinhcuong/arm_ws/build/custom_msgs
[2.043s] Level 1:colcon.colcon_core.environment:checking '/home/dinhcuong/arm_ws/install/custom_msgs' for CMake module files
[2.043s] Level 1:colcon.colcon_core.environment:checking '/home/dinhcuong/arm_ws/install/custom_msgs' for CMake config files
[2.044s] Level 1:colcon.colcon_core.shell:create_environment_hook('custom_msgs', 'cmake_prefix_path')
[2.056s] INFO:colcon.colcon_core.shell:Creating environment hook '/home/dinhcuong/arm_ws/install/custom_msgs/share/custom_msgs/hook/cmake_prefix_path.ps1'
[2.057s] INFO:colcon.colcon_core.shell:Creating environment descriptor '/home/dinhcuong/arm_ws/install/custom_msgs/share/custom_msgs/hook/cmake_prefix_path.dsv'
[2.057s] INFO:colcon.colcon_core.shell:Creating environment hook '/home/dinhcuong/arm_ws/install/custom_msgs/share/custom_msgs/hook/cmake_prefix_path.sh'
[2.057s] Level 1:colcon.colcon_core.environment:checking '/home/dinhcuong/arm_ws/install/custom_msgs/lib'
[2.058s] Level 1:colcon.colcon_core.shell:create_environment_hook('custom_msgs', 'ld_library_path_lib')
[2.071s] INFO:colcon.colcon_core.shell:Creating environment hook '/home/dinhcuong/arm_ws/install/custom_msgs/share/custom_msgs/hook/ld_library_path_lib.ps1'
[2.071s] INFO:colcon.colcon_core.shell:Creating environment descriptor '/home/dinhcuong/arm_ws/install/custom_msgs/share/custom_msgs/hook/ld_library_path_lib.dsv'
[2.071s] INFO:colcon.colcon_core.shell:Creating environment hook '/home/dinhcuong/arm_ws/install/custom_msgs/share/custom_msgs/hook/ld_library_path_lib.sh'
[2.072s] Level 1:colcon.colcon_core.environment:checking '/home/dinhcuong/arm_ws/install/custom_msgs/bin'
[2.072s] Level 1:colcon.colcon_core.environment:checking '/home/dinhcuong/arm_ws/install/custom_msgs/lib/pkgconfig/custom_msgs.pc'
[2.072s] Level 1:colcon.colcon_core.environment:checking '/home/dinhcuong/arm_ws/install/custom_msgs/lib/python3.10/site-packages'
[2.072s] Level 1:colcon.colcon_core.environment:checking '/home/dinhcuong/arm_ws/install/custom_msgs/bin'
[2.086s] INFO:colcon.colcon_core.shell:Creating package script '/home/dinhcuong/arm_ws/install/custom_msgs/share/custom_msgs/package.ps1'
[2.086s] INFO:colcon.colcon_core.shell:Creating package descriptor '/home/dinhcuong/arm_ws/install/custom_msgs/share/custom_msgs/package.dsv'
[2.087s] INFO:colcon.colcon_core.shell:Creating package script '/home/dinhcuong/arm_ws/install/custom_msgs/share/custom_msgs/package.sh'
[2.087s] INFO:colcon.colcon_core.shell:Creating package script '/home/dinhcuong/arm_ws/install/custom_msgs/share/custom_msgs/package.bash'
[2.087s] INFO:colcon.colcon_core.shell:Creating package script '/home/dinhcuong/arm_ws/install/custom_msgs/share/custom_msgs/package.zsh'
[2.088s] Level 1:colcon.colcon_core.environment:create_file_with_runtime_dependencies(/home/dinhcuong/arm_ws/install/custom_msgs/share/colcon-core/packages/custom_msgs)
[2.138s] Level 1:colcon.colcon_core.environment:create_environment_scripts_only(custom_msgs)
[2.152s] Level 1:colcon.colcon_core.environment:checking '/home/dinhcuong/arm_ws/install/custom_msgs' for CMake module files
[2.153s] Level 1:colcon.colcon_core.environment:checking '/home/dinhcuong/arm_ws/install/custom_msgs' for CMake config files
[2.153s] Level 1:colcon.colcon_core.shell:create_environment_hook('custom_msgs', 'cmake_prefix_path')
[2.167s] INFO:colcon.colcon_core.shell:Creating environment hook '/home/dinhcuong/arm_ws/install/custom_msgs/share/custom_msgs/hook/cmake_prefix_path.ps1'
[2.167s] INFO:colcon.colcon_core.shell:Creating environment descriptor '/home/dinhcuong/arm_ws/install/custom_msgs/share/custom_msgs/hook/cmake_prefix_path.dsv'
[2.167s] INFO:colcon.colcon_core.shell:Creating environment hook '/home/dinhcuong/arm_ws/install/custom_msgs/share/custom_msgs/hook/cmake_prefix_path.sh'
[2.168s] Level 1:colcon.colcon_core.environment:checking '/home/dinhcuong/arm_ws/install/custom_msgs/lib'
[2.168s] Level 1:colcon.colcon_core.shell:create_environment_hook('custom_msgs', 'ld_library_path_lib')
[2.183s] INFO:colcon.colcon_core.shell:Creating environment hook '/home/dinhcuong/arm_ws/install/custom_msgs/share/custom_msgs/hook/ld_library_path_lib.ps1'
[2.183s] INFO:colcon.colcon_core.shell:Creating environment descriptor '/home/dinhcuong/arm_ws/install/custom_msgs/share/custom_msgs/hook/ld_library_path_lib.dsv'
[2.183s] INFO:colcon.colcon_core.shell:Creating environment hook '/home/dinhcuong/arm_ws/install/custom_msgs/share/custom_msgs/hook/ld_library_path_lib.sh'
[2.184s] Level 1:colcon.colcon_core.environment:checking '/home/dinhcuong/arm_ws/install/custom_msgs/bin'
[2.184s] Level 1:colcon.colcon_core.environment:checking '/home/dinhcuong/arm_ws/install/custom_msgs/lib/pkgconfig/custom_msgs.pc'
[2.184s] Level 1:colcon.colcon_core.environment:checking '/home/dinhcuong/arm_ws/install/custom_msgs/lib/python3.10/site-packages'
[2.184s] Level 1:colcon.colcon_core.environment:checking '/home/dinhcuong/arm_ws/install/custom_msgs/bin'
[2.200s] INFO:colcon.colcon_core.shell:Creating package script '/home/dinhcuong/arm_ws/install/custom_msgs/share/custom_msgs/package.ps1'
[2.200s] INFO:colcon.colcon_core.shell:Creating package descriptor '/home/dinhcuong/arm_ws/install/custom_msgs/share/custom_msgs/package.dsv'
[2.201s] INFO:colcon.colcon_core.shell:Creating package script '/home/dinhcuong/arm_ws/install/custom_msgs/share/custom_msgs/package.sh'
[2.201s] INFO:colcon.colcon_core.shell:Creating package script '/home/dinhcuong/arm_ws/install/custom_msgs/share/custom_msgs/package.bash'
[2.201s] INFO:colcon.colcon_core.shell:Creating package script '/home/dinhcuong/arm_ws/install/custom_msgs/share/custom_msgs/package.zsh'
[2.202s] Level 1:colcon.colcon_core.environment:create_file_with_runtime_dependencies(/home/dinhcuong/arm_ws/install/custom_msgs/share/colcon-core/packages/custom_msgs)
[2.202s] INFO:colcon.colcon_ros.task.ament_python.build:Building ROS package in '/home/dinhcuong/arm_ws/src/server_python' with build type 'ament_python'
[2.202s] Level 1:colcon.colcon_core.shell:create_environment_hook('server_python', 'ament_prefix_path')
[2.215s] INFO:colcon.colcon_core.shell:Creating environment hook '/home/dinhcuong/arm_ws/install/server_python/share/server_python/hook/ament_prefix_path.ps1'
[2.216s] INFO:colcon.colcon_core.shell:Creating environment descriptor '/home/dinhcuong/arm_ws/install/server_python/share/server_python/hook/ament_prefix_path.dsv'
[2.216s] INFO:colcon.colcon_core.shell:Creating environment hook '/home/dinhcuong/arm_ws/install/server_python/share/server_python/hook/ament_prefix_path.sh'
[2.230s] INFO:colcon.colcon_core.shell:Skip shell extension 'powershell' for command environment: Not usable outside of PowerShell
[2.230s] DEBUG:colcon.colcon_core.shell:Skip shell extension 'dsv' for command environment
[2.488s] INFO:colcon.colcon_core.task.python.build:Building Python package in '/home/dinhcuong/arm_ws/src/server_python'
[2.502s] INFO:colcon.colcon_core.shell:Skip shell extension 'powershell' for command environment: Not usable outside of PowerShell
[2.502s] DEBUG:colcon.colcon_core.shell:Skip shell extension 'dsv' for command environment
[2.843s] DEBUG:colcon.colcon_core.event_handler.log_command:Invoking command in '/home/dinhcuong/arm_ws/src/server_python': CMAKE_PREFIX_PATH=/home/dinhcuong/arm_ws/install/custom_msgs:/home/dinhcuong/install/custom_msgs:/home/dinhcuong/install/arm_mark1_moveit:/home/dinhcuong/install/arm_mark1_controller:/home/dinhcuong/install/arm_mark1:/home/dinhcuong/arm_ws/install/arm_mark1_moveit:/home/dinhcuong/arm_ws/install/arm_mark1_controller:/home/dinhcuong/arm_ws/install/arm_mark1 LD_LIBRARY_PATH=/home/dinhcuong/arm_ws/install/custom_msgs/lib:/home/dinhcuong/install/custom_msgs/lib:/opt/ros/humble/opt/rviz_ogre_vendor/lib:/opt/ros/humble/lib/x86_64-linux-gnu:/opt/ros/humble/lib PYTHONPATH=/home/dinhcuong/arm_ws/build/server_python/prefix_override:/home/dinhcuong/arm_ws/install/server_python/lib/python3.10/site-packages:${PYTHONPATH} /usr/bin/python3 setup.py egg_info --egg-base ../../build/server_python build --build-base /home/dinhcuong/arm_ws/build/server_python/build install --record /home/dinhcuong/arm_ws/build/server_python/install.log --single-version-externally-managed
[3.089s] DEBUG:colcon.colcon_core.event_handler.log_command:Invoked command in '/home/dinhcuong/arm_ws/src/server_python' returned '0': CMAKE_PREFIX_PATH=/home/dinhcuong/arm_ws/install/custom_msgs:/home/dinhcuong/install/custom_msgs:/home/dinhcuong/install/arm_mark1_moveit:/home/dinhcuong/install/arm_mark1_controller:/home/dinhcuong/install/arm_mark1:/home/dinhcuong/arm_ws/install/arm_mark1_moveit:/home/dinhcuong/arm_ws/install/arm_mark1_controller:/home/dinhcuong/arm_ws/install/arm_mark1 LD_LIBRARY_PATH=/home/dinhcuong/arm_ws/install/custom_msgs/lib:/home/dinhcuong/install/custom_msgs/lib:/opt/ros/humble/opt/rviz_ogre_vendor/lib:/opt/ros/humble/lib/x86_64-linux-gnu:/opt/ros/humble/lib PYTHONPATH=/home/dinhcuong/arm_ws/build/server_python/prefix_override:/home/dinhcuong/arm_ws/install/server_python/lib/python3.10/site-packages:${PYTHONPATH} /usr/bin/python3 setup.py egg_info --egg-base ../../build/server_python build --build-base /home/dinhcuong/arm_ws/build/server_python/build install --record /home/dinhcuong/arm_ws/build/server_python/install.log --single-version-externally-managed
[3.103s] Level 1:colcon.colcon_core.environment:checking '/home/dinhcuong/arm_ws/install/server_python' for CMake module files
[3.103s] Level 1:colcon.colcon_core.environment:checking '/home/dinhcuong/arm_ws/install/server_python' for CMake config files
[3.104s] Level 1:colcon.colcon_core.environment:checking '/home/dinhcuong/arm_ws/install/server_python/lib'
[3.104s] Level 1:colcon.colcon_core.environment:checking '/home/dinhcuong/arm_ws/install/server_python/bin'
[3.104s] Level 1:colcon.colcon_core.environment:checking '/home/dinhcuong/arm_ws/install/server_python/lib/pkgconfig/server_python.pc'
[3.104s] Level 1:colcon.colcon_core.environment:checking '/home/dinhcuong/arm_ws/install/server_python/lib/python3.10/site-packages'
[3.104s] Level 1:colcon.colcon_core.shell:create_environment_hook('server_python', 'pythonpath')
[3.117s] INFO:colcon.colcon_core.shell:Creating environment hook '/home/dinhcuong/arm_ws/install/server_python/share/server_python/hook/pythonpath.ps1'
[3.117s] INFO:colcon.colcon_core.shell:Creating environment descriptor '/home/dinhcuong/arm_ws/install/server_python/share/server_python/hook/pythonpath.dsv'
[3.118s] INFO:colcon.colcon_core.shell:Creating environment hook '/home/dinhcuong/arm_ws/install/server_python/share/server_python/hook/pythonpath.sh'
[3.118s] Level 1:colcon.colcon_core.environment:checking '/home/dinhcuong/arm_ws/install/server_python/bin'
[3.118s] Level 1:colcon.colcon_core.environment:create_environment_scripts_only(server_python)
[3.132s] INFO:colcon.colcon_core.shell:Creating package script '/home/dinhcuong/arm_ws/install/server_python/share/server_python/package.ps1'
[3.132s] INFO:colcon.colcon_core.shell:Creating package descriptor '/home/dinhcuong/arm_ws/install/server_python/share/server_python/package.dsv'
[3.132s] INFO:colcon.colcon_core.shell:Creating package script '/home/dinhcuong/arm_ws/install/server_python/share/server_python/package.sh'
[3.133s] INFO:colcon.colcon_core.shell:Creating package script '/home/dinhcuong/arm_ws/install/server_python/share/server_python/package.bash'
[3.133s] INFO:colcon.colcon_core.shell:Creating package script '/home/dinhcuong/arm_ws/install/server_python/share/server_python/package.zsh'
[3.133s] Level 1:colcon.colcon_core.environment:create_file_with_runtime_dependencies(/home/dinhcuong/arm_ws/install/server_python/share/colcon-core/packages/server_python)
[3.133s] DEBUG:colcon.colcon_parallel_executor.executor.parallel:closing loop
[3.133s] DEBUG:colcon.colcon_parallel_executor.executor.parallel:loop closed
[3.134s] DEBUG:colcon.colcon_parallel_executor.executor.parallel:run_until_complete finished with '0'
[3.134s] DEBUG:colcon.colcon_core.event_reactor:joining thread
[3.152s] INFO:colcon.colcon_core.plugin_system:Skipping extension 'colcon_notification.desktop_notification.terminal_notifier': Not used on non-Darwin systems
[3.152s] INFO:colcon.colcon_core.plugin_system:Skipping extension 'colcon_notification.desktop_notification.win32': Not used on non-Windows systems
[3.152s] INFO:colcon.colcon_notification.desktop_notification:Sending desktop notification using 'notify2'
[3.158s] DEBUG:colcon.colcon_core.event_reactor:joined thread
[3.172s] INFO:colcon.colcon_core.shell:Creating prefix script '/home/dinhcuong/arm_ws/install/local_setup.ps1'
[3.173s] INFO:colcon.colcon_core.shell:Creating prefix util module '/home/dinhcuong/arm_ws/install/_local_setup_util_ps1.py'
[3.174s] INFO:colcon.colcon_core.shell:Creating prefix chain script '/home/dinhcuong/arm_ws/install/setup.ps1'
[3.188s] INFO:colcon.colcon_core.shell:Creating prefix script '/home/dinhcuong/arm_ws/install/local_setup.sh'
[3.189s] INFO:colcon.colcon_core.shell:Creating prefix util module '/home/dinhcuong/arm_ws/install/_local_setup_util_sh.py'
[3.189s] INFO:colcon.colcon_core.shell:Creating prefix chain script '/home/dinhcuong/arm_ws/install/setup.sh'
[3.203s] INFO:colcon.colcon_core.shell:Creating prefix script '/home/dinhcuong/arm_ws/install/local_setup.bash'
[3.204s] INFO:colcon.colcon_core.shell:Creating prefix chain script '/home/dinhcuong/arm_ws/install/setup.bash'
[3.218s] INFO:colcon.colcon_core.shell:Creating prefix script '/home/dinhcuong/arm_ws/install/local_setup.zsh'
[3.218s] INFO:colcon.colcon_core.shell:Creating prefix chain script '/home/dinhcuong/arm_ws/install/setup.zsh'
