[0.381s] Invoking command in '/home/dinhcuong/arm_ws/build/arduinobot_description': CMAKE_PREFIX_PATH=${CMAKE_PREFIX_PATH}:/home/dinhcuong/arm_ws/install/test_serverws:/home/dinhcuong/arm_ws/install/server_python:/opt/ros/humble /usr/bin/cmake /home/dinhcuong/arm_ws/src/arduinobot_description -DAMENT_CMAKE_SYMLINK_INSTALL=1 -DCMAKE_INSTALL_PREFIX=/home/dinhcuong/arm_ws/install/arduinobot_description
[0.412s] -- Found ament_cmake: 1.3.8 (/opt/ros/humble/share/ament_cmake/cmake)
[0.664s] -- Override CMake install command with custom implementation using symlinks instead of copying resources
[0.677s] -- Found ament_lint_auto: 0.12.10 (/opt/ros/humble/share/ament_lint_auto/cmake)
[0.840s] -- Added test 'flake8' to check Python code syntax and style conventions
[0.843s] -- Added test 'lint_cmake' to check CMake code style
[0.844s] -- Added test 'pep257' to check Python code against some of the docstring style conventions in PEP 257
[0.850s] -- Added test 'xmllint' to check XML markup files
[0.853s] -- Configuring done
[0.857s] -- Generating done
[0.857s] -- Build files have been written to: /home/dinhcuong/arm_ws/build/arduinobot_description
[0.879s] Invoked command in '/home/dinhcuong/arm_ws/build/arduinobot_description' returned '0': CMAKE_PREFIX_PATH=${CMAKE_PREFIX_PATH}:/home/dinhcuong/arm_ws/install/test_serverws:/home/dinhcuong/arm_ws/install/server_python:/opt/ros/humble /usr/bin/cmake /home/dinhcuong/arm_ws/src/arduinobot_description -DAMENT_CMAKE_SYMLINK_INSTALL=1 -DCMAKE_INSTALL_PREFIX=/home/dinhcuong/arm_ws/install/arduinobot_description
[0.879s] Invoking command in '/home/dinhcuong/arm_ws/build/arduinobot_description': CMAKE_PREFIX_PATH=${CMAKE_PREFIX_PATH}:/home/dinhcuong/arm_ws/install/test_serverws:/home/dinhcuong/arm_ws/install/server_python:/opt/ros/humble /usr/bin/cmake --build /home/dinhcuong/arm_ws/build/arduinobot_description -- -j8 -l8
[0.933s] Invoked command in '/home/dinhcuong/arm_ws/build/arduinobot_description' returned '0': CMAKE_PREFIX_PATH=${CMAKE_PREFIX_PATH}:/home/dinhcuong/arm_ws/install/test_serverws:/home/dinhcuong/arm_ws/install/server_python:/opt/ros/humble /usr/bin/cmake --build /home/dinhcuong/arm_ws/build/arduinobot_description -- -j8 -l8
[0.975s] Invoking command in '/home/dinhcuong/arm_ws/build/arduinobot_description': CMAKE_PREFIX_PATH=${CMAKE_PREFIX_PATH}:/home/dinhcuong/arm_ws/install/test_serverws:/home/dinhcuong/arm_ws/install/server_python:/opt/ros/humble /usr/bin/cmake --install /home/dinhcuong/arm_ws/build/arduinobot_description
[1.264s] -- Install configuration: ""
[1.265s] -- Execute custom install script
[1.265s] -- Symlinking: /home/dinhcuong/arm_ws/install/arduinobot_description/share/arduinobot_description/launch/gazebo.launch.py
[1.265s] -- Symlinking: /home/dinhcuong/arm_ws/install/arduinobot_description/share/arduinobot_description/meshes/base_plate.STL
[1.265s] -- Symlinking: /home/dinhcuong/arm_ws/install/arduinobot_description/share/arduinobot_description/meshes/basement.STL
[1.265s] -- Symlinking: /home/dinhcuong/arm_ws/install/arduinobot_description/share/arduinobot_description/meshes/claw_support.STL
[1.265s] -- Symlinking: /home/dinhcuong/arm_ws/install/arduinobot_description/share/arduinobot_description/meshes/forward_drive_arm.STL
[1.266s] -- Symlinking: /home/dinhcuong/arm_ws/install/arduinobot_description/share/arduinobot_description/meshes/horizontal_arm.STL
[1.266s] -- Symlinking: /home/dinhcuong/arm_ws/install/arduinobot_description/share/arduinobot_description/meshes/left_finger.STL
[1.266s] -- Symlinking: /home/dinhcuong/arm_ws/install/arduinobot_description/share/arduinobot_description/meshes/plate.STL
[1.266s] -- Symlinking: /home/dinhcuong/arm_ws/install/arduinobot_description/share/arduinobot_description/meshes/right_finger.STL
[1.266s] -- Symlinking: /home/dinhcuong/arm_ws/install/arduinobot_description/share/arduinobot_description/meshes/round_plate.STL
[1.266s] -- Symlinking: /home/dinhcuong/arm_ws/install/arduinobot_description/share/arduinobot_description/meshes/servo_plate.STL
[1.266s] -- Symlinking: /home/dinhcuong/arm_ws/install/arduinobot_description/share/arduinobot_description/meshes/triangular_link.STL
[1.266s] -- Symlinking: /home/dinhcuong/arm_ws/install/arduinobot_description/share/arduinobot_description/meshes/vertical_drive_arm.STL
[1.267s] -- Symlinking: /home/dinhcuong/arm_ws/install/arduinobot_description/share/arduinobot_description/models/ground_plane/model-1_2.sdf
[1.267s] -- Symlinking: /home/dinhcuong/arm_ws/install/arduinobot_description/share/arduinobot_description/models/ground_plane/model-1_3.sdf
[1.267s] -- Symlinking: /home/dinhcuong/arm_ws/install/arduinobot_description/share/arduinobot_description/models/ground_plane/model-1_4.sdf
[1.267s] -- Symlinking: /home/dinhcuong/arm_ws/install/arduinobot_description/share/arduinobot_description/models/ground_plane/model.config
[1.267s] -- Symlinking: /home/dinhcuong/arm_ws/install/arduinobot_description/share/arduinobot_description/models/ground_plane/model.sdf
[1.267s] -- Symlinking: /home/dinhcuong/arm_ws/install/arduinobot_description/share/arduinobot_description/models/sun/model-1_2.sdf
[1.267s] -- Symlinking: /home/dinhcuong/arm_ws/install/arduinobot_description/share/arduinobot_description/models/sun/model-1_3.sdf
[1.267s] -- Symlinking: /home/dinhcuong/arm_ws/install/arduinobot_description/share/arduinobot_description/models/sun/model-1_4.sdf
[1.268s] -- Symlinking: /home/dinhcuong/arm_ws/install/arduinobot_description/share/arduinobot_description/models/sun/model.config
[1.271s] -- Symlinking: /home/dinhcuong/arm_ws/install/arduinobot_description/share/arduinobot_description/models/sun/model.sdf
[1.281s] -- Symlinking: /home/dinhcuong/arm_ws/install/arduinobot_description/share/arduinobot_description/urdf/arduinobot.urdf.xacro
[1.290s] -- Symlinking: /home/dinhcuong/arm_ws/install/arduinobot_description/share/arduinobot_description/urdf/arduinobot_gazebo.xacro
[1.300s] -- Symlinking: /home/dinhcuong/arm_ws/install/arduinobot_description/share/arduinobot_description/urdf/arduinobot_ros2_control.xacro
[1.310s] -- Symlinking: /home/dinhcuong/arm_ws/install/arduinobot_description/share/ament_index/resource_index/package_run_dependencies/arduinobot_description
[1.323s] -- Symlinking: /home/dinhcuong/arm_ws/install/arduinobot_description/share/ament_index/resource_index/parent_prefix_path/arduinobot_description
[1.338s] -- Symlinking: /home/dinhcuong/arm_ws/install/arduinobot_description/share/arduinobot_description/environment/ament_prefix_path.sh
[1.350s] -- Symlinking: /home/dinhcuong/arm_ws/install/arduinobot_description/share/arduinobot_description/environment/ament_prefix_path.dsv
[1.364s] -- Symlinking: /home/dinhcuong/arm_ws/install/arduinobot_description/share/arduinobot_description/environment/path.sh
[1.376s] -- Symlinking: /home/dinhcuong/arm_ws/install/arduinobot_description/share/arduinobot_description/environment/path.dsv
[1.386s] -- Symlinking: /home/dinhcuong/arm_ws/install/arduinobot_description/share/arduinobot_description/local_setup.bash
[1.399s] -- Symlinking: /home/dinhcuong/arm_ws/install/arduinobot_description/share/arduinobot_description/local_setup.sh
[1.415s] -- Symlinking: /home/dinhcuong/arm_ws/install/arduinobot_description/share/arduinobot_description/local_setup.zsh
[1.428s] -- Symlinking: /home/dinhcuong/arm_ws/install/arduinobot_description/share/arduinobot_description/local_setup.dsv
[1.441s] -- Symlinking: /home/dinhcuong/arm_ws/install/arduinobot_description/share/arduinobot_description/package.dsv
[1.452s] -- Symlinking: /home/dinhcuong/arm_ws/install/arduinobot_description/share/ament_index/resource_index/packages/arduinobot_description
[1.462s] -- Symlinking: /home/dinhcuong/arm_ws/install/arduinobot_description/share/arduinobot_description/cmake/arduinobot_descriptionConfig.cmake
[1.474s] -- Symlinking: /home/dinhcuong/arm_ws/install/arduinobot_description/share/arduinobot_description/cmake/arduinobot_descriptionConfig-version.cmake
[1.487s] -- Symlinking: /home/dinhcuong/arm_ws/install/arduinobot_description/share/arduinobot_description/package.xml
[1.643s] Invoked command in '/home/dinhcuong/arm_ws/build/arduinobot_description' returned '0': CMAKE_PREFIX_PATH=${CMAKE_PREFIX_PATH}:/home/dinhcuong/arm_ws/install/test_serverws:/home/dinhcuong/arm_ws/install/server_python:/opt/ros/humble /usr/bin/cmake --install /home/dinhcuong/arm_ws/build/arduinobot_description
