[0.433s] Invoking command in '/home/dinhcuong/arm_ws/build/arduinobot_controller': CMAKE_PREFIX_PATH=${CMAKE_PREFIX_PATH}:/home/dinhcuong/arm_ws/install/test_serverws:/home/dinhcuong/arm_ws/install/server_python:/opt/ros/humble /usr/bin/cmake --build /home/dinhcuong/arm_ws/build/arduinobot_controller -- -j8 -l8
[0.464s] -- Found ament_cmake: 1.3.8 (/opt/ros/humble/share/ament_cmake/cmake)
[0.710s] -- Found trajectory_msgs: 4.2.3 (/opt/ros/humble/share/trajectory_msgs/cmake)
[0.788s] -- Found rosidl_generator_c: 3.1.5 (/opt/ros/humble/share/rosidl_generator_c/cmake)
[0.798s] -- Found rosidl_adapter: 3.1.5 (/opt/ros/humble/share/rosidl_adapter/cmake)
[0.815s] -- Found rosidl_generator_cpp: 3.1.5 (/opt/ros/humble/share/rosidl_generator_cpp/cmake)
[0.840s] -- Using all available rosidl_typesupport_c: rosidl_typesupport_fastrtps_c;rosidl_typesupport_introspection_c
[0.880s] -- Using all available rosidl_typesupport_cpp: rosidl_typesupport_fastrtps_cpp;rosidl_typesupport_introspection_cpp
[1.203s] -- Found sensor_msgs: 4.2.3 (/opt/ros/humble/share/sensor_msgs/cmake)
[1.320s] -- Found rclcpp: 16.0.8 (/opt/ros/humble/share/rclcpp/cmake)
[1.432s] -- Found rmw_implementation_cmake: 6.1.1 (/opt/ros/humble/share/rmw_implementation_cmake/cmake)
[1.435s] -- Found rmw_cyclonedds_cpp: 1.3.4 (/opt/ros/humble/share/rmw_cyclonedds_cpp/cmake)
[1.504s] -- Using RMW implementation 'rmw_cyclonedds_cpp' as default
[1.523s] -- Looking for pthread.h
[1.627s] -- Looking for pthread.h - found
[1.628s] -- Performing Test CMAKE_HAVE_LIBC_PTHREAD
[1.724s] -- Performing Test CMAKE_HAVE_LIBC_PTHREAD - Success
[1.725s] -- Found Threads: TRUE  
[1.923s] -- Found rclpy: 3.3.12 (/opt/ros/humble/share/rclpy/cmake)
[1.925s] -- Found ament_lint_auto: 0.12.10 (/opt/ros/humble/share/ament_lint_auto/cmake)
[2.027s] -- Added test 'flake8' to check Python code syntax and style conventions
[2.028s] -- Added test 'lint_cmake' to check CMake code style
[2.028s] -- Added test 'pep257' to check Python code against some of the docstring style conventions in PEP 257
[2.030s] -- Added test 'xmllint' to check XML markup files
[2.031s] -- Configuring done
[2.038s] -- Generating done
[2.041s] -- Build files have been written to: /home/dinhcuong/arm_ws/build/arduinobot_controller
[2.375s] Invoked command in '/home/dinhcuong/arm_ws/build/arduinobot_controller' returned '0': CMAKE_PREFIX_PATH=${CMAKE_PREFIX_PATH}:/home/dinhcuong/arm_ws/install/test_serverws:/home/dinhcuong/arm_ws/install/server_python:/opt/ros/humble /usr/bin/cmake --build /home/dinhcuong/arm_ws/build/arduinobot_controller -- -j8 -l8
[2.401s] Invoking command in '/home/dinhcuong/arm_ws/build/arduinobot_controller': CMAKE_PREFIX_PATH=${CMAKE_PREFIX_PATH}:/home/dinhcuong/arm_ws/install/test_serverws:/home/dinhcuong/arm_ws/install/server_python:/opt/ros/humble /usr/bin/cmake --install /home/dinhcuong/arm_ws/build/arduinobot_controller
[2.410s] -- Install configuration: ""
[2.410s] -- Installing: /home/dinhcuong/arm_ws/install/arduinobot_controller/share/arduinobot_controller/launch
[2.410s] -- Installing: /home/dinhcuong/arm_ws/install/arduinobot_controller/share/arduinobot_controller/launch/controller.launch.py
[2.410s] -- Installing: /home/dinhcuong/arm_ws/install/arduinobot_controller/share/arduinobot_controller/config
[2.410s] -- Installing: /home/dinhcuong/arm_ws/install/arduinobot_controller/share/arduinobot_controller/config/arduinobot_controllers.yaml
[2.411s] -- Installing: /home/dinhcuong/arm_ws/install/arduinobot_controller/share/ament_index/resource_index/package_run_dependencies/arduinobot_controller
[2.411s] -- Installing: /home/dinhcuong/arm_ws/install/arduinobot_controller/share/ament_index/resource_index/parent_prefix_path/arduinobot_controller
[2.411s] -- Up-to-date: /home/dinhcuong/arm_ws/install/arduinobot_controller/share/arduinobot_controller/environment/ament_prefix_path.sh
[2.411s] -- Installing: /home/dinhcuong/arm_ws/install/arduinobot_controller/share/arduinobot_controller/environment/ament_prefix_path.dsv
[2.411s] -- Up-to-date: /home/dinhcuong/arm_ws/install/arduinobot_controller/share/arduinobot_controller/environment/path.sh
[2.411s] -- Installing: /home/dinhcuong/arm_ws/install/arduinobot_controller/share/arduinobot_controller/environment/path.dsv
[2.411s] -- Up-to-date: /home/dinhcuong/arm_ws/install/arduinobot_controller/share/arduinobot_controller/local_setup.bash
[2.412s] -- Up-to-date: /home/dinhcuong/arm_ws/install/arduinobot_controller/share/arduinobot_controller/local_setup.sh
[2.412s] -- Up-to-date: /home/dinhcuong/arm_ws/install/arduinobot_controller/share/arduinobot_controller/local_setup.zsh
[2.412s] -- Installing: /home/dinhcuong/arm_ws/install/arduinobot_controller/share/arduinobot_controller/local_setup.dsv
[2.412s] -- Installing: /home/dinhcuong/arm_ws/install/arduinobot_controller/share/arduinobot_controller/package.dsv
[2.412s] -- Up-to-date: /home/dinhcuong/arm_ws/install/arduinobot_controller/share/ament_index/resource_index/packages/arduinobot_controller
[2.412s] -- Up-to-date: /home/dinhcuong/arm_ws/install/arduinobot_controller/share/arduinobot_controller/cmake/arduinobot_controllerConfig.cmake
[2.412s] -- Up-to-date: /home/dinhcuong/arm_ws/install/arduinobot_controller/share/arduinobot_controller/cmake/arduinobot_controllerConfig-version.cmake
[2.412s] -- Installing: /home/dinhcuong/arm_ws/install/arduinobot_controller/share/arduinobot_controller/package.xml
[2.414s] Invoked command in '/home/dinhcuong/arm_ws/build/arduinobot_controller' returned '0': CMAKE_PREFIX_PATH=${CMAKE_PREFIX_PATH}:/home/dinhcuong/arm_ws/install/test_serverws:/home/dinhcuong/arm_ws/install/server_python:/opt/ros/humble /usr/bin/cmake --install /home/dinhcuong/arm_ws/build/arduinobot_controller
