[1.232s] DEBUG:colcon:Command line arguments: ['/usr/bin/colcon', 'build']
[1.232s] DEBUG:colcon:Parsed command line arguments: Namespace(log_base=None, log_level=None, verb_name='build', build_base='build', install_base='install', merge_install=False, symlink_install=False, test_result_base=None, continue_on_error=False, executor='parallel', parallel_workers=8, event_handlers=None, ignore_user_meta=False, metas=['./colcon.meta'], base_paths=['.'], packages_ignore=None, packages_ignore_regex=None, paths=None, packages_up_to=None, packages_up_to_regex=None, packages_above=None, packages_above_and_dependencies=None, packages_above_depth=None, packages_select_by_dep=None, packages_skip_by_dep=None, packages_skip_up_to=None, packages_select_build_failed=False, packages_skip_build_finished=False, packages_select_test_failures=False, packages_skip_test_passed=False, packages_select=None, packages_skip=None, packages_select_regex=None, packages_skip_regex=None, packages_start=None, packages_end=None, allow_overriding=[], cmake_args=None, cmake_target=None, cmake_target_skip_unavailable=False, cmake_clean_cache=False, cmake_clean_first=False, cmake_force_configure=False, ament_cmake_args=None, catkin_cmake_args=None, catkin_skip_building_tests=False, verb_parser=<colcon_defaults.argument_parser.defaults.DefaultArgumentsDecorator object at 0x7f27c3c0f850>, verb_extension=<colcon_core.verb.build.BuildVerb object at 0x7f27c3c0f970>, main=<bound method BuildVerb.main of <colcon_core.verb.build.BuildVerb object at 0x7f27c3c0f970>>)
[1.289s] Level 1:colcon.colcon_core.package_discovery:discover_packages(colcon_meta) check parameters
[1.289s] Level 1:colcon.colcon_core.package_discovery:discover_packages(recursive) check parameters
[1.289s] Level 1:colcon.colcon_core.package_discovery:discover_packages(ignore) check parameters
[1.289s] Level 1:colcon.colcon_core.package_discovery:discover_packages(path) check parameters
[1.290s] Level 1:colcon.colcon_core.package_discovery:discover_packages(colcon_meta) discover
[1.290s] Level 1:colcon.colcon_core.package_discovery:discover_packages(recursive) discover
[1.290s] INFO:colcon.colcon_core.package_discovery:Crawling recursively for packages in '/home/dinhcuong/arm_ws'
[1.290s] Level 1:colcon.colcon_core.package_identification:_identify(.) by extensions ['ignore', 'ignore_ament_install']
[1.290s] Level 1:colcon.colcon_core.package_identification:_identify(.) by extension 'ignore'
[1.290s] Level 1:colcon.colcon_core.package_identification:_identify(.) by extension 'ignore_ament_install'
[1.290s] Level 1:colcon.colcon_core.package_identification:_identify(.) by extensions ['colcon_pkg']
[1.290s] Level 1:colcon.colcon_core.package_identification:_identify(.) by extension 'colcon_pkg'
[1.290s] Level 1:colcon.colcon_core.package_identification:_identify(.) by extensions ['colcon_meta']
[1.290s] Level 1:colcon.colcon_core.package_identification:_identify(.) by extension 'colcon_meta'
[1.290s] Level 1:colcon.colcon_core.package_identification:_identify(.) by extensions ['ros']
[1.290s] Level 1:colcon.colcon_core.package_identification:_identify(.) by extension 'ros'
[1.303s] Level 1:colcon.colcon_core.package_identification:_identify(.) by extensions ['cmake', 'python']
[1.303s] Level 1:colcon.colcon_core.package_identification:_identify(.) by extension 'cmake'
[1.303s] Level 1:colcon.colcon_core.package_identification:_identify(.) by extension 'python'
[1.304s] Level 1:colcon.colcon_core.package_identification:_identify(.) by extensions ['python_setup_py']
[1.304s] Level 1:colcon.colcon_core.package_identification:_identify(.) by extension 'python_setup_py'
[1.304s] Level 1:colcon.colcon_core.package_identification:_identify(build) by extensions ['ignore', 'ignore_ament_install']
[1.304s] Level 1:colcon.colcon_core.package_identification:_identify(build) by extension 'ignore'
[1.304s] Level 1:colcon.colcon_core.package_identification:_identify(build) ignored
[1.304s] Level 1:colcon.colcon_core.package_identification:_identify(install) by extensions ['ignore', 'ignore_ament_install']
[1.304s] Level 1:colcon.colcon_core.package_identification:_identify(install) by extension 'ignore'
[1.304s] Level 1:colcon.colcon_core.package_identification:_identify(install) ignored
[1.304s] Level 1:colcon.colcon_core.package_identification:_identify(log) by extensions ['ignore', 'ignore_ament_install']
[1.305s] Level 1:colcon.colcon_core.package_identification:_identify(log) by extension 'ignore'
[1.305s] Level 1:colcon.colcon_core.package_identification:_identify(log) ignored
[1.305s] Level 1:colcon.colcon_core.package_identification:_identify(src) by extensions ['ignore', 'ignore_ament_install']
[1.305s] Level 1:colcon.colcon_core.package_identification:_identify(src) by extension 'ignore'
[1.305s] Level 1:colcon.colcon_core.package_identification:_identify(src) by extension 'ignore_ament_install'
[1.305s] Level 1:colcon.colcon_core.package_identification:_identify(src) by extensions ['colcon_pkg']
[1.305s] Level 1:colcon.colcon_core.package_identification:_identify(src) by extension 'colcon_pkg'
[1.305s] Level 1:colcon.colcon_core.package_identification:_identify(src) by extensions ['colcon_meta']
[1.305s] Level 1:colcon.colcon_core.package_identification:_identify(src) by extension 'colcon_meta'
[1.305s] Level 1:colcon.colcon_core.package_identification:_identify(src) by extensions ['ros']
[1.305s] Level 1:colcon.colcon_core.package_identification:_identify(src) by extension 'ros'
[1.305s] Level 1:colcon.colcon_core.package_identification:_identify(src) by extensions ['cmake', 'python']
[1.305s] Level 1:colcon.colcon_core.package_identification:_identify(src) by extension 'cmake'
[1.305s] Level 1:colcon.colcon_core.package_identification:_identify(src) by extension 'python'
[1.305s] Level 1:colcon.colcon_core.package_identification:_identify(src) by extensions ['python_setup_py']
[1.305s] Level 1:colcon.colcon_core.package_identification:_identify(src) by extension 'python_setup_py'
[1.306s] Level 1:colcon.colcon_core.package_identification:_identify(src/arduinobot_controller) by extensions ['ignore', 'ignore_ament_install']
[1.306s] Level 1:colcon.colcon_core.package_identification:_identify(src/arduinobot_controller) by extension 'ignore'
[1.306s] Level 1:colcon.colcon_core.package_identification:_identify(src/arduinobot_controller) by extension 'ignore_ament_install'
[1.306s] Level 1:colcon.colcon_core.package_identification:_identify(src/arduinobot_controller) by extensions ['colcon_pkg']
[1.306s] Level 1:colcon.colcon_core.package_identification:_identify(src/arduinobot_controller) by extension 'colcon_pkg'
[1.306s] Level 1:colcon.colcon_core.package_identification:_identify(src/arduinobot_controller) by extensions ['colcon_meta']
[1.306s] Level 1:colcon.colcon_core.package_identification:_identify(src/arduinobot_controller) by extension 'colcon_meta'
[1.306s] Level 1:colcon.colcon_core.package_identification:_identify(src/arduinobot_controller) by extensions ['ros']
[1.306s] Level 1:colcon.colcon_core.package_identification:_identify(src/arduinobot_controller) by extension 'ros'
[1.308s] DEBUG:colcon.colcon_core.package_identification:Package 'src/arduinobot_controller' with type 'ros.ament_cmake' and name 'arduinobot_controller'
[1.308s] Level 1:colcon.colcon_core.package_identification:_identify(src/arduinobot_description) by extensions ['ignore', 'ignore_ament_install']
[1.309s] Level 1:colcon.colcon_core.package_identification:_identify(src/arduinobot_description) by extension 'ignore'
[1.309s] Level 1:colcon.colcon_core.package_identification:_identify(src/arduinobot_description) by extension 'ignore_ament_install'
[1.309s] Level 1:colcon.colcon_core.package_identification:_identify(src/arduinobot_description) by extensions ['colcon_pkg']
[1.309s] Level 1:colcon.colcon_core.package_identification:_identify(src/arduinobot_description) by extension 'colcon_pkg'
[1.309s] Level 1:colcon.colcon_core.package_identification:_identify(src/arduinobot_description) by extensions ['colcon_meta']
[1.309s] Level 1:colcon.colcon_core.package_identification:_identify(src/arduinobot_description) by extension 'colcon_meta'
[1.309s] Level 1:colcon.colcon_core.package_identification:_identify(src/arduinobot_description) by extensions ['ros']
[1.309s] Level 1:colcon.colcon_core.package_identification:_identify(src/arduinobot_description) by extension 'ros'
[1.310s] DEBUG:colcon.colcon_core.package_identification:Package 'src/arduinobot_description' with type 'ros.ament_cmake' and name 'arduinobot_description'
[1.310s] Level 1:colcon.colcon_core.package_identification:_identify(src/arm_mark1) by extensions ['ignore', 'ignore_ament_install']
[1.310s] Level 1:colcon.colcon_core.package_identification:_identify(src/arm_mark1) by extension 'ignore'
[1.310s] Level 1:colcon.colcon_core.package_identification:_identify(src/arm_mark1) by extension 'ignore_ament_install'
[1.310s] Level 1:colcon.colcon_core.package_identification:_identify(src/arm_mark1) by extensions ['colcon_pkg']
[1.310s] Level 1:colcon.colcon_core.package_identification:_identify(src/arm_mark1) by extension 'colcon_pkg'
[1.310s] Level 1:colcon.colcon_core.package_identification:_identify(src/arm_mark1) by extensions ['colcon_meta']
[1.310s] Level 1:colcon.colcon_core.package_identification:_identify(src/arm_mark1) by extension 'colcon_meta'
[1.310s] Level 1:colcon.colcon_core.package_identification:_identify(src/arm_mark1) by extensions ['ros']
[1.310s] Level 1:colcon.colcon_core.package_identification:_identify(src/arm_mark1) by extension 'ros'
[1.311s] DEBUG:colcon.colcon_core.package_identification:Package 'src/arm_mark1' with type 'ros.ament_cmake' and name 'arm_mark1'
[1.311s] Level 1:colcon.colcon_core.package_identification:_identify(src/arm_mark1_controller) by extensions ['ignore', 'ignore_ament_install']
[1.311s] Level 1:colcon.colcon_core.package_identification:_identify(src/arm_mark1_controller) by extension 'ignore'
[1.311s] Level 1:colcon.colcon_core.package_identification:_identify(src/arm_mark1_controller) by extension 'ignore_ament_install'
[1.311s] Level 1:colcon.colcon_core.package_identification:_identify(src/arm_mark1_controller) by extensions ['colcon_pkg']
[1.311s] Level 1:colcon.colcon_core.package_identification:_identify(src/arm_mark1_controller) by extension 'colcon_pkg'
[1.311s] Level 1:colcon.colcon_core.package_identification:_identify(src/arm_mark1_controller) by extensions ['colcon_meta']
[1.311s] Level 1:colcon.colcon_core.package_identification:_identify(src/arm_mark1_controller) by extension 'colcon_meta'
[1.311s] Level 1:colcon.colcon_core.package_identification:_identify(src/arm_mark1_controller) by extensions ['ros']
[1.311s] Level 1:colcon.colcon_core.package_identification:_identify(src/arm_mark1_controller) by extension 'ros'
[1.312s] DEBUG:colcon.colcon_core.package_identification:Package 'src/arm_mark1_controller' with type 'ros.ament_cmake' and name 'arm_mark1_controller'
[1.312s] Level 1:colcon.colcon_core.package_identification:_identify(src/arm_mark1_moveit) by extensions ['ignore', 'ignore_ament_install']
[1.313s] Level 1:colcon.colcon_core.package_identification:_identify(src/arm_mark1_moveit) by extension 'ignore'
[1.313s] Level 1:colcon.colcon_core.package_identification:_identify(src/arm_mark1_moveit) by extension 'ignore_ament_install'
[1.313s] Level 1:colcon.colcon_core.package_identification:_identify(src/arm_mark1_moveit) by extensions ['colcon_pkg']
[1.313s] Level 1:colcon.colcon_core.package_identification:_identify(src/arm_mark1_moveit) by extension 'colcon_pkg'
[1.313s] Level 1:colcon.colcon_core.package_identification:_identify(src/arm_mark1_moveit) by extensions ['colcon_meta']
[1.313s] Level 1:colcon.colcon_core.package_identification:_identify(src/arm_mark1_moveit) by extension 'colcon_meta'
[1.313s] Level 1:colcon.colcon_core.package_identification:_identify(src/arm_mark1_moveit) by extensions ['ros']
[1.313s] Level 1:colcon.colcon_core.package_identification:_identify(src/arm_mark1_moveit) by extension 'ros'
[1.314s] DEBUG:colcon.colcon_core.package_identification:Package 'src/arm_mark1_moveit' with type 'ros.ament_cmake' and name 'arm_mark1_moveit'
[1.314s] Level 1:colcon.colcon_core.package_identification:_identify(src/custom_msgs) by extensions ['ignore', 'ignore_ament_install']
[1.314s] Level 1:colcon.colcon_core.package_identification:_identify(src/custom_msgs) by extension 'ignore'
[1.314s] Level 1:colcon.colcon_core.package_identification:_identify(src/custom_msgs) by extension 'ignore_ament_install'
[1.314s] Level 1:colcon.colcon_core.package_identification:_identify(src/custom_msgs) by extensions ['colcon_pkg']
[1.314s] Level 1:colcon.colcon_core.package_identification:_identify(src/custom_msgs) by extension 'colcon_pkg'
[1.314s] Level 1:colcon.colcon_core.package_identification:_identify(src/custom_msgs) by extensions ['colcon_meta']
[1.314s] Level 1:colcon.colcon_core.package_identification:_identify(src/custom_msgs) by extension 'colcon_meta'
[1.314s] Level 1:colcon.colcon_core.package_identification:_identify(src/custom_msgs) by extensions ['ros']
[1.314s] Level 1:colcon.colcon_core.package_identification:_identify(src/custom_msgs) by extension 'ros'
[1.315s] DEBUG:colcon.colcon_core.package_identification:Package 'src/custom_msgs' with type 'ros.ament_cmake' and name 'custom_msgs'
[1.315s] Level 1:colcon.colcon_core.package_identification:_identify(src/server_python) by extensions ['ignore', 'ignore_ament_install']
[1.315s] Level 1:colcon.colcon_core.package_identification:_identify(src/server_python) by extension 'ignore'
[1.315s] Level 1:colcon.colcon_core.package_identification:_identify(src/server_python) by extension 'ignore_ament_install'
[1.315s] Level 1:colcon.colcon_core.package_identification:_identify(src/server_python) by extensions ['colcon_pkg']
[1.315s] Level 1:colcon.colcon_core.package_identification:_identify(src/server_python) by extension 'colcon_pkg'
[1.315s] Level 1:colcon.colcon_core.package_identification:_identify(src/server_python) by extensions ['colcon_meta']
[1.315s] Level 1:colcon.colcon_core.package_identification:_identify(src/server_python) by extension 'colcon_meta'
[1.315s] Level 1:colcon.colcon_core.package_identification:_identify(src/server_python) by extensions ['ros']
[1.315s] Level 1:colcon.colcon_core.package_identification:_identify(src/server_python) by extension 'ros'
[1.316s] DEBUG:colcon.colcon_core.package_identification:Package 'src/server_python' with type 'ros.ament_python' and name 'server_python'
[1.316s] Level 1:colcon.colcon_core.package_discovery:discover_packages(recursive) using defaults
[1.316s] Level 1:colcon.colcon_core.package_discovery:discover_packages(ignore) discover
[1.316s] Level 1:colcon.colcon_core.package_discovery:discover_packages(ignore) using defaults
[1.316s] Level 1:colcon.colcon_core.package_discovery:discover_packages(path) discover
[1.316s] Level 1:colcon.colcon_core.package_discovery:discover_packages(path) using defaults
[1.431s] Level 1:colcon.colcon_core.package_discovery:discover_packages(prefix_path) check parameters
[1.431s] Level 1:colcon.colcon_core.package_discovery:discover_packages(prefix_path) discover
[1.467s] DEBUG:colcon.colcon_installed_package_information.package_discovery:Found 7 installed packages in /home/dinhcuong/arm_ws/install
[1.486s] DEBUG:colcon.colcon_installed_package_information.package_discovery:Found 355 installed packages in /opt/ros/humble
[1.488s] Level 1:colcon.colcon_core.package_discovery:discover_packages(prefix_path) using defaults
[1.612s] Level 5:colcon.colcon_core.verb:set package 'arduinobot_controller' build argument 'cmake_args' from command line to 'None'
[1.612s] Level 5:colcon.colcon_core.verb:set package 'arduinobot_controller' build argument 'cmake_target' from command line to 'None'
[1.612s] Level 5:colcon.colcon_core.verb:set package 'arduinobot_controller' build argument 'cmake_target_skip_unavailable' from command line to 'False'
[1.612s] Level 5:colcon.colcon_core.verb:set package 'arduinobot_controller' build argument 'cmake_clean_cache' from command line to 'False'
[1.612s] Level 5:colcon.colcon_core.verb:set package 'arduinobot_controller' build argument 'cmake_clean_first' from command line to 'False'
[1.612s] Level 5:colcon.colcon_core.verb:set package 'arduinobot_controller' build argument 'cmake_force_configure' from command line to 'False'
[1.612s] Level 5:colcon.colcon_core.verb:set package 'arduinobot_controller' build argument 'ament_cmake_args' from command line to 'None'
[1.612s] Level 5:colcon.colcon_core.verb:set package 'arduinobot_controller' build argument 'catkin_cmake_args' from command line to 'None'
[1.612s] Level 5:colcon.colcon_core.verb:set package 'arduinobot_controller' build argument 'catkin_skip_building_tests' from command line to 'False'
[1.612s] DEBUG:colcon.colcon_core.verb:Building package 'arduinobot_controller' with the following arguments: {'ament_cmake_args': None, 'build_base': '/home/dinhcuong/arm_ws/build/arduinobot_controller', 'catkin_cmake_args': None, 'catkin_skip_building_tests': False, 'cmake_args': None, 'cmake_clean_cache': False, 'cmake_clean_first': False, 'cmake_force_configure': False, 'cmake_target': None, 'cmake_target_skip_unavailable': False, 'install_base': '/home/dinhcuong/arm_ws/install/arduinobot_controller', 'merge_install': False, 'path': '/home/dinhcuong/arm_ws/src/arduinobot_controller', 'symlink_install': False, 'test_result_base': None}
[1.630s] Level 5:colcon.colcon_core.verb:set package 'arduinobot_description' build argument 'cmake_args' from command line to 'None'
[1.630s] Level 5:colcon.colcon_core.verb:set package 'arduinobot_description' build argument 'cmake_target' from command line to 'None'
[1.630s] Level 5:colcon.colcon_core.verb:set package 'arduinobot_description' build argument 'cmake_target_skip_unavailable' from command line to 'False'
[1.630s] Level 5:colcon.colcon_core.verb:set package 'arduinobot_description' build argument 'cmake_clean_cache' from command line to 'False'
[1.630s] Level 5:colcon.colcon_core.verb:set package 'arduinobot_description' build argument 'cmake_clean_first' from command line to 'False'
[1.630s] Level 5:colcon.colcon_core.verb:set package 'arduinobot_description' build argument 'cmake_force_configure' from command line to 'False'
[1.630s] Level 5:colcon.colcon_core.verb:set package 'arduinobot_description' build argument 'ament_cmake_args' from command line to 'None'
[1.630s] Level 5:colcon.colcon_core.verb:set package 'arduinobot_description' build argument 'catkin_cmake_args' from command line to 'None'
[1.630s] Level 5:colcon.colcon_core.verb:set package 'arduinobot_description' build argument 'catkin_skip_building_tests' from command line to 'False'
[1.630s] DEBUG:colcon.colcon_core.verb:Building package 'arduinobot_description' with the following arguments: {'ament_cmake_args': None, 'build_base': '/home/dinhcuong/arm_ws/build/arduinobot_description', 'catkin_cmake_args': None, 'catkin_skip_building_tests': False, 'cmake_args': None, 'cmake_clean_cache': False, 'cmake_clean_first': False, 'cmake_force_configure': False, 'cmake_target': None, 'cmake_target_skip_unavailable': False, 'install_base': '/home/dinhcuong/arm_ws/install/arduinobot_description', 'merge_install': False, 'path': '/home/dinhcuong/arm_ws/src/arduinobot_description', 'symlink_install': False, 'test_result_base': None}
[1.648s] Level 5:colcon.colcon_core.verb:set package 'arm_mark1' build argument 'cmake_args' from command line to 'None'
[1.648s] Level 5:colcon.colcon_core.verb:set package 'arm_mark1' build argument 'cmake_target' from command line to 'None'
[1.648s] Level 5:colcon.colcon_core.verb:set package 'arm_mark1' build argument 'cmake_target_skip_unavailable' from command line to 'False'
[1.648s] Level 5:colcon.colcon_core.verb:set package 'arm_mark1' build argument 'cmake_clean_cache' from command line to 'False'
[1.648s] Level 5:colcon.colcon_core.verb:set package 'arm_mark1' build argument 'cmake_clean_first' from command line to 'False'
[1.648s] Level 5:colcon.colcon_core.verb:set package 'arm_mark1' build argument 'cmake_force_configure' from command line to 'False'
[1.648s] Level 5:colcon.colcon_core.verb:set package 'arm_mark1' build argument 'ament_cmake_args' from command line to 'None'
[1.648s] Level 5:colcon.colcon_core.verb:set package 'arm_mark1' build argument 'catkin_cmake_args' from command line to 'None'
[1.648s] Level 5:colcon.colcon_core.verb:set package 'arm_mark1' build argument 'catkin_skip_building_tests' from command line to 'False'
[1.648s] DEBUG:colcon.colcon_core.verb:Building package 'arm_mark1' with the following arguments: {'ament_cmake_args': None, 'build_base': '/home/dinhcuong/arm_ws/build/arm_mark1', 'catkin_cmake_args': None, 'catkin_skip_building_tests': False, 'cmake_args': None, 'cmake_clean_cache': False, 'cmake_clean_first': False, 'cmake_force_configure': False, 'cmake_target': None, 'cmake_target_skip_unavailable': False, 'install_base': '/home/dinhcuong/arm_ws/install/arm_mark1', 'merge_install': False, 'path': '/home/dinhcuong/arm_ws/src/arm_mark1', 'symlink_install': False, 'test_result_base': None}
[1.667s] Level 5:colcon.colcon_core.verb:set package 'arm_mark1_controller' build argument 'cmake_args' from command line to 'None'
[1.667s] Level 5:colcon.colcon_core.verb:set package 'arm_mark1_controller' build argument 'cmake_target' from command line to 'None'
[1.667s] Level 5:colcon.colcon_core.verb:set package 'arm_mark1_controller' build argument 'cmake_target_skip_unavailable' from command line to 'False'
[1.667s] Level 5:colcon.colcon_core.verb:set package 'arm_mark1_controller' build argument 'cmake_clean_cache' from command line to 'False'
[1.667s] Level 5:colcon.colcon_core.verb:set package 'arm_mark1_controller' build argument 'cmake_clean_first' from command line to 'False'
[1.667s] Level 5:colcon.colcon_core.verb:set package 'arm_mark1_controller' build argument 'cmake_force_configure' from command line to 'False'
[1.667s] Level 5:colcon.colcon_core.verb:set package 'arm_mark1_controller' build argument 'ament_cmake_args' from command line to 'None'
[1.667s] Level 5:colcon.colcon_core.verb:set package 'arm_mark1_controller' build argument 'catkin_cmake_args' from command line to 'None'
[1.667s] Level 5:colcon.colcon_core.verb:set package 'arm_mark1_controller' build argument 'catkin_skip_building_tests' from command line to 'False'
[1.667s] DEBUG:colcon.colcon_core.verb:Building package 'arm_mark1_controller' with the following arguments: {'ament_cmake_args': None, 'build_base': '/home/dinhcuong/arm_ws/build/arm_mark1_controller', 'catkin_cmake_args': None, 'catkin_skip_building_tests': False, 'cmake_args': None, 'cmake_clean_cache': False, 'cmake_clean_first': False, 'cmake_force_configure': False, 'cmake_target': None, 'cmake_target_skip_unavailable': False, 'install_base': '/home/dinhcuong/arm_ws/install/arm_mark1_controller', 'merge_install': False, 'path': '/home/dinhcuong/arm_ws/src/arm_mark1_controller', 'symlink_install': False, 'test_result_base': None}
[1.684s] Level 5:colcon.colcon_core.verb:set package 'arm_mark1_moveit' build argument 'cmake_args' from command line to 'None'
[1.685s] Level 5:colcon.colcon_core.verb:set package 'arm_mark1_moveit' build argument 'cmake_target' from command line to 'None'
[1.685s] Level 5:colcon.colcon_core.verb:set package 'arm_mark1_moveit' build argument 'cmake_target_skip_unavailable' from command line to 'False'
[1.685s] Level 5:colcon.colcon_core.verb:set package 'arm_mark1_moveit' build argument 'cmake_clean_cache' from command line to 'False'
[1.685s] Level 5:colcon.colcon_core.verb:set package 'arm_mark1_moveit' build argument 'cmake_clean_first' from command line to 'False'
[1.685s] Level 5:colcon.colcon_core.verb:set package 'arm_mark1_moveit' build argument 'cmake_force_configure' from command line to 'False'
[1.685s] Level 5:colcon.colcon_core.verb:set package 'arm_mark1_moveit' build argument 'ament_cmake_args' from command line to 'None'
[1.685s] Level 5:colcon.colcon_core.verb:set package 'arm_mark1_moveit' build argument 'catkin_cmake_args' from command line to 'None'
[1.685s] Level 5:colcon.colcon_core.verb:set package 'arm_mark1_moveit' build argument 'catkin_skip_building_tests' from command line to 'False'
[1.685s] DEBUG:colcon.colcon_core.verb:Building package 'arm_mark1_moveit' with the following arguments: {'ament_cmake_args': None, 'build_base': '/home/dinhcuong/arm_ws/build/arm_mark1_moveit', 'catkin_cmake_args': None, 'catkin_skip_building_tests': False, 'cmake_args': None, 'cmake_clean_cache': False, 'cmake_clean_first': False, 'cmake_force_configure': False, 'cmake_target': None, 'cmake_target_skip_unavailable': False, 'install_base': '/home/dinhcuong/arm_ws/install/arm_mark1_moveit', 'merge_install': False, 'path': '/home/dinhcuong/arm_ws/src/arm_mark1_moveit', 'symlink_install': False, 'test_result_base': None}
[1.703s] Level 5:colcon.colcon_core.verb:set package 'custom_msgs' build argument 'cmake_args' from command line to 'None'
[1.703s] Level 5:colcon.colcon_core.verb:set package 'custom_msgs' build argument 'cmake_target' from command line to 'None'
[1.703s] Level 5:colcon.colcon_core.verb:set package 'custom_msgs' build argument 'cmake_target_skip_unavailable' from command line to 'False'
[1.703s] Level 5:colcon.colcon_core.verb:set package 'custom_msgs' build argument 'cmake_clean_cache' from command line to 'False'
[1.703s] Level 5:colcon.colcon_core.verb:set package 'custom_msgs' build argument 'cmake_clean_first' from command line to 'False'
[1.703s] Level 5:colcon.colcon_core.verb:set package 'custom_msgs' build argument 'cmake_force_configure' from command line to 'False'
[1.703s] Level 5:colcon.colcon_core.verb:set package 'custom_msgs' build argument 'ament_cmake_args' from command line to 'None'
[1.703s] Level 5:colcon.colcon_core.verb:set package 'custom_msgs' build argument 'catkin_cmake_args' from command line to 'None'
[1.703s] Level 5:colcon.colcon_core.verb:set package 'custom_msgs' build argument 'catkin_skip_building_tests' from command line to 'False'
[1.703s] DEBUG:colcon.colcon_core.verb:Building package 'custom_msgs' with the following arguments: {'ament_cmake_args': None, 'build_base': '/home/dinhcuong/arm_ws/build/custom_msgs', 'catkin_cmake_args': None, 'catkin_skip_building_tests': False, 'cmake_args': None, 'cmake_clean_cache': False, 'cmake_clean_first': False, 'cmake_force_configure': False, 'cmake_target': None, 'cmake_target_skip_unavailable': False, 'install_base': '/home/dinhcuong/arm_ws/install/custom_msgs', 'merge_install': False, 'path': '/home/dinhcuong/arm_ws/src/custom_msgs', 'symlink_install': False, 'test_result_base': None}
[1.720s] Level 5:colcon.colcon_core.verb:set package 'server_python' build argument 'cmake_args' from command line to 'None'
[1.720s] Level 5:colcon.colcon_core.verb:set package 'server_python' build argument 'cmake_target' from command line to 'None'
[1.720s] Level 5:colcon.colcon_core.verb:set package 'server_python' build argument 'cmake_target_skip_unavailable' from command line to 'False'
[1.720s] Level 5:colcon.colcon_core.verb:set package 'server_python' build argument 'cmake_clean_cache' from command line to 'False'
[1.720s] Level 5:colcon.colcon_core.verb:set package 'server_python' build argument 'cmake_clean_first' from command line to 'False'
[1.720s] Level 5:colcon.colcon_core.verb:set package 'server_python' build argument 'cmake_force_configure' from command line to 'False'
[1.721s] Level 5:colcon.colcon_core.verb:set package 'server_python' build argument 'ament_cmake_args' from command line to 'None'
[1.721s] Level 5:colcon.colcon_core.verb:set package 'server_python' build argument 'catkin_cmake_args' from command line to 'None'
[1.721s] Level 5:colcon.colcon_core.verb:set package 'server_python' build argument 'catkin_skip_building_tests' from command line to 'False'
[1.721s] DEBUG:colcon.colcon_core.verb:Building package 'server_python' with the following arguments: {'ament_cmake_args': None, 'build_base': '/home/dinhcuong/arm_ws/build/server_python', 'catkin_cmake_args': None, 'catkin_skip_building_tests': False, 'cmake_args': None, 'cmake_clean_cache': False, 'cmake_clean_first': False, 'cmake_force_configure': False, 'cmake_target': None, 'cmake_target_skip_unavailable': False, 'install_base': '/home/dinhcuong/arm_ws/install/server_python', 'merge_install': False, 'path': '/home/dinhcuong/arm_ws/src/server_python', 'symlink_install': False, 'test_result_base': None}
[1.738s] INFO:colcon.colcon_core.executor:Executing jobs using 'parallel' executor
[1.757s] DEBUG:colcon.colcon_parallel_executor.executor.parallel:run_until_complete
[1.757s] INFO:colcon.colcon_ros.task.ament_cmake.build:Building ROS package in '/home/dinhcuong/arm_ws/src/custom_msgs' with build type 'ament_cmake'
[1.758s] INFO:colcon.colcon_cmake.task.cmake.build:Building CMake package in '/home/dinhcuong/arm_ws/src/custom_msgs'
[1.780s] INFO:colcon.colcon_core.plugin_system:Skipping extension 'colcon_core.shell.bat': Not used on non-Windows systems
[1.780s] INFO:colcon.colcon_core.shell:Skip shell extension 'powershell' for command environment: Not usable outside of PowerShell
[1.780s] DEBUG:colcon.colcon_core.shell:Skip shell extension 'dsv' for command environment
[1.840s] INFO:colcon.colcon_ros.task.ament_cmake.build:Building ROS package in '/home/dinhcuong/arm_ws/src/arduinobot_controller' with build type 'ament_cmake'
[1.840s] INFO:colcon.colcon_cmake.task.cmake.build:Building CMake package in '/home/dinhcuong/arm_ws/src/arduinobot_controller'
[1.873s] INFO:colcon.colcon_core.shell:Skip shell extension 'powershell' for command environment: Not usable outside of PowerShell
[1.873s] DEBUG:colcon.colcon_core.shell:Skip shell extension 'dsv' for command environment
[1.932s] INFO:colcon.colcon_ros.task.ament_cmake.build:Building ROS package in '/home/dinhcuong/arm_ws/src/arduinobot_description' with build type 'ament_cmake'
[1.932s] INFO:colcon.colcon_cmake.task.cmake.build:Building CMake package in '/home/dinhcuong/arm_ws/src/arduinobot_description'
[1.952s] INFO:colcon.colcon_core.shell:Skip shell extension 'powershell' for command environment: Not usable outside of PowerShell
[1.952s] DEBUG:colcon.colcon_core.shell:Skip shell extension 'dsv' for command environment
[2.013s] INFO:colcon.colcon_ros.task.ament_cmake.build:Building ROS package in '/home/dinhcuong/arm_ws/src/arm_mark1' with build type 'ament_cmake'
[2.013s] INFO:colcon.colcon_cmake.task.cmake.build:Building CMake package in '/home/dinhcuong/arm_ws/src/arm_mark1'
[2.032s] INFO:colcon.colcon_core.shell:Skip shell extension 'powershell' for command environment: Not usable outside of PowerShell
[2.032s] DEBUG:colcon.colcon_core.shell:Skip shell extension 'dsv' for command environment
[2.093s] INFO:colcon.colcon_ros.task.ament_cmake.build:Building ROS package in '/home/dinhcuong/arm_ws/src/arm_mark1_controller' with build type 'ament_cmake'
[2.093s] INFO:colcon.colcon_cmake.task.cmake.build:Building CMake package in '/home/dinhcuong/arm_ws/src/arm_mark1_controller'
[2.113s] INFO:colcon.colcon_core.shell:Skip shell extension 'powershell' for command environment: Not usable outside of PowerShell
[2.113s] DEBUG:colcon.colcon_core.shell:Skip shell extension 'dsv' for command environment
[2.172s] INFO:colcon.colcon_ros.task.ament_cmake.build:Building ROS package in '/home/dinhcuong/arm_ws/src/arm_mark1_moveit' with build type 'ament_cmake'
[2.173s] INFO:colcon.colcon_cmake.task.cmake.build:Building CMake package in '/home/dinhcuong/arm_ws/src/arm_mark1_moveit'
[2.193s] INFO:colcon.colcon_core.shell:Skip shell extension 'powershell' for command environment: Not usable outside of PowerShell
[2.194s] DEBUG:colcon.colcon_core.shell:Skip shell extension 'dsv' for command environment
[2.258s] DEBUG:colcon.colcon_core.event_handler.log_command:Invoking command in '/home/dinhcuong/arm_ws/build/custom_msgs': CMAKE_PREFIX_PATH=${CMAKE_PREFIX_PATH}:/home/dinhcuong/arm_ws/install/test_serverws:/home/dinhcuong/arm_ws/install/server_python:/opt/ros/humble /usr/bin/cmake --build /home/dinhcuong/arm_ws/build/custom_msgs -- -j8 -l8
[2.261s] DEBUG:colcon.colcon_core.event_handler.log_command:Invoking command in '/home/dinhcuong/arm_ws/build/arduinobot_controller': CMAKE_PREFIX_PATH=${CMAKE_PREFIX_PATH}:/home/dinhcuong/arm_ws/install/test_serverws:/home/dinhcuong/arm_ws/install/server_python:/opt/ros/humble /usr/bin/cmake /home/dinhcuong/arm_ws/src/arduinobot_controller -DCMAKE_INSTALL_PREFIX=/home/dinhcuong/arm_ws/install/arduinobot_controller
[2.265s] DEBUG:colcon.colcon_core.event_handler.log_command:Invoking command in '/home/dinhcuong/arm_ws/build/arduinobot_description': CMAKE_PREFIX_PATH=${CMAKE_PREFIX_PATH}:/home/dinhcuong/arm_ws/install/test_serverws:/home/dinhcuong/arm_ws/install/server_python:/opt/ros/humble /usr/bin/cmake --build /home/dinhcuong/arm_ws/build/arduinobot_description -- -j8 -l8
[2.269s] DEBUG:colcon.colcon_core.event_handler.log_command:Invoking command in '/home/dinhcuong/arm_ws/build/arm_mark1': CMAKE_PREFIX_PATH=${CMAKE_PREFIX_PATH}:/home/dinhcuong/arm_ws/install/test_serverws:/home/dinhcuong/arm_ws/install/server_python:/opt/ros/humble /usr/bin/cmake --build /home/dinhcuong/arm_ws/build/arm_mark1 -- -j8 -l8
[2.271s] DEBUG:colcon.colcon_core.event_handler.log_command:Invoking command in '/home/dinhcuong/arm_ws/build/arm_mark1_controller': CMAKE_PREFIX_PATH=${CMAKE_PREFIX_PATH}:/home/dinhcuong/arm_ws/install/test_serverws:/home/dinhcuong/arm_ws/install/server_python:/opt/ros/humble /usr/bin/cmake --build /home/dinhcuong/arm_ws/build/arm_mark1_controller -- -j8 -l8
[2.284s] DEBUG:colcon.colcon_core.event_handler.log_command:Invoking command in '/home/dinhcuong/arm_ws/build/arm_mark1_moveit': CMAKE_PREFIX_PATH=${CMAKE_PREFIX_PATH}:/home/dinhcuong/arm_ws/install/test_serverws:/home/dinhcuong/arm_ws/install/server_python:/opt/ros/humble /usr/bin/cmake --build /home/dinhcuong/arm_ws/build/arm_mark1_moveit -- -j8 -l8
[2.327s] DEBUG:colcon.colcon_core.event_handler.log_command:Invoked command in '/home/dinhcuong/arm_ws/build/arduinobot_description' returned '0': CMAKE_PREFIX_PATH=${CMAKE_PREFIX_PATH}:/home/dinhcuong/arm_ws/install/test_serverws:/home/dinhcuong/arm_ws/install/server_python:/opt/ros/humble /usr/bin/cmake --build /home/dinhcuong/arm_ws/build/arduinobot_description -- -j8 -l8
[2.329s] DEBUG:colcon.colcon_core.event_handler.log_command:Invoked command in '/home/dinhcuong/arm_ws/build/arm_mark1' returned '0': CMAKE_PREFIX_PATH=${CMAKE_PREFIX_PATH}:/home/dinhcuong/arm_ws/install/test_serverws:/home/dinhcuong/arm_ws/install/server_python:/opt/ros/humble /usr/bin/cmake --build /home/dinhcuong/arm_ws/build/arm_mark1 -- -j8 -l8
[2.346s] DEBUG:colcon.colcon_core.event_handler.log_command:Invoked command in '/home/dinhcuong/arm_ws/build/arm_mark1_controller' returned '0': CMAKE_PREFIX_PATH=${CMAKE_PREFIX_PATH}:/home/dinhcuong/arm_ws/install/test_serverws:/home/dinhcuong/arm_ws/install/server_python:/opt/ros/humble /usr/bin/cmake --build /home/dinhcuong/arm_ws/build/arm_mark1_controller -- -j8 -l8
[2.359s] DEBUG:colcon.colcon_core.event_handler.log_command:Invoked command in '/home/dinhcuong/arm_ws/build/arm_mark1_moveit' returned '0': CMAKE_PREFIX_PATH=${CMAKE_PREFIX_PATH}:/home/dinhcuong/arm_ws/install/test_serverws:/home/dinhcuong/arm_ws/install/server_python:/opt/ros/humble /usr/bin/cmake --build /home/dinhcuong/arm_ws/build/arm_mark1_moveit -- -j8 -l8
[2.399s] DEBUG:colcon.colcon_core.event_handler.log_command:Invoking command in '/home/dinhcuong/arm_ws/build/arm_mark1': CMAKE_PREFIX_PATH=${CMAKE_PREFIX_PATH}:/home/dinhcuong/arm_ws/install/test_serverws:/home/dinhcuong/arm_ws/install/server_python:/opt/ros/humble /usr/bin/cmake --install /home/dinhcuong/arm_ws/build/arm_mark1
[2.403s] DEBUG:colcon.colcon_core.event_handler.log_command:Invoking command in '/home/dinhcuong/arm_ws/build/arm_mark1_controller': CMAKE_PREFIX_PATH=${CMAKE_PREFIX_PATH}:/home/dinhcuong/arm_ws/install/test_serverws:/home/dinhcuong/arm_ws/install/server_python:/opt/ros/humble /usr/bin/cmake --install /home/dinhcuong/arm_ws/build/arm_mark1_controller
[2.405s] DEBUG:colcon.colcon_core.event_handler.log_command:Invoking command in '/home/dinhcuong/arm_ws/build/arduinobot_description': CMAKE_PREFIX_PATH=${CMAKE_PREFIX_PATH}:/home/dinhcuong/arm_ws/install/test_serverws:/home/dinhcuong/arm_ws/install/server_python:/opt/ros/humble /usr/bin/cmake --install /home/dinhcuong/arm_ws/build/arduinobot_description
[2.408s] DEBUG:colcon.colcon_core.event_handler.log_command:Invoking command in '/home/dinhcuong/arm_ws/build/arm_mark1_moveit': CMAKE_PREFIX_PATH=${CMAKE_PREFIX_PATH}:/home/dinhcuong/arm_ws/install/test_serverws:/home/dinhcuong/arm_ws/install/server_python:/opt/ros/humble /usr/bin/cmake --install /home/dinhcuong/arm_ws/build/arm_mark1_moveit
[2.421s] Level 1:colcon.colcon_core.environment:create_environment_scripts_only(arm_mark1)
[2.436s] DEBUG:colcon.colcon_core.event_handler.log_command:Invoked command in '/home/dinhcuong/arm_ws/build/arm_mark1' returned '0': CMAKE_PREFIX_PATH=${CMAKE_PREFIX_PATH}:/home/dinhcuong/arm_ws/install/test_serverws:/home/dinhcuong/arm_ws/install/server_python:/opt/ros/humble /usr/bin/cmake --install /home/dinhcuong/arm_ws/build/arm_mark1
[2.466s] Level 1:colcon.colcon_core.environment:checking '/home/dinhcuong/arm_ws/install/arm_mark1' for CMake module files
[2.467s] Level 1:colcon.colcon_core.environment:checking '/home/dinhcuong/arm_ws/install/arm_mark1' for CMake config files
[2.468s] Level 1:colcon.colcon_core.shell:create_environment_hook('arm_mark1', 'cmake_prefix_path')
[2.500s] INFO:colcon.colcon_core.shell:Creating environment hook '/home/dinhcuong/arm_ws/install/arm_mark1/share/arm_mark1/hook/cmake_prefix_path.ps1'
[2.501s] INFO:colcon.colcon_core.shell:Creating environment descriptor '/home/dinhcuong/arm_ws/install/arm_mark1/share/arm_mark1/hook/cmake_prefix_path.dsv'
[2.502s] INFO:colcon.colcon_core.shell:Creating environment hook '/home/dinhcuong/arm_ws/install/arm_mark1/share/arm_mark1/hook/cmake_prefix_path.sh'
[2.503s] Level 1:colcon.colcon_core.environment:checking '/home/dinhcuong/arm_ws/install/arm_mark1/bin'
[2.503s] Level 1:colcon.colcon_core.environment:checking '/home/dinhcuong/arm_ws/install/arm_mark1/lib/pkgconfig/arm_mark1.pc'
[2.504s] Level 1:colcon.colcon_core.environment:checking '/home/dinhcuong/arm_ws/install/arm_mark1/lib/python3.10/site-packages'
[2.504s] Level 1:colcon.colcon_core.environment:checking '/home/dinhcuong/arm_ws/install/arm_mark1/bin'
[2.537s] INFO:colcon.colcon_core.shell:Creating package script '/home/dinhcuong/arm_ws/install/arm_mark1/share/arm_mark1/package.ps1'
[2.538s] INFO:colcon.colcon_core.shell:Creating package descriptor '/home/dinhcuong/arm_ws/install/arm_mark1/share/arm_mark1/package.dsv'
[2.539s] INFO:colcon.colcon_core.shell:Creating package script '/home/dinhcuong/arm_ws/install/arm_mark1/share/arm_mark1/package.sh'
[2.541s] INFO:colcon.colcon_core.shell:Creating package script '/home/dinhcuong/arm_ws/install/arm_mark1/share/arm_mark1/package.bash'
[2.542s] INFO:colcon.colcon_core.shell:Creating package script '/home/dinhcuong/arm_ws/install/arm_mark1/share/arm_mark1/package.zsh'
[2.543s] Level 1:colcon.colcon_core.environment:create_file_with_runtime_dependencies(/home/dinhcuong/arm_ws/install/arm_mark1/share/colcon-core/packages/arm_mark1)
[2.545s] Level 1:colcon.colcon_core.environment:create_environment_scripts_only(arduinobot_description)
[2.546s] DEBUG:colcon.colcon_core.event_handler.log_command:Invoked command in '/home/dinhcuong/arm_ws/build/arduinobot_description' returned '0': CMAKE_PREFIX_PATH=${CMAKE_PREFIX_PATH}:/home/dinhcuong/arm_ws/install/test_serverws:/home/dinhcuong/arm_ws/install/server_python:/opt/ros/humble /usr/bin/cmake --install /home/dinhcuong/arm_ws/build/arduinobot_description
[2.579s] Level 1:colcon.colcon_core.environment:checking '/home/dinhcuong/arm_ws/install/arduinobot_description' for CMake module files
[2.580s] Level 1:colcon.colcon_core.environment:checking '/home/dinhcuong/arm_ws/install/arduinobot_description' for CMake config files
[2.581s] Level 1:colcon.colcon_core.shell:create_environment_hook('arduinobot_description', 'cmake_prefix_path')
[2.613s] INFO:colcon.colcon_core.shell:Creating environment hook '/home/dinhcuong/arm_ws/install/arduinobot_description/share/arduinobot_description/hook/cmake_prefix_path.ps1'
[2.614s] INFO:colcon.colcon_core.shell:Creating environment descriptor '/home/dinhcuong/arm_ws/install/arduinobot_description/share/arduinobot_description/hook/cmake_prefix_path.dsv'
[2.615s] INFO:colcon.colcon_core.shell:Creating environment hook '/home/dinhcuong/arm_ws/install/arduinobot_description/share/arduinobot_description/hook/cmake_prefix_path.sh'
[2.616s] Level 1:colcon.colcon_core.environment:checking '/home/dinhcuong/arm_ws/install/arduinobot_description/bin'
[2.616s] Level 1:colcon.colcon_core.environment:checking '/home/dinhcuong/arm_ws/install/arduinobot_description/lib/pkgconfig/arduinobot_description.pc'
[2.616s] Level 1:colcon.colcon_core.environment:checking '/home/dinhcuong/arm_ws/install/arduinobot_description/lib/python3.10/site-packages'
[2.617s] Level 1:colcon.colcon_core.environment:checking '/home/dinhcuong/arm_ws/install/arduinobot_description/bin'
[2.648s] INFO:colcon.colcon_core.shell:Creating package script '/home/dinhcuong/arm_ws/install/arduinobot_description/share/arduinobot_description/package.ps1'
[2.649s] INFO:colcon.colcon_core.shell:Creating package descriptor '/home/dinhcuong/arm_ws/install/arduinobot_description/share/arduinobot_description/package.dsv'
[2.649s] INFO:colcon.colcon_core.shell:Creating package script '/home/dinhcuong/arm_ws/install/arduinobot_description/share/arduinobot_description/package.sh'
[2.650s] INFO:colcon.colcon_core.shell:Creating package script '/home/dinhcuong/arm_ws/install/arduinobot_description/share/arduinobot_description/package.bash'
[2.651s] INFO:colcon.colcon_core.shell:Creating package script '/home/dinhcuong/arm_ws/install/arduinobot_description/share/arduinobot_description/package.zsh'
[2.651s] Level 1:colcon.colcon_core.environment:create_file_with_runtime_dependencies(/home/dinhcuong/arm_ws/install/arduinobot_description/share/colcon-core/packages/arduinobot_description)
[2.653s] Level 1:colcon.colcon_core.environment:create_environment_scripts_only(arm_mark1_controller)
[2.654s] DEBUG:colcon.colcon_core.event_handler.log_command:Invoked command in '/home/dinhcuong/arm_ws/build/arm_mark1_controller' returned '0': CMAKE_PREFIX_PATH=${CMAKE_PREFIX_PATH}:/home/dinhcuong/arm_ws/install/test_serverws:/home/dinhcuong/arm_ws/install/server_python:/opt/ros/humble /usr/bin/cmake --install /home/dinhcuong/arm_ws/build/arm_mark1_controller
[2.686s] Level 1:colcon.colcon_core.environment:checking '/home/dinhcuong/arm_ws/install/arm_mark1_controller' for CMake module files
[2.687s] Level 1:colcon.colcon_core.environment:checking '/home/dinhcuong/arm_ws/install/arm_mark1_controller' for CMake config files
[2.688s] Level 1:colcon.colcon_core.shell:create_environment_hook('arm_mark1_controller', 'cmake_prefix_path')
[2.709s] INFO:colcon.colcon_core.shell:Creating environment hook '/home/dinhcuong/arm_ws/install/arm_mark1_controller/share/arm_mark1_controller/hook/cmake_prefix_path.ps1'
[2.709s] INFO:colcon.colcon_core.shell:Creating environment descriptor '/home/dinhcuong/arm_ws/install/arm_mark1_controller/share/arm_mark1_controller/hook/cmake_prefix_path.dsv'
[2.710s] INFO:colcon.colcon_core.shell:Creating environment hook '/home/dinhcuong/arm_ws/install/arm_mark1_controller/share/arm_mark1_controller/hook/cmake_prefix_path.sh'
[2.710s] Level 1:colcon.colcon_core.environment:checking '/home/dinhcuong/arm_ws/install/arm_mark1_controller/bin'
[2.710s] Level 1:colcon.colcon_core.environment:checking '/home/dinhcuong/arm_ws/install/arm_mark1_controller/lib/pkgconfig/arm_mark1_controller.pc'
[2.711s] Level 1:colcon.colcon_core.environment:checking '/home/dinhcuong/arm_ws/install/arm_mark1_controller/lib/python3.10/site-packages'
[2.711s] Level 1:colcon.colcon_core.environment:checking '/home/dinhcuong/arm_ws/install/arm_mark1_controller/bin'
[2.730s] INFO:colcon.colcon_core.shell:Creating package script '/home/dinhcuong/arm_ws/install/arm_mark1_controller/share/arm_mark1_controller/package.ps1'
[2.731s] INFO:colcon.colcon_core.shell:Creating package descriptor '/home/dinhcuong/arm_ws/install/arm_mark1_controller/share/arm_mark1_controller/package.dsv'
[2.731s] INFO:colcon.colcon_core.shell:Creating package script '/home/dinhcuong/arm_ws/install/arm_mark1_controller/share/arm_mark1_controller/package.sh'
[2.732s] INFO:colcon.colcon_core.shell:Creating package script '/home/dinhcuong/arm_ws/install/arm_mark1_controller/share/arm_mark1_controller/package.bash'
[2.732s] INFO:colcon.colcon_core.shell:Creating package script '/home/dinhcuong/arm_ws/install/arm_mark1_controller/share/arm_mark1_controller/package.zsh'
[2.732s] Level 1:colcon.colcon_core.environment:create_file_with_runtime_dependencies(/home/dinhcuong/arm_ws/install/arm_mark1_controller/share/colcon-core/packages/arm_mark1_controller)
[2.734s] Level 1:colcon.colcon_core.environment:create_environment_scripts_only(arm_mark1_moveit)
[2.735s] DEBUG:colcon.colcon_core.event_handler.log_command:Invoked command in '/home/dinhcuong/arm_ws/build/arm_mark1_moveit' returned '0': CMAKE_PREFIX_PATH=${CMAKE_PREFIX_PATH}:/home/dinhcuong/arm_ws/install/test_serverws:/home/dinhcuong/arm_ws/install/server_python:/opt/ros/humble /usr/bin/cmake --install /home/dinhcuong/arm_ws/build/arm_mark1_moveit
[2.764s] Level 1:colcon.colcon_core.environment:checking '/home/dinhcuong/arm_ws/install/arm_mark1_moveit' for CMake module files
[2.765s] Level 1:colcon.colcon_core.environment:checking '/home/dinhcuong/arm_ws/install/arm_mark1_moveit' for CMake config files
[2.765s] Level 1:colcon.colcon_core.shell:create_environment_hook('arm_mark1_moveit', 'cmake_prefix_path')
[2.795s] INFO:colcon.colcon_core.shell:Creating environment hook '/home/dinhcuong/arm_ws/install/arm_mark1_moveit/share/arm_mark1_moveit/hook/cmake_prefix_path.ps1'
[2.796s] INFO:colcon.colcon_core.shell:Creating environment descriptor '/home/dinhcuong/arm_ws/install/arm_mark1_moveit/share/arm_mark1_moveit/hook/cmake_prefix_path.dsv'
[2.796s] INFO:colcon.colcon_core.shell:Creating environment hook '/home/dinhcuong/arm_ws/install/arm_mark1_moveit/share/arm_mark1_moveit/hook/cmake_prefix_path.sh'
[2.797s] Level 1:colcon.colcon_core.environment:checking '/home/dinhcuong/arm_ws/install/arm_mark1_moveit/bin'
[2.797s] Level 1:colcon.colcon_core.environment:checking '/home/dinhcuong/arm_ws/install/arm_mark1_moveit/lib/pkgconfig/arm_mark1_moveit.pc'
[2.798s] Level 1:colcon.colcon_core.environment:checking '/home/dinhcuong/arm_ws/install/arm_mark1_moveit/lib/python3.10/site-packages'
[2.798s] Level 1:colcon.colcon_core.environment:checking '/home/dinhcuong/arm_ws/install/arm_mark1_moveit/bin'
[2.827s] INFO:colcon.colcon_core.shell:Creating package script '/home/dinhcuong/arm_ws/install/arm_mark1_moveit/share/arm_mark1_moveit/package.ps1'
[2.827s] INFO:colcon.colcon_core.shell:Creating package descriptor '/home/dinhcuong/arm_ws/install/arm_mark1_moveit/share/arm_mark1_moveit/package.dsv'
[2.828s] INFO:colcon.colcon_core.shell:Creating package script '/home/dinhcuong/arm_ws/install/arm_mark1_moveit/share/arm_mark1_moveit/package.sh'
[2.828s] INFO:colcon.colcon_core.shell:Creating package script '/home/dinhcuong/arm_ws/install/arm_mark1_moveit/share/arm_mark1_moveit/package.bash'
[2.829s] INFO:colcon.colcon_core.shell:Creating package script '/home/dinhcuong/arm_ws/install/arm_mark1_moveit/share/arm_mark1_moveit/package.zsh'
[2.829s] Level 1:colcon.colcon_core.environment:create_file_with_runtime_dependencies(/home/dinhcuong/arm_ws/install/arm_mark1_moveit/share/colcon-core/packages/arm_mark1_moveit)
[2.854s] Level 1:colcon.colcon_core.environment:create_environment_scripts_only(arm_mark1)
[2.873s] Level 1:colcon.colcon_core.environment:checking '/home/dinhcuong/arm_ws/install/arm_mark1' for CMake module files
[2.874s] Level 1:colcon.colcon_core.environment:checking '/home/dinhcuong/arm_ws/install/arm_mark1' for CMake config files
[2.874s] Level 1:colcon.colcon_core.shell:create_environment_hook('arm_mark1', 'cmake_prefix_path')
[2.893s] INFO:colcon.colcon_core.shell:Creating environment hook '/home/dinhcuong/arm_ws/install/arm_mark1/share/arm_mark1/hook/cmake_prefix_path.ps1'
[2.894s] INFO:colcon.colcon_core.shell:Creating environment descriptor '/home/dinhcuong/arm_ws/install/arm_mark1/share/arm_mark1/hook/cmake_prefix_path.dsv'
[2.894s] INFO:colcon.colcon_core.shell:Creating environment hook '/home/dinhcuong/arm_ws/install/arm_mark1/share/arm_mark1/hook/cmake_prefix_path.sh'
[2.895s] Level 1:colcon.colcon_core.environment:checking '/home/dinhcuong/arm_ws/install/arm_mark1/bin'
[2.895s] Level 1:colcon.colcon_core.environment:checking '/home/dinhcuong/arm_ws/install/arm_mark1/lib/pkgconfig/arm_mark1.pc'
[2.895s] Level 1:colcon.colcon_core.environment:checking '/home/dinhcuong/arm_ws/install/arm_mark1/lib/python3.10/site-packages'
[2.895s] Level 1:colcon.colcon_core.environment:checking '/home/dinhcuong/arm_ws/install/arm_mark1/bin'
[2.916s] INFO:colcon.colcon_core.shell:Creating package script '/home/dinhcuong/arm_ws/install/arm_mark1/share/arm_mark1/package.ps1'
[2.916s] INFO:colcon.colcon_core.shell:Creating package descriptor '/home/dinhcuong/arm_ws/install/arm_mark1/share/arm_mark1/package.dsv'
[2.917s] INFO:colcon.colcon_core.shell:Creating package script '/home/dinhcuong/arm_ws/install/arm_mark1/share/arm_mark1/package.sh'
[2.917s] INFO:colcon.colcon_core.shell:Creating package script '/home/dinhcuong/arm_ws/install/arm_mark1/share/arm_mark1/package.bash'
[2.918s] INFO:colcon.colcon_core.shell:Creating package script '/home/dinhcuong/arm_ws/install/arm_mark1/share/arm_mark1/package.zsh'
[2.918s] Level 1:colcon.colcon_core.environment:create_file_with_runtime_dependencies(/home/dinhcuong/arm_ws/install/arm_mark1/share/colcon-core/packages/arm_mark1)
[2.940s] Level 1:colcon.colcon_core.environment:create_environment_scripts_only(arduinobot_description)
[2.961s] Level 1:colcon.colcon_core.environment:checking '/home/dinhcuong/arm_ws/install/arduinobot_description' for CMake module files
[2.962s] Level 1:colcon.colcon_core.environment:checking '/home/dinhcuong/arm_ws/install/arduinobot_description' for CMake config files
[2.962s] Level 1:colcon.colcon_core.shell:create_environment_hook('arduinobot_description', 'cmake_prefix_path')
[2.983s] INFO:colcon.colcon_core.shell:Creating environment hook '/home/dinhcuong/arm_ws/install/arduinobot_description/share/arduinobot_description/hook/cmake_prefix_path.ps1'
[2.983s] INFO:colcon.colcon_core.shell:Creating environment descriptor '/home/dinhcuong/arm_ws/install/arduinobot_description/share/arduinobot_description/hook/cmake_prefix_path.dsv'
[2.983s] INFO:colcon.colcon_core.shell:Creating environment hook '/home/dinhcuong/arm_ws/install/arduinobot_description/share/arduinobot_description/hook/cmake_prefix_path.sh'
[2.984s] Level 1:colcon.colcon_core.environment:checking '/home/dinhcuong/arm_ws/install/arduinobot_description/bin'
[2.984s] Level 1:colcon.colcon_core.environment:checking '/home/dinhcuong/arm_ws/install/arduinobot_description/lib/pkgconfig/arduinobot_description.pc'
[2.984s] Level 1:colcon.colcon_core.environment:checking '/home/dinhcuong/arm_ws/install/arduinobot_description/lib/python3.10/site-packages'
[2.985s] Level 1:colcon.colcon_core.environment:checking '/home/dinhcuong/arm_ws/install/arduinobot_description/bin'
[3.006s] INFO:colcon.colcon_core.shell:Creating package script '/home/dinhcuong/arm_ws/install/arduinobot_description/share/arduinobot_description/package.ps1'
[3.007s] INFO:colcon.colcon_core.shell:Creating package descriptor '/home/dinhcuong/arm_ws/install/arduinobot_description/share/arduinobot_description/package.dsv'
[3.007s] INFO:colcon.colcon_core.shell:Creating package script '/home/dinhcuong/arm_ws/install/arduinobot_description/share/arduinobot_description/package.sh'
[3.008s] INFO:colcon.colcon_core.shell:Creating package script '/home/dinhcuong/arm_ws/install/arduinobot_description/share/arduinobot_description/package.bash'
[3.008s] INFO:colcon.colcon_core.shell:Creating package script '/home/dinhcuong/arm_ws/install/arduinobot_description/share/arduinobot_description/package.zsh'
[3.009s] Level 1:colcon.colcon_core.environment:create_file_with_runtime_dependencies(/home/dinhcuong/arm_ws/install/arduinobot_description/share/colcon-core/packages/arduinobot_description)
[3.029s] Level 1:colcon.colcon_core.environment:create_environment_scripts_only(arm_mark1_controller)
[3.049s] Level 1:colcon.colcon_core.environment:checking '/home/dinhcuong/arm_ws/install/arm_mark1_controller' for CMake module files
[3.050s] Level 1:colcon.colcon_core.environment:checking '/home/dinhcuong/arm_ws/install/arm_mark1_controller' for CMake config files
[3.050s] Level 1:colcon.colcon_core.shell:create_environment_hook('arm_mark1_controller', 'cmake_prefix_path')
[3.071s] INFO:colcon.colcon_core.shell:Creating environment hook '/home/dinhcuong/arm_ws/install/arm_mark1_controller/share/arm_mark1_controller/hook/cmake_prefix_path.ps1'
[3.071s] INFO:colcon.colcon_core.shell:Creating environment descriptor '/home/dinhcuong/arm_ws/install/arm_mark1_controller/share/arm_mark1_controller/hook/cmake_prefix_path.dsv'
[3.072s] INFO:colcon.colcon_core.shell:Creating environment hook '/home/dinhcuong/arm_ws/install/arm_mark1_controller/share/arm_mark1_controller/hook/cmake_prefix_path.sh'
[3.072s] Level 1:colcon.colcon_core.environment:checking '/home/dinhcuong/arm_ws/install/arm_mark1_controller/bin'
[3.072s] Level 1:colcon.colcon_core.environment:checking '/home/dinhcuong/arm_ws/install/arm_mark1_controller/lib/pkgconfig/arm_mark1_controller.pc'
[3.072s] Level 1:colcon.colcon_core.environment:checking '/home/dinhcuong/arm_ws/install/arm_mark1_controller/lib/python3.10/site-packages'
[3.073s] Level 1:colcon.colcon_core.environment:checking '/home/dinhcuong/arm_ws/install/arm_mark1_controller/bin'
[3.093s] INFO:colcon.colcon_core.shell:Creating package script '/home/dinhcuong/arm_ws/install/arm_mark1_controller/share/arm_mark1_controller/package.ps1'
[3.093s] INFO:colcon.colcon_core.shell:Creating package descriptor '/home/dinhcuong/arm_ws/install/arm_mark1_controller/share/arm_mark1_controller/package.dsv'
[3.094s] INFO:colcon.colcon_core.shell:Creating package script '/home/dinhcuong/arm_ws/install/arm_mark1_controller/share/arm_mark1_controller/package.sh'
[3.094s] INFO:colcon.colcon_core.shell:Creating package script '/home/dinhcuong/arm_ws/install/arm_mark1_controller/share/arm_mark1_controller/package.bash'
[3.095s] INFO:colcon.colcon_core.shell:Creating package script '/home/dinhcuong/arm_ws/install/arm_mark1_controller/share/arm_mark1_controller/package.zsh'
[3.095s] Level 1:colcon.colcon_core.environment:create_file_with_runtime_dependencies(/home/dinhcuong/arm_ws/install/arm_mark1_controller/share/colcon-core/packages/arm_mark1_controller)
[3.125s] Level 1:colcon.colcon_core.environment:create_environment_scripts_only(arm_mark1_moveit)
[3.149s] Level 1:colcon.colcon_core.environment:checking '/home/dinhcuong/arm_ws/install/arm_mark1_moveit' for CMake module files
[3.149s] Level 1:colcon.colcon_core.environment:checking '/home/dinhcuong/arm_ws/install/arm_mark1_moveit' for CMake config files
[3.150s] Level 1:colcon.colcon_core.shell:create_environment_hook('arm_mark1_moveit', 'cmake_prefix_path')
[3.169s] INFO:colcon.colcon_core.shell:Creating environment hook '/home/dinhcuong/arm_ws/install/arm_mark1_moveit/share/arm_mark1_moveit/hook/cmake_prefix_path.ps1'
[3.169s] INFO:colcon.colcon_core.shell:Creating environment descriptor '/home/dinhcuong/arm_ws/install/arm_mark1_moveit/share/arm_mark1_moveit/hook/cmake_prefix_path.dsv'
[3.170s] INFO:colcon.colcon_core.shell:Creating environment hook '/home/dinhcuong/arm_ws/install/arm_mark1_moveit/share/arm_mark1_moveit/hook/cmake_prefix_path.sh'
[3.170s] Level 1:colcon.colcon_core.environment:checking '/home/dinhcuong/arm_ws/install/arm_mark1_moveit/bin'
[3.170s] Level 1:colcon.colcon_core.environment:checking '/home/dinhcuong/arm_ws/install/arm_mark1_moveit/lib/pkgconfig/arm_mark1_moveit.pc'
[3.171s] Level 1:colcon.colcon_core.environment:checking '/home/dinhcuong/arm_ws/install/arm_mark1_moveit/lib/python3.10/site-packages'
[3.171s] Level 1:colcon.colcon_core.environment:checking '/home/dinhcuong/arm_ws/install/arm_mark1_moveit/bin'
[3.200s] INFO:colcon.colcon_core.shell:Creating package script '/home/dinhcuong/arm_ws/install/arm_mark1_moveit/share/arm_mark1_moveit/package.ps1'
[3.201s] INFO:colcon.colcon_core.shell:Creating package descriptor '/home/dinhcuong/arm_ws/install/arm_mark1_moveit/share/arm_mark1_moveit/package.dsv'
[3.202s] INFO:colcon.colcon_core.shell:Creating package script '/home/dinhcuong/arm_ws/install/arm_mark1_moveit/share/arm_mark1_moveit/package.sh'
[3.202s] INFO:colcon.colcon_core.shell:Creating package script '/home/dinhcuong/arm_ws/install/arm_mark1_moveit/share/arm_mark1_moveit/package.bash'
[3.203s] INFO:colcon.colcon_core.shell:Creating package script '/home/dinhcuong/arm_ws/install/arm_mark1_moveit/share/arm_mark1_moveit/package.zsh'
[3.204s] Level 1:colcon.colcon_core.environment:create_file_with_runtime_dependencies(/home/dinhcuong/arm_ws/install/arm_mark1_moveit/share/colcon-core/packages/arm_mark1_moveit)
[3.205s] DEBUG:colcon.colcon_core.event_handler.log_command:Invoked command in '/home/dinhcuong/arm_ws/build/custom_msgs' returned '0': CMAKE_PREFIX_PATH=${CMAKE_PREFIX_PATH}:/home/dinhcuong/arm_ws/install/test_serverws:/home/dinhcuong/arm_ws/install/server_python:/opt/ros/humble /usr/bin/cmake --build /home/dinhcuong/arm_ws/build/custom_msgs -- -j8 -l8
[3.209s] DEBUG:colcon.colcon_core.event_handler.log_command:Invoked command in '/home/dinhcuong/arm_ws/build/arduinobot_controller' returned '0': CMAKE_PREFIX_PATH=${CMAKE_PREFIX_PATH}:/home/dinhcuong/arm_ws/install/test_serverws:/home/dinhcuong/arm_ws/install/server_python:/opt/ros/humble /usr/bin/cmake /home/dinhcuong/arm_ws/src/arduinobot_controller -DCMAKE_INSTALL_PREFIX=/home/dinhcuong/arm_ws/install/arduinobot_controller
[3.210s] DEBUG:colcon.colcon_core.event_handler.log_command:Invoking command in '/home/dinhcuong/arm_ws/build/arduinobot_controller': CMAKE_PREFIX_PATH=${CMAKE_PREFIX_PATH}:/home/dinhcuong/arm_ws/install/test_serverws:/home/dinhcuong/arm_ws/install/server_python:/opt/ros/humble /usr/bin/cmake --build /home/dinhcuong/arm_ws/build/arduinobot_controller -- -j8 -l8
[3.255s] DEBUG:colcon.colcon_core.event_handler.log_command:Invoked command in '/home/dinhcuong/arm_ws/build/arduinobot_controller' returned '0': CMAKE_PREFIX_PATH=${CMAKE_PREFIX_PATH}:/home/dinhcuong/arm_ws/install/test_serverws:/home/dinhcuong/arm_ws/install/server_python:/opt/ros/humble /usr/bin/cmake --build /home/dinhcuong/arm_ws/build/arduinobot_controller -- -j8 -l8
[3.267s] DEBUG:colcon.colcon_core.event_handler.log_command:Invoking command in '/home/dinhcuong/arm_ws/build/custom_msgs': CMAKE_PREFIX_PATH=${CMAKE_PREFIX_PATH}:/home/dinhcuong/arm_ws/install/test_serverws:/home/dinhcuong/arm_ws/install/server_python:/opt/ros/humble /usr/bin/cmake --install /home/dinhcuong/arm_ws/build/custom_msgs
[3.278s] DEBUG:colcon.colcon_core.event_handler.log_command:Invoking command in '/home/dinhcuong/arm_ws/build/arduinobot_controller': CMAKE_PREFIX_PATH=${CMAKE_PREFIX_PATH}:/home/dinhcuong/arm_ws/install/test_serverws:/home/dinhcuong/arm_ws/install/server_python:/opt/ros/humble /usr/bin/cmake --install /home/dinhcuong/arm_ws/build/arduinobot_controller
[3.294s] Level 1:colcon.colcon_core.environment:create_environment_scripts_only(arduinobot_controller)
[3.295s] DEBUG:colcon.colcon_core.event_handler.log_command:Invoked command in '/home/dinhcuong/arm_ws/build/arduinobot_controller' returned '0': CMAKE_PREFIX_PATH=${CMAKE_PREFIX_PATH}:/home/dinhcuong/arm_ws/install/test_serverws:/home/dinhcuong/arm_ws/install/server_python:/opt/ros/humble /usr/bin/cmake --install /home/dinhcuong/arm_ws/build/arduinobot_controller
[3.315s] Level 1:colcon.colcon_core.environment:checking '/home/dinhcuong/arm_ws/install/arduinobot_controller' for CMake module files
[3.315s] Level 1:colcon.colcon_core.environment:checking '/home/dinhcuong/arm_ws/install/arduinobot_controller' for CMake config files
[3.315s] Level 1:colcon.colcon_core.shell:create_environment_hook('arduinobot_controller', 'cmake_prefix_path')
[3.342s] INFO:colcon.colcon_core.shell:Creating environment hook '/home/dinhcuong/arm_ws/install/arduinobot_controller/share/arduinobot_controller/hook/cmake_prefix_path.ps1'
[3.342s] INFO:colcon.colcon_core.shell:Creating environment descriptor '/home/dinhcuong/arm_ws/install/arduinobot_controller/share/arduinobot_controller/hook/cmake_prefix_path.dsv'
[3.342s] INFO:colcon.colcon_core.shell:Creating environment hook '/home/dinhcuong/arm_ws/install/arduinobot_controller/share/arduinobot_controller/hook/cmake_prefix_path.sh'
[3.343s] Level 1:colcon.colcon_core.environment:checking '/home/dinhcuong/arm_ws/install/arduinobot_controller/bin'
[3.343s] Level 1:colcon.colcon_core.environment:checking '/home/dinhcuong/arm_ws/install/arduinobot_controller/lib/pkgconfig/arduinobot_controller.pc'
[3.343s] Level 1:colcon.colcon_core.environment:checking '/home/dinhcuong/arm_ws/install/arduinobot_controller/lib/python3.10/site-packages'
[3.344s] Level 1:colcon.colcon_core.environment:checking '/home/dinhcuong/arm_ws/install/arduinobot_controller/bin'
[3.366s] INFO:colcon.colcon_core.shell:Creating package script '/home/dinhcuong/arm_ws/install/arduinobot_controller/share/arduinobot_controller/package.ps1'
[3.367s] INFO:colcon.colcon_core.shell:Creating package descriptor '/home/dinhcuong/arm_ws/install/arduinobot_controller/share/arduinobot_controller/package.dsv'
[3.367s] INFO:colcon.colcon_core.shell:Creating package script '/home/dinhcuong/arm_ws/install/arduinobot_controller/share/arduinobot_controller/package.sh'
[3.368s] INFO:colcon.colcon_core.shell:Creating package script '/home/dinhcuong/arm_ws/install/arduinobot_controller/share/arduinobot_controller/package.bash'
[3.368s] INFO:colcon.colcon_core.shell:Creating package script '/home/dinhcuong/arm_ws/install/arduinobot_controller/share/arduinobot_controller/package.zsh'
[3.369s] Level 1:colcon.colcon_core.environment:create_file_with_runtime_dependencies(/home/dinhcuong/arm_ws/install/arduinobot_controller/share/colcon-core/packages/arduinobot_controller)
[3.370s] Level 1:colcon.colcon_core.environment:create_environment_scripts_only(custom_msgs)
[3.371s] DEBUG:colcon.colcon_core.event_handler.log_command:Invoked command in '/home/dinhcuong/arm_ws/build/custom_msgs' returned '0': CMAKE_PREFIX_PATH=${CMAKE_PREFIX_PATH}:/home/dinhcuong/arm_ws/install/test_serverws:/home/dinhcuong/arm_ws/install/server_python:/opt/ros/humble /usr/bin/cmake --install /home/dinhcuong/arm_ws/build/custom_msgs
[3.393s] Level 1:colcon.colcon_core.environment:checking '/home/dinhcuong/arm_ws/install/custom_msgs' for CMake module files
[3.394s] Level 1:colcon.colcon_core.environment:checking '/home/dinhcuong/arm_ws/install/custom_msgs' for CMake config files
[3.395s] Level 1:colcon.colcon_core.shell:create_environment_hook('custom_msgs', 'cmake_prefix_path')
[3.417s] INFO:colcon.colcon_core.shell:Creating environment hook '/home/dinhcuong/arm_ws/install/custom_msgs/share/custom_msgs/hook/cmake_prefix_path.ps1'
[3.418s] INFO:colcon.colcon_core.shell:Creating environment descriptor '/home/dinhcuong/arm_ws/install/custom_msgs/share/custom_msgs/hook/cmake_prefix_path.dsv'
[3.418s] INFO:colcon.colcon_core.shell:Creating environment hook '/home/dinhcuong/arm_ws/install/custom_msgs/share/custom_msgs/hook/cmake_prefix_path.sh'
[3.419s] Level 1:colcon.colcon_core.environment:checking '/home/dinhcuong/arm_ws/install/custom_msgs/lib'
[3.419s] Level 1:colcon.colcon_core.shell:create_environment_hook('custom_msgs', 'ld_library_path_lib')
[3.437s] INFO:colcon.colcon_core.shell:Creating environment hook '/home/dinhcuong/arm_ws/install/custom_msgs/share/custom_msgs/hook/ld_library_path_lib.ps1'
[3.438s] INFO:colcon.colcon_core.shell:Creating environment descriptor '/home/dinhcuong/arm_ws/install/custom_msgs/share/custom_msgs/hook/ld_library_path_lib.dsv'
[3.438s] INFO:colcon.colcon_core.shell:Creating environment hook '/home/dinhcuong/arm_ws/install/custom_msgs/share/custom_msgs/hook/ld_library_path_lib.sh'
[3.438s] Level 1:colcon.colcon_core.environment:checking '/home/dinhcuong/arm_ws/install/custom_msgs/bin'
[3.438s] Level 1:colcon.colcon_core.environment:checking '/home/dinhcuong/arm_ws/install/custom_msgs/lib/pkgconfig/custom_msgs.pc'
[3.439s] Level 1:colcon.colcon_core.environment:checking '/home/dinhcuong/arm_ws/install/custom_msgs/lib/python3.10/site-packages'
[3.439s] Level 1:colcon.colcon_core.environment:checking '/home/dinhcuong/arm_ws/install/custom_msgs/bin'
[3.458s] INFO:colcon.colcon_core.shell:Creating package script '/home/dinhcuong/arm_ws/install/custom_msgs/share/custom_msgs/package.ps1'
[3.458s] INFO:colcon.colcon_core.shell:Creating package descriptor '/home/dinhcuong/arm_ws/install/custom_msgs/share/custom_msgs/package.dsv'
[3.459s] INFO:colcon.colcon_core.shell:Creating package script '/home/dinhcuong/arm_ws/install/custom_msgs/share/custom_msgs/package.sh'
[3.459s] INFO:colcon.colcon_core.shell:Creating package script '/home/dinhcuong/arm_ws/install/custom_msgs/share/custom_msgs/package.bash'
[3.460s] INFO:colcon.colcon_core.shell:Creating package script '/home/dinhcuong/arm_ws/install/custom_msgs/share/custom_msgs/package.zsh'
[3.460s] Level 1:colcon.colcon_core.environment:create_file_with_runtime_dependencies(/home/dinhcuong/arm_ws/install/custom_msgs/share/colcon-core/packages/custom_msgs)
[3.480s] Level 1:colcon.colcon_core.environment:create_environment_scripts_only(arduinobot_controller)
[3.502s] Level 1:colcon.colcon_core.environment:checking '/home/dinhcuong/arm_ws/install/arduinobot_controller' for CMake module files
[3.502s] Level 1:colcon.colcon_core.environment:checking '/home/dinhcuong/arm_ws/install/arduinobot_controller' for CMake config files
[3.502s] Level 1:colcon.colcon_core.shell:create_environment_hook('arduinobot_controller', 'cmake_prefix_path')
[3.522s] INFO:colcon.colcon_core.shell:Creating environment hook '/home/dinhcuong/arm_ws/install/arduinobot_controller/share/arduinobot_controller/hook/cmake_prefix_path.ps1'
[3.522s] INFO:colcon.colcon_core.shell:Creating environment descriptor '/home/dinhcuong/arm_ws/install/arduinobot_controller/share/arduinobot_controller/hook/cmake_prefix_path.dsv'
[3.523s] INFO:colcon.colcon_core.shell:Creating environment hook '/home/dinhcuong/arm_ws/install/arduinobot_controller/share/arduinobot_controller/hook/cmake_prefix_path.sh'
[3.523s] Level 1:colcon.colcon_core.environment:checking '/home/dinhcuong/arm_ws/install/arduinobot_controller/bin'
[3.523s] Level 1:colcon.colcon_core.environment:checking '/home/dinhcuong/arm_ws/install/arduinobot_controller/lib/pkgconfig/arduinobot_controller.pc'
[3.524s] Level 1:colcon.colcon_core.environment:checking '/home/dinhcuong/arm_ws/install/arduinobot_controller/lib/python3.10/site-packages'
[3.524s] Level 1:colcon.colcon_core.environment:checking '/home/dinhcuong/arm_ws/install/arduinobot_controller/bin'
[3.545s] INFO:colcon.colcon_core.shell:Creating package script '/home/dinhcuong/arm_ws/install/arduinobot_controller/share/arduinobot_controller/package.ps1'
[3.546s] INFO:colcon.colcon_core.shell:Creating package descriptor '/home/dinhcuong/arm_ws/install/arduinobot_controller/share/arduinobot_controller/package.dsv'
[3.546s] INFO:colcon.colcon_core.shell:Creating package script '/home/dinhcuong/arm_ws/install/arduinobot_controller/share/arduinobot_controller/package.sh'
[3.547s] INFO:colcon.colcon_core.shell:Creating package script '/home/dinhcuong/arm_ws/install/arduinobot_controller/share/arduinobot_controller/package.bash'
[3.547s] INFO:colcon.colcon_core.shell:Creating package script '/home/dinhcuong/arm_ws/install/arduinobot_controller/share/arduinobot_controller/package.zsh'
[3.548s] Level 1:colcon.colcon_core.environment:create_file_with_runtime_dependencies(/home/dinhcuong/arm_ws/install/arduinobot_controller/share/colcon-core/packages/arduinobot_controller)
[3.583s] Level 1:colcon.colcon_core.environment:create_environment_scripts_only(custom_msgs)
[3.612s] Level 1:colcon.colcon_core.environment:checking '/home/dinhcuong/arm_ws/install/custom_msgs' for CMake module files
[3.613s] Level 1:colcon.colcon_core.environment:checking '/home/dinhcuong/arm_ws/install/custom_msgs' for CMake config files
[3.613s] Level 1:colcon.colcon_core.shell:create_environment_hook('custom_msgs', 'cmake_prefix_path')
[3.632s] INFO:colcon.colcon_core.shell:Creating environment hook '/home/dinhcuong/arm_ws/install/custom_msgs/share/custom_msgs/hook/cmake_prefix_path.ps1'
[3.633s] INFO:colcon.colcon_core.shell:Creating environment descriptor '/home/dinhcuong/arm_ws/install/custom_msgs/share/custom_msgs/hook/cmake_prefix_path.dsv'
[3.633s] INFO:colcon.colcon_core.shell:Creating environment hook '/home/dinhcuong/arm_ws/install/custom_msgs/share/custom_msgs/hook/cmake_prefix_path.sh'
[3.634s] Level 1:colcon.colcon_core.environment:checking '/home/dinhcuong/arm_ws/install/custom_msgs/lib'
[3.634s] Level 1:colcon.colcon_core.shell:create_environment_hook('custom_msgs', 'ld_library_path_lib')
[3.653s] INFO:colcon.colcon_core.shell:Creating environment hook '/home/dinhcuong/arm_ws/install/custom_msgs/share/custom_msgs/hook/ld_library_path_lib.ps1'
[3.654s] INFO:colcon.colcon_core.shell:Creating environment descriptor '/home/dinhcuong/arm_ws/install/custom_msgs/share/custom_msgs/hook/ld_library_path_lib.dsv'
[3.654s] INFO:colcon.colcon_core.shell:Creating environment hook '/home/dinhcuong/arm_ws/install/custom_msgs/share/custom_msgs/hook/ld_library_path_lib.sh'
[3.655s] Level 1:colcon.colcon_core.environment:checking '/home/dinhcuong/arm_ws/install/custom_msgs/bin'
[3.655s] Level 1:colcon.colcon_core.environment:checking '/home/dinhcuong/arm_ws/install/custom_msgs/lib/pkgconfig/custom_msgs.pc'
[3.655s] Level 1:colcon.colcon_core.environment:checking '/home/dinhcuong/arm_ws/install/custom_msgs/lib/python3.10/site-packages'
[3.655s] Level 1:colcon.colcon_core.environment:checking '/home/dinhcuong/arm_ws/install/custom_msgs/bin'
[3.675s] INFO:colcon.colcon_core.shell:Creating package script '/home/dinhcuong/arm_ws/install/custom_msgs/share/custom_msgs/package.ps1'
[3.675s] INFO:colcon.colcon_core.shell:Creating package descriptor '/home/dinhcuong/arm_ws/install/custom_msgs/share/custom_msgs/package.dsv'
[3.676s] INFO:colcon.colcon_core.shell:Creating package script '/home/dinhcuong/arm_ws/install/custom_msgs/share/custom_msgs/package.sh'
[3.676s] INFO:colcon.colcon_core.shell:Creating package script '/home/dinhcuong/arm_ws/install/custom_msgs/share/custom_msgs/package.bash'
[3.677s] INFO:colcon.colcon_core.shell:Creating package script '/home/dinhcuong/arm_ws/install/custom_msgs/share/custom_msgs/package.zsh'
[3.677s] Level 1:colcon.colcon_core.environment:create_file_with_runtime_dependencies(/home/dinhcuong/arm_ws/install/custom_msgs/share/colcon-core/packages/custom_msgs)
[3.677s] INFO:colcon.colcon_ros.task.ament_python.build:Building ROS package in '/home/dinhcuong/arm_ws/src/server_python' with build type 'ament_python'
[3.678s] Level 1:colcon.colcon_core.shell:create_environment_hook('server_python', 'ament_prefix_path')
[3.699s] INFO:colcon.colcon_core.shell:Creating environment hook '/home/dinhcuong/arm_ws/install/server_python/share/server_python/hook/ament_prefix_path.ps1'
[3.700s] INFO:colcon.colcon_core.shell:Creating environment descriptor '/home/dinhcuong/arm_ws/install/server_python/share/server_python/hook/ament_prefix_path.dsv'
[3.700s] INFO:colcon.colcon_core.shell:Creating environment hook '/home/dinhcuong/arm_ws/install/server_python/share/server_python/hook/ament_prefix_path.sh'
[3.722s] INFO:colcon.colcon_core.shell:Skip shell extension 'powershell' for command environment: Not usable outside of PowerShell
[3.722s] DEBUG:colcon.colcon_core.shell:Skip shell extension 'dsv' for command environment
[4.099s] INFO:colcon.colcon_core.task.python.build:Building Python package in '/home/dinhcuong/arm_ws/src/server_python'
[4.119s] INFO:colcon.colcon_core.shell:Skip shell extension 'powershell' for command environment: Not usable outside of PowerShell
[4.119s] DEBUG:colcon.colcon_core.shell:Skip shell extension 'dsv' for command environment
[4.615s] DEBUG:colcon.colcon_core.event_handler.log_command:Invoking command in '/home/dinhcuong/arm_ws/src/server_python': PYTHONPATH=/home/dinhcuong/arm_ws/build/server_python/prefix_override:/home/dinhcuong/arm_ws/install/server_python/lib/python3.10/site-packages:${PYTHONPATH} /usr/bin/python3 setup.py egg_info --egg-base ../../build/server_python build --build-base /home/dinhcuong/arm_ws/build/server_python/build install --record /home/dinhcuong/arm_ws/build/server_python/install.log --single-version-externally-managed
[4.948s] DEBUG:colcon.colcon_core.event_handler.log_command:Invoked command in '/home/dinhcuong/arm_ws/src/server_python' returned '0': PYTHONPATH=/home/dinhcuong/arm_ws/build/server_python/prefix_override:/home/dinhcuong/arm_ws/install/server_python/lib/python3.10/site-packages:${PYTHONPATH} /usr/bin/python3 setup.py egg_info --egg-base ../../build/server_python build --build-base /home/dinhcuong/arm_ws/build/server_python/build install --record /home/dinhcuong/arm_ws/build/server_python/install.log --single-version-externally-managed
[4.965s] Level 1:colcon.colcon_core.environment:checking '/home/dinhcuong/arm_ws/install/server_python' for CMake module files
[4.966s] Level 1:colcon.colcon_core.environment:checking '/home/dinhcuong/arm_ws/install/server_python' for CMake config files
[4.966s] Level 1:colcon.colcon_core.environment:checking '/home/dinhcuong/arm_ws/install/server_python/lib'
[4.966s] Level 1:colcon.colcon_core.environment:checking '/home/dinhcuong/arm_ws/install/server_python/bin'
[4.967s] Level 1:colcon.colcon_core.environment:checking '/home/dinhcuong/arm_ws/install/server_python/lib/pkgconfig/server_python.pc'
[4.967s] Level 1:colcon.colcon_core.environment:checking '/home/dinhcuong/arm_ws/install/server_python/lib/python3.10/site-packages'
[4.967s] Level 1:colcon.colcon_core.shell:create_environment_hook('server_python', 'pythonpath')
[4.985s] INFO:colcon.colcon_core.shell:Creating environment hook '/home/dinhcuong/arm_ws/install/server_python/share/server_python/hook/pythonpath.ps1'
[4.986s] INFO:colcon.colcon_core.shell:Creating environment descriptor '/home/dinhcuong/arm_ws/install/server_python/share/server_python/hook/pythonpath.dsv'
[4.986s] INFO:colcon.colcon_core.shell:Creating environment hook '/home/dinhcuong/arm_ws/install/server_python/share/server_python/hook/pythonpath.sh'
[4.987s] Level 1:colcon.colcon_core.environment:checking '/home/dinhcuong/arm_ws/install/server_python/bin'
[4.987s] Level 1:colcon.colcon_core.environment:create_environment_scripts_only(server_python)
[5.006s] INFO:colcon.colcon_core.shell:Creating package script '/home/dinhcuong/arm_ws/install/server_python/share/server_python/package.ps1'
[5.007s] INFO:colcon.colcon_core.shell:Creating package descriptor '/home/dinhcuong/arm_ws/install/server_python/share/server_python/package.dsv'
[5.008s] INFO:colcon.colcon_core.shell:Creating package script '/home/dinhcuong/arm_ws/install/server_python/share/server_python/package.sh'
[5.008s] INFO:colcon.colcon_core.shell:Creating package script '/home/dinhcuong/arm_ws/install/server_python/share/server_python/package.bash'
[5.009s] INFO:colcon.colcon_core.shell:Creating package script '/home/dinhcuong/arm_ws/install/server_python/share/server_python/package.zsh'
[5.009s] Level 1:colcon.colcon_core.environment:create_file_with_runtime_dependencies(/home/dinhcuong/arm_ws/install/server_python/share/colcon-core/packages/server_python)
[5.010s] DEBUG:colcon.colcon_parallel_executor.executor.parallel:closing loop
[5.010s] DEBUG:colcon.colcon_parallel_executor.executor.parallel:loop closed
[5.010s] DEBUG:colcon.colcon_parallel_executor.executor.parallel:run_until_complete finished with '0'
[5.010s] DEBUG:colcon.colcon_core.event_reactor:joining thread
[5.037s] INFO:colcon.colcon_core.plugin_system:Skipping extension 'colcon_notification.desktop_notification.terminal_notifier': Not used on non-Darwin systems
[5.037s] INFO:colcon.colcon_core.plugin_system:Skipping extension 'colcon_notification.desktop_notification.win32': Not used on non-Windows systems
[5.037s] INFO:colcon.colcon_notification.desktop_notification:Sending desktop notification using 'notify2'
[5.047s] DEBUG:colcon.colcon_core.event_reactor:joined thread
[5.066s] INFO:colcon.colcon_core.shell:Creating prefix script '/home/dinhcuong/arm_ws/install/local_setup.ps1'
[5.067s] INFO:colcon.colcon_core.shell:Creating prefix util module '/home/dinhcuong/arm_ws/install/_local_setup_util_ps1.py'
[5.069s] INFO:colcon.colcon_core.shell:Creating prefix chain script '/home/dinhcuong/arm_ws/install/setup.ps1'
[5.087s] INFO:colcon.colcon_core.shell:Creating prefix script '/home/dinhcuong/arm_ws/install/local_setup.sh'
[5.088s] INFO:colcon.colcon_core.shell:Creating prefix util module '/home/dinhcuong/arm_ws/install/_local_setup_util_sh.py'
[5.088s] INFO:colcon.colcon_core.shell:Creating prefix chain script '/home/dinhcuong/arm_ws/install/setup.sh'
[5.107s] INFO:colcon.colcon_core.shell:Creating prefix script '/home/dinhcuong/arm_ws/install/local_setup.bash'
[5.108s] INFO:colcon.colcon_core.shell:Creating prefix chain script '/home/dinhcuong/arm_ws/install/setup.bash'
[5.126s] INFO:colcon.colcon_core.shell:Creating prefix script '/home/dinhcuong/arm_ws/install/local_setup.zsh'
[5.126s] INFO:colcon.colcon_core.shell:Creating prefix chain script '/home/dinhcuong/arm_ws/install/setup.zsh'
