[0.066s] Invoking command in '/home/dinhcuong/arm_ws/build/arm_mark1_moveit': CMAKE_PREFIX_PATH=/opt/ros/humble /usr/bin/cmake /home/dinhcuong/arm_ws/arm_mark1_moveit -DCMAKE_INSTALL_PREFIX=/home/dinhcuong/arm_ws/install/arm_mark1_moveit
[0.121s] -- The C compiler identification is GNU 11.4.0
[0.176s] -- The CXX compiler identification is GNU 11.4.0
[0.185s] -- Detecting C compiler ABI info
[0.246s] -- Detecting C compiler ABI info - done
[0.257s] -- Check for working C compiler: /usr/bin/cc - skipped
[0.257s] -- Detecting C compile features
[0.257s] -- Detecting C compile features - done
[0.261s] -- Detecting CXX compiler ABI info
[0.325s] -- Detecting CXX compiler ABI info - done
[0.331s] -- Check for working CXX compiler: /usr/bin/c++ - skipped
[0.333s] -- Detecting CXX compile features
[0.334s] -- Detecting CXX compile features - done
[0.334s] -- Found ament_cmake: 1.3.8 (/opt/ros/humble/share/ament_cmake/cmake)
[0.457s] -- Found Python3: /usr/bin/python3 (found version "3.10.12") found components: Interpreter 
[0.545s] -- Found ament_lint_auto: 0.12.10 (/opt/ros/humble/share/ament_lint_auto/cmake)
[0.612s] -- Added test 'lint_cmake' to check CMake code style
[0.613s] -- Added test 'xmllint' to check XML markup files
[0.613s] -- Configuring done
[0.615s] -- Generating done
[0.615s] -- Build files have been written to: /home/dinhcuong/arm_ws/build/arm_mark1_moveit
[0.716s] Invoked command in '/home/dinhcuong/arm_ws/build/arm_mark1_moveit' returned '0': CMAKE_PREFIX_PATH=/opt/ros/humble /usr/bin/cmake /home/dinhcuong/arm_ws/arm_mark1_moveit -DCMAKE_INSTALL_PREFIX=/home/dinhcuong/arm_ws/install/arm_mark1_moveit
[0.717s] Invoking command in '/home/dinhcuong/arm_ws/build/arm_mark1_moveit': CMAKE_PREFIX_PATH=/opt/ros/humble /usr/bin/cmake --build /home/dinhcuong/arm_ws/build/arm_mark1_moveit -- -j8 -l8
[0.953s] Invoked command in '/home/dinhcuong/arm_ws/build/arm_mark1_moveit' returned '0': CMAKE_PREFIX_PATH=/opt/ros/humble /usr/bin/cmake --build /home/dinhcuong/arm_ws/build/arm_mark1_moveit -- -j8 -l8
[0.968s] Invoking command in '/home/dinhcuong/arm_ws/build/arm_mark1_moveit': CMAKE_PREFIX_PATH=/opt/ros/humble /usr/bin/cmake --install /home/dinhcuong/arm_ws/build/arm_mark1_moveit
[0.973s] -- Install configuration: ""
[0.974s] -- Installing: /home/dinhcuong/arm_ws/install/arm_mark1_moveit/share/ament_index/resource_index/package_run_dependencies/arm_mark1_moveit
[0.974s] -- Installing: /home/dinhcuong/arm_ws/install/arm_mark1_moveit/share/ament_index/resource_index/parent_prefix_path/arm_mark1_moveit
[0.974s] -- Installing: /home/dinhcuong/arm_ws/install/arm_mark1_moveit/share/arm_mark1_moveit/environment/ament_prefix_path.sh
[0.974s] -- Installing: /home/dinhcuong/arm_ws/install/arm_mark1_moveit/share/arm_mark1_moveit/environment/ament_prefix_path.dsv
[0.974s] -- Installing: /home/dinhcuong/arm_ws/install/arm_mark1_moveit/share/arm_mark1_moveit/environment/path.sh
[0.974s] -- Installing: /home/dinhcuong/arm_ws/install/arm_mark1_moveit/share/arm_mark1_moveit/environment/path.dsv
[0.974s] -- Installing: /home/dinhcuong/arm_ws/install/arm_mark1_moveit/share/arm_mark1_moveit/local_setup.bash
[0.974s] -- Installing: /home/dinhcuong/arm_ws/install/arm_mark1_moveit/share/arm_mark1_moveit/local_setup.sh
[0.975s] -- Installing: /home/dinhcuong/arm_ws/install/arm_mark1_moveit/share/arm_mark1_moveit/local_setup.zsh
[0.975s] -- Installing: /home/dinhcuong/arm_ws/install/arm_mark1_moveit/share/arm_mark1_moveit/local_setup.dsv
[0.975s] -- Installing: /home/dinhcuong/arm_ws/install/arm_mark1_moveit/share/arm_mark1_moveit/package.dsv
[0.975s] -- Installing: /home/dinhcuong/arm_ws/install/arm_mark1_moveit/share/ament_index/resource_index/packages/arm_mark1_moveit
[0.975s] -- Installing: /home/dinhcuong/arm_ws/install/arm_mark1_moveit/share/arm_mark1_moveit/cmake/arm_mark1_moveitConfig.cmake
[0.975s] -- Installing: /home/dinhcuong/arm_ws/install/arm_mark1_moveit/share/arm_mark1_moveit/cmake/arm_mark1_moveitConfig-version.cmake
[0.975s] -- Installing: /home/dinhcuong/arm_ws/install/arm_mark1_moveit/share/arm_mark1_moveit/package.xml
[0.976s] Invoked command in '/home/dinhcuong/arm_ws/build/arm_mark1_moveit' returned '0': CMAKE_PREFIX_PATH=/opt/ros/humble /usr/bin/cmake --install /home/dinhcuong/arm_ws/build/arm_mark1_moveit
