[0.274s] Invoking command in '/home/dinhcuong/arm_ws/build/arduinobot_moveit': CMAKE_PREFIX_PATH=${CMAKE_PREFIX_PATH}:/home/dinhcuong/arm_ws/install/test_serverws:/home/dinhcuong/arm_ws/install/server_python:/opt/ros/humble /usr/bin/cmake --build /home/dinhcuong/arm_ws/build/arduinobot_moveit -- -j8 -l8
[0.343s] Invoked command in '/home/dinhcuong/arm_ws/build/arduinobot_moveit' returned '0': CMAKE_PREFIX_PATH=${CMAKE_PREFIX_PATH}:/home/dinhcuong/arm_ws/install/test_serverws:/home/dinhcuong/arm_ws/install/server_python:/opt/ros/humble /usr/bin/cmake --build /home/dinhcuong/arm_ws/build/arduinobot_moveit -- -j8 -l8
[0.368s] Invoking command in '/home/dinhcuong/arm_ws/build/arduinobot_moveit': CMAKE_PREFIX_PATH=${CMAKE_PREFIX_PATH}:/home/dinhcuong/arm_ws/install/test_serverws:/home/dinhcuong/arm_ws/install/server_python:/opt/ros/humble /usr/bin/cmake --install /home/dinhcuong/arm_ws/build/arduinobot_moveit
[0.376s] -- Install configuration: ""
[0.378s] -- Execute custom install script
[0.378s] -- Up-to-date symlink: /home/dinhcuong/arm_ws/install/arduinobot_moveit/share/arduinobot_moveit/launch/moveit.launch.py
[0.379s] -- Up-to-date symlink: /home/dinhcuong/arm_ws/install/arduinobot_moveit/share/arduinobot_moveit/config/arduinobot.srdf
[0.379s] -- Up-to-date symlink: /home/dinhcuong/arm_ws/install/arduinobot_moveit/share/arduinobot_moveit/config/initial_positions.yaml
[0.382s] -- Up-to-date symlink: /home/dinhcuong/arm_ws/install/arduinobot_moveit/share/arduinobot_moveit/config/joint_limits.yaml
[0.383s] -- Up-to-date symlink: /home/dinhcuong/arm_ws/install/arduinobot_moveit/share/arduinobot_moveit/config/kinematics.yaml
[0.383s] -- Up-to-date symlink: /home/dinhcuong/arm_ws/install/arduinobot_moveit/share/arduinobot_moveit/config/moveit_controllers.yaml
[0.383s] -- Up-to-date symlink: /home/dinhcuong/arm_ws/install/arduinobot_moveit/share/arduinobot_moveit/config/pilz_cartesian_limits.yaml
[0.383s] -- Up-to-date symlink: /home/dinhcuong/arm_ws/install/arduinobot_moveit/share/ament_index/resource_index/package_run_dependencies/arduinobot_moveit
[0.384s] -- Up-to-date symlink: /home/dinhcuong/arm_ws/install/arduinobot_moveit/share/ament_index/resource_index/parent_prefix_path/arduinobot_moveit
[0.384s] -- Up-to-date symlink: /home/dinhcuong/arm_ws/install/arduinobot_moveit/share/arduinobot_moveit/environment/ament_prefix_path.sh
[0.384s] -- Up-to-date symlink: /home/dinhcuong/arm_ws/install/arduinobot_moveit/share/arduinobot_moveit/environment/ament_prefix_path.dsv
[0.386s] -- Up-to-date symlink: /home/dinhcuong/arm_ws/install/arduinobot_moveit/share/arduinobot_moveit/environment/path.sh
[0.386s] -- Up-to-date symlink: /home/dinhcuong/arm_ws/install/arduinobot_moveit/share/arduinobot_moveit/environment/path.dsv
[0.387s] -- Up-to-date symlink: /home/dinhcuong/arm_ws/install/arduinobot_moveit/share/arduinobot_moveit/local_setup.bash
[0.387s] -- Up-to-date symlink: /home/dinhcuong/arm_ws/install/arduinobot_moveit/share/arduinobot_moveit/local_setup.sh
[0.387s] -- Up-to-date symlink: /home/dinhcuong/arm_ws/install/arduinobot_moveit/share/arduinobot_moveit/local_setup.zsh
[0.387s] -- Up-to-date symlink: /home/dinhcuong/arm_ws/install/arduinobot_moveit/share/arduinobot_moveit/local_setup.dsv
[0.387s] -- Symlinking: /home/dinhcuong/arm_ws/install/arduinobot_moveit/share/arduinobot_moveit/package.dsv
[0.400s] -- Up-to-date symlink: /home/dinhcuong/arm_ws/install/arduinobot_moveit/share/ament_index/resource_index/packages/arduinobot_moveit
[0.400s] -- Up-to-date symlink: /home/dinhcuong/arm_ws/install/arduinobot_moveit/share/arduinobot_moveit/cmake/arduinobot_moveitConfig.cmake
[0.400s] -- Up-to-date symlink: /home/dinhcuong/arm_ws/install/arduinobot_moveit/share/arduinobot_moveit/cmake/arduinobot_moveitConfig-version.cmake
[0.400s] -- Up-to-date symlink: /home/dinhcuong/arm_ws/install/arduinobot_moveit/share/arduinobot_moveit/package.xml
[0.453s] Invoked command in '/home/dinhcuong/arm_ws/build/arduinobot_moveit' returned '0': CMAKE_PREFIX_PATH=${CMAKE_PREFIX_PATH}:/home/dinhcuong/arm_ws/install/test_serverws:/home/dinhcuong/arm_ws/install/server_python:/opt/ros/humble /usr/bin/cmake --install /home/dinhcuong/arm_ws/build/arduinobot_moveit
