[0.126s] Invoking command in '/home/dinhcuong/arm_ws/build/custom_msgs': CMAKE_PREFIX_PATH=/opt/ros/humble /usr/bin/cmake /home/dinhcuong/arm_ws/src/custom_msgs -DCMAKE_INSTALL_PREFIX=/home/dinhcuong/arm_ws/install/custom_msgs
[0.208s] -- The C compiler identification is GNU 11.4.0
[0.273s] -- The CXX compiler identification is GNU 11.4.0
[0.280s] -- Detecting C compiler ABI info
[0.330s] -- Detecting C compiler ABI info - done
[0.336s] -- Check for working C compiler: /usr/bin/cc - skipped
[0.337s] -- Detecting C compile features
[0.337s] -- Detecting C compile features - done
[0.340s] -- Detecting CXX compiler ABI info
[0.398s] -- Detecting CXX compiler ABI info - done
[0.403s] -- Check for working CXX compiler: /usr/bin/c++ - skipped
[0.404s] -- Detecting CXX compile features
[0.404s] -- Detecting CXX compile features - done
[0.407s] -- Found ament_cmake: 1.3.8 (/opt/ros/humble/share/ament_cmake/cmake)
[0.524s] -- Found Python3: /usr/bin/python3 (found version "3.10.12") found components: Interpreter 
[0.594s] -- Found std_msgs: 4.2.3 (/opt/ros/humble/share/std_msgs/cmake)
[0.625s] -- Found rosidl_generator_c: 3.1.5 (/opt/ros/humble/share/rosidl_generator_c/cmake)
[0.629s] -- Found rosidl_adapter: 3.1.5 (/opt/ros/humble/share/rosidl_adapter/cmake)
[0.637s] -- Found rosidl_generator_cpp: 3.1.5 (/opt/ros/humble/share/rosidl_generator_cpp/cmake)
[0.651s] -- Using all available rosidl_typesupport_c: rosidl_typesupport_fastrtps_c;rosidl_typesupport_introspection_c
[0.668s] -- Using all available rosidl_typesupport_cpp: rosidl_typesupport_fastrtps_cpp;rosidl_typesupport_introspection_cpp
[0.720s] -- Found rosidl_default_generators: 1.2.0 (/opt/ros/humble/share/rosidl_default_generators/cmake)
[0.848s] [31mCMake Error at /opt/ros/humble/share/rosidl_adapter/cmake/rosidl_adapt_interfaces.cmake:59 (message):
[0.848s]   execute_process(/usr/bin/python3 -m rosidl_adapter --package-name
[0.848s]   custom_msgs --arguments-file
[0.848s]   /home/dinhcuong/arm_ws/build/custom_msgs/rosidl_adapter__arguments__custom_msgs.json
[0.848s]   --output-dir
[0.848s]   /home/dinhcuong/arm_ws/build/custom_msgs/rosidl_adapter/custom_msgs
[0.848s]   --output-file
[0.848s]   /home/dinhcuong/arm_ws/build/custom_msgs/rosidl_adapter/custom_msgs.idls)
[0.848s]   returned error code 1:
[0.849s] 
[0.849s]   Traceback (most recent call last):
[0.849s] 
[0.849s]     File "/usr/lib/python3.10/runpy.py", line 196, in _run_module_as_main
[0.849s]       return _run_code(code, main_globals, None,
[0.849s]     File "/usr/lib/python3.10/runpy.py", line 86, in _run_code
[0.849s]       exec(code, run_globals)
[0.849s]     File "/opt/ros/humble/local/lib/python3.10/dist-packages/rosidl_adapter/__main__.py", line 19, in <module>
[0.849s]       sys.exit(main())
[0.849s]     File "/opt/ros/humble/local/lib/python3.10/dist-packages/rosidl_adapter/main.py", line 53, in main
[0.849s]       abs_idl_file = convert_to_idl(
[0.849s]     File "/opt/ros/humble/local/lib/python3.10/dist-packages/rosidl_adapter/__init__.py", line 24, in convert_to_idl
[0.849s]       return convert_srv_to_idl(
[0.849s]     File "/opt/ros/humble/local/lib/python3.10/dist-packages/rosidl_adapter/srv/__init__.py", line 28, in convert_srv_to_idl
[0.849s]       srv = parse_service_string(package_name, input_file.stem, content)
[0.849s]     File "/opt/ros/humble/local/lib/python3.10/dist-packages/rosidl_adapter/parser.py", line 850, in parse_service_string
[0.849s]       raise InvalidServiceSpecification(
[0.849s] 
[0.849s]   rosidl_adapter.parser.InvalidServiceSpecification: Could not find separator
[0.849s]   '---' between request and response
[0.849s] 
[0.849s] Call Stack (most recent call first):
[0.850s]   /opt/ros/humble/share/rosidl_cmake/cmake/rosidl_generate_interfaces.cmake:130 (rosidl_adapt_interfaces)
[0.850s]   CMakeLists.txt:13 (rosidl_generate_interfaces)
[0.850s] 
[0.850s] [0m
[0.850s] -- Configuring incomplete, errors occurred!
[0.850s] See also "/home/dinhcuong/arm_ws/build/custom_msgs/CMakeFiles/CMakeOutput.log".
[0.854s] Invoked command in '/home/dinhcuong/arm_ws/build/custom_msgs' returned '1': CMAKE_PREFIX_PATH=/opt/ros/humble /usr/bin/cmake /home/dinhcuong/arm_ws/src/custom_msgs -DCMAKE_INSTALL_PREFIX=/home/dinhcuong/arm_ws/install/custom_msgs
