[0.057s] Invoking command in '/home/dinhcuong/arm_ws/build/arm_mark1_moveit': CMAKE_PREFIX_PATH=/opt/ros/humble /usr/bin/cmake /home/dinhcuong/arm_ws/src/arm_mark1_moveit -DCMAKE_INSTALL_PREFIX=/home/dinhcuong/arm_ws/install/arm_mark1_moveit
[0.110s] -- The C compiler identification is GNU 11.4.0
[0.162s] -- The CXX compiler identification is GNU 11.4.0
[0.170s] -- Detecting C compiler ABI info
[0.222s] -- Detecting C compiler ABI info - done
[0.228s] -- Check for working C compiler: /usr/bin/cc - skipped
[0.228s] -- Detecting C compile features
[0.228s] -- Detecting C compile features - done
[0.231s] -- Detecting CXX compiler ABI info
[0.288s] -- Detecting CXX compiler ABI info - done
[0.294s] -- Check for working CXX compiler: /usr/bin/c++ - skipped
[0.294s] -- Detecting CXX compile features
[0.295s] -- Detecting CXX compile features - done
[0.296s] -- Found ament_cmake: 1.3.8 (/opt/ros/humble/share/ament_cmake/cmake)
[0.420s] -- Found Python3: /usr/bin/python3 (found version "3.10.12") found components: Interpreter 
[0.497s] -- Found ament_lint_auto: 0.12.10 (/opt/ros/humble/share/ament_lint_auto/cmake)
[0.564s] -- Added test 'lint_cmake' to check CMake code style
[0.564s] -- Added test 'xmllint' to check XML markup files
[0.565s] -- Configuring done
[0.568s] -- Generating done
[0.568s] -- Build files have been written to: /home/dinhcuong/arm_ws/build/arm_mark1_moveit
[0.664s] Invoked command in '/home/dinhcuong/arm_ws/build/arm_mark1_moveit' returned '0': CMAKE_PREFIX_PATH=/opt/ros/humble /usr/bin/cmake /home/dinhcuong/arm_ws/src/arm_mark1_moveit -DCMAKE_INSTALL_PREFIX=/home/dinhcuong/arm_ws/install/arm_mark1_moveit
[0.665s] Invoking command in '/home/dinhcuong/arm_ws/build/arm_mark1_moveit': CMAKE_PREFIX_PATH=/opt/ros/humble /usr/bin/cmake --build /home/dinhcuong/arm_ws/build/arm_mark1_moveit -- -j8 -l8
[0.901s] Invoked command in '/home/dinhcuong/arm_ws/build/arm_mark1_moveit' returned '0': CMAKE_PREFIX_PATH=/opt/ros/humble /usr/bin/cmake --build /home/dinhcuong/arm_ws/build/arm_mark1_moveit -- -j8 -l8
[0.916s] Invoking command in '/home/dinhcuong/arm_ws/build/arm_mark1_moveit': CMAKE_PREFIX_PATH=/opt/ros/humble /usr/bin/cmake --install /home/dinhcuong/arm_ws/build/arm_mark1_moveit
[0.921s] -- Install configuration: ""
[0.921s] -- Installing: /home/dinhcuong/arm_ws/install/arm_mark1_moveit/share/ament_index/resource_index/package_run_dependencies/arm_mark1_moveit
[0.921s] -- Installing: /home/dinhcuong/arm_ws/install/arm_mark1_moveit/share/ament_index/resource_index/parent_prefix_path/arm_mark1_moveit
[0.922s] -- Up-to-date: /home/dinhcuong/arm_ws/install/arm_mark1_moveit/share/arm_mark1_moveit/environment/ament_prefix_path.sh
[0.922s] -- Installing: /home/dinhcuong/arm_ws/install/arm_mark1_moveit/share/arm_mark1_moveit/environment/ament_prefix_path.dsv
[0.922s] -- Up-to-date: /home/dinhcuong/arm_ws/install/arm_mark1_moveit/share/arm_mark1_moveit/environment/path.sh
[0.922s] -- Installing: /home/dinhcuong/arm_ws/install/arm_mark1_moveit/share/arm_mark1_moveit/environment/path.dsv
[0.922s] -- Installing: /home/dinhcuong/arm_ws/install/arm_mark1_moveit/share/arm_mark1_moveit/local_setup.bash
[0.922s] -- Installing: /home/dinhcuong/arm_ws/install/arm_mark1_moveit/share/arm_mark1_moveit/local_setup.sh
[0.922s] -- Installing: /home/dinhcuong/arm_ws/install/arm_mark1_moveit/share/arm_mark1_moveit/local_setup.zsh
[0.922s] -- Installing: /home/dinhcuong/arm_ws/install/arm_mark1_moveit/share/arm_mark1_moveit/local_setup.dsv
[0.922s] -- Installing: /home/dinhcuong/arm_ws/install/arm_mark1_moveit/share/arm_mark1_moveit/package.dsv
[0.923s] -- Installing: /home/dinhcuong/arm_ws/install/arm_mark1_moveit/share/ament_index/resource_index/packages/arm_mark1_moveit
[0.923s] -- Installing: /home/dinhcuong/arm_ws/install/arm_mark1_moveit/share/arm_mark1_moveit/cmake/arm_mark1_moveitConfig.cmake
[0.923s] -- Installing: /home/dinhcuong/arm_ws/install/arm_mark1_moveit/share/arm_mark1_moveit/cmake/arm_mark1_moveitConfig-version.cmake
[0.923s] -- Installing: /home/dinhcuong/arm_ws/install/arm_mark1_moveit/share/arm_mark1_moveit/package.xml
[0.924s] Invoked command in '/home/dinhcuong/arm_ws/build/arm_mark1_moveit' returned '0': CMAKE_PREFIX_PATH=/opt/ros/humble /usr/bin/cmake --install /home/dinhcuong/arm_ws/build/arm_mark1_moveit
