[0.568s] Invoking command in '/home/dinhcuong/arm_ws/src/server_python': AMENT_PREFIX_PATH=/home/dinhcuong/arm_ws/install/custom_msgs:${AMENT_PREFIX_PATH} CMAKE_PREFIX_PATH=/home/dinhcuong/arm_ws/install/custom_msgs LD_LIBRARY_PATH=/home/dinhcuong/arm_ws/install/custom_msgs/lib:${LD_LIBRARY_PATH} PYTHONPATH=/home/dinhcuong/arm_ws/build/server_python/prefix_override:/home/dinhcuong/arm_ws/install/server_python/lib/python3.10/site-packages:/home/dinhcuong/arm_ws/install/custom_msgs/local/lib/python3.10/dist-packages:${PYTHONPATH} /usr/bin/python3 setup.py egg_info --egg-base ../../build/server_python build --build-base /home/dinhcuong/arm_ws/build/server_python/build install --record /home/dinhcuong/arm_ws/build/server_python/install.log --single-version-externally-managed
[0.757s] running egg_info
[0.757s] writing ../../build/server_python/server_python.egg-info/PKG-INFO
[0.757s] writing dependency_links to ../../build/server_python/server_python.egg-info/dependency_links.txt
[0.757s] writing entry points to ../../build/server_python/server_python.egg-info/entry_points.txt
[0.757s] writing requirements to ../../build/server_python/server_python.egg-info/requires.txt
[0.757s] writing top-level names to ../../build/server_python/server_python.egg-info/top_level.txt
[0.759s] reading manifest file '../../build/server_python/server_python.egg-info/SOURCES.txt'
[0.759s] writing manifest file '../../build/server_python/server_python.egg-info/SOURCES.txt'
[0.759s] running build
[0.760s] running build_py
[0.760s] copying server_python/server.py -> /home/dinhcuong/arm_ws/build/server_python/build/lib/server_python
[0.760s] running install
[0.760s] /usr/lib/python3/dist-packages/setuptools/command/install.py:34: SetuptoolsDeprecationWarning: setup.py install is deprecated. Use build and pip and other standards-based tools.
[0.760s]   warnings.warn(
[0.760s] running install_lib
[0.761s] copying /home/dinhcuong/arm_ws/build/server_python/build/lib/server_python/server.py -> /home/dinhcuong/arm_ws/install/server_python/lib/python3.10/site-packages/server_python
[0.761s] byte-compiling /home/dinhcuong/arm_ws/install/server_python/lib/python3.10/site-packages/server_python/server.py to server.cpython-310.pyc
[0.761s] running install_data
[0.762s] copying package.xml -> /home/dinhcuong/arm_ws/install/server_python/share/server_python
[0.762s] running install_egg_info
[0.763s] removing '/home/dinhcuong/arm_ws/install/server_python/lib/python3.10/site-packages/server_python-0.0.0-py3.10.egg-info' (and everything under it)
[0.763s] Copying ../../build/server_python/server_python.egg-info to /home/dinhcuong/arm_ws/install/server_python/lib/python3.10/site-packages/server_python-0.0.0-py3.10.egg-info
[0.764s] running install_scripts
[0.779s] Installing server script to /home/dinhcuong/arm_ws/install/server_python/lib/server_python
[0.780s] writing list of installed files to '/home/dinhcuong/arm_ws/build/server_python/install.log'
[0.797s] Invoked command in '/home/dinhcuong/arm_ws/src/server_python' returned '0': AMENT_PREFIX_PATH=/home/dinhcuong/arm_ws/install/custom_msgs:${AMENT_PREFIX_PATH} CMAKE_PREFIX_PATH=/home/dinhcuong/arm_ws/install/custom_msgs LD_LIBRARY_PATH=/home/dinhcuong/arm_ws/install/custom_msgs/lib:${LD_LIBRARY_PATH} PYTHONPATH=/home/dinhcuong/arm_ws/build/server_python/prefix_override:/home/dinhcuong/arm_ws/install/server_python/lib/python3.10/site-packages:/home/dinhcuong/arm_ws/install/custom_msgs/local/lib/python3.10/dist-packages:${PYTHONPATH} /usr/bin/python3 setup.py egg_info --egg-base ../../build/server_python build --build-base /home/dinhcuong/arm_ws/build/server_python/build install --record /home/dinhcuong/arm_ws/build/server_python/install.log --single-version-externally-managed
