[0.971s] DEBUG:colcon:Command line arguments: ['/usr/bin/colcon', 'list', '-p', '--base-paths', '/home/dinhcuong/arm_ws']
[0.971s] DEBUG:colcon:Parsed command line arguments: Namespace(log_base=None, log_level=None, verb_name='list', build_base='build', ignore_user_meta=False, metas=['./colcon.meta'], base_paths=['/home/dinhcuong/arm_ws'], packages_ignore=None, packages_ignore_regex=None, paths=None, packages_up_to=None, packages_up_to_regex=None, packages_above=None, packages_above_and_dependencies=None, packages_above_depth=None, packages_select_by_dep=None, packages_skip_by_dep=None, packages_skip_up_to=None, packages_select_build_failed=False, packages_skip_build_finished=False, packages_select_test_failures=False, packages_skip_test_passed=False, packages_select=None, packages_skip=None, packages_select_regex=None, packages_skip_regex=None, packages_start=None, packages_end=None, allow_overriding=[], topological_order=False, names_only=False, paths_only=True, topological_graph=False, topological_graph_dot=False, topological_graph_density=False, topological_graph_legend=False, topological_graph_dot_cluster=False, topological_graph_dot_include_skipped=False, verb_parser=<colcon_defaults.argument_parser.defaults.DefaultArgumentsDecorator object at 0x7f782d092650>, verb_extension=<colcon_package_information.verb.list.ListVerb object at 0x7f782d092860>, main=<bound method ListVerb.main of <colcon_package_information.verb.list.ListVerb object at 0x7f782d092860>>)
[1.069s] Level 1:colcon.colcon_core.package_discovery:discover_packages(colcon_meta) check parameters
[1.069s] Level 1:colcon.colcon_core.package_discovery:discover_packages(recursive) check parameters
[1.069s] Level 1:colcon.colcon_core.package_discovery:discover_packages(ignore) check parameters
[1.069s] Level 1:colcon.colcon_core.package_discovery:discover_packages(path) check parameters
[1.069s] Level 1:colcon.colcon_core.package_discovery:discover_packages(recursive) discover
[1.069s] INFO:colcon.colcon_core.package_discovery:Crawling recursively for packages in '/home/dinhcuong/arm_ws'
[1.069s] Level 1:colcon.colcon_core.package_identification:_identify(/home/dinhcuong/arm_ws) by extensions ['ignore', 'ignore_ament_install']
[1.070s] Level 1:colcon.colcon_core.package_identification:_identify(/home/dinhcuong/arm_ws) by extension 'ignore'
[1.070s] Level 1:colcon.colcon_core.package_identification:_identify(/home/dinhcuong/arm_ws) by extension 'ignore_ament_install'
[1.070s] Level 1:colcon.colcon_core.package_identification:_identify(/home/dinhcuong/arm_ws) by extensions ['colcon_pkg']
[1.070s] Level 1:colcon.colcon_core.package_identification:_identify(/home/dinhcuong/arm_ws) by extension 'colcon_pkg'
[1.070s] Level 1:colcon.colcon_core.package_identification:_identify(/home/dinhcuong/arm_ws) by extensions ['colcon_meta']
[1.070s] Level 1:colcon.colcon_core.package_identification:_identify(/home/dinhcuong/arm_ws) by extension 'colcon_meta'
[1.070s] Level 1:colcon.colcon_core.package_identification:_identify(/home/dinhcuong/arm_ws) by extensions ['ros']
[1.070s] Level 1:colcon.colcon_core.package_identification:_identify(/home/dinhcuong/arm_ws) by extension 'ros'
[1.087s] Level 1:colcon.colcon_core.package_identification:_identify(/home/dinhcuong/arm_ws) by extensions ['cmake', 'python']
[1.087s] Level 1:colcon.colcon_core.package_identification:_identify(/home/dinhcuong/arm_ws) by extension 'cmake'
[1.087s] Level 1:colcon.colcon_core.package_identification:_identify(/home/dinhcuong/arm_ws) by extension 'python'
[1.087s] Level 1:colcon.colcon_core.package_identification:_identify(/home/dinhcuong/arm_ws) by extensions ['python_setup_py']
[1.087s] Level 1:colcon.colcon_core.package_identification:_identify(/home/dinhcuong/arm_ws) by extension 'python_setup_py'
[1.087s] Level 1:colcon.colcon_core.package_identification:_identify(/home/dinhcuong/arm_ws/build) by extensions ['ignore', 'ignore_ament_install']
[1.087s] Level 1:colcon.colcon_core.package_identification:_identify(/home/dinhcuong/arm_ws/build) by extension 'ignore'
[1.087s] Level 1:colcon.colcon_core.package_identification:_identify(/home/dinhcuong/arm_ws/build) ignored
[1.088s] Level 1:colcon.colcon_core.package_identification:_identify(/home/dinhcuong/arm_ws/install) by extensions ['ignore', 'ignore_ament_install']
[1.088s] Level 1:colcon.colcon_core.package_identification:_identify(/home/dinhcuong/arm_ws/install) by extension 'ignore'
[1.088s] Level 1:colcon.colcon_core.package_identification:_identify(/home/dinhcuong/arm_ws/install) ignored
[1.088s] Level 1:colcon.colcon_core.package_identification:_identify(/home/dinhcuong/arm_ws/log) by extensions ['ignore', 'ignore_ament_install']
[1.088s] Level 1:colcon.colcon_core.package_identification:_identify(/home/dinhcuong/arm_ws/log) by extension 'ignore'
[1.088s] Level 1:colcon.colcon_core.package_identification:_identify(/home/dinhcuong/arm_ws/log) ignored
[1.088s] Level 1:colcon.colcon_core.package_identification:_identify(/home/dinhcuong/arm_ws/src) by extensions ['ignore', 'ignore_ament_install']
[1.089s] Level 1:colcon.colcon_core.package_identification:_identify(/home/dinhcuong/arm_ws/src) by extension 'ignore'
[1.089s] Level 1:colcon.colcon_core.package_identification:_identify(/home/dinhcuong/arm_ws/src) by extension 'ignore_ament_install'
[1.089s] Level 1:colcon.colcon_core.package_identification:_identify(/home/dinhcuong/arm_ws/src) by extensions ['colcon_pkg']
[1.089s] Level 1:colcon.colcon_core.package_identification:_identify(/home/dinhcuong/arm_ws/src) by extension 'colcon_pkg'
[1.089s] Level 1:colcon.colcon_core.package_identification:_identify(/home/dinhcuong/arm_ws/src) by extensions ['colcon_meta']
[1.089s] Level 1:colcon.colcon_core.package_identification:_identify(/home/dinhcuong/arm_ws/src) by extension 'colcon_meta'
[1.089s] Level 1:colcon.colcon_core.package_identification:_identify(/home/dinhcuong/arm_ws/src) by extensions ['ros']
[1.089s] Level 1:colcon.colcon_core.package_identification:_identify(/home/dinhcuong/arm_ws/src) by extension 'ros'
[1.089s] Level 1:colcon.colcon_core.package_identification:_identify(/home/dinhcuong/arm_ws/src) by extensions ['cmake', 'python']
[1.089s] Level 1:colcon.colcon_core.package_identification:_identify(/home/dinhcuong/arm_ws/src) by extension 'cmake'
[1.089s] Level 1:colcon.colcon_core.package_identification:_identify(/home/dinhcuong/arm_ws/src) by extension 'python'
[1.089s] Level 1:colcon.colcon_core.package_identification:_identify(/home/dinhcuong/arm_ws/src) by extensions ['python_setup_py']
[1.089s] Level 1:colcon.colcon_core.package_identification:_identify(/home/dinhcuong/arm_ws/src) by extension 'python_setup_py'
[1.089s] Level 1:colcon.colcon_core.package_identification:_identify(/home/dinhcuong/arm_ws/src/arduinobot_controller) by extensions ['ignore', 'ignore_ament_install']
[1.090s] Level 1:colcon.colcon_core.package_identification:_identify(/home/dinhcuong/arm_ws/src/arduinobot_controller) by extension 'ignore'
[1.090s] Level 1:colcon.colcon_core.package_identification:_identify(/home/dinhcuong/arm_ws/src/arduinobot_controller) by extension 'ignore_ament_install'
[1.090s] Level 1:colcon.colcon_core.package_identification:_identify(/home/dinhcuong/arm_ws/src/arduinobot_controller) by extensions ['colcon_pkg']
[1.090s] Level 1:colcon.colcon_core.package_identification:_identify(/home/dinhcuong/arm_ws/src/arduinobot_controller) by extension 'colcon_pkg'
[1.090s] Level 1:colcon.colcon_core.package_identification:_identify(/home/dinhcuong/arm_ws/src/arduinobot_controller) by extensions ['colcon_meta']
[1.090s] Level 1:colcon.colcon_core.package_identification:_identify(/home/dinhcuong/arm_ws/src/arduinobot_controller) by extension 'colcon_meta'
[1.090s] Level 1:colcon.colcon_core.package_identification:_identify(/home/dinhcuong/arm_ws/src/arduinobot_controller) by extensions ['ros']
[1.090s] Level 1:colcon.colcon_core.package_identification:_identify(/home/dinhcuong/arm_ws/src/arduinobot_controller) by extension 'ros'
[1.094s] DEBUG:colcon.colcon_core.package_identification:Package '/home/dinhcuong/arm_ws/src/arduinobot_controller' with type 'ros.ament_cmake' and name 'arduinobot_controller'
[1.095s] Level 1:colcon.colcon_core.package_identification:_identify(/home/dinhcuong/arm_ws/src/arduinobot_description) by extensions ['ignore', 'ignore_ament_install']
[1.095s] Level 1:colcon.colcon_core.package_identification:_identify(/home/dinhcuong/arm_ws/src/arduinobot_description) by extension 'ignore'
[1.095s] Level 1:colcon.colcon_core.package_identification:_identify(/home/dinhcuong/arm_ws/src/arduinobot_description) by extension 'ignore_ament_install'
[1.095s] Level 1:colcon.colcon_core.package_identification:_identify(/home/dinhcuong/arm_ws/src/arduinobot_description) by extensions ['colcon_pkg']
[1.095s] Level 1:colcon.colcon_core.package_identification:_identify(/home/dinhcuong/arm_ws/src/arduinobot_description) by extension 'colcon_pkg'
[1.095s] Level 1:colcon.colcon_core.package_identification:_identify(/home/dinhcuong/arm_ws/src/arduinobot_description) by extensions ['colcon_meta']
[1.095s] Level 1:colcon.colcon_core.package_identification:_identify(/home/dinhcuong/arm_ws/src/arduinobot_description) by extension 'colcon_meta'
[1.095s] Level 1:colcon.colcon_core.package_identification:_identify(/home/dinhcuong/arm_ws/src/arduinobot_description) by extensions ['ros']
[1.095s] Level 1:colcon.colcon_core.package_identification:_identify(/home/dinhcuong/arm_ws/src/arduinobot_description) by extension 'ros'
[1.096s] DEBUG:colcon.colcon_core.package_identification:Package '/home/dinhcuong/arm_ws/src/arduinobot_description' with type 'ros.ament_cmake' and name 'arduinobot_description'
[1.097s] Level 1:colcon.colcon_core.package_identification:_identify(/home/dinhcuong/arm_ws/src/arduinobot_moveit) by extensions ['ignore', 'ignore_ament_install']
[1.097s] Level 1:colcon.colcon_core.package_identification:_identify(/home/dinhcuong/arm_ws/src/arduinobot_moveit) by extension 'ignore'
[1.097s] Level 1:colcon.colcon_core.package_identification:_identify(/home/dinhcuong/arm_ws/src/arduinobot_moveit) by extension 'ignore_ament_install'
[1.097s] Level 1:colcon.colcon_core.package_identification:_identify(/home/dinhcuong/arm_ws/src/arduinobot_moveit) by extensions ['colcon_pkg']
[1.097s] Level 1:colcon.colcon_core.package_identification:_identify(/home/dinhcuong/arm_ws/src/arduinobot_moveit) by extension 'colcon_pkg'
[1.097s] Level 1:colcon.colcon_core.package_identification:_identify(/home/dinhcuong/arm_ws/src/arduinobot_moveit) by extensions ['colcon_meta']
[1.097s] Level 1:colcon.colcon_core.package_identification:_identify(/home/dinhcuong/arm_ws/src/arduinobot_moveit) by extension 'colcon_meta'
[1.097s] Level 1:colcon.colcon_core.package_identification:_identify(/home/dinhcuong/arm_ws/src/arduinobot_moveit) by extensions ['ros']
[1.097s] Level 1:colcon.colcon_core.package_identification:_identify(/home/dinhcuong/arm_ws/src/arduinobot_moveit) by extension 'ros'
[1.098s] DEBUG:colcon.colcon_core.package_identification:Package '/home/dinhcuong/arm_ws/src/arduinobot_moveit' with type 'ros.ament_cmake' and name 'arduinobot_moveit'
[1.098s] Level 1:colcon.colcon_core.package_identification:_identify(/home/dinhcuong/arm_ws/src/arm_mark1) by extensions ['ignore', 'ignore_ament_install']
[1.098s] Level 1:colcon.colcon_core.package_identification:_identify(/home/dinhcuong/arm_ws/src/arm_mark1) by extension 'ignore'
[1.098s] Level 1:colcon.colcon_core.package_identification:_identify(/home/dinhcuong/arm_ws/src/arm_mark1) by extension 'ignore_ament_install'
[1.098s] Level 1:colcon.colcon_core.package_identification:_identify(/home/dinhcuong/arm_ws/src/arm_mark1) by extensions ['colcon_pkg']
[1.099s] Level 1:colcon.colcon_core.package_identification:_identify(/home/dinhcuong/arm_ws/src/arm_mark1) by extension 'colcon_pkg'
[1.101s] Level 1:colcon.colcon_core.package_identification:_identify(/home/dinhcuong/arm_ws/src/arm_mark1) by extensions ['colcon_meta']
[1.101s] Level 1:colcon.colcon_core.package_identification:_identify(/home/dinhcuong/arm_ws/src/arm_mark1) by extension 'colcon_meta'
[1.101s] Level 1:colcon.colcon_core.package_identification:_identify(/home/dinhcuong/arm_ws/src/arm_mark1) by extensions ['ros']
[1.101s] Level 1:colcon.colcon_core.package_identification:_identify(/home/dinhcuong/arm_ws/src/arm_mark1) by extension 'ros'
[1.103s] DEBUG:colcon.colcon_core.package_identification:Package '/home/dinhcuong/arm_ws/src/arm_mark1' with type 'ros.ament_cmake' and name 'arm_mark1'
[1.103s] Level 1:colcon.colcon_core.package_identification:_identify(/home/dinhcuong/arm_ws/src/arm_mark1_controller) by extensions ['ignore', 'ignore_ament_install']
[1.103s] Level 1:colcon.colcon_core.package_identification:_identify(/home/dinhcuong/arm_ws/src/arm_mark1_controller) by extension 'ignore'
[1.103s] Level 1:colcon.colcon_core.package_identification:_identify(/home/dinhcuong/arm_ws/src/arm_mark1_controller) by extension 'ignore_ament_install'
[1.103s] Level 1:colcon.colcon_core.package_identification:_identify(/home/dinhcuong/arm_ws/src/arm_mark1_controller) by extensions ['colcon_pkg']
[1.103s] Level 1:colcon.colcon_core.package_identification:_identify(/home/dinhcuong/arm_ws/src/arm_mark1_controller) by extension 'colcon_pkg'
[1.103s] Level 1:colcon.colcon_core.package_identification:_identify(/home/dinhcuong/arm_ws/src/arm_mark1_controller) by extensions ['colcon_meta']
[1.103s] Level 1:colcon.colcon_core.package_identification:_identify(/home/dinhcuong/arm_ws/src/arm_mark1_controller) by extension 'colcon_meta'
[1.103s] Level 1:colcon.colcon_core.package_identification:_identify(/home/dinhcuong/arm_ws/src/arm_mark1_controller) by extensions ['ros']
[1.104s] Level 1:colcon.colcon_core.package_identification:_identify(/home/dinhcuong/arm_ws/src/arm_mark1_controller) by extension 'ros'
[1.104s] DEBUG:colcon.colcon_core.package_identification:Package '/home/dinhcuong/arm_ws/src/arm_mark1_controller' with type 'ros.ament_cmake' and name 'arm_mark1_controller'
[1.105s] Level 1:colcon.colcon_core.package_identification:_identify(/home/dinhcuong/arm_ws/src/arm_mark1_moveit) by extensions ['ignore', 'ignore_ament_install']
[1.105s] Level 1:colcon.colcon_core.package_identification:_identify(/home/dinhcuong/arm_ws/src/arm_mark1_moveit) by extension 'ignore'
[1.105s] Level 1:colcon.colcon_core.package_identification:_identify(/home/dinhcuong/arm_ws/src/arm_mark1_moveit) by extension 'ignore_ament_install'
[1.105s] Level 1:colcon.colcon_core.package_identification:_identify(/home/dinhcuong/arm_ws/src/arm_mark1_moveit) by extensions ['colcon_pkg']
[1.105s] Level 1:colcon.colcon_core.package_identification:_identify(/home/dinhcuong/arm_ws/src/arm_mark1_moveit) by extension 'colcon_pkg'
[1.105s] Level 1:colcon.colcon_core.package_identification:_identify(/home/dinhcuong/arm_ws/src/arm_mark1_moveit) by extensions ['colcon_meta']
[1.105s] Level 1:colcon.colcon_core.package_identification:_identify(/home/dinhcuong/arm_ws/src/arm_mark1_moveit) by extension 'colcon_meta'
[1.105s] Level 1:colcon.colcon_core.package_identification:_identify(/home/dinhcuong/arm_ws/src/arm_mark1_moveit) by extensions ['ros']
[1.105s] Level 1:colcon.colcon_core.package_identification:_identify(/home/dinhcuong/arm_ws/src/arm_mark1_moveit) by extension 'ros'
[1.107s] DEBUG:colcon.colcon_core.package_identification:Package '/home/dinhcuong/arm_ws/src/arm_mark1_moveit' with type 'ros.ament_cmake' and name 'arm_mark1_moveit'
[1.107s] Level 1:colcon.colcon_core.package_identification:_identify(/home/dinhcuong/arm_ws/src/custom_msgs) by extensions ['ignore', 'ignore_ament_install']
[1.108s] Level 1:colcon.colcon_core.package_identification:_identify(/home/dinhcuong/arm_ws/src/custom_msgs) by extension 'ignore'
[1.108s] Level 1:colcon.colcon_core.package_identification:_identify(/home/dinhcuong/arm_ws/src/custom_msgs) by extension 'ignore_ament_install'
[1.108s] Level 1:colcon.colcon_core.package_identification:_identify(/home/dinhcuong/arm_ws/src/custom_msgs) by extensions ['colcon_pkg']
[1.108s] Level 1:colcon.colcon_core.package_identification:_identify(/home/dinhcuong/arm_ws/src/custom_msgs) by extension 'colcon_pkg'
[1.108s] Level 1:colcon.colcon_core.package_identification:_identify(/home/dinhcuong/arm_ws/src/custom_msgs) by extensions ['colcon_meta']
[1.108s] Level 1:colcon.colcon_core.package_identification:_identify(/home/dinhcuong/arm_ws/src/custom_msgs) by extension 'colcon_meta'
[1.108s] Level 1:colcon.colcon_core.package_identification:_identify(/home/dinhcuong/arm_ws/src/custom_msgs) by extensions ['ros']
[1.108s] Level 1:colcon.colcon_core.package_identification:_identify(/home/dinhcuong/arm_ws/src/custom_msgs) by extension 'ros'
[1.109s] DEBUG:colcon.colcon_core.package_identification:Package '/home/dinhcuong/arm_ws/src/custom_msgs' with type 'ros.ament_cmake' and name 'custom_msgs'
[1.109s] Level 1:colcon.colcon_core.package_identification:_identify(/home/dinhcuong/arm_ws/src/server_python) by extensions ['ignore', 'ignore_ament_install']
[1.110s] Level 1:colcon.colcon_core.package_identification:_identify(/home/dinhcuong/arm_ws/src/server_python) by extension 'ignore'
[1.110s] Level 1:colcon.colcon_core.package_identification:_identify(/home/dinhcuong/arm_ws/src/server_python) by extension 'ignore_ament_install'
[1.110s] Level 1:colcon.colcon_core.package_identification:_identify(/home/dinhcuong/arm_ws/src/server_python) by extensions ['colcon_pkg']
[1.110s] Level 1:colcon.colcon_core.package_identification:_identify(/home/dinhcuong/arm_ws/src/server_python) by extension 'colcon_pkg'
[1.110s] Level 1:colcon.colcon_core.package_identification:_identify(/home/dinhcuong/arm_ws/src/server_python) by extensions ['colcon_meta']
[1.110s] Level 1:colcon.colcon_core.package_identification:_identify(/home/dinhcuong/arm_ws/src/server_python) by extension 'colcon_meta'
[1.110s] Level 1:colcon.colcon_core.package_identification:_identify(/home/dinhcuong/arm_ws/src/server_python) by extensions ['ros']
[1.110s] Level 1:colcon.colcon_core.package_identification:_identify(/home/dinhcuong/arm_ws/src/server_python) by extension 'ros'
[1.111s] DEBUG:colcon.colcon_core.package_identification:Package '/home/dinhcuong/arm_ws/src/server_python' with type 'ros.ament_python' and name 'server_python'
[1.111s] Level 1:colcon.colcon_core.package_discovery:discover_packages(recursive) using defaults
