[0.656s] Invoking command in '/home/dinhcuong/arm_ws/src/server_python': PYTHONPATH=/home/dinhcuong/arm_ws/build/server_python/prefix_override:/home/dinhcuong/arm_ws/install/server_python/lib/python3.10/site-packages:${PYTHONPATH} /usr/bin/python3 setup.py egg_info --egg-base ../../build/server_python build --build-base /home/dinhcuong/arm_ws/build/server_python/build install --record /home/dinhcuong/arm_ws/build/server_python/install.log --single-version-externally-managed
[0.866s] running egg_info
[0.867s] creating ../../build/server_python/server_python.egg-info
[0.867s] writing ../../build/server_python/server_python.egg-info/PKG-INFO
[0.867s] writing dependency_links to ../../build/server_python/server_python.egg-info/dependency_links.txt
[0.867s] writing entry points to ../../build/server_python/server_python.egg-info/entry_points.txt
[0.867s] writing requirements to ../../build/server_python/server_python.egg-info/requires.txt
[0.868s] writing top-level names to ../../build/server_python/server_python.egg-info/top_level.txt
[0.868s] writing manifest file '../../build/server_python/server_python.egg-info/SOURCES.txt'
[0.870s] reading manifest file '../../build/server_python/server_python.egg-info/SOURCES.txt'
[0.871s] writing manifest file '../../build/server_python/server_python.egg-info/SOURCES.txt'
[0.871s] running build
[0.871s] running build_py
[0.871s] creating /home/dinhcuong/arm_ws/build/server_python/build
[0.871s] creating /home/dinhcuong/arm_ws/build/server_python/build/lib
[0.871s] creating /home/dinhcuong/arm_ws/build/server_python/build/lib/server_python
[0.871s] copying server_python/__init__.py -> /home/dinhcuong/arm_ws/build/server_python/build/lib/server_python
[0.872s] copying server_python/server.py -> /home/dinhcuong/arm_ws/build/server_python/build/lib/server_python
[0.872s] running install
[0.873s] /usr/lib/python3/dist-packages/setuptools/command/install.py:34: SetuptoolsDeprecationWarning: setup.py install is deprecated. Use build and pip and other standards-based tools.
[0.873s]   warnings.warn(
[0.873s] running install_lib
[0.874s] creating /home/dinhcuong/arm_ws/install/server_python/lib/python3.10/site-packages/server_python
[0.874s] copying /home/dinhcuong/arm_ws/build/server_python/build/lib/server_python/__init__.py -> /home/dinhcuong/arm_ws/install/server_python/lib/python3.10/site-packages/server_python
[0.875s] copying /home/dinhcuong/arm_ws/build/server_python/build/lib/server_python/server.py -> /home/dinhcuong/arm_ws/install/server_python/lib/python3.10/site-packages/server_python
[0.875s] byte-compiling /home/dinhcuong/arm_ws/install/server_python/lib/python3.10/site-packages/server_python/__init__.py to __init__.cpython-310.pyc
[0.875s] byte-compiling /home/dinhcuong/arm_ws/install/server_python/lib/python3.10/site-packages/server_python/server.py to server.cpython-310.pyc
[0.876s] running install_data
[0.876s] creating /home/dinhcuong/arm_ws/install/server_python/share
[0.876s] creating /home/dinhcuong/arm_ws/install/server_python/share/ament_index
[0.877s] creating /home/dinhcuong/arm_ws/install/server_python/share/ament_index/resource_index
[0.877s] creating /home/dinhcuong/arm_ws/install/server_python/share/ament_index/resource_index/packages
[0.877s] copying resource/server_python -> /home/dinhcuong/arm_ws/install/server_python/share/ament_index/resource_index/packages
[0.877s] creating /home/dinhcuong/arm_ws/install/server_python/share/server_python
[0.877s] copying package.xml -> /home/dinhcuong/arm_ws/install/server_python/share/server_python
[0.877s] running install_egg_info
[0.879s] Copying ../../build/server_python/server_python.egg-info to /home/dinhcuong/arm_ws/install/server_python/lib/python3.10/site-packages/server_python-0.0.0-py3.10.egg-info
[0.880s] running install_scripts
[0.899s] Installing server script to /home/dinhcuong/arm_ws/install/server_python/lib/server_python
[0.899s] writing list of installed files to '/home/dinhcuong/arm_ws/build/server_python/install.log'
[0.920s] Invoked command in '/home/dinhcuong/arm_ws/src/server_python' returned '0': PYTHONPATH=/home/dinhcuong/arm_ws/build/server_python/prefix_override:/home/dinhcuong/arm_ws/install/server_python/lib/python3.10/site-packages:${PYTHONPATH} /usr/bin/python3 setup.py egg_info --egg-base ../../build/server_python build --build-base /home/dinhcuong/arm_ws/build/server_python/build install --record /home/dinhcuong/arm_ws/build/server_python/install.log --single-version-externally-managed
