[0.322s] Invoking command in '/home/dinhcuong/arm_ws/build/custom_msgs': CMAKE_PREFIX_PATH=/opt/ros/humble /usr/bin/cmake --build /home/dinhcuong/arm_ws/build/custom_msgs -- -j8 -l8
[0.416s] [  3%] Built target custom_msgs__cpp
[0.420s] [ 12%] Built target custom_msgs__rosidl_generator_c
[0.435s] [ 12%] Built target ament_cmake_python_copy_custom_msgs
[0.471s] [ 22%] Built target custom_msgs__rosidl_typesupport_cpp
[0.471s] [ 32%] Built target custom_msgs__rosidl_typesupport_fastrtps_cpp
[0.478s] [ 41%] Built target custom_msgs__rosidl_typesupport_introspection_cpp
[0.478s] [ 51%] Built target custom_msgs__rosidl_typesupport_fastrtps_c
[0.478s] [ 61%] Built target custom_msgs__rosidl_typesupport_c
[0.478s] [ 70%] Built target custom_msgs__rosidl_typesupport_introspection_c
[0.500s] [ 70%] Built target custom_msgs
[0.525s] [ 74%] Built target custom_msgs__py
[0.552s] [ 80%] Built target custom_msgs__rosidl_generator_py
[0.588s] [ 87%] Built target custom_msgs__rosidl_typesupport_introspection_c__pyext
[0.590s] [ 93%] Built target custom_msgs__rosidl_typesupport_fastrtps_c__pyext
[0.590s] [100%] Built target custom_msgs__rosidl_typesupport_c__pyext
[0.854s] running egg_info
[0.855s] writing custom_msgs.egg-info/PKG-INFO
[0.856s] writing dependency_links to custom_msgs.egg-info/dependency_links.txt
[0.856s] writing top-level names to custom_msgs.egg-info/top_level.txt
[0.861s] reading manifest file 'custom_msgs.egg-info/SOURCES.txt'
[0.863s] writing manifest file 'custom_msgs.egg-info/SOURCES.txt'
[0.895s] [100%] Built target ament_cmake_python_build_custom_msgs_egg
[1.081s] Invoked command in '/home/dinhcuong/arm_ws/build/custom_msgs' returned '0': CMAKE_PREFIX_PATH=/opt/ros/humble /usr/bin/cmake --build /home/dinhcuong/arm_ws/build/custom_msgs -- -j8 -l8
[1.137s] Invoking command in '/home/dinhcuong/arm_ws/build/custom_msgs': CMAKE_PREFIX_PATH=/opt/ros/humble /usr/bin/cmake --install /home/dinhcuong/arm_ws/build/custom_msgs
[1.146s] -- Install configuration: ""
[1.146s] -- Up-to-date: /home/dinhcuong/arm_ws/install/custom_msgs/share/ament_index/resource_index/rosidl_interfaces/custom_msgs
[1.146s] -- Up-to-date: /home/dinhcuong/arm_ws/install/custom_msgs/include/custom_msgs/custom_msgs
[1.146s] -- Up-to-date: /home/dinhcuong/arm_ws/install/custom_msgs/include/custom_msgs/custom_msgs/srv
[1.146s] -- Up-to-date: /home/dinhcuong/arm_ws/install/custom_msgs/include/custom_msgs/custom_msgs/srv/add_variable.h
[1.146s] -- Up-to-date: /home/dinhcuong/arm_ws/install/custom_msgs/include/custom_msgs/custom_msgs/srv/detail
[1.146s] -- Up-to-date: /home/dinhcuong/arm_ws/install/custom_msgs/include/custom_msgs/custom_msgs/srv/detail/add_variable__functions.c
[1.146s] -- Up-to-date: /home/dinhcuong/arm_ws/install/custom_msgs/include/custom_msgs/custom_msgs/srv/detail/add_variable__struct.h
[1.147s] -- Up-to-date: /home/dinhcuong/arm_ws/install/custom_msgs/include/custom_msgs/custom_msgs/srv/detail/add_variable__type_support.h
[1.147s] -- Up-to-date: /home/dinhcuong/arm_ws/install/custom_msgs/include/custom_msgs/custom_msgs/srv/detail/add_variable__functions.h
[1.147s] -- Up-to-date: /home/dinhcuong/arm_ws/install/custom_msgs/include/custom_msgs/custom_msgs/msg
[1.147s] -- Up-to-date: /home/dinhcuong/arm_ws/install/custom_msgs/include/custom_msgs/custom_msgs/msg/rosidl_generator_c__visibility_control.h
[1.147s] -- Up-to-date: /home/dinhcuong/arm_ws/install/custom_msgs/share/custom_msgs/environment/library_path.sh
[1.147s] -- Up-to-date: /home/dinhcuong/arm_ws/install/custom_msgs/share/custom_msgs/environment/library_path.dsv
[1.147s] -- Up-to-date: /home/dinhcuong/arm_ws/install/custom_msgs/lib/libcustom_msgs__rosidl_generator_c.so
[1.147s] -- Up-to-date: /home/dinhcuong/arm_ws/install/custom_msgs/include/custom_msgs/custom_msgs
[1.147s] -- Up-to-date: /home/dinhcuong/arm_ws/install/custom_msgs/include/custom_msgs/custom_msgs/srv
[1.148s] -- Up-to-date: /home/dinhcuong/arm_ws/install/custom_msgs/include/custom_msgs/custom_msgs/srv/detail
[1.148s] -- Up-to-date: /home/dinhcuong/arm_ws/install/custom_msgs/include/custom_msgs/custom_msgs/srv/detail/add_variable__rosidl_typesupport_fastrtps_c.h
[1.148s] -- Up-to-date: /home/dinhcuong/arm_ws/install/custom_msgs/include/custom_msgs/custom_msgs/msg
[1.148s] -- Up-to-date: /home/dinhcuong/arm_ws/install/custom_msgs/include/custom_msgs/custom_msgs/msg/rosidl_typesupport_fastrtps_c__visibility_control.h
[1.149s] -- Up-to-date: /home/dinhcuong/arm_ws/install/custom_msgs/lib/libcustom_msgs__rosidl_typesupport_fastrtps_c.so
[1.149s] -- Up-to-date: /home/dinhcuong/arm_ws/install/custom_msgs/include/custom_msgs/custom_msgs
[1.149s] -- Up-to-date: /home/dinhcuong/arm_ws/install/custom_msgs/include/custom_msgs/custom_msgs/srv
[1.149s] -- Up-to-date: /home/dinhcuong/arm_ws/install/custom_msgs/include/custom_msgs/custom_msgs/srv/add_variable.hpp
[1.149s] -- Up-to-date: /home/dinhcuong/arm_ws/install/custom_msgs/include/custom_msgs/custom_msgs/srv/detail
[1.149s] -- Up-to-date: /home/dinhcuong/arm_ws/install/custom_msgs/include/custom_msgs/custom_msgs/srv/detail/add_variable__struct.hpp
[1.150s] -- Up-to-date: /home/dinhcuong/arm_ws/install/custom_msgs/include/custom_msgs/custom_msgs/srv/detail/add_variable__builder.hpp
[1.150s] -- Up-to-date: /home/dinhcuong/arm_ws/install/custom_msgs/include/custom_msgs/custom_msgs/srv/detail/add_variable__traits.hpp
[1.150s] -- Up-to-date: /home/dinhcuong/arm_ws/install/custom_msgs/include/custom_msgs/custom_msgs
[1.150s] -- Up-to-date: /home/dinhcuong/arm_ws/install/custom_msgs/include/custom_msgs/custom_msgs/srv
[1.150s] -- Up-to-date: /home/dinhcuong/arm_ws/install/custom_msgs/include/custom_msgs/custom_msgs/srv/detail
[1.150s] -- Up-to-date: /home/dinhcuong/arm_ws/install/custom_msgs/include/custom_msgs/custom_msgs/srv/detail/add_variable__rosidl_typesupport_fastrtps_cpp.hpp
[1.150s] -- Up-to-date: /home/dinhcuong/arm_ws/install/custom_msgs/include/custom_msgs/custom_msgs/srv/detail/dds_fastrtps
[1.150s] -- Up-to-date: /home/dinhcuong/arm_ws/install/custom_msgs/include/custom_msgs/custom_msgs/msg
[1.150s] -- Up-to-date: /home/dinhcuong/arm_ws/install/custom_msgs/include/custom_msgs/custom_msgs/msg/rosidl_typesupport_fastrtps_cpp__visibility_control.h
[1.150s] -- Up-to-date: /home/dinhcuong/arm_ws/install/custom_msgs/lib/libcustom_msgs__rosidl_typesupport_fastrtps_cpp.so
[1.150s] -- Up-to-date: /home/dinhcuong/arm_ws/install/custom_msgs/include/custom_msgs/custom_msgs
[1.150s] -- Up-to-date: /home/dinhcuong/arm_ws/install/custom_msgs/include/custom_msgs/custom_msgs/srv
[1.151s] -- Up-to-date: /home/dinhcuong/arm_ws/install/custom_msgs/include/custom_msgs/custom_msgs/srv/detail
[1.151s] -- Up-to-date: /home/dinhcuong/arm_ws/install/custom_msgs/include/custom_msgs/custom_msgs/srv/detail/add_variable__rosidl_typesupport_introspection_c.h
[1.151s] -- Up-to-date: /home/dinhcuong/arm_ws/install/custom_msgs/include/custom_msgs/custom_msgs/srv/detail/add_variable__type_support.c
[1.151s] -- Up-to-date: /home/dinhcuong/arm_ws/install/custom_msgs/include/custom_msgs/custom_msgs/msg
[1.151s] -- Up-to-date: /home/dinhcuong/arm_ws/install/custom_msgs/include/custom_msgs/custom_msgs/msg/rosidl_typesupport_introspection_c__visibility_control.h
[1.151s] -- Up-to-date: /home/dinhcuong/arm_ws/install/custom_msgs/lib/libcustom_msgs__rosidl_typesupport_introspection_c.so
[1.151s] -- Up-to-date: /home/dinhcuong/arm_ws/install/custom_msgs/lib/libcustom_msgs__rosidl_typesupport_c.so
[1.151s] -- Up-to-date: /home/dinhcuong/arm_ws/install/custom_msgs/include/custom_msgs/custom_msgs
[1.151s] -- Up-to-date: /home/dinhcuong/arm_ws/install/custom_msgs/include/custom_msgs/custom_msgs/srv
[1.151s] -- Up-to-date: /home/dinhcuong/arm_ws/install/custom_msgs/include/custom_msgs/custom_msgs/srv/detail
[1.151s] -- Up-to-date: /home/dinhcuong/arm_ws/install/custom_msgs/include/custom_msgs/custom_msgs/srv/detail/add_variable__type_support.cpp
[1.152s] -- Up-to-date: /home/dinhcuong/arm_ws/install/custom_msgs/include/custom_msgs/custom_msgs/srv/detail/add_variable__rosidl_typesupport_introspection_cpp.hpp
[1.152s] -- Up-to-date: /home/dinhcuong/arm_ws/install/custom_msgs/lib/libcustom_msgs__rosidl_typesupport_introspection_cpp.so
[1.152s] -- Up-to-date: /home/dinhcuong/arm_ws/install/custom_msgs/lib/libcustom_msgs__rosidl_typesupport_cpp.so
[1.152s] -- Up-to-date: /home/dinhcuong/arm_ws/install/custom_msgs/share/custom_msgs/environment/pythonpath.sh
[1.152s] -- Up-to-date: /home/dinhcuong/arm_ws/install/custom_msgs/share/custom_msgs/environment/pythonpath.dsv
[1.152s] -- Up-to-date: /home/dinhcuong/arm_ws/install/custom_msgs/local/lib/python3.10/dist-packages/custom_msgs-0.0.0-py3.10.egg-info
[1.152s] -- Installing: /home/dinhcuong/arm_ws/install/custom_msgs/local/lib/python3.10/dist-packages/custom_msgs-0.0.0-py3.10.egg-info/top_level.txt
[1.152s] -- Installing: /home/dinhcuong/arm_ws/install/custom_msgs/local/lib/python3.10/dist-packages/custom_msgs-0.0.0-py3.10.egg-info/SOURCES.txt
[1.152s] -- Installing: /home/dinhcuong/arm_ws/install/custom_msgs/local/lib/python3.10/dist-packages/custom_msgs-0.0.0-py3.10.egg-info/dependency_links.txt
[1.152s] -- Installing: /home/dinhcuong/arm_ws/install/custom_msgs/local/lib/python3.10/dist-packages/custom_msgs-0.0.0-py3.10.egg-info/PKG-INFO
[1.153s] -- Up-to-date: /home/dinhcuong/arm_ws/install/custom_msgs/local/lib/python3.10/dist-packages/custom_msgs
[1.153s] -- Up-to-date: /home/dinhcuong/arm_ws/install/custom_msgs/local/lib/python3.10/dist-packages/custom_msgs/__init__.py
[1.153s] -- Up-to-date: /home/dinhcuong/arm_ws/install/custom_msgs/local/lib/python3.10/dist-packages/custom_msgs/custom_msgs_s__rosidl_typesupport_fastrtps_c.cpython-310-x86_64-linux-gnu.so
[1.153s] -- Up-to-date: /home/dinhcuong/arm_ws/install/custom_msgs/local/lib/python3.10/dist-packages/custom_msgs/_custom_msgs_s.ep.rosidl_typesupport_fastrtps_c.c
[1.153s] -- Up-to-date: /home/dinhcuong/arm_ws/install/custom_msgs/local/lib/python3.10/dist-packages/custom_msgs/libcustom_msgs__rosidl_generator_py.so
[1.153s] -- Up-to-date: /home/dinhcuong/arm_ws/install/custom_msgs/local/lib/python3.10/dist-packages/custom_msgs/custom_msgs_s__rosidl_typesupport_introspection_c.cpython-310-x86_64-linux-gnu.so
[1.153s] -- Up-to-date: /home/dinhcuong/arm_ws/install/custom_msgs/local/lib/python3.10/dist-packages/custom_msgs/_custom_msgs_s.ep.rosidl_typesupport_c.c
[1.153s] -- Up-to-date: /home/dinhcuong/arm_ws/install/custom_msgs/local/lib/python3.10/dist-packages/custom_msgs/custom_msgs_s__rosidl_typesupport_c.cpython-310-x86_64-linux-gnu.so
[1.153s] -- Up-to-date: /home/dinhcuong/arm_ws/install/custom_msgs/local/lib/python3.10/dist-packages/custom_msgs/_custom_msgs_s.ep.rosidl_typesupport_introspection_c.c
[1.153s] -- Up-to-date: /home/dinhcuong/arm_ws/install/custom_msgs/local/lib/python3.10/dist-packages/custom_msgs/srv
[1.154s] -- Up-to-date: /home/dinhcuong/arm_ws/install/custom_msgs/local/lib/python3.10/dist-packages/custom_msgs/srv/__init__.py
[1.154s] -- Up-to-date: /home/dinhcuong/arm_ws/install/custom_msgs/local/lib/python3.10/dist-packages/custom_msgs/srv/_add_variable_s.c
[1.154s] -- Up-to-date: /home/dinhcuong/arm_ws/install/custom_msgs/local/lib/python3.10/dist-packages/custom_msgs/srv/_add_variable.py
[1.192s] Listing '/home/dinhcuong/arm_ws/install/custom_msgs/local/lib/python3.10/dist-packages/custom_msgs'...
[1.192s] Listing '/home/dinhcuong/arm_ws/install/custom_msgs/local/lib/python3.10/dist-packages/custom_msgs/srv'...
[1.197s] -- Up-to-date: /home/dinhcuong/arm_ws/install/custom_msgs/local/lib/python3.10/dist-packages/custom_msgs/custom_msgs_s__rosidl_typesupport_fastrtps_c.cpython-310-x86_64-linux-gnu.so
[1.198s] -- Up-to-date: /home/dinhcuong/arm_ws/install/custom_msgs/local/lib/python3.10/dist-packages/custom_msgs/custom_msgs_s__rosidl_typesupport_introspection_c.cpython-310-x86_64-linux-gnu.so
[1.198s] -- Up-to-date: /home/dinhcuong/arm_ws/install/custom_msgs/local/lib/python3.10/dist-packages/custom_msgs/custom_msgs_s__rosidl_typesupport_c.cpython-310-x86_64-linux-gnu.so
[1.198s] -- Up-to-date: /home/dinhcuong/arm_ws/install/custom_msgs/lib/libcustom_msgs__rosidl_generator_py.so
[1.199s] -- Up-to-date: /home/dinhcuong/arm_ws/install/custom_msgs/share/custom_msgs/srv/AddVariable.idl
[1.199s] -- Up-to-date: /home/dinhcuong/arm_ws/install/custom_msgs/share/custom_msgs/srv/AddVariable.srv
[1.199s] -- Up-to-date: /home/dinhcuong/arm_ws/install/custom_msgs/share/custom_msgs/srv/AddVariable_Request.msg
[1.199s] -- Up-to-date: /home/dinhcuong/arm_ws/install/custom_msgs/share/custom_msgs/srv/AddVariable_Response.msg
[1.199s] -- Up-to-date: /home/dinhcuong/arm_ws/install/custom_msgs/share/ament_index/resource_index/package_run_dependencies/custom_msgs
[1.200s] -- Up-to-date: /home/dinhcuong/arm_ws/install/custom_msgs/share/ament_index/resource_index/parent_prefix_path/custom_msgs
[1.200s] -- Up-to-date: /home/dinhcuong/arm_ws/install/custom_msgs/share/custom_msgs/environment/ament_prefix_path.sh
[1.200s] -- Up-to-date: /home/dinhcuong/arm_ws/install/custom_msgs/share/custom_msgs/environment/ament_prefix_path.dsv
[1.200s] -- Up-to-date: /home/dinhcuong/arm_ws/install/custom_msgs/share/custom_msgs/environment/path.sh
[1.200s] -- Up-to-date: /home/dinhcuong/arm_ws/install/custom_msgs/share/custom_msgs/environment/path.dsv
[1.200s] -- Up-to-date: /home/dinhcuong/arm_ws/install/custom_msgs/share/custom_msgs/local_setup.bash
[1.201s] -- Up-to-date: /home/dinhcuong/arm_ws/install/custom_msgs/share/custom_msgs/local_setup.sh
[1.201s] -- Up-to-date: /home/dinhcuong/arm_ws/install/custom_msgs/share/custom_msgs/local_setup.zsh
[1.201s] -- Up-to-date: /home/dinhcuong/arm_ws/install/custom_msgs/share/custom_msgs/local_setup.dsv
[1.201s] -- Installing: /home/dinhcuong/arm_ws/install/custom_msgs/share/custom_msgs/package.dsv
[1.202s] -- Up-to-date: /home/dinhcuong/arm_ws/install/custom_msgs/share/ament_index/resource_index/packages/custom_msgs
[1.202s] -- Up-to-date: /home/dinhcuong/arm_ws/install/custom_msgs/share/custom_msgs/cmake/export_custom_msgs__rosidl_generator_cExport.cmake
[1.202s] -- Up-to-date: /home/dinhcuong/arm_ws/install/custom_msgs/share/custom_msgs/cmake/export_custom_msgs__rosidl_generator_cExport-noconfig.cmake
[1.202s] -- Up-to-date: /home/dinhcuong/arm_ws/install/custom_msgs/share/custom_msgs/cmake/export_custom_msgs__rosidl_typesupport_fastrtps_cExport.cmake
[1.202s] -- Up-to-date: /home/dinhcuong/arm_ws/install/custom_msgs/share/custom_msgs/cmake/export_custom_msgs__rosidl_typesupport_fastrtps_cExport-noconfig.cmake
[1.202s] -- Up-to-date: /home/dinhcuong/arm_ws/install/custom_msgs/share/custom_msgs/cmake/export_custom_msgs__rosidl_generator_cppExport.cmake
[1.203s] -- Up-to-date: /home/dinhcuong/arm_ws/install/custom_msgs/share/custom_msgs/cmake/export_custom_msgs__rosidl_typesupport_fastrtps_cppExport.cmake
[1.203s] -- Up-to-date: /home/dinhcuong/arm_ws/install/custom_msgs/share/custom_msgs/cmake/export_custom_msgs__rosidl_typesupport_fastrtps_cppExport-noconfig.cmake
[1.203s] -- Up-to-date: /home/dinhcuong/arm_ws/install/custom_msgs/share/custom_msgs/cmake/custom_msgs__rosidl_typesupport_introspection_cExport.cmake
[1.203s] -- Up-to-date: /home/dinhcuong/arm_ws/install/custom_msgs/share/custom_msgs/cmake/custom_msgs__rosidl_typesupport_introspection_cExport-noconfig.cmake
[1.203s] -- Up-to-date: /home/dinhcuong/arm_ws/install/custom_msgs/share/custom_msgs/cmake/custom_msgs__rosidl_typesupport_cExport.cmake
[1.203s] -- Up-to-date: /home/dinhcuong/arm_ws/install/custom_msgs/share/custom_msgs/cmake/custom_msgs__rosidl_typesupport_cExport-noconfig.cmake
[1.204s] -- Up-to-date: /home/dinhcuong/arm_ws/install/custom_msgs/share/custom_msgs/cmake/custom_msgs__rosidl_typesupport_introspection_cppExport.cmake
[1.204s] -- Up-to-date: /home/dinhcuong/arm_ws/install/custom_msgs/share/custom_msgs/cmake/custom_msgs__rosidl_typesupport_introspection_cppExport-noconfig.cmake
[1.204s] -- Up-to-date: /home/dinhcuong/arm_ws/install/custom_msgs/share/custom_msgs/cmake/custom_msgs__rosidl_typesupport_cppExport.cmake
[1.204s] -- Up-to-date: /home/dinhcuong/arm_ws/install/custom_msgs/share/custom_msgs/cmake/custom_msgs__rosidl_typesupport_cppExport-noconfig.cmake
[1.205s] -- Up-to-date: /home/dinhcuong/arm_ws/install/custom_msgs/share/custom_msgs/cmake/export_custom_msgs__rosidl_generator_pyExport.cmake
[1.205s] -- Up-to-date: /home/dinhcuong/arm_ws/install/custom_msgs/share/custom_msgs/cmake/export_custom_msgs__rosidl_generator_pyExport-noconfig.cmake
[1.205s] -- Up-to-date: /home/dinhcuong/arm_ws/install/custom_msgs/share/custom_msgs/cmake/rosidl_cmake-extras.cmake
[1.205s] -- Up-to-date: /home/dinhcuong/arm_ws/install/custom_msgs/share/custom_msgs/cmake/ament_cmake_export_include_directories-extras.cmake
[1.205s] -- Up-to-date: /home/dinhcuong/arm_ws/install/custom_msgs/share/custom_msgs/cmake/ament_cmake_export_libraries-extras.cmake
[1.205s] -- Up-to-date: /home/dinhcuong/arm_ws/install/custom_msgs/share/custom_msgs/cmake/ament_cmake_export_targets-extras.cmake
[1.206s] -- Up-to-date: /home/dinhcuong/arm_ws/install/custom_msgs/share/custom_msgs/cmake/rosidl_cmake_export_typesupport_targets-extras.cmake
[1.206s] -- Up-to-date: /home/dinhcuong/arm_ws/install/custom_msgs/share/custom_msgs/cmake/ament_cmake_export_dependencies-extras.cmake
[1.206s] -- Up-to-date: /home/dinhcuong/arm_ws/install/custom_msgs/share/custom_msgs/cmake/rosidl_cmake_export_typesupport_libraries-extras.cmake
[1.206s] -- Up-to-date: /home/dinhcuong/arm_ws/install/custom_msgs/share/custom_msgs/cmake/custom_msgsConfig.cmake
[1.206s] -- Up-to-date: /home/dinhcuong/arm_ws/install/custom_msgs/share/custom_msgs/cmake/custom_msgsConfig-version.cmake
[1.206s] -- Up-to-date: /home/dinhcuong/arm_ws/install/custom_msgs/share/custom_msgs/package.xml
[1.208s] Invoked command in '/home/dinhcuong/arm_ws/build/custom_msgs' returned '0': CMAKE_PREFIX_PATH=/opt/ros/humble /usr/bin/cmake --install /home/dinhcuong/arm_ws/build/custom_msgs
