[0.842s] DEBUG:colcon:Command line arguments: ['/usr/bin/colcon', 'build']
[0.842s] DEBUG:colcon:Parsed command line arguments: Namespace(log_base=None, log_level=None, verb_name='build', build_base='build', install_base='install', merge_install=False, symlink_install=False, test_result_base=None, continue_on_error=False, executor='parallel', parallel_workers=8, event_handlers=None, ignore_user_meta=False, metas=['./colcon.meta'], base_paths=['.'], packages_ignore=None, packages_ignore_regex=None, paths=None, packages_up_to=None, packages_up_to_regex=None, packages_above=None, packages_above_and_dependencies=None, packages_above_depth=None, packages_select_by_dep=None, packages_skip_by_dep=None, packages_skip_up_to=None, packages_select_build_failed=False, packages_skip_build_finished=False, packages_select_test_failures=False, packages_skip_test_passed=False, packages_select=None, packages_skip=None, packages_select_regex=None, packages_skip_regex=None, packages_start=None, packages_end=None, allow_overriding=[], cmake_args=None, cmake_target=None, cmake_target_skip_unavailable=False, cmake_clean_cache=False, cmake_clean_first=False, cmake_force_configure=False, ament_cmake_args=None, catkin_cmake_args=None, catkin_skip_building_tests=False, verb_parser=<colcon_defaults.argument_parser.defaults.DefaultArgumentsDecorator object at 0x7f805fbaa410>, verb_extension=<colcon_core.verb.build.BuildVerb object at 0x7f805fba96c0>, main=<bound method BuildVerb.main of <colcon_core.verb.build.BuildVerb object at 0x7f805fba96c0>>)
[0.893s] Level 1:colcon.colcon_core.package_discovery:discover_packages(colcon_meta) check parameters
[0.893s] Level 1:colcon.colcon_core.package_discovery:discover_packages(recursive) check parameters
[0.893s] Level 1:colcon.colcon_core.package_discovery:discover_packages(ignore) check parameters
[0.893s] Level 1:colcon.colcon_core.package_discovery:discover_packages(path) check parameters
[0.893s] Level 1:colcon.colcon_core.package_discovery:discover_packages(colcon_meta) discover
[0.893s] Level 1:colcon.colcon_core.package_discovery:discover_packages(recursive) discover
[0.893s] INFO:colcon.colcon_core.package_discovery:Crawling recursively for packages in '/home/dinhcuong/arm_ws'
[0.893s] Level 1:colcon.colcon_core.package_identification:_identify(.) by extensions ['ignore', 'ignore_ament_install']
[0.893s] Level 1:colcon.colcon_core.package_identification:_identify(.) by extension 'ignore'
[0.893s] Level 1:colcon.colcon_core.package_identification:_identify(.) by extension 'ignore_ament_install'
[0.893s] Level 1:colcon.colcon_core.package_identification:_identify(.) by extensions ['colcon_pkg']
[0.893s] Level 1:colcon.colcon_core.package_identification:_identify(.) by extension 'colcon_pkg'
[0.893s] Level 1:colcon.colcon_core.package_identification:_identify(.) by extensions ['colcon_meta']
[0.893s] Level 1:colcon.colcon_core.package_identification:_identify(.) by extension 'colcon_meta'
[0.893s] Level 1:colcon.colcon_core.package_identification:_identify(.) by extensions ['ros']
[0.893s] Level 1:colcon.colcon_core.package_identification:_identify(.) by extension 'ros'
[0.902s] Level 1:colcon.colcon_core.package_identification:_identify(.) by extensions ['cmake', 'python']
[0.902s] Level 1:colcon.colcon_core.package_identification:_identify(.) by extension 'cmake'
[0.902s] Level 1:colcon.colcon_core.package_identification:_identify(.) by extension 'python'
[0.902s] Level 1:colcon.colcon_core.package_identification:_identify(.) by extensions ['python_setup_py']
[0.902s] Level 1:colcon.colcon_core.package_identification:_identify(.) by extension 'python_setup_py'
[0.902s] Level 1:colcon.colcon_core.package_identification:_identify(arm_mark1_moveit) by extensions ['ignore', 'ignore_ament_install']
[0.903s] Level 1:colcon.colcon_core.package_identification:_identify(arm_mark1_moveit) by extension 'ignore'
[0.903s] Level 1:colcon.colcon_core.package_identification:_identify(arm_mark1_moveit) by extension 'ignore_ament_install'
[0.903s] Level 1:colcon.colcon_core.package_identification:_identify(arm_mark1_moveit) by extensions ['colcon_pkg']
[0.903s] Level 1:colcon.colcon_core.package_identification:_identify(arm_mark1_moveit) by extension 'colcon_pkg'
[0.903s] Level 1:colcon.colcon_core.package_identification:_identify(arm_mark1_moveit) by extensions ['colcon_meta']
[0.903s] Level 1:colcon.colcon_core.package_identification:_identify(arm_mark1_moveit) by extension 'colcon_meta'
[0.903s] Level 1:colcon.colcon_core.package_identification:_identify(arm_mark1_moveit) by extensions ['ros']
[0.903s] Level 1:colcon.colcon_core.package_identification:_identify(arm_mark1_moveit) by extension 'ros'
[0.905s] DEBUG:colcon.colcon_core.package_identification:Package 'arm_mark1_moveit' with type 'ros.ament_cmake' and name 'arm_mark1_moveit'
[0.905s] Level 1:colcon.colcon_core.package_identification:_identify(build) by extensions ['ignore', 'ignore_ament_install']
[0.905s] Level 1:colcon.colcon_core.package_identification:_identify(build) by extension 'ignore'
[0.905s] Level 1:colcon.colcon_core.package_identification:_identify(build) ignored
[0.905s] Level 1:colcon.colcon_core.package_identification:_identify(install) by extensions ['ignore', 'ignore_ament_install']
[0.905s] Level 1:colcon.colcon_core.package_identification:_identify(install) by extension 'ignore'
[0.905s] Level 1:colcon.colcon_core.package_identification:_identify(install) ignored
[0.905s] Level 1:colcon.colcon_core.package_identification:_identify(log) by extensions ['ignore', 'ignore_ament_install']
[0.906s] Level 1:colcon.colcon_core.package_identification:_identify(log) by extension 'ignore'
[0.906s] Level 1:colcon.colcon_core.package_identification:_identify(log) ignored
[0.906s] Level 1:colcon.colcon_core.package_identification:_identify(src) by extensions ['ignore', 'ignore_ament_install']
[0.906s] Level 1:colcon.colcon_core.package_identification:_identify(src) by extension 'ignore'
[0.906s] Level 1:colcon.colcon_core.package_identification:_identify(src) by extension 'ignore_ament_install'
[0.906s] Level 1:colcon.colcon_core.package_identification:_identify(src) by extensions ['colcon_pkg']
[0.906s] Level 1:colcon.colcon_core.package_identification:_identify(src) by extension 'colcon_pkg'
[0.906s] Level 1:colcon.colcon_core.package_identification:_identify(src) by extensions ['colcon_meta']
[0.906s] Level 1:colcon.colcon_core.package_identification:_identify(src) by extension 'colcon_meta'
[0.906s] Level 1:colcon.colcon_core.package_identification:_identify(src) by extensions ['ros']
[0.906s] Level 1:colcon.colcon_core.package_identification:_identify(src) by extension 'ros'
[0.906s] Level 1:colcon.colcon_core.package_identification:_identify(src) by extensions ['cmake', 'python']
[0.906s] Level 1:colcon.colcon_core.package_identification:_identify(src) by extension 'cmake'
[0.906s] Level 1:colcon.colcon_core.package_identification:_identify(src) by extension 'python'
[0.906s] Level 1:colcon.colcon_core.package_identification:_identify(src) by extensions ['python_setup_py']
[0.906s] Level 1:colcon.colcon_core.package_identification:_identify(src) by extension 'python_setup_py'
[0.906s] Level 1:colcon.colcon_core.package_identification:_identify(src/arm_mark1) by extensions ['ignore', 'ignore_ament_install']
[0.906s] Level 1:colcon.colcon_core.package_identification:_identify(src/arm_mark1) by extension 'ignore'
[0.906s] Level 1:colcon.colcon_core.package_identification:_identify(src/arm_mark1) by extension 'ignore_ament_install'
[0.906s] Level 1:colcon.colcon_core.package_identification:_identify(src/arm_mark1) by extensions ['colcon_pkg']
[0.906s] Level 1:colcon.colcon_core.package_identification:_identify(src/arm_mark1) by extension 'colcon_pkg'
[0.906s] Level 1:colcon.colcon_core.package_identification:_identify(src/arm_mark1) by extensions ['colcon_meta']
[0.906s] Level 1:colcon.colcon_core.package_identification:_identify(src/arm_mark1) by extension 'colcon_meta'
[0.906s] Level 1:colcon.colcon_core.package_identification:_identify(src/arm_mark1) by extensions ['ros']
[0.906s] Level 1:colcon.colcon_core.package_identification:_identify(src/arm_mark1) by extension 'ros'
[0.907s] DEBUG:colcon.colcon_core.package_identification:Package 'src/arm_mark1' with type 'ros.ament_cmake' and name 'arm_mark1'
[0.907s] Level 1:colcon.colcon_core.package_identification:_identify(src/arm_mark1_controller) by extensions ['ignore', 'ignore_ament_install']
[0.907s] Level 1:colcon.colcon_core.package_identification:_identify(src/arm_mark1_controller) by extension 'ignore'
[0.907s] Level 1:colcon.colcon_core.package_identification:_identify(src/arm_mark1_controller) by extension 'ignore_ament_install'
[0.907s] Level 1:colcon.colcon_core.package_identification:_identify(src/arm_mark1_controller) by extensions ['colcon_pkg']
[0.907s] Level 1:colcon.colcon_core.package_identification:_identify(src/arm_mark1_controller) by extension 'colcon_pkg'
[0.907s] Level 1:colcon.colcon_core.package_identification:_identify(src/arm_mark1_controller) by extensions ['colcon_meta']
[0.907s] Level 1:colcon.colcon_core.package_identification:_identify(src/arm_mark1_controller) by extension 'colcon_meta'
[0.907s] Level 1:colcon.colcon_core.package_identification:_identify(src/arm_mark1_controller) by extensions ['ros']
[0.907s] Level 1:colcon.colcon_core.package_identification:_identify(src/arm_mark1_controller) by extension 'ros'
[0.908s] DEBUG:colcon.colcon_core.package_identification:Package 'src/arm_mark1_controller' with type 'ros.ament_cmake' and name 'arm_mark1_controller'
[0.908s] Level 1:colcon.colcon_core.package_identification:_identify(src/custom_msgs) by extensions ['ignore', 'ignore_ament_install']
[0.908s] Level 1:colcon.colcon_core.package_identification:_identify(src/custom_msgs) by extension 'ignore'
[0.908s] Level 1:colcon.colcon_core.package_identification:_identify(src/custom_msgs) by extension 'ignore_ament_install'
[0.908s] Level 1:colcon.colcon_core.package_identification:_identify(src/custom_msgs) by extensions ['colcon_pkg']
[0.908s] Level 1:colcon.colcon_core.package_identification:_identify(src/custom_msgs) by extension 'colcon_pkg'
[0.908s] Level 1:colcon.colcon_core.package_identification:_identify(src/custom_msgs) by extensions ['colcon_meta']
[0.908s] Level 1:colcon.colcon_core.package_identification:_identify(src/custom_msgs) by extension 'colcon_meta'
[0.908s] Level 1:colcon.colcon_core.package_identification:_identify(src/custom_msgs) by extensions ['ros']
[0.908s] Level 1:colcon.colcon_core.package_identification:_identify(src/custom_msgs) by extension 'ros'
[0.909s] DEBUG:colcon.colcon_core.package_identification:Package 'src/custom_msgs' with type 'ros.ament_cmake' and name 'custom_msgs'
[0.909s] Level 1:colcon.colcon_core.package_identification:_identify(src/server_python) by extensions ['ignore', 'ignore_ament_install']
[0.909s] Level 1:colcon.colcon_core.package_identification:_identify(src/server_python) by extension 'ignore'
[0.909s] Level 1:colcon.colcon_core.package_identification:_identify(src/server_python) by extension 'ignore_ament_install'
[0.909s] Level 1:colcon.colcon_core.package_identification:_identify(src/server_python) by extensions ['colcon_pkg']
[0.909s] Level 1:colcon.colcon_core.package_identification:_identify(src/server_python) by extension 'colcon_pkg'
[0.909s] Level 1:colcon.colcon_core.package_identification:_identify(src/server_python) by extensions ['colcon_meta']
[0.909s] Level 1:colcon.colcon_core.package_identification:_identify(src/server_python) by extension 'colcon_meta'
[0.909s] Level 1:colcon.colcon_core.package_identification:_identify(src/server_python) by extensions ['ros']
[0.909s] Level 1:colcon.colcon_core.package_identification:_identify(src/server_python) by extension 'ros'
[0.910s] DEBUG:colcon.colcon_core.package_identification:Package 'src/server_python' with type 'ros.ament_python' and name 'server_python'
[0.910s] Level 1:colcon.colcon_core.package_discovery:discover_packages(recursive) using defaults
[0.910s] Level 1:colcon.colcon_core.package_discovery:discover_packages(ignore) discover
[0.910s] Level 1:colcon.colcon_core.package_discovery:discover_packages(ignore) using defaults
[0.910s] Level 1:colcon.colcon_core.package_discovery:discover_packages(path) discover
[0.910s] Level 1:colcon.colcon_core.package_discovery:discover_packages(path) using defaults
[0.990s] Level 1:colcon.colcon_core.package_discovery:discover_packages(prefix_path) check parameters
[0.990s] Level 1:colcon.colcon_core.package_discovery:discover_packages(prefix_path) discover
[1.017s] DEBUG:colcon.colcon_installed_package_information.package_discovery:Found 354 installed packages in /opt/ros/humble
[1.018s] Level 1:colcon.colcon_core.package_discovery:discover_packages(prefix_path) using defaults
[1.101s] Level 5:colcon.colcon_core.verb:set package 'arm_mark1' build argument 'cmake_args' from command line to 'None'
[1.101s] Level 5:colcon.colcon_core.verb:set package 'arm_mark1' build argument 'cmake_target' from command line to 'None'
[1.101s] Level 5:colcon.colcon_core.verb:set package 'arm_mark1' build argument 'cmake_target_skip_unavailable' from command line to 'False'
[1.101s] Level 5:colcon.colcon_core.verb:set package 'arm_mark1' build argument 'cmake_clean_cache' from command line to 'False'
[1.101s] Level 5:colcon.colcon_core.verb:set package 'arm_mark1' build argument 'cmake_clean_first' from command line to 'False'
[1.102s] Level 5:colcon.colcon_core.verb:set package 'arm_mark1' build argument 'cmake_force_configure' from command line to 'False'
[1.102s] Level 5:colcon.colcon_core.verb:set package 'arm_mark1' build argument 'ament_cmake_args' from command line to 'None'
[1.102s] Level 5:colcon.colcon_core.verb:set package 'arm_mark1' build argument 'catkin_cmake_args' from command line to 'None'
[1.102s] Level 5:colcon.colcon_core.verb:set package 'arm_mark1' build argument 'catkin_skip_building_tests' from command line to 'False'
[1.102s] DEBUG:colcon.colcon_core.verb:Building package 'arm_mark1' with the following arguments: {'ament_cmake_args': None, 'build_base': '/home/dinhcuong/arm_ws/build/arm_mark1', 'catkin_cmake_args': None, 'catkin_skip_building_tests': False, 'cmake_args': None, 'cmake_clean_cache': False, 'cmake_clean_first': False, 'cmake_force_configure': False, 'cmake_target': None, 'cmake_target_skip_unavailable': False, 'install_base': '/home/dinhcuong/arm_ws/install/arm_mark1', 'merge_install': False, 'path': '/home/dinhcuong/arm_ws/src/arm_mark1', 'symlink_install': False, 'test_result_base': None}
[1.114s] Level 5:colcon.colcon_core.verb:set package 'arm_mark1_controller' build argument 'cmake_args' from command line to 'None'
[1.114s] Level 5:colcon.colcon_core.verb:set package 'arm_mark1_controller' build argument 'cmake_target' from command line to 'None'
[1.114s] Level 5:colcon.colcon_core.verb:set package 'arm_mark1_controller' build argument 'cmake_target_skip_unavailable' from command line to 'False'
[1.114s] Level 5:colcon.colcon_core.verb:set package 'arm_mark1_controller' build argument 'cmake_clean_cache' from command line to 'False'
[1.114s] Level 5:colcon.colcon_core.verb:set package 'arm_mark1_controller' build argument 'cmake_clean_first' from command line to 'False'
[1.114s] Level 5:colcon.colcon_core.verb:set package 'arm_mark1_controller' build argument 'cmake_force_configure' from command line to 'False'
[1.114s] Level 5:colcon.colcon_core.verb:set package 'arm_mark1_controller' build argument 'ament_cmake_args' from command line to 'None'
[1.114s] Level 5:colcon.colcon_core.verb:set package 'arm_mark1_controller' build argument 'catkin_cmake_args' from command line to 'None'
[1.114s] Level 5:colcon.colcon_core.verb:set package 'arm_mark1_controller' build argument 'catkin_skip_building_tests' from command line to 'False'
[1.114s] DEBUG:colcon.colcon_core.verb:Building package 'arm_mark1_controller' with the following arguments: {'ament_cmake_args': None, 'build_base': '/home/dinhcuong/arm_ws/build/arm_mark1_controller', 'catkin_cmake_args': None, 'catkin_skip_building_tests': False, 'cmake_args': None, 'cmake_clean_cache': False, 'cmake_clean_first': False, 'cmake_force_configure': False, 'cmake_target': None, 'cmake_target_skip_unavailable': False, 'install_base': '/home/dinhcuong/arm_ws/install/arm_mark1_controller', 'merge_install': False, 'path': '/home/dinhcuong/arm_ws/src/arm_mark1_controller', 'symlink_install': False, 'test_result_base': None}
[1.127s] Level 5:colcon.colcon_core.verb:set package 'arm_mark1_moveit' build argument 'cmake_args' from command line to 'None'
[1.127s] Level 5:colcon.colcon_core.verb:set package 'arm_mark1_moveit' build argument 'cmake_target' from command line to 'None'
[1.127s] Level 5:colcon.colcon_core.verb:set package 'arm_mark1_moveit' build argument 'cmake_target_skip_unavailable' from command line to 'False'
[1.127s] Level 5:colcon.colcon_core.verb:set package 'arm_mark1_moveit' build argument 'cmake_clean_cache' from command line to 'False'
[1.127s] Level 5:colcon.colcon_core.verb:set package 'arm_mark1_moveit' build argument 'cmake_clean_first' from command line to 'False'
[1.127s] Level 5:colcon.colcon_core.verb:set package 'arm_mark1_moveit' build argument 'cmake_force_configure' from command line to 'False'
[1.127s] Level 5:colcon.colcon_core.verb:set package 'arm_mark1_moveit' build argument 'ament_cmake_args' from command line to 'None'
[1.127s] Level 5:colcon.colcon_core.verb:set package 'arm_mark1_moveit' build argument 'catkin_cmake_args' from command line to 'None'
[1.127s] Level 5:colcon.colcon_core.verb:set package 'arm_mark1_moveit' build argument 'catkin_skip_building_tests' from command line to 'False'
[1.127s] DEBUG:colcon.colcon_core.verb:Building package 'arm_mark1_moveit' with the following arguments: {'ament_cmake_args': None, 'build_base': '/home/dinhcuong/arm_ws/build/arm_mark1_moveit', 'catkin_cmake_args': None, 'catkin_skip_building_tests': False, 'cmake_args': None, 'cmake_clean_cache': False, 'cmake_clean_first': False, 'cmake_force_configure': False, 'cmake_target': None, 'cmake_target_skip_unavailable': False, 'install_base': '/home/dinhcuong/arm_ws/install/arm_mark1_moveit', 'merge_install': False, 'path': '/home/dinhcuong/arm_ws/arm_mark1_moveit', 'symlink_install': False, 'test_result_base': None}
[1.141s] Level 5:colcon.colcon_core.verb:set package 'custom_msgs' build argument 'cmake_args' from command line to 'None'
[1.141s] Level 5:colcon.colcon_core.verb:set package 'custom_msgs' build argument 'cmake_target' from command line to 'None'
[1.141s] Level 5:colcon.colcon_core.verb:set package 'custom_msgs' build argument 'cmake_target_skip_unavailable' from command line to 'False'
[1.141s] Level 5:colcon.colcon_core.verb:set package 'custom_msgs' build argument 'cmake_clean_cache' from command line to 'False'
[1.141s] Level 5:colcon.colcon_core.verb:set package 'custom_msgs' build argument 'cmake_clean_first' from command line to 'False'
[1.141s] Level 5:colcon.colcon_core.verb:set package 'custom_msgs' build argument 'cmake_force_configure' from command line to 'False'
[1.141s] Level 5:colcon.colcon_core.verb:set package 'custom_msgs' build argument 'ament_cmake_args' from command line to 'None'
[1.141s] Level 5:colcon.colcon_core.verb:set package 'custom_msgs' build argument 'catkin_cmake_args' from command line to 'None'
[1.141s] Level 5:colcon.colcon_core.verb:set package 'custom_msgs' build argument 'catkin_skip_building_tests' from command line to 'False'
[1.141s] DEBUG:colcon.colcon_core.verb:Building package 'custom_msgs' with the following arguments: {'ament_cmake_args': None, 'build_base': '/home/dinhcuong/arm_ws/build/custom_msgs', 'catkin_cmake_args': None, 'catkin_skip_building_tests': False, 'cmake_args': None, 'cmake_clean_cache': False, 'cmake_clean_first': False, 'cmake_force_configure': False, 'cmake_target': None, 'cmake_target_skip_unavailable': False, 'install_base': '/home/dinhcuong/arm_ws/install/custom_msgs', 'merge_install': False, 'path': '/home/dinhcuong/arm_ws/src/custom_msgs', 'symlink_install': False, 'test_result_base': None}
[1.153s] Level 5:colcon.colcon_core.verb:set package 'server_python' build argument 'cmake_args' from command line to 'None'
[1.153s] Level 5:colcon.colcon_core.verb:set package 'server_python' build argument 'cmake_target' from command line to 'None'
[1.153s] Level 5:colcon.colcon_core.verb:set package 'server_python' build argument 'cmake_target_skip_unavailable' from command line to 'False'
[1.153s] Level 5:colcon.colcon_core.verb:set package 'server_python' build argument 'cmake_clean_cache' from command line to 'False'
[1.153s] Level 5:colcon.colcon_core.verb:set package 'server_python' build argument 'cmake_clean_first' from command line to 'False'
[1.153s] Level 5:colcon.colcon_core.verb:set package 'server_python' build argument 'cmake_force_configure' from command line to 'False'
[1.153s] Level 5:colcon.colcon_core.verb:set package 'server_python' build argument 'ament_cmake_args' from command line to 'None'
[1.153s] Level 5:colcon.colcon_core.verb:set package 'server_python' build argument 'catkin_cmake_args' from command line to 'None'
[1.153s] Level 5:colcon.colcon_core.verb:set package 'server_python' build argument 'catkin_skip_building_tests' from command line to 'False'
[1.153s] DEBUG:colcon.colcon_core.verb:Building package 'server_python' with the following arguments: {'ament_cmake_args': None, 'build_base': '/home/dinhcuong/arm_ws/build/server_python', 'catkin_cmake_args': None, 'catkin_skip_building_tests': False, 'cmake_args': None, 'cmake_clean_cache': False, 'cmake_clean_first': False, 'cmake_force_configure': False, 'cmake_target': None, 'cmake_target_skip_unavailable': False, 'install_base': '/home/dinhcuong/arm_ws/install/server_python', 'merge_install': False, 'path': '/home/dinhcuong/arm_ws/src/server_python', 'symlink_install': False, 'test_result_base': None}
[1.165s] INFO:colcon.colcon_core.executor:Executing jobs using 'parallel' executor
[1.177s] DEBUG:colcon.colcon_parallel_executor.executor.parallel:run_until_complete
[1.177s] INFO:colcon.colcon_ros.task.ament_cmake.build:Building ROS package in '/home/dinhcuong/arm_ws/src/custom_msgs' with build type 'ament_cmake'
[1.177s] INFO:colcon.colcon_cmake.task.cmake.build:Building CMake package in '/home/dinhcuong/arm_ws/src/custom_msgs'
[1.191s] INFO:colcon.colcon_core.plugin_system:Skipping extension 'colcon_core.shell.bat': Not used on non-Windows systems
[1.192s] INFO:colcon.colcon_core.shell:Skip shell extension 'powershell' for command environment: Not usable outside of PowerShell
[1.192s] DEBUG:colcon.colcon_core.shell:Skip shell extension 'dsv' for command environment
[1.218s] INFO:colcon.colcon_ros.task.ament_cmake.build:Building ROS package in '/home/dinhcuong/arm_ws/src/arm_mark1' with build type 'ament_cmake'
[1.218s] INFO:colcon.colcon_cmake.task.cmake.build:Building CMake package in '/home/dinhcuong/arm_ws/src/arm_mark1'
[1.230s] INFO:colcon.colcon_core.shell:Skip shell extension 'powershell' for command environment: Not usable outside of PowerShell
[1.230s] DEBUG:colcon.colcon_core.shell:Skip shell extension 'dsv' for command environment
[1.258s] INFO:colcon.colcon_ros.task.ament_cmake.build:Building ROS package in '/home/dinhcuong/arm_ws/src/arm_mark1_controller' with build type 'ament_cmake'
[1.259s] INFO:colcon.colcon_cmake.task.cmake.build:Building CMake package in '/home/dinhcuong/arm_ws/src/arm_mark1_controller'
[1.271s] INFO:colcon.colcon_core.shell:Skip shell extension 'powershell' for command environment: Not usable outside of PowerShell
[1.271s] DEBUG:colcon.colcon_core.shell:Skip shell extension 'dsv' for command environment
[1.297s] INFO:colcon.colcon_ros.task.ament_cmake.build:Building ROS package in '/home/dinhcuong/arm_ws/arm_mark1_moveit' with build type 'ament_cmake'
[1.297s] INFO:colcon.colcon_cmake.task.cmake.build:Building CMake package in '/home/dinhcuong/arm_ws/arm_mark1_moveit'
[1.321s] INFO:colcon.colcon_core.shell:Skip shell extension 'powershell' for command environment: Not usable outside of PowerShell
[1.321s] DEBUG:colcon.colcon_core.shell:Skip shell extension 'dsv' for command environment
[1.355s] DEBUG:colcon.colcon_core.event_handler.log_command:Invoking command in '/home/dinhcuong/arm_ws/build/custom_msgs': CMAKE_PREFIX_PATH=/opt/ros/humble /usr/bin/cmake --build /home/dinhcuong/arm_ws/build/custom_msgs -- -j8 -l8
[1.357s] DEBUG:colcon.colcon_core.event_handler.log_command:Invoking command in '/home/dinhcuong/arm_ws/build/arm_mark1': CMAKE_PREFIX_PATH=/opt/ros/humble /usr/bin/cmake --build /home/dinhcuong/arm_ws/build/arm_mark1 -- -j8 -l8
[1.360s] DEBUG:colcon.colcon_core.event_handler.log_command:Invoking command in '/home/dinhcuong/arm_ws/build/arm_mark1_controller': CMAKE_PREFIX_PATH=/opt/ros/humble /usr/bin/cmake --build /home/dinhcuong/arm_ws/build/arm_mark1_controller -- -j8 -l8
[1.363s] DEBUG:colcon.colcon_core.event_handler.log_command:Invoking command in '/home/dinhcuong/arm_ws/build/arm_mark1_moveit': CMAKE_PREFIX_PATH=/opt/ros/humble /usr/bin/cmake /home/dinhcuong/arm_ws/arm_mark1_moveit -DCMAKE_INSTALL_PREFIX=/home/dinhcuong/arm_ws/install/arm_mark1_moveit
[1.387s] DEBUG:colcon.colcon_core.event_handler.log_command:Invoked command in '/home/dinhcuong/arm_ws/build/arm_mark1' returned '0': CMAKE_PREFIX_PATH=/opt/ros/humble /usr/bin/cmake --build /home/dinhcuong/arm_ws/build/arm_mark1 -- -j8 -l8
[1.395s] DEBUG:colcon.colcon_core.event_handler.log_command:Invoked command in '/home/dinhcuong/arm_ws/build/arm_mark1_controller' returned '0': CMAKE_PREFIX_PATH=/opt/ros/humble /usr/bin/cmake --build /home/dinhcuong/arm_ws/build/arm_mark1_controller -- -j8 -l8
[1.421s] DEBUG:colcon.colcon_core.event_handler.log_command:Invoking command in '/home/dinhcuong/arm_ws/build/arm_mark1': CMAKE_PREFIX_PATH=/opt/ros/humble /usr/bin/cmake --install /home/dinhcuong/arm_ws/build/arm_mark1
[1.431s] DEBUG:colcon.colcon_core.event_handler.log_command:Invoking command in '/home/dinhcuong/arm_ws/build/arm_mark1_controller': CMAKE_PREFIX_PATH=/opt/ros/humble /usr/bin/cmake --install /home/dinhcuong/arm_ws/build/arm_mark1_controller
[1.439s] Level 1:colcon.colcon_core.environment:create_environment_scripts_only(arm_mark1_controller)
[1.446s] DEBUG:colcon.colcon_core.event_handler.log_command:Invoked command in '/home/dinhcuong/arm_ws/build/arm_mark1_controller' returned '0': CMAKE_PREFIX_PATH=/opt/ros/humble /usr/bin/cmake --install /home/dinhcuong/arm_ws/build/arm_mark1_controller
[1.471s] Level 1:colcon.colcon_core.environment:checking '/home/dinhcuong/arm_ws/install/arm_mark1_controller' for CMake module files
[1.472s] Level 1:colcon.colcon_core.environment:checking '/home/dinhcuong/arm_ws/install/arm_mark1_controller' for CMake config files
[1.472s] Level 1:colcon.colcon_core.shell:create_environment_hook('arm_mark1_controller', 'cmake_prefix_path')
[1.487s] INFO:colcon.colcon_core.shell:Creating environment hook '/home/dinhcuong/arm_ws/install/arm_mark1_controller/share/arm_mark1_controller/hook/cmake_prefix_path.ps1'
[1.488s] INFO:colcon.colcon_core.shell:Creating environment descriptor '/home/dinhcuong/arm_ws/install/arm_mark1_controller/share/arm_mark1_controller/hook/cmake_prefix_path.dsv'
[1.489s] INFO:colcon.colcon_core.shell:Creating environment hook '/home/dinhcuong/arm_ws/install/arm_mark1_controller/share/arm_mark1_controller/hook/cmake_prefix_path.sh'
[1.490s] Level 1:colcon.colcon_core.environment:checking '/home/dinhcuong/arm_ws/install/arm_mark1_controller/bin'
[1.490s] Level 1:colcon.colcon_core.environment:checking '/home/dinhcuong/arm_ws/install/arm_mark1_controller/lib/pkgconfig/arm_mark1_controller.pc'
[1.490s] Level 1:colcon.colcon_core.environment:checking '/home/dinhcuong/arm_ws/install/arm_mark1_controller/lib/python3.10/site-packages'
[1.491s] Level 1:colcon.colcon_core.environment:checking '/home/dinhcuong/arm_ws/install/arm_mark1_controller/bin'
[1.510s] INFO:colcon.colcon_core.shell:Creating package script '/home/dinhcuong/arm_ws/install/arm_mark1_controller/share/arm_mark1_controller/package.ps1'
[1.511s] INFO:colcon.colcon_core.shell:Creating package descriptor '/home/dinhcuong/arm_ws/install/arm_mark1_controller/share/arm_mark1_controller/package.dsv'
[1.512s] INFO:colcon.colcon_core.shell:Creating package script '/home/dinhcuong/arm_ws/install/arm_mark1_controller/share/arm_mark1_controller/package.sh'
[1.513s] INFO:colcon.colcon_core.shell:Creating package script '/home/dinhcuong/arm_ws/install/arm_mark1_controller/share/arm_mark1_controller/package.bash'
[1.513s] INFO:colcon.colcon_core.shell:Creating package script '/home/dinhcuong/arm_ws/install/arm_mark1_controller/share/arm_mark1_controller/package.zsh'
[1.514s] Level 1:colcon.colcon_core.environment:create_file_with_runtime_dependencies(/home/dinhcuong/arm_ws/install/arm_mark1_controller/share/colcon-core/packages/arm_mark1_controller)
[1.515s] Level 1:colcon.colcon_core.environment:create_environment_scripts_only(arm_mark1)
[1.516s] DEBUG:colcon.colcon_core.event_handler.log_command:Invoked command in '/home/dinhcuong/arm_ws/build/arm_mark1' returned '0': CMAKE_PREFIX_PATH=/opt/ros/humble /usr/bin/cmake --install /home/dinhcuong/arm_ws/build/arm_mark1
[1.530s] Level 1:colcon.colcon_core.environment:checking '/home/dinhcuong/arm_ws/install/arm_mark1' for CMake module files
[1.531s] Level 1:colcon.colcon_core.environment:checking '/home/dinhcuong/arm_ws/install/arm_mark1' for CMake config files
[1.531s] Level 1:colcon.colcon_core.shell:create_environment_hook('arm_mark1', 'cmake_prefix_path')
[1.548s] INFO:colcon.colcon_core.shell:Creating environment hook '/home/dinhcuong/arm_ws/install/arm_mark1/share/arm_mark1/hook/cmake_prefix_path.ps1'
[1.549s] INFO:colcon.colcon_core.shell:Creating environment descriptor '/home/dinhcuong/arm_ws/install/arm_mark1/share/arm_mark1/hook/cmake_prefix_path.dsv'
[1.549s] INFO:colcon.colcon_core.shell:Creating environment hook '/home/dinhcuong/arm_ws/install/arm_mark1/share/arm_mark1/hook/cmake_prefix_path.sh'
[1.550s] Level 1:colcon.colcon_core.environment:checking '/home/dinhcuong/arm_ws/install/arm_mark1/bin'
[1.550s] Level 1:colcon.colcon_core.environment:checking '/home/dinhcuong/arm_ws/install/arm_mark1/lib/pkgconfig/arm_mark1.pc'
[1.550s] Level 1:colcon.colcon_core.environment:checking '/home/dinhcuong/arm_ws/install/arm_mark1/lib/python3.10/site-packages'
[1.551s] Level 1:colcon.colcon_core.environment:checking '/home/dinhcuong/arm_ws/install/arm_mark1/bin'
[1.570s] INFO:colcon.colcon_core.shell:Creating package script '/home/dinhcuong/arm_ws/install/arm_mark1/share/arm_mark1/package.ps1'
[1.571s] INFO:colcon.colcon_core.shell:Creating package descriptor '/home/dinhcuong/arm_ws/install/arm_mark1/share/arm_mark1/package.dsv'
[1.571s] INFO:colcon.colcon_core.shell:Creating package script '/home/dinhcuong/arm_ws/install/arm_mark1/share/arm_mark1/package.sh'
[1.571s] INFO:colcon.colcon_core.shell:Creating package script '/home/dinhcuong/arm_ws/install/arm_mark1/share/arm_mark1/package.bash'
[1.571s] INFO:colcon.colcon_core.shell:Creating package script '/home/dinhcuong/arm_ws/install/arm_mark1/share/arm_mark1/package.zsh'
[1.572s] Level 1:colcon.colcon_core.environment:create_file_with_runtime_dependencies(/home/dinhcuong/arm_ws/install/arm_mark1/share/colcon-core/packages/arm_mark1)
[1.586s] Level 1:colcon.colcon_core.environment:create_environment_scripts_only(arm_mark1_controller)
[1.600s] Level 1:colcon.colcon_core.environment:checking '/home/dinhcuong/arm_ws/install/arm_mark1_controller' for CMake module files
[1.600s] Level 1:colcon.colcon_core.environment:checking '/home/dinhcuong/arm_ws/install/arm_mark1_controller' for CMake config files
[1.600s] Level 1:colcon.colcon_core.shell:create_environment_hook('arm_mark1_controller', 'cmake_prefix_path')
[1.614s] INFO:colcon.colcon_core.shell:Creating environment hook '/home/dinhcuong/arm_ws/install/arm_mark1_controller/share/arm_mark1_controller/hook/cmake_prefix_path.ps1'
[1.614s] INFO:colcon.colcon_core.shell:Creating environment descriptor '/home/dinhcuong/arm_ws/install/arm_mark1_controller/share/arm_mark1_controller/hook/cmake_prefix_path.dsv'
[1.614s] INFO:colcon.colcon_core.shell:Creating environment hook '/home/dinhcuong/arm_ws/install/arm_mark1_controller/share/arm_mark1_controller/hook/cmake_prefix_path.sh'
[1.615s] Level 1:colcon.colcon_core.environment:checking '/home/dinhcuong/arm_ws/install/arm_mark1_controller/bin'
[1.615s] Level 1:colcon.colcon_core.environment:checking '/home/dinhcuong/arm_ws/install/arm_mark1_controller/lib/pkgconfig/arm_mark1_controller.pc'
[1.615s] Level 1:colcon.colcon_core.environment:checking '/home/dinhcuong/arm_ws/install/arm_mark1_controller/lib/python3.10/site-packages'
[1.615s] Level 1:colcon.colcon_core.environment:checking '/home/dinhcuong/arm_ws/install/arm_mark1_controller/bin'
[1.630s] INFO:colcon.colcon_core.shell:Creating package script '/home/dinhcuong/arm_ws/install/arm_mark1_controller/share/arm_mark1_controller/package.ps1'
[1.630s] INFO:colcon.colcon_core.shell:Creating package descriptor '/home/dinhcuong/arm_ws/install/arm_mark1_controller/share/arm_mark1_controller/package.dsv'
[1.631s] INFO:colcon.colcon_core.shell:Creating package script '/home/dinhcuong/arm_ws/install/arm_mark1_controller/share/arm_mark1_controller/package.sh'
[1.631s] INFO:colcon.colcon_core.shell:Creating package script '/home/dinhcuong/arm_ws/install/arm_mark1_controller/share/arm_mark1_controller/package.bash'
[1.632s] INFO:colcon.colcon_core.shell:Creating package script '/home/dinhcuong/arm_ws/install/arm_mark1_controller/share/arm_mark1_controller/package.zsh'
[1.632s] Level 1:colcon.colcon_core.environment:create_file_with_runtime_dependencies(/home/dinhcuong/arm_ws/install/arm_mark1_controller/share/colcon-core/packages/arm_mark1_controller)
[1.647s] Level 1:colcon.colcon_core.environment:create_environment_scripts_only(arm_mark1)
[1.662s] Level 1:colcon.colcon_core.environment:checking '/home/dinhcuong/arm_ws/install/arm_mark1' for CMake module files
[1.662s] Level 1:colcon.colcon_core.environment:checking '/home/dinhcuong/arm_ws/install/arm_mark1' for CMake config files
[1.662s] Level 1:colcon.colcon_core.shell:create_environment_hook('arm_mark1', 'cmake_prefix_path')
[1.676s] INFO:colcon.colcon_core.shell:Creating environment hook '/home/dinhcuong/arm_ws/install/arm_mark1/share/arm_mark1/hook/cmake_prefix_path.ps1'
[1.676s] INFO:colcon.colcon_core.shell:Creating environment descriptor '/home/dinhcuong/arm_ws/install/arm_mark1/share/arm_mark1/hook/cmake_prefix_path.dsv'
[1.677s] INFO:colcon.colcon_core.shell:Creating environment hook '/home/dinhcuong/arm_ws/install/arm_mark1/share/arm_mark1/hook/cmake_prefix_path.sh'
[1.677s] Level 1:colcon.colcon_core.environment:checking '/home/dinhcuong/arm_ws/install/arm_mark1/bin'
[1.677s] Level 1:colcon.colcon_core.environment:checking '/home/dinhcuong/arm_ws/install/arm_mark1/lib/pkgconfig/arm_mark1.pc'
[1.677s] Level 1:colcon.colcon_core.environment:checking '/home/dinhcuong/arm_ws/install/arm_mark1/lib/python3.10/site-packages'
[1.677s] Level 1:colcon.colcon_core.environment:checking '/home/dinhcuong/arm_ws/install/arm_mark1/bin'
[1.692s] INFO:colcon.colcon_core.shell:Creating package script '/home/dinhcuong/arm_ws/install/arm_mark1/share/arm_mark1/package.ps1'
[1.692s] INFO:colcon.colcon_core.shell:Creating package descriptor '/home/dinhcuong/arm_ws/install/arm_mark1/share/arm_mark1/package.dsv'
[1.693s] INFO:colcon.colcon_core.shell:Creating package script '/home/dinhcuong/arm_ws/install/arm_mark1/share/arm_mark1/package.sh'
[1.693s] INFO:colcon.colcon_core.shell:Creating package script '/home/dinhcuong/arm_ws/install/arm_mark1/share/arm_mark1/package.bash'
[1.693s] INFO:colcon.colcon_core.shell:Creating package script '/home/dinhcuong/arm_ws/install/arm_mark1/share/arm_mark1/package.zsh'
[1.694s] Level 1:colcon.colcon_core.environment:create_file_with_runtime_dependencies(/home/dinhcuong/arm_ws/install/arm_mark1/share/colcon-core/packages/arm_mark1)
[1.695s] DEBUG:colcon.colcon_core.event_handler.log_command:Invoked command in '/home/dinhcuong/arm_ws/build/custom_msgs' returned '0': CMAKE_PREFIX_PATH=/opt/ros/humble /usr/bin/cmake --build /home/dinhcuong/arm_ws/build/custom_msgs -- -j8 -l8
[1.730s] DEBUG:colcon.colcon_core.event_handler.log_command:Invoking command in '/home/dinhcuong/arm_ws/build/custom_msgs': CMAKE_PREFIX_PATH=/opt/ros/humble /usr/bin/cmake --install /home/dinhcuong/arm_ws/build/custom_msgs
[1.773s] Level 1:colcon.colcon_core.environment:create_environment_scripts_only(custom_msgs)
[1.774s] DEBUG:colcon.colcon_core.event_handler.log_command:Invoked command in '/home/dinhcuong/arm_ws/build/custom_msgs' returned '0': CMAKE_PREFIX_PATH=/opt/ros/humble /usr/bin/cmake --install /home/dinhcuong/arm_ws/build/custom_msgs
[1.796s] Level 1:colcon.colcon_core.environment:checking '/home/dinhcuong/arm_ws/install/custom_msgs' for CMake module files
[1.796s] Level 1:colcon.colcon_core.environment:checking '/home/dinhcuong/arm_ws/install/custom_msgs' for CMake config files
[1.797s] Level 1:colcon.colcon_core.shell:create_environment_hook('custom_msgs', 'cmake_prefix_path')
[1.816s] INFO:colcon.colcon_core.shell:Creating environment hook '/home/dinhcuong/arm_ws/install/custom_msgs/share/custom_msgs/hook/cmake_prefix_path.ps1'
[1.816s] INFO:colcon.colcon_core.shell:Creating environment descriptor '/home/dinhcuong/arm_ws/install/custom_msgs/share/custom_msgs/hook/cmake_prefix_path.dsv'
[1.817s] INFO:colcon.colcon_core.shell:Creating environment hook '/home/dinhcuong/arm_ws/install/custom_msgs/share/custom_msgs/hook/cmake_prefix_path.sh'
[1.817s] Level 1:colcon.colcon_core.environment:checking '/home/dinhcuong/arm_ws/install/custom_msgs/lib'
[1.817s] Level 1:colcon.colcon_core.shell:create_environment_hook('custom_msgs', 'ld_library_path_lib')
[1.831s] INFO:colcon.colcon_core.shell:Creating environment hook '/home/dinhcuong/arm_ws/install/custom_msgs/share/custom_msgs/hook/ld_library_path_lib.ps1'
[1.831s] INFO:colcon.colcon_core.shell:Creating environment descriptor '/home/dinhcuong/arm_ws/install/custom_msgs/share/custom_msgs/hook/ld_library_path_lib.dsv'
[1.832s] INFO:colcon.colcon_core.shell:Creating environment hook '/home/dinhcuong/arm_ws/install/custom_msgs/share/custom_msgs/hook/ld_library_path_lib.sh'
[1.832s] Level 1:colcon.colcon_core.environment:checking '/home/dinhcuong/arm_ws/install/custom_msgs/bin'
[1.832s] Level 1:colcon.colcon_core.environment:checking '/home/dinhcuong/arm_ws/install/custom_msgs/lib/pkgconfig/custom_msgs.pc'
[1.832s] Level 1:colcon.colcon_core.environment:checking '/home/dinhcuong/arm_ws/install/custom_msgs/lib/python3.10/site-packages'
[1.832s] Level 1:colcon.colcon_core.environment:checking '/home/dinhcuong/arm_ws/install/custom_msgs/bin'
[1.847s] INFO:colcon.colcon_core.shell:Creating package script '/home/dinhcuong/arm_ws/install/custom_msgs/share/custom_msgs/package.ps1'
[1.847s] INFO:colcon.colcon_core.shell:Creating package descriptor '/home/dinhcuong/arm_ws/install/custom_msgs/share/custom_msgs/package.dsv'
[1.848s] INFO:colcon.colcon_core.shell:Creating package script '/home/dinhcuong/arm_ws/install/custom_msgs/share/custom_msgs/package.sh'
[1.848s] INFO:colcon.colcon_core.shell:Creating package script '/home/dinhcuong/arm_ws/install/custom_msgs/share/custom_msgs/package.bash'
[1.848s] INFO:colcon.colcon_core.shell:Creating package script '/home/dinhcuong/arm_ws/install/custom_msgs/share/custom_msgs/package.zsh'
[1.848s] Level 1:colcon.colcon_core.environment:create_file_with_runtime_dependencies(/home/dinhcuong/arm_ws/install/custom_msgs/share/colcon-core/packages/custom_msgs)
[1.898s] Level 1:colcon.colcon_core.environment:create_environment_scripts_only(custom_msgs)
[1.914s] Level 1:colcon.colcon_core.environment:checking '/home/dinhcuong/arm_ws/install/custom_msgs' for CMake module files
[1.915s] Level 1:colcon.colcon_core.environment:checking '/home/dinhcuong/arm_ws/install/custom_msgs' for CMake config files
[1.915s] Level 1:colcon.colcon_core.shell:create_environment_hook('custom_msgs', 'cmake_prefix_path')
[1.928s] INFO:colcon.colcon_core.shell:Creating environment hook '/home/dinhcuong/arm_ws/install/custom_msgs/share/custom_msgs/hook/cmake_prefix_path.ps1'
[1.928s] INFO:colcon.colcon_core.shell:Creating environment descriptor '/home/dinhcuong/arm_ws/install/custom_msgs/share/custom_msgs/hook/cmake_prefix_path.dsv'
[1.928s] INFO:colcon.colcon_core.shell:Creating environment hook '/home/dinhcuong/arm_ws/install/custom_msgs/share/custom_msgs/hook/cmake_prefix_path.sh'
[1.929s] Level 1:colcon.colcon_core.environment:checking '/home/dinhcuong/arm_ws/install/custom_msgs/lib'
[1.929s] Level 1:colcon.colcon_core.shell:create_environment_hook('custom_msgs', 'ld_library_path_lib')
[1.941s] INFO:colcon.colcon_core.shell:Creating environment hook '/home/dinhcuong/arm_ws/install/custom_msgs/share/custom_msgs/hook/ld_library_path_lib.ps1'
[1.942s] INFO:colcon.colcon_core.shell:Creating environment descriptor '/home/dinhcuong/arm_ws/install/custom_msgs/share/custom_msgs/hook/ld_library_path_lib.dsv'
[1.942s] INFO:colcon.colcon_core.shell:Creating environment hook '/home/dinhcuong/arm_ws/install/custom_msgs/share/custom_msgs/hook/ld_library_path_lib.sh'
[1.942s] Level 1:colcon.colcon_core.environment:checking '/home/dinhcuong/arm_ws/install/custom_msgs/bin'
[1.942s] Level 1:colcon.colcon_core.environment:checking '/home/dinhcuong/arm_ws/install/custom_msgs/lib/pkgconfig/custom_msgs.pc'
[1.942s] Level 1:colcon.colcon_core.environment:checking '/home/dinhcuong/arm_ws/install/custom_msgs/lib/python3.10/site-packages'
[1.942s] Level 1:colcon.colcon_core.environment:checking '/home/dinhcuong/arm_ws/install/custom_msgs/bin'
[1.955s] INFO:colcon.colcon_core.shell:Creating package script '/home/dinhcuong/arm_ws/install/custom_msgs/share/custom_msgs/package.ps1'
[1.956s] INFO:colcon.colcon_core.shell:Creating package descriptor '/home/dinhcuong/arm_ws/install/custom_msgs/share/custom_msgs/package.dsv'
[1.956s] INFO:colcon.colcon_core.shell:Creating package script '/home/dinhcuong/arm_ws/install/custom_msgs/share/custom_msgs/package.sh'
[1.956s] INFO:colcon.colcon_core.shell:Creating package script '/home/dinhcuong/arm_ws/install/custom_msgs/share/custom_msgs/package.bash'
[1.957s] INFO:colcon.colcon_core.shell:Creating package script '/home/dinhcuong/arm_ws/install/custom_msgs/share/custom_msgs/package.zsh'
[1.957s] Level 1:colcon.colcon_core.environment:create_file_with_runtime_dependencies(/home/dinhcuong/arm_ws/install/custom_msgs/share/colcon-core/packages/custom_msgs)
[1.957s] INFO:colcon.colcon_ros.task.ament_python.build:Building ROS package in '/home/dinhcuong/arm_ws/src/server_python' with build type 'ament_python'
[1.957s] Level 1:colcon.colcon_core.shell:create_environment_hook('server_python', 'ament_prefix_path')
[1.971s] INFO:colcon.colcon_core.shell:Creating environment hook '/home/dinhcuong/arm_ws/install/server_python/share/server_python/hook/ament_prefix_path.ps1'
[1.971s] INFO:colcon.colcon_core.shell:Creating environment descriptor '/home/dinhcuong/arm_ws/install/server_python/share/server_python/hook/ament_prefix_path.dsv'
[1.972s] INFO:colcon.colcon_core.shell:Creating environment hook '/home/dinhcuong/arm_ws/install/server_python/share/server_python/hook/ament_prefix_path.sh'
[1.985s] INFO:colcon.colcon_core.shell:Skip shell extension 'powershell' for command environment: Not usable outside of PowerShell
[1.985s] DEBUG:colcon.colcon_core.shell:Skip shell extension 'dsv' for command environment
[2.013s] DEBUG:colcon.colcon_core.event_handler.log_command:Invoked command in '/home/dinhcuong/arm_ws/build/arm_mark1_moveit' returned '0': CMAKE_PREFIX_PATH=/opt/ros/humble /usr/bin/cmake /home/dinhcuong/arm_ws/arm_mark1_moveit -DCMAKE_INSTALL_PREFIX=/home/dinhcuong/arm_ws/install/arm_mark1_moveit
[2.014s] DEBUG:colcon.colcon_core.event_handler.log_command:Invoking command in '/home/dinhcuong/arm_ws/build/arm_mark1_moveit': CMAKE_PREFIX_PATH=/opt/ros/humble /usr/bin/cmake --build /home/dinhcuong/arm_ws/build/arm_mark1_moveit -- -j8 -l8
[2.211s] INFO:colcon.colcon_core.task.python.build:Building Python package in '/home/dinhcuong/arm_ws/src/server_python'
[2.223s] INFO:colcon.colcon_core.shell:Skip shell extension 'powershell' for command environment: Not usable outside of PowerShell
[2.224s] DEBUG:colcon.colcon_core.shell:Skip shell extension 'dsv' for command environment
[2.250s] DEBUG:colcon.colcon_core.event_handler.log_command:Invoked command in '/home/dinhcuong/arm_ws/build/arm_mark1_moveit' returned '0': CMAKE_PREFIX_PATH=/opt/ros/humble /usr/bin/cmake --build /home/dinhcuong/arm_ws/build/arm_mark1_moveit -- -j8 -l8
[2.266s] DEBUG:colcon.colcon_core.event_handler.log_command:Invoking command in '/home/dinhcuong/arm_ws/build/arm_mark1_moveit': CMAKE_PREFIX_PATH=/opt/ros/humble /usr/bin/cmake --install /home/dinhcuong/arm_ws/build/arm_mark1_moveit
[2.273s] Level 1:colcon.colcon_core.environment:create_environment_scripts_only(arm_mark1_moveit)
[2.274s] DEBUG:colcon.colcon_core.event_handler.log_command:Invoked command in '/home/dinhcuong/arm_ws/build/arm_mark1_moveit' returned '0': CMAKE_PREFIX_PATH=/opt/ros/humble /usr/bin/cmake --install /home/dinhcuong/arm_ws/build/arm_mark1_moveit
[2.287s] Level 1:colcon.colcon_core.environment:checking '/home/dinhcuong/arm_ws/install/arm_mark1_moveit' for CMake module files
[2.287s] Level 1:colcon.colcon_core.environment:checking '/home/dinhcuong/arm_ws/install/arm_mark1_moveit' for CMake config files
[2.287s] Level 1:colcon.colcon_core.shell:create_environment_hook('arm_mark1_moveit', 'cmake_prefix_path')
[2.299s] INFO:colcon.colcon_core.shell:Creating environment hook '/home/dinhcuong/arm_ws/install/arm_mark1_moveit/share/arm_mark1_moveit/hook/cmake_prefix_path.ps1'
[2.300s] INFO:colcon.colcon_core.shell:Creating environment descriptor '/home/dinhcuong/arm_ws/install/arm_mark1_moveit/share/arm_mark1_moveit/hook/cmake_prefix_path.dsv'
[2.300s] INFO:colcon.colcon_core.shell:Creating environment hook '/home/dinhcuong/arm_ws/install/arm_mark1_moveit/share/arm_mark1_moveit/hook/cmake_prefix_path.sh'
[2.300s] Level 1:colcon.colcon_core.environment:checking '/home/dinhcuong/arm_ws/install/arm_mark1_moveit/bin'
[2.300s] Level 1:colcon.colcon_core.environment:checking '/home/dinhcuong/arm_ws/install/arm_mark1_moveit/lib/pkgconfig/arm_mark1_moveit.pc'
[2.301s] Level 1:colcon.colcon_core.environment:checking '/home/dinhcuong/arm_ws/install/arm_mark1_moveit/lib/python3.10/site-packages'
[2.301s] Level 1:colcon.colcon_core.environment:checking '/home/dinhcuong/arm_ws/install/arm_mark1_moveit/bin'
[2.314s] INFO:colcon.colcon_core.shell:Creating package script '/home/dinhcuong/arm_ws/install/arm_mark1_moveit/share/arm_mark1_moveit/package.ps1'
[2.314s] INFO:colcon.colcon_core.shell:Creating package descriptor '/home/dinhcuong/arm_ws/install/arm_mark1_moveit/share/arm_mark1_moveit/package.dsv'
[2.314s] INFO:colcon.colcon_core.shell:Creating package script '/home/dinhcuong/arm_ws/install/arm_mark1_moveit/share/arm_mark1_moveit/package.sh'
[2.315s] INFO:colcon.colcon_core.shell:Creating package script '/home/dinhcuong/arm_ws/install/arm_mark1_moveit/share/arm_mark1_moveit/package.bash'
[2.315s] INFO:colcon.colcon_core.shell:Creating package script '/home/dinhcuong/arm_ws/install/arm_mark1_moveit/share/arm_mark1_moveit/package.zsh'
[2.315s] Level 1:colcon.colcon_core.environment:create_file_with_runtime_dependencies(/home/dinhcuong/arm_ws/install/arm_mark1_moveit/share/colcon-core/packages/arm_mark1_moveit)
[2.341s] Level 1:colcon.colcon_core.environment:create_environment_scripts_only(arm_mark1_moveit)
[2.353s] Level 1:colcon.colcon_core.environment:checking '/home/dinhcuong/arm_ws/install/arm_mark1_moveit' for CMake module files
[2.354s] Level 1:colcon.colcon_core.environment:checking '/home/dinhcuong/arm_ws/install/arm_mark1_moveit' for CMake config files
[2.354s] Level 1:colcon.colcon_core.shell:create_environment_hook('arm_mark1_moveit', 'cmake_prefix_path')
[2.366s] INFO:colcon.colcon_core.shell:Creating environment hook '/home/dinhcuong/arm_ws/install/arm_mark1_moveit/share/arm_mark1_moveit/hook/cmake_prefix_path.ps1'
[2.366s] INFO:colcon.colcon_core.shell:Creating environment descriptor '/home/dinhcuong/arm_ws/install/arm_mark1_moveit/share/arm_mark1_moveit/hook/cmake_prefix_path.dsv'
[2.367s] INFO:colcon.colcon_core.shell:Creating environment hook '/home/dinhcuong/arm_ws/install/arm_mark1_moveit/share/arm_mark1_moveit/hook/cmake_prefix_path.sh'
[2.367s] Level 1:colcon.colcon_core.environment:checking '/home/dinhcuong/arm_ws/install/arm_mark1_moveit/bin'
[2.367s] Level 1:colcon.colcon_core.environment:checking '/home/dinhcuong/arm_ws/install/arm_mark1_moveit/lib/pkgconfig/arm_mark1_moveit.pc'
[2.367s] Level 1:colcon.colcon_core.environment:checking '/home/dinhcuong/arm_ws/install/arm_mark1_moveit/lib/python3.10/site-packages'
[2.367s] Level 1:colcon.colcon_core.environment:checking '/home/dinhcuong/arm_ws/install/arm_mark1_moveit/bin'
[2.380s] INFO:colcon.colcon_core.shell:Creating package script '/home/dinhcuong/arm_ws/install/arm_mark1_moveit/share/arm_mark1_moveit/package.ps1'
[2.380s] INFO:colcon.colcon_core.shell:Creating package descriptor '/home/dinhcuong/arm_ws/install/arm_mark1_moveit/share/arm_mark1_moveit/package.dsv'
[2.380s] INFO:colcon.colcon_core.shell:Creating package script '/home/dinhcuong/arm_ws/install/arm_mark1_moveit/share/arm_mark1_moveit/package.sh'
[2.381s] INFO:colcon.colcon_core.shell:Creating package script '/home/dinhcuong/arm_ws/install/arm_mark1_moveit/share/arm_mark1_moveit/package.bash'
[2.381s] INFO:colcon.colcon_core.shell:Creating package script '/home/dinhcuong/arm_ws/install/arm_mark1_moveit/share/arm_mark1_moveit/package.zsh'
[2.381s] Level 1:colcon.colcon_core.environment:create_file_with_runtime_dependencies(/home/dinhcuong/arm_ws/install/arm_mark1_moveit/share/colcon-core/packages/arm_mark1_moveit)
[2.525s] DEBUG:colcon.colcon_core.event_handler.log_command:Invoking command in '/home/dinhcuong/arm_ws/src/server_python': AMENT_PREFIX_PATH=/home/dinhcuong/arm_ws/install/custom_msgs:${AMENT_PREFIX_PATH} CMAKE_PREFIX_PATH=/home/dinhcuong/arm_ws/install/custom_msgs LD_LIBRARY_PATH=/home/dinhcuong/arm_ws/install/custom_msgs/lib:${LD_LIBRARY_PATH} PYTHONPATH=/home/dinhcuong/arm_ws/build/server_python/prefix_override:/home/dinhcuong/arm_ws/install/server_python/lib/python3.10/site-packages:/home/dinhcuong/arm_ws/install/custom_msgs/local/lib/python3.10/dist-packages:${PYTHONPATH} /usr/bin/python3 setup.py egg_info --egg-base ../../build/server_python build --build-base /home/dinhcuong/arm_ws/build/server_python/build install --record /home/dinhcuong/arm_ws/build/server_python/install.log --single-version-externally-managed
[2.763s] DEBUG:colcon.colcon_core.event_handler.log_command:Invoked command in '/home/dinhcuong/arm_ws/src/server_python' returned '0': AMENT_PREFIX_PATH=/home/dinhcuong/arm_ws/install/custom_msgs:${AMENT_PREFIX_PATH} CMAKE_PREFIX_PATH=/home/dinhcuong/arm_ws/install/custom_msgs LD_LIBRARY_PATH=/home/dinhcuong/arm_ws/install/custom_msgs/lib:${LD_LIBRARY_PATH} PYTHONPATH=/home/dinhcuong/arm_ws/build/server_python/prefix_override:/home/dinhcuong/arm_ws/install/server_python/lib/python3.10/site-packages:/home/dinhcuong/arm_ws/install/custom_msgs/local/lib/python3.10/dist-packages:${PYTHONPATH} /usr/bin/python3 setup.py egg_info --egg-base ../../build/server_python build --build-base /home/dinhcuong/arm_ws/build/server_python/build install --record /home/dinhcuong/arm_ws/build/server_python/install.log --single-version-externally-managed
[2.781s] Level 1:colcon.colcon_core.environment:checking '/home/dinhcuong/arm_ws/install/server_python' for CMake module files
[2.782s] Level 1:colcon.colcon_core.environment:checking '/home/dinhcuong/arm_ws/install/server_python' for CMake config files
[2.783s] Level 1:colcon.colcon_core.environment:checking '/home/dinhcuong/arm_ws/install/server_python/lib'
[2.783s] Level 1:colcon.colcon_core.environment:checking '/home/dinhcuong/arm_ws/install/server_python/bin'
[2.783s] Level 1:colcon.colcon_core.environment:checking '/home/dinhcuong/arm_ws/install/server_python/lib/pkgconfig/server_python.pc'
[2.783s] Level 1:colcon.colcon_core.environment:checking '/home/dinhcuong/arm_ws/install/server_python/lib/python3.10/site-packages'
[2.783s] Level 1:colcon.colcon_core.shell:create_environment_hook('server_python', 'pythonpath')
[2.797s] INFO:colcon.colcon_core.shell:Creating environment hook '/home/dinhcuong/arm_ws/install/server_python/share/server_python/hook/pythonpath.ps1'
[2.797s] INFO:colcon.colcon_core.shell:Creating environment descriptor '/home/dinhcuong/arm_ws/install/server_python/share/server_python/hook/pythonpath.dsv'
[2.798s] INFO:colcon.colcon_core.shell:Creating environment hook '/home/dinhcuong/arm_ws/install/server_python/share/server_python/hook/pythonpath.sh'
[2.798s] Level 1:colcon.colcon_core.environment:checking '/home/dinhcuong/arm_ws/install/server_python/bin'
[2.798s] Level 1:colcon.colcon_core.environment:create_environment_scripts_only(server_python)
[2.811s] INFO:colcon.colcon_core.shell:Creating package script '/home/dinhcuong/arm_ws/install/server_python/share/server_python/package.ps1'
[2.812s] INFO:colcon.colcon_core.shell:Creating package descriptor '/home/dinhcuong/arm_ws/install/server_python/share/server_python/package.dsv'
[2.812s] INFO:colcon.colcon_core.shell:Creating package script '/home/dinhcuong/arm_ws/install/server_python/share/server_python/package.sh'
[2.813s] INFO:colcon.colcon_core.shell:Creating package script '/home/dinhcuong/arm_ws/install/server_python/share/server_python/package.bash'
[2.813s] INFO:colcon.colcon_core.shell:Creating package script '/home/dinhcuong/arm_ws/install/server_python/share/server_python/package.zsh'
[2.813s] Level 1:colcon.colcon_core.environment:create_file_with_runtime_dependencies(/home/dinhcuong/arm_ws/install/server_python/share/colcon-core/packages/server_python)
[2.813s] DEBUG:colcon.colcon_parallel_executor.executor.parallel:closing loop
[2.814s] DEBUG:colcon.colcon_parallel_executor.executor.parallel:loop closed
[2.814s] DEBUG:colcon.colcon_parallel_executor.executor.parallel:run_until_complete finished with '0'
[2.814s] DEBUG:colcon.colcon_core.event_reactor:joining thread
[2.835s] INFO:colcon.colcon_core.plugin_system:Skipping extension 'colcon_notification.desktop_notification.terminal_notifier': Not used on non-Darwin systems
[2.835s] INFO:colcon.colcon_core.plugin_system:Skipping extension 'colcon_notification.desktop_notification.win32': Not used on non-Windows systems
[2.835s] INFO:colcon.colcon_notification.desktop_notification:Sending desktop notification using 'notify2'
[2.843s] DEBUG:colcon.colcon_core.event_reactor:joined thread
[2.865s] INFO:colcon.colcon_core.shell:Creating prefix script '/home/dinhcuong/arm_ws/install/local_setup.ps1'
[2.867s] INFO:colcon.colcon_core.shell:Creating prefix util module '/home/dinhcuong/arm_ws/install/_local_setup_util_ps1.py'
[2.869s] INFO:colcon.colcon_core.shell:Creating prefix chain script '/home/dinhcuong/arm_ws/install/setup.ps1'
[2.892s] INFO:colcon.colcon_core.shell:Creating prefix script '/home/dinhcuong/arm_ws/install/local_setup.sh'
[2.893s] INFO:colcon.colcon_core.shell:Creating prefix util module '/home/dinhcuong/arm_ws/install/_local_setup_util_sh.py'
[2.894s] INFO:colcon.colcon_core.shell:Creating prefix chain script '/home/dinhcuong/arm_ws/install/setup.sh'
[2.913s] INFO:colcon.colcon_core.shell:Creating prefix script '/home/dinhcuong/arm_ws/install/local_setup.bash'
[2.914s] INFO:colcon.colcon_core.shell:Creating prefix chain script '/home/dinhcuong/arm_ws/install/setup.bash'
[2.927s] INFO:colcon.colcon_core.shell:Creating prefix script '/home/dinhcuong/arm_ws/install/local_setup.zsh'
[2.928s] INFO:colcon.colcon_core.shell:Creating prefix chain script '/home/dinhcuong/arm_ws/install/setup.zsh'
