[0.259s] Invoking command in '/home/dinhcuong/arm_ws/build/arduinobot_moveit': CMAKE_PREFIX_PATH=/opt/ros/humble /usr/bin/cmake --build /home/dinhcuong/arm_ws/build/arduinobot_moveit -- -j8 -l8
[0.334s] Invoked command in '/home/dinhcuong/arm_ws/build/arduinobot_moveit' returned '0': CMAKE_PREFIX_PATH=/opt/ros/humble /usr/bin/cmake --build /home/dinhcuong/arm_ws/build/arduinobot_moveit -- -j8 -l8
[0.381s] Invoking command in '/home/dinhcuong/arm_ws/build/arduinobot_moveit': CMAKE_PREFIX_PATH=/opt/ros/humble /usr/bin/cmake --install /home/dinhcuong/arm_ws/build/arduinobot_moveit
[0.392s] -- Install configuration: ""
[0.393s] -- Up-to-date: /home/dinhcuong/arm_ws/install/arduinobot_moveit/share/arduinobot_moveit/launch
[0.393s] -- Up-to-date: /home/dinhcuong/arm_ws/install/arduinobot_moveit/share/arduinobot_moveit/launch/moveit.launch.py
[0.394s] -- Up-to-date: /home/dinhcuong/arm_ws/install/arduinobot_moveit/share/arduinobot_moveit/config
[0.394s] -- Up-to-date: /home/dinhcuong/arm_ws/install/arduinobot_moveit/share/arduinobot_moveit/config/pilz_cartesian_limits.yaml
[0.394s] -- Up-to-date: /home/dinhcuong/arm_ws/install/arduinobot_moveit/share/arduinobot_moveit/config/moveit_controllers.yaml
[0.395s] -- Up-to-date: /home/dinhcuong/arm_ws/install/arduinobot_moveit/share/arduinobot_moveit/config/arduinobot.srdf
[0.395s] -- Up-to-date: /home/dinhcuong/arm_ws/install/arduinobot_moveit/share/arduinobot_moveit/config/initial_positions.yaml
[0.395s] -- Up-to-date: /home/dinhcuong/arm_ws/install/arduinobot_moveit/share/arduinobot_moveit/config/joint_limits.yaml
[0.396s] -- Up-to-date: /home/dinhcuong/arm_ws/install/arduinobot_moveit/share/arduinobot_moveit/config/kinematics.yaml
[0.399s] -- Up-to-date: /home/dinhcuong/arm_ws/install/arduinobot_moveit/share/ament_index/resource_index/package_run_dependencies/arduinobot_moveit
[0.399s] -- Up-to-date: /home/dinhcuong/arm_ws/install/arduinobot_moveit/share/ament_index/resource_index/parent_prefix_path/arduinobot_moveit
[0.399s] -- Up-to-date: /home/dinhcuong/arm_ws/install/arduinobot_moveit/share/arduinobot_moveit/environment/ament_prefix_path.sh
[0.400s] -- Up-to-date: /home/dinhcuong/arm_ws/install/arduinobot_moveit/share/arduinobot_moveit/environment/ament_prefix_path.dsv
[0.400s] -- Up-to-date: /home/dinhcuong/arm_ws/install/arduinobot_moveit/share/arduinobot_moveit/environment/path.sh
[0.400s] -- Up-to-date: /home/dinhcuong/arm_ws/install/arduinobot_moveit/share/arduinobot_moveit/environment/path.dsv
[0.400s] -- Up-to-date: /home/dinhcuong/arm_ws/install/arduinobot_moveit/share/arduinobot_moveit/local_setup.bash
[0.400s] -- Up-to-date: /home/dinhcuong/arm_ws/install/arduinobot_moveit/share/arduinobot_moveit/local_setup.sh
[0.401s] -- Up-to-date: /home/dinhcuong/arm_ws/install/arduinobot_moveit/share/arduinobot_moveit/local_setup.zsh
[0.401s] -- Up-to-date: /home/dinhcuong/arm_ws/install/arduinobot_moveit/share/arduinobot_moveit/local_setup.dsv
[0.401s] -- Installing: /home/dinhcuong/arm_ws/install/arduinobot_moveit/share/arduinobot_moveit/package.dsv
[0.401s] -- Up-to-date: /home/dinhcuong/arm_ws/install/arduinobot_moveit/share/ament_index/resource_index/packages/arduinobot_moveit
[0.401s] -- Up-to-date: /home/dinhcuong/arm_ws/install/arduinobot_moveit/share/arduinobot_moveit/cmake/arduinobot_moveitConfig.cmake
[0.401s] -- Up-to-date: /home/dinhcuong/arm_ws/install/arduinobot_moveit/share/arduinobot_moveit/cmake/arduinobot_moveitConfig-version.cmake
[0.402s] -- Up-to-date: /home/dinhcuong/arm_ws/install/arduinobot_moveit/share/arduinobot_moveit/package.xml
[0.518s] Invoked command in '/home/dinhcuong/arm_ws/build/arduinobot_moveit' returned '0': CMAKE_PREFIX_PATH=/opt/ros/humble /usr/bin/cmake --install /home/dinhcuong/arm_ws/build/arduinobot_moveit
