[0.441s] Invoking command in '/home/dinhcuong/arm_ws/build/arduinobot_controller': CMAKE_PREFIX_PATH=${CMAKE_PREFIX_PATH}:/home/dinhcuong/arm_ws/install/test_serverws:/home/dinhcuong/arm_ws/install/server_python:/opt/ros/humble /usr/bin/cmake /home/dinhcuong/arm_ws/src/arduinobot_controller -DAMENT_CMAKE_SYMLINK_INSTALL=1 -DCMAKE_INSTALL_PREFIX=/home/dinhcuong/arm_ws/install/arduinobot_controller
[0.475s] -- Found ament_cmake: 1.3.8 (/opt/ros/humble/share/ament_cmake/cmake)
[0.708s] -- Override CMake install command with custom implementation using symlinks instead of copying resources
[0.723s] -- Found trajectory_msgs: 4.2.3 (/opt/ros/humble/share/trajectory_msgs/cmake)
[0.778s] -- Found rosidl_generator_c: 3.1.5 (/opt/ros/humble/share/rosidl_generator_c/cmake)
[0.784s] -- Found rosidl_adapter: 3.1.5 (/opt/ros/humble/share/rosidl_adapter/cmake)
[0.797s] -- Found rosidl_generator_cpp: 3.1.5 (/opt/ros/humble/share/rosidl_generator_cpp/cmake)
[0.823s] -- Using all available rosidl_typesupport_c: rosidl_typesupport_fastrtps_c;rosidl_typesupport_introspection_c
[0.857s] -- Using all available rosidl_typesupport_cpp: rosidl_typesupport_fastrtps_cpp;rosidl_typesupport_introspection_cpp
[1.307s] -- Found sensor_msgs: 4.2.3 (/opt/ros/humble/share/sensor_msgs/cmake)
[1.472s] -- Found rclcpp: 16.0.8 (/opt/ros/humble/share/rclcpp/cmake)
[1.544s] -- Found rmw_implementation_cmake: 6.1.1 (/opt/ros/humble/share/rmw_implementation_cmake/cmake)
[1.547s] -- Found rmw_cyclonedds_cpp: 1.3.4 (/opt/ros/humble/share/rmw_cyclonedds_cpp/cmake)
[1.592s] -- Using RMW implementation 'rmw_cyclonedds_cpp' as default
[1.769s] -- Found rclpy: 3.3.12 (/opt/ros/humble/share/rclpy/cmake)
[1.769s] -- Found ament_lint_auto: 0.12.10 (/opt/ros/humble/share/ament_lint_auto/cmake)
[1.857s] -- Added test 'flake8' to check Python code syntax and style conventions
[1.858s] -- Added test 'lint_cmake' to check CMake code style
[1.859s] -- Added test 'pep257' to check Python code against some of the docstring style conventions in PEP 257
[1.861s] -- Added test 'xmllint' to check XML markup files
[1.863s] -- Configuring done
[1.870s] -- Generating done
[1.872s] -- Build files have been written to: /home/dinhcuong/arm_ws/build/arduinobot_controller
[2.018s] Invoked command in '/home/dinhcuong/arm_ws/build/arduinobot_controller' returned '0': CMAKE_PREFIX_PATH=${CMAKE_PREFIX_PATH}:/home/dinhcuong/arm_ws/install/test_serverws:/home/dinhcuong/arm_ws/install/server_python:/opt/ros/humble /usr/bin/cmake /home/dinhcuong/arm_ws/src/arduinobot_controller -DAMENT_CMAKE_SYMLINK_INSTALL=1 -DCMAKE_INSTALL_PREFIX=/home/dinhcuong/arm_ws/install/arduinobot_controller
[2.019s] Invoking command in '/home/dinhcuong/arm_ws/build/arduinobot_controller': CMAKE_PREFIX_PATH=${CMAKE_PREFIX_PATH}:/home/dinhcuong/arm_ws/install/test_serverws:/home/dinhcuong/arm_ws/install/server_python:/opt/ros/humble /usr/bin/cmake --build /home/dinhcuong/arm_ws/build/arduinobot_controller -- -j8 -l8
[2.175s] Invoked command in '/home/dinhcuong/arm_ws/build/arduinobot_controller' returned '0': CMAKE_PREFIX_PATH=${CMAKE_PREFIX_PATH}:/home/dinhcuong/arm_ws/install/test_serverws:/home/dinhcuong/arm_ws/install/server_python:/opt/ros/humble /usr/bin/cmake --build /home/dinhcuong/arm_ws/build/arduinobot_controller -- -j8 -l8
[2.195s] Invoking command in '/home/dinhcuong/arm_ws/build/arduinobot_controller': CMAKE_PREFIX_PATH=${CMAKE_PREFIX_PATH}:/home/dinhcuong/arm_ws/install/test_serverws:/home/dinhcuong/arm_ws/install/server_python:/opt/ros/humble /usr/bin/cmake --install /home/dinhcuong/arm_ws/build/arduinobot_controller
[2.202s] -- Install configuration: ""
[2.203s] -- Execute custom install script
[2.203s] -- Symlinking: /home/dinhcuong/arm_ws/install/arduinobot_controller/share/arduinobot_controller/launch/controller.launch.py
[2.214s] -- Symlinking: /home/dinhcuong/arm_ws/install/arduinobot_controller/share/arduinobot_controller/config/arduinobot_controllers.yaml
[2.226s] -- Symlinking: /home/dinhcuong/arm_ws/install/arduinobot_controller/share/ament_index/resource_index/package_run_dependencies/arduinobot_controller
[2.242s] -- Symlinking: /home/dinhcuong/arm_ws/install/arduinobot_controller/share/ament_index/resource_index/parent_prefix_path/arduinobot_controller
[2.256s] -- Symlinking: /home/dinhcuong/arm_ws/install/arduinobot_controller/share/arduinobot_controller/environment/ament_prefix_path.sh
[2.264s] -- Symlinking: /home/dinhcuong/arm_ws/install/arduinobot_controller/share/arduinobot_controller/environment/ament_prefix_path.dsv
[2.274s] -- Symlinking: /home/dinhcuong/arm_ws/install/arduinobot_controller/share/arduinobot_controller/environment/path.sh
[2.283s] -- Symlinking: /home/dinhcuong/arm_ws/install/arduinobot_controller/share/arduinobot_controller/environment/path.dsv
[2.292s] -- Symlinking: /home/dinhcuong/arm_ws/install/arduinobot_controller/share/arduinobot_controller/local_setup.bash
[2.301s] -- Symlinking: /home/dinhcuong/arm_ws/install/arduinobot_controller/share/arduinobot_controller/local_setup.sh
[2.309s] -- Symlinking: /home/dinhcuong/arm_ws/install/arduinobot_controller/share/arduinobot_controller/local_setup.zsh
[2.318s] -- Symlinking: /home/dinhcuong/arm_ws/install/arduinobot_controller/share/arduinobot_controller/local_setup.dsv
[2.326s] -- Symlinking: /home/dinhcuong/arm_ws/install/arduinobot_controller/share/arduinobot_controller/package.dsv
[2.334s] -- Symlinking: /home/dinhcuong/arm_ws/install/arduinobot_controller/share/ament_index/resource_index/packages/arduinobot_controller
[2.342s] -- Symlinking: /home/dinhcuong/arm_ws/install/arduinobot_controller/share/arduinobot_controller/cmake/arduinobot_controllerConfig.cmake
[2.350s] -- Symlinking: /home/dinhcuong/arm_ws/install/arduinobot_controller/share/arduinobot_controller/cmake/arduinobot_controllerConfig-version.cmake
[2.357s] -- Symlinking: /home/dinhcuong/arm_ws/install/arduinobot_controller/share/arduinobot_controller/package.xml
