[0.794s] DEBUG:colcon:Command line arguments: ['/usr/bin/colcon', 'build']
[0.795s] DEBUG:colcon:Parsed command line arguments: Namespace(log_base=None, log_level=None, verb_name='build', build_base='build', install_base='install', merge_install=False, symlink_install=False, test_result_base=None, continue_on_error=False, executor='parallel', parallel_workers=8, event_handlers=None, ignore_user_meta=False, metas=['./colcon.meta'], base_paths=['.'], packages_ignore=None, packages_ignore_regex=None, paths=None, packages_up_to=None, packages_up_to_regex=None, packages_above=None, packages_above_and_dependencies=None, packages_above_depth=None, packages_select_by_dep=None, packages_skip_by_dep=None, packages_skip_up_to=None, packages_select_build_failed=False, packages_skip_build_finished=False, packages_select_test_failures=False, packages_skip_test_passed=False, packages_select=None, packages_skip=None, packages_select_regex=None, packages_skip_regex=None, packages_start=None, packages_end=None, allow_overriding=[], cmake_args=None, cmake_target=None, cmake_target_skip_unavailable=False, cmake_clean_cache=False, cmake_clean_first=False, cmake_force_configure=False, ament_cmake_args=None, catkin_cmake_args=None, catkin_skip_building_tests=False, verb_parser=<colcon_defaults.argument_parser.defaults.DefaultArgumentsDecorator object at 0x7fbff5ca9450>, verb_extension=<colcon_core.verb.build.BuildVerb object at 0x7fbff5cab280>, main=<bound method BuildVerb.main of <colcon_core.verb.build.BuildVerb object at 0x7fbff5cab280>>)
[0.831s] Level 1:colcon.colcon_core.package_discovery:discover_packages(colcon_meta) check parameters
[0.831s] Level 1:colcon.colcon_core.package_discovery:discover_packages(recursive) check parameters
[0.831s] Level 1:colcon.colcon_core.package_discovery:discover_packages(ignore) check parameters
[0.831s] Level 1:colcon.colcon_core.package_discovery:discover_packages(path) check parameters
[0.831s] Level 1:colcon.colcon_core.package_discovery:discover_packages(colcon_meta) discover
[0.831s] Level 1:colcon.colcon_core.package_discovery:discover_packages(recursive) discover
[0.831s] INFO:colcon.colcon_core.package_discovery:Crawling recursively for packages in '/home/dinhcuong/arm_ws'
[0.832s] Level 1:colcon.colcon_core.package_identification:_identify(.) by extensions ['ignore', 'ignore_ament_install']
[0.832s] Level 1:colcon.colcon_core.package_identification:_identify(.) by extension 'ignore'
[0.832s] Level 1:colcon.colcon_core.package_identification:_identify(.) by extension 'ignore_ament_install'
[0.832s] Level 1:colcon.colcon_core.package_identification:_identify(.) by extensions ['colcon_pkg']
[0.832s] Level 1:colcon.colcon_core.package_identification:_identify(.) by extension 'colcon_pkg'
[0.832s] Level 1:colcon.colcon_core.package_identification:_identify(.) by extensions ['colcon_meta']
[0.832s] Level 1:colcon.colcon_core.package_identification:_identify(.) by extension 'colcon_meta'
[0.832s] Level 1:colcon.colcon_core.package_identification:_identify(.) by extensions ['ros']
[0.832s] Level 1:colcon.colcon_core.package_identification:_identify(.) by extension 'ros'
[0.840s] Level 1:colcon.colcon_core.package_identification:_identify(.) by extensions ['cmake', 'python']
[0.840s] Level 1:colcon.colcon_core.package_identification:_identify(.) by extension 'cmake'
[0.840s] Level 1:colcon.colcon_core.package_identification:_identify(.) by extension 'python'
[0.840s] Level 1:colcon.colcon_core.package_identification:_identify(.) by extensions ['python_setup_py']
[0.840s] Level 1:colcon.colcon_core.package_identification:_identify(.) by extension 'python_setup_py'
[0.841s] Level 1:colcon.colcon_core.package_identification:_identify(build) by extensions ['ignore', 'ignore_ament_install']
[0.841s] Level 1:colcon.colcon_core.package_identification:_identify(build) by extension 'ignore'
[0.841s] Level 1:colcon.colcon_core.package_identification:_identify(build) ignored
[0.841s] Level 1:colcon.colcon_core.package_identification:_identify(install) by extensions ['ignore', 'ignore_ament_install']
[0.841s] Level 1:colcon.colcon_core.package_identification:_identify(install) by extension 'ignore'
[0.841s] Level 1:colcon.colcon_core.package_identification:_identify(install) ignored
[0.841s] Level 1:colcon.colcon_core.package_identification:_identify(log) by extensions ['ignore', 'ignore_ament_install']
[0.841s] Level 1:colcon.colcon_core.package_identification:_identify(log) by extension 'ignore'
[0.841s] Level 1:colcon.colcon_core.package_identification:_identify(log) ignored
[0.841s] Level 1:colcon.colcon_core.package_identification:_identify(src) by extensions ['ignore', 'ignore_ament_install']
[0.841s] Level 1:colcon.colcon_core.package_identification:_identify(src) by extension 'ignore'
[0.841s] Level 1:colcon.colcon_core.package_identification:_identify(src) by extension 'ignore_ament_install'
[0.841s] Level 1:colcon.colcon_core.package_identification:_identify(src) by extensions ['colcon_pkg']
[0.841s] Level 1:colcon.colcon_core.package_identification:_identify(src) by extension 'colcon_pkg'
[0.841s] Level 1:colcon.colcon_core.package_identification:_identify(src) by extensions ['colcon_meta']
[0.841s] Level 1:colcon.colcon_core.package_identification:_identify(src) by extension 'colcon_meta'
[0.841s] Level 1:colcon.colcon_core.package_identification:_identify(src) by extensions ['ros']
[0.841s] Level 1:colcon.colcon_core.package_identification:_identify(src) by extension 'ros'
[0.841s] Level 1:colcon.colcon_core.package_identification:_identify(src) by extensions ['cmake', 'python']
[0.841s] Level 1:colcon.colcon_core.package_identification:_identify(src) by extension 'cmake'
[0.842s] Level 1:colcon.colcon_core.package_identification:_identify(src) by extension 'python'
[0.842s] Level 1:colcon.colcon_core.package_identification:_identify(src) by extensions ['python_setup_py']
[0.842s] Level 1:colcon.colcon_core.package_identification:_identify(src) by extension 'python_setup_py'
[0.842s] Level 1:colcon.colcon_core.package_identification:_identify(src/arm_mark1) by extensions ['ignore', 'ignore_ament_install']
[0.842s] Level 1:colcon.colcon_core.package_identification:_identify(src/arm_mark1) by extension 'ignore'
[0.842s] Level 1:colcon.colcon_core.package_identification:_identify(src/arm_mark1) by extension 'ignore_ament_install'
[0.842s] Level 1:colcon.colcon_core.package_identification:_identify(src/arm_mark1) by extensions ['colcon_pkg']
[0.842s] Level 1:colcon.colcon_core.package_identification:_identify(src/arm_mark1) by extension 'colcon_pkg'
[0.842s] Level 1:colcon.colcon_core.package_identification:_identify(src/arm_mark1) by extensions ['colcon_meta']
[0.842s] Level 1:colcon.colcon_core.package_identification:_identify(src/arm_mark1) by extension 'colcon_meta'
[0.842s] Level 1:colcon.colcon_core.package_identification:_identify(src/arm_mark1) by extensions ['ros']
[0.842s] Level 1:colcon.colcon_core.package_identification:_identify(src/arm_mark1) by extension 'ros'
[0.844s] DEBUG:colcon.colcon_core.package_identification:Package 'src/arm_mark1' with type 'ros.ament_cmake' and name 'arm_mark1'
[0.844s] Level 1:colcon.colcon_core.package_discovery:discover_packages(recursive) using defaults
[0.844s] Level 1:colcon.colcon_core.package_discovery:discover_packages(ignore) discover
[0.844s] Level 1:colcon.colcon_core.package_discovery:discover_packages(ignore) using defaults
[0.844s] Level 1:colcon.colcon_core.package_discovery:discover_packages(path) discover
[0.844s] Level 1:colcon.colcon_core.package_discovery:discover_packages(path) using defaults
[0.919s] Level 1:colcon.colcon_core.package_discovery:discover_packages(prefix_path) check parameters
[0.919s] Level 1:colcon.colcon_core.package_discovery:discover_packages(prefix_path) discover
[0.944s] DEBUG:colcon.colcon_installed_package_information.package_discovery:Found 1 installed packages in /home/dinhcuong/arm_ws/install
[0.956s] DEBUG:colcon.colcon_installed_package_information.package_discovery:Found 354 installed packages in /opt/ros/humble
[0.957s] Level 1:colcon.colcon_core.package_discovery:discover_packages(prefix_path) using defaults
[1.039s] Level 5:colcon.colcon_core.verb:set package 'arm_mark1' build argument 'cmake_args' from command line to 'None'
[1.039s] Level 5:colcon.colcon_core.verb:set package 'arm_mark1' build argument 'cmake_target' from command line to 'None'
[1.040s] Level 5:colcon.colcon_core.verb:set package 'arm_mark1' build argument 'cmake_target_skip_unavailable' from command line to 'False'
[1.040s] Level 5:colcon.colcon_core.verb:set package 'arm_mark1' build argument 'cmake_clean_cache' from command line to 'False'
[1.040s] Level 5:colcon.colcon_core.verb:set package 'arm_mark1' build argument 'cmake_clean_first' from command line to 'False'
[1.040s] Level 5:colcon.colcon_core.verb:set package 'arm_mark1' build argument 'cmake_force_configure' from command line to 'False'
[1.040s] Level 5:colcon.colcon_core.verb:set package 'arm_mark1' build argument 'ament_cmake_args' from command line to 'None'
[1.040s] Level 5:colcon.colcon_core.verb:set package 'arm_mark1' build argument 'catkin_cmake_args' from command line to 'None'
[1.040s] Level 5:colcon.colcon_core.verb:set package 'arm_mark1' build argument 'catkin_skip_building_tests' from command line to 'False'
[1.040s] DEBUG:colcon.colcon_core.verb:Building package 'arm_mark1' with the following arguments: {'ament_cmake_args': None, 'build_base': '/home/dinhcuong/arm_ws/build/arm_mark1', 'catkin_cmake_args': None, 'catkin_skip_building_tests': False, 'cmake_args': None, 'cmake_clean_cache': False, 'cmake_clean_first': False, 'cmake_force_configure': False, 'cmake_target': None, 'cmake_target_skip_unavailable': False, 'install_base': '/home/dinhcuong/arm_ws/install/arm_mark1', 'merge_install': False, 'path': '/home/dinhcuong/arm_ws/src/arm_mark1', 'symlink_install': False, 'test_result_base': None}
[1.051s] INFO:colcon.colcon_core.executor:Executing jobs using 'parallel' executor
[1.063s] DEBUG:colcon.colcon_parallel_executor.executor.parallel:run_until_complete
[1.063s] INFO:colcon.colcon_ros.task.ament_cmake.build:Building ROS package in '/home/dinhcuong/arm_ws/src/arm_mark1' with build type 'ament_cmake'
[1.064s] INFO:colcon.colcon_cmake.task.cmake.build:Building CMake package in '/home/dinhcuong/arm_ws/src/arm_mark1'
[1.077s] INFO:colcon.colcon_core.plugin_system:Skipping extension 'colcon_core.shell.bat': Not used on non-Windows systems
[1.077s] INFO:colcon.colcon_core.shell:Skip shell extension 'powershell' for command environment: Not usable outside of PowerShell
[1.077s] DEBUG:colcon.colcon_core.shell:Skip shell extension 'dsv' for command environment
[1.119s] DEBUG:colcon.colcon_core.event_handler.log_command:Invoking command in '/home/dinhcuong/arm_ws/build/arm_mark1': CMAKE_PREFIX_PATH=${CMAKE_PREFIX_PATH}:/opt/ros/humble /usr/bin/cmake --build /home/dinhcuong/arm_ws/build/arm_mark1 -- -j8 -l8
[1.145s] DEBUG:colcon.colcon_core.event_handler.log_command:Invoked command in '/home/dinhcuong/arm_ws/build/arm_mark1' returned '0': CMAKE_PREFIX_PATH=${CMAKE_PREFIX_PATH}:/opt/ros/humble /usr/bin/cmake --build /home/dinhcuong/arm_ws/build/arm_mark1 -- -j8 -l8
[1.163s] DEBUG:colcon.colcon_core.event_handler.log_command:Invoking command in '/home/dinhcuong/arm_ws/build/arm_mark1': CMAKE_PREFIX_PATH=${CMAKE_PREFIX_PATH}:/opt/ros/humble /usr/bin/cmake --install /home/dinhcuong/arm_ws/build/arm_mark1
[1.172s] Level 1:colcon.colcon_core.environment:create_environment_scripts_only(arm_mark1)
[1.172s] DEBUG:colcon.colcon_core.event_handler.log_command:Invoked command in '/home/dinhcuong/arm_ws/build/arm_mark1' returned '0': CMAKE_PREFIX_PATH=${CMAKE_PREFIX_PATH}:/opt/ros/humble /usr/bin/cmake --install /home/dinhcuong/arm_ws/build/arm_mark1
[1.188s] Level 1:colcon.colcon_core.environment:checking '/home/dinhcuong/arm_ws/install/arm_mark1' for CMake module files
[1.188s] Level 1:colcon.colcon_core.environment:checking '/home/dinhcuong/arm_ws/install/arm_mark1' for CMake config files
[1.189s] Level 1:colcon.colcon_core.shell:create_environment_hook('arm_mark1', 'cmake_prefix_path')
[1.204s] INFO:colcon.colcon_core.shell:Creating environment hook '/home/dinhcuong/arm_ws/install/arm_mark1/share/arm_mark1/hook/cmake_prefix_path.ps1'
[1.204s] INFO:colcon.colcon_core.shell:Creating environment descriptor '/home/dinhcuong/arm_ws/install/arm_mark1/share/arm_mark1/hook/cmake_prefix_path.dsv'
[1.205s] INFO:colcon.colcon_core.shell:Creating environment hook '/home/dinhcuong/arm_ws/install/arm_mark1/share/arm_mark1/hook/cmake_prefix_path.sh'
[1.205s] Level 1:colcon.colcon_core.environment:checking '/home/dinhcuong/arm_ws/install/arm_mark1/bin'
[1.205s] Level 1:colcon.colcon_core.environment:checking '/home/dinhcuong/arm_ws/install/arm_mark1/lib/pkgconfig/arm_mark1.pc'
[1.205s] Level 1:colcon.colcon_core.environment:checking '/home/dinhcuong/arm_ws/install/arm_mark1/lib/python3.10/site-packages'
[1.206s] Level 1:colcon.colcon_core.environment:checking '/home/dinhcuong/arm_ws/install/arm_mark1/bin'
[1.219s] INFO:colcon.colcon_core.shell:Creating package script '/home/dinhcuong/arm_ws/install/arm_mark1/share/arm_mark1/package.ps1'
[1.220s] INFO:colcon.colcon_core.shell:Creating package descriptor '/home/dinhcuong/arm_ws/install/arm_mark1/share/arm_mark1/package.dsv'
[1.220s] INFO:colcon.colcon_core.shell:Creating package script '/home/dinhcuong/arm_ws/install/arm_mark1/share/arm_mark1/package.sh'
[1.221s] INFO:colcon.colcon_core.shell:Creating package script '/home/dinhcuong/arm_ws/install/arm_mark1/share/arm_mark1/package.bash'
[1.221s] INFO:colcon.colcon_core.shell:Creating package script '/home/dinhcuong/arm_ws/install/arm_mark1/share/arm_mark1/package.zsh'
[1.222s] Level 1:colcon.colcon_core.environment:create_file_with_runtime_dependencies(/home/dinhcuong/arm_ws/install/arm_mark1/share/colcon-core/packages/arm_mark1)
[1.248s] Level 1:colcon.colcon_core.environment:create_environment_scripts_only(arm_mark1)
[1.260s] Level 1:colcon.colcon_core.environment:checking '/home/dinhcuong/arm_ws/install/arm_mark1' for CMake module files
[1.261s] Level 1:colcon.colcon_core.environment:checking '/home/dinhcuong/arm_ws/install/arm_mark1' for CMake config files
[1.261s] Level 1:colcon.colcon_core.shell:create_environment_hook('arm_mark1', 'cmake_prefix_path')
[1.273s] INFO:colcon.colcon_core.shell:Creating environment hook '/home/dinhcuong/arm_ws/install/arm_mark1/share/arm_mark1/hook/cmake_prefix_path.ps1'
[1.274s] INFO:colcon.colcon_core.shell:Creating environment descriptor '/home/dinhcuong/arm_ws/install/arm_mark1/share/arm_mark1/hook/cmake_prefix_path.dsv'
[1.274s] INFO:colcon.colcon_core.shell:Creating environment hook '/home/dinhcuong/arm_ws/install/arm_mark1/share/arm_mark1/hook/cmake_prefix_path.sh'
[1.275s] Level 1:colcon.colcon_core.environment:checking '/home/dinhcuong/arm_ws/install/arm_mark1/bin'
[1.275s] Level 1:colcon.colcon_core.environment:checking '/home/dinhcuong/arm_ws/install/arm_mark1/lib/pkgconfig/arm_mark1.pc'
[1.275s] Level 1:colcon.colcon_core.environment:checking '/home/dinhcuong/arm_ws/install/arm_mark1/lib/python3.10/site-packages'
[1.275s] Level 1:colcon.colcon_core.environment:checking '/home/dinhcuong/arm_ws/install/arm_mark1/bin'
[1.297s] INFO:colcon.colcon_core.shell:Creating package script '/home/dinhcuong/arm_ws/install/arm_mark1/share/arm_mark1/package.ps1'
[1.298s] INFO:colcon.colcon_core.shell:Creating package descriptor '/home/dinhcuong/arm_ws/install/arm_mark1/share/arm_mark1/package.dsv'
[1.298s] INFO:colcon.colcon_core.shell:Creating package script '/home/dinhcuong/arm_ws/install/arm_mark1/share/arm_mark1/package.sh'
[1.299s] INFO:colcon.colcon_core.shell:Creating package script '/home/dinhcuong/arm_ws/install/arm_mark1/share/arm_mark1/package.bash'
[1.299s] INFO:colcon.colcon_core.shell:Creating package script '/home/dinhcuong/arm_ws/install/arm_mark1/share/arm_mark1/package.zsh'
[1.299s] Level 1:colcon.colcon_core.environment:create_file_with_runtime_dependencies(/home/dinhcuong/arm_ws/install/arm_mark1/share/colcon-core/packages/arm_mark1)
[1.300s] DEBUG:colcon.colcon_parallel_executor.executor.parallel:closing loop
[1.300s] DEBUG:colcon.colcon_parallel_executor.executor.parallel:loop closed
[1.300s] DEBUG:colcon.colcon_parallel_executor.executor.parallel:run_until_complete finished with '0'
[1.300s] DEBUG:colcon.colcon_core.event_reactor:joining thread
[1.318s] INFO:colcon.colcon_core.plugin_system:Skipping extension 'colcon_notification.desktop_notification.terminal_notifier': Not used on non-Darwin systems
[1.318s] INFO:colcon.colcon_core.plugin_system:Skipping extension 'colcon_notification.desktop_notification.win32': Not used on non-Windows systems
[1.318s] INFO:colcon.colcon_notification.desktop_notification:Sending desktop notification using 'notify2'
[1.330s] DEBUG:colcon.colcon_core.event_reactor:joined thread
[1.348s] INFO:colcon.colcon_core.shell:Creating prefix script '/home/dinhcuong/arm_ws/install/local_setup.ps1'
[1.348s] INFO:colcon.colcon_core.shell:Creating prefix util module '/home/dinhcuong/arm_ws/install/_local_setup_util_ps1.py'
[1.350s] INFO:colcon.colcon_core.shell:Creating prefix chain script '/home/dinhcuong/arm_ws/install/setup.ps1'
[1.366s] INFO:colcon.colcon_core.shell:Creating prefix script '/home/dinhcuong/arm_ws/install/local_setup.sh'
[1.366s] INFO:colcon.colcon_core.shell:Creating prefix util module '/home/dinhcuong/arm_ws/install/_local_setup_util_sh.py'
[1.367s] INFO:colcon.colcon_core.shell:Creating prefix chain script '/home/dinhcuong/arm_ws/install/setup.sh'
[1.382s] INFO:colcon.colcon_core.shell:Creating prefix script '/home/dinhcuong/arm_ws/install/local_setup.bash'
[1.383s] INFO:colcon.colcon_core.shell:Creating prefix chain script '/home/dinhcuong/arm_ws/install/setup.bash'
[1.398s] INFO:colcon.colcon_core.shell:Creating prefix script '/home/dinhcuong/arm_ws/install/local_setup.zsh'
[1.399s] INFO:colcon.colcon_core.shell:Creating prefix chain script '/home/dinhcuong/arm_ws/install/setup.zsh'
