-- Install configuration: ""
-- Up-to-date: /home/dinhcuong/arm_ws/install/arm_mark1_controller/share/arm_mark1_controller/config
-- Installing: /home/dinhcuong/arm_ws/install/arm_mark1_controller/share/arm_mark1_controller/config/arm_controller.yaml
-- Up-to-date: /home/dinhcuong/arm_ws/install/arm_mark1_controller/share/arm_mark1_controller/launch
-- Installing: /home/dinhcuong/arm_ws/install/arm_mark1_controller/share/arm_mark1_controller/launch/arm_controller.launch.py
-- Up-to-date: /home/dinhcuong/arm_ws/install/arm_mark1_controller/share/ament_index/resource_index/package_run_dependencies/arm_mark1_controller
-- Up-to-date: /home/dinhcuong/arm_ws/install/arm_mark1_controller/share/ament_index/resource_index/parent_prefix_path/arm_mark1_controller
-- Up-to-date: /home/dinhcuong/arm_ws/install/arm_mark1_controller/share/arm_mark1_controller/environment/ament_prefix_path.sh
-- Up-to-date: /home/dinhcuong/arm_ws/install/arm_mark1_controller/share/arm_mark1_controller/environment/ament_prefix_path.dsv
-- Up-to-date: /home/dinhcuong/arm_ws/install/arm_mark1_controller/share/arm_mark1_controller/environment/path.sh
-- Up-to-date: /home/dinhcuong/arm_ws/install/arm_mark1_controller/share/arm_mark1_controller/environment/path.dsv
-- Up-to-date: /home/dinhcuong/arm_ws/install/arm_mark1_controller/share/arm_mark1_controller/local_setup.bash
-- Up-to-date: /home/dinhcuong/arm_ws/install/arm_mark1_controller/share/arm_mark1_controller/local_setup.sh
-- Up-to-date: /home/dinhcuong/arm_ws/install/arm_mark1_controller/share/arm_mark1_controller/local_setup.zsh
-- Up-to-date: /home/dinhcuong/arm_ws/install/arm_mark1_controller/share/arm_mark1_controller/local_setup.dsv
-- Installing: /home/dinhcuong/arm_ws/install/arm_mark1_controller/share/arm_mark1_controller/package.dsv
-- Up-to-date: /home/dinhcuong/arm_ws/install/arm_mark1_controller/share/ament_index/resource_index/packages/arm_mark1_controller
-- Up-to-date: /home/dinhcuong/arm_ws/install/arm_mark1_controller/share/arm_mark1_controller/cmake/arm_mark1_controllerConfig.cmake
-- Up-to-date: /home/dinhcuong/arm_ws/install/arm_mark1_controller/share/arm_mark1_controller/cmake/arm_mark1_controllerConfig-version.cmake
-- Up-to-date: /home/dinhcuong/arm_ws/install/arm_mark1_controller/share/arm_mark1_controller/package.xml
