[0.236s] Invoking command in '/home/dinhcuong/arm_ws/build/arduinobot_description': CMAKE_PREFIX_PATH=${CMAKE_PREFIX_PATH}:/home/dinhcuong/arm_ws/install/test_serverws:/home/dinhcuong/arm_ws/install/server_python:/opt/ros/humble /usr/bin/cmake --build /home/dinhcuong/arm_ws/build/arduinobot_description -- -j8 -l8
[0.275s] Invoked command in '/home/dinhcuong/arm_ws/build/arduinobot_description' returned '0': CMAKE_PREFIX_PATH=${CMAKE_PREFIX_PATH}:/home/dinhcuong/arm_ws/install/test_serverws:/home/dinhcuong/arm_ws/install/server_python:/opt/ros/humble /usr/bin/cmake --build /home/dinhcuong/arm_ws/build/arduinobot_description -- -j8 -l8
[0.322s] Invoking command in '/home/dinhcuong/arm_ws/build/arduinobot_description': CMAKE_PREFIX_PATH=${CMAKE_PREFIX_PATH}:/home/dinhcuong/arm_ws/install/test_serverws:/home/dinhcuong/arm_ws/install/server_python:/opt/ros/humble /usr/bin/cmake --install /home/dinhcuong/arm_ws/build/arduinobot_description
[0.332s] -- Install configuration: ""
[0.333s] -- Up-to-date: /home/dinhcuong/arm_ws/install/arduinobot_description/share/arduinobot_description/launch
[0.333s] -- Installing: /home/dinhcuong/arm_ws/install/arduinobot_description/share/arduinobot_description/launch/gazebo.launch.py
[0.333s] -- Up-to-date: /home/dinhcuong/arm_ws/install/arduinobot_description/share/arduinobot_description/meshes
[0.333s] -- Up-to-date: /home/dinhcuong/arm_ws/install/arduinobot_description/share/arduinobot_description/meshes/plate.STL
[0.335s] -- Up-to-date: /home/dinhcuong/arm_ws/install/arduinobot_description/share/arduinobot_description/meshes/left_finger.STL
[0.336s] -- Up-to-date: /home/dinhcuong/arm_ws/install/arduinobot_description/share/arduinobot_description/meshes/round_plate.STL
[0.337s] -- Up-to-date: /home/dinhcuong/arm_ws/install/arduinobot_description/share/arduinobot_description/meshes/horizontal_arm.STL
[0.337s] -- Up-to-date: /home/dinhcuong/arm_ws/install/arduinobot_description/share/arduinobot_description/meshes/vertical_drive_arm.STL
[0.337s] -- Up-to-date: /home/dinhcuong/arm_ws/install/arduinobot_description/share/arduinobot_description/meshes/triangular_link.STL
[0.337s] -- Up-to-date: /home/dinhcuong/arm_ws/install/arduinobot_description/share/arduinobot_description/meshes/servo_plate.STL
[0.337s] -- Up-to-date: /home/dinhcuong/arm_ws/install/arduinobot_description/share/arduinobot_description/meshes/forward_drive_arm.STL
[0.337s] -- Up-to-date: /home/dinhcuong/arm_ws/install/arduinobot_description/share/arduinobot_description/meshes/claw_support.STL
[0.337s] -- Up-to-date: /home/dinhcuong/arm_ws/install/arduinobot_description/share/arduinobot_description/meshes/base_plate.STL
[0.337s] -- Up-to-date: /home/dinhcuong/arm_ws/install/arduinobot_description/share/arduinobot_description/meshes/basement.STL
[0.337s] -- Up-to-date: /home/dinhcuong/arm_ws/install/arduinobot_description/share/arduinobot_description/meshes/right_finger.STL
[0.337s] -- Up-to-date: /home/dinhcuong/arm_ws/install/arduinobot_description/share/arduinobot_description/models
[0.337s] -- Up-to-date: /home/dinhcuong/arm_ws/install/arduinobot_description/share/arduinobot_description/models/ground_plane
[0.338s] -- Up-to-date: /home/dinhcuong/arm_ws/install/arduinobot_description/share/arduinobot_description/models/ground_plane/model-1_2.sdf
[0.338s] -- Up-to-date: /home/dinhcuong/arm_ws/install/arduinobot_description/share/arduinobot_description/models/ground_plane/model-1_3.sdf
[0.338s] -- Up-to-date: /home/dinhcuong/arm_ws/install/arduinobot_description/share/arduinobot_description/models/ground_plane/model-1_4.sdf
[0.338s] -- Up-to-date: /home/dinhcuong/arm_ws/install/arduinobot_description/share/arduinobot_description/models/ground_plane/model.config
[0.338s] -- Up-to-date: /home/dinhcuong/arm_ws/install/arduinobot_description/share/arduinobot_description/models/ground_plane/model.sdf
[0.338s] -- Up-to-date: /home/dinhcuong/arm_ws/install/arduinobot_description/share/arduinobot_description/models/sun
[0.338s] -- Up-to-date: /home/dinhcuong/arm_ws/install/arduinobot_description/share/arduinobot_description/models/sun/model-1_2.sdf
[0.338s] -- Up-to-date: /home/dinhcuong/arm_ws/install/arduinobot_description/share/arduinobot_description/models/sun/model-1_3.sdf
[0.338s] -- Up-to-date: /home/dinhcuong/arm_ws/install/arduinobot_description/share/arduinobot_description/models/sun/model-1_4.sdf
[0.338s] -- Up-to-date: /home/dinhcuong/arm_ws/install/arduinobot_description/share/arduinobot_description/models/sun/model.config
[0.338s] -- Up-to-date: /home/dinhcuong/arm_ws/install/arduinobot_description/share/arduinobot_description/models/sun/model.sdf
[0.339s] -- Up-to-date: /home/dinhcuong/arm_ws/install/arduinobot_description/share/arduinobot_description/urdf
[0.339s] -- Up-to-date: /home/dinhcuong/arm_ws/install/arduinobot_description/share/arduinobot_description/urdf/arduinobot_gazebo.xacro
[0.339s] -- Up-to-date: /home/dinhcuong/arm_ws/install/arduinobot_description/share/arduinobot_description/urdf/arduinobot_ros2_control.xacro
[0.339s] -- Up-to-date: /home/dinhcuong/arm_ws/install/arduinobot_description/share/arduinobot_description/urdf/arduinobot.urdf.xacro
[0.339s] -- Up-to-date: /home/dinhcuong/arm_ws/install/arduinobot_description/share/arduinobot_description/rviz
[0.343s] -- Up-to-date: /home/dinhcuong/arm_ws/install/arduinobot_description/share/ament_index/resource_index/package_run_dependencies/arduinobot_description
[0.343s] -- Up-to-date: /home/dinhcuong/arm_ws/install/arduinobot_description/share/ament_index/resource_index/parent_prefix_path/arduinobot_description
[0.343s] -- Up-to-date: /home/dinhcuong/arm_ws/install/arduinobot_description/share/arduinobot_description/environment/ament_prefix_path.sh
[0.343s] -- Up-to-date: /home/dinhcuong/arm_ws/install/arduinobot_description/share/arduinobot_description/environment/ament_prefix_path.dsv
[0.343s] -- Up-to-date: /home/dinhcuong/arm_ws/install/arduinobot_description/share/arduinobot_description/environment/path.sh
[0.343s] -- Up-to-date: /home/dinhcuong/arm_ws/install/arduinobot_description/share/arduinobot_description/environment/path.dsv
[0.344s] -- Up-to-date: /home/dinhcuong/arm_ws/install/arduinobot_description/share/arduinobot_description/local_setup.bash
[0.344s] -- Up-to-date: /home/dinhcuong/arm_ws/install/arduinobot_description/share/arduinobot_description/local_setup.sh
[0.344s] -- Up-to-date: /home/dinhcuong/arm_ws/install/arduinobot_description/share/arduinobot_description/local_setup.zsh
[0.344s] -- Up-to-date: /home/dinhcuong/arm_ws/install/arduinobot_description/share/arduinobot_description/local_setup.dsv
[0.344s] -- Installing: /home/dinhcuong/arm_ws/install/arduinobot_description/share/arduinobot_description/package.dsv
[0.344s] -- Up-to-date: /home/dinhcuong/arm_ws/install/arduinobot_description/share/ament_index/resource_index/packages/arduinobot_description
[0.344s] -- Up-to-date: /home/dinhcuong/arm_ws/install/arduinobot_description/share/arduinobot_description/cmake/arduinobot_descriptionConfig.cmake
[0.344s] -- Up-to-date: /home/dinhcuong/arm_ws/install/arduinobot_description/share/arduinobot_description/cmake/arduinobot_descriptionConfig-version.cmake
[0.344s] -- Up-to-date: /home/dinhcuong/arm_ws/install/arduinobot_description/share/arduinobot_description/package.xml
[0.409s] Invoked command in '/home/dinhcuong/arm_ws/build/arduinobot_description' returned '0': CMAKE_PREFIX_PATH=${CMAKE_PREFIX_PATH}:/home/dinhcuong/arm_ws/install/test_serverws:/home/dinhcuong/arm_ws/install/server_python:/opt/ros/humble /usr/bin/cmake --install /home/dinhcuong/arm_ws/build/arduinobot_description
