[0.855s] DEBUG:colcon:Command line arguments: ['/usr/bin/colcon', 'build']
[0.855s] DEBUG:colcon:Parsed command line arguments: Namespace(log_base=None, log_level=None, verb_name='build', build_base='build', install_base='install', merge_install=False, symlink_install=False, test_result_base=None, continue_on_error=False, executor='parallel', parallel_workers=8, event_handlers=None, ignore_user_meta=False, metas=['./colcon.meta'], base_paths=['.'], packages_ignore=None, packages_ignore_regex=None, paths=None, packages_up_to=None, packages_up_to_regex=None, packages_above=None, packages_above_and_dependencies=None, packages_above_depth=None, packages_select_by_dep=None, packages_skip_by_dep=None, packages_skip_up_to=None, packages_select_build_failed=False, packages_skip_build_finished=False, packages_select_test_failures=False, packages_skip_test_passed=False, packages_select=None, packages_skip=None, packages_select_regex=None, packages_skip_regex=None, packages_start=None, packages_end=None, allow_overriding=[], cmake_args=None, cmake_target=None, cmake_target_skip_unavailable=False, cmake_clean_cache=False, cmake_clean_first=False, cmake_force_configure=False, ament_cmake_args=None, catkin_cmake_args=None, catkin_skip_building_tests=False, verb_parser=<colcon_defaults.argument_parser.defaults.DefaultArgumentsDecorator object at 0x7f0c956a2200>, verb_extension=<colcon_core.verb.build.BuildVerb object at 0x7f0c956a0370>, main=<bound method BuildVerb.main of <colcon_core.verb.build.BuildVerb object at 0x7f0c956a0370>>)
[0.893s] Level 1:colcon.colcon_core.package_discovery:discover_packages(colcon_meta) check parameters
[0.893s] Level 1:colcon.colcon_core.package_discovery:discover_packages(recursive) check parameters
[0.893s] Level 1:colcon.colcon_core.package_discovery:discover_packages(ignore) check parameters
[0.893s] Level 1:colcon.colcon_core.package_discovery:discover_packages(path) check parameters
[0.893s] Level 1:colcon.colcon_core.package_discovery:discover_packages(colcon_meta) discover
[0.893s] Level 1:colcon.colcon_core.package_discovery:discover_packages(recursive) discover
[0.893s] INFO:colcon.colcon_core.package_discovery:Crawling recursively for packages in '/home/dinhcuong/arm_ws'
[0.893s] Level 1:colcon.colcon_core.package_identification:_identify(.) by extensions ['ignore', 'ignore_ament_install']
[0.893s] Level 1:colcon.colcon_core.package_identification:_identify(.) by extension 'ignore'
[0.893s] Level 1:colcon.colcon_core.package_identification:_identify(.) by extension 'ignore_ament_install'
[0.893s] Level 1:colcon.colcon_core.package_identification:_identify(.) by extensions ['colcon_pkg']
[0.893s] Level 1:colcon.colcon_core.package_identification:_identify(.) by extension 'colcon_pkg'
[0.894s] Level 1:colcon.colcon_core.package_identification:_identify(.) by extensions ['colcon_meta']
[0.894s] Level 1:colcon.colcon_core.package_identification:_identify(.) by extension 'colcon_meta'
[0.894s] Level 1:colcon.colcon_core.package_identification:_identify(.) by extensions ['ros']
[0.894s] Level 1:colcon.colcon_core.package_identification:_identify(.) by extension 'ros'
[0.902s] Level 1:colcon.colcon_core.package_identification:_identify(.) by extensions ['cmake', 'python']
[0.902s] Level 1:colcon.colcon_core.package_identification:_identify(.) by extension 'cmake'
[0.902s] Level 1:colcon.colcon_core.package_identification:_identify(.) by extension 'python'
[0.902s] Level 1:colcon.colcon_core.package_identification:_identify(.) by extensions ['python_setup_py']
[0.902s] Level 1:colcon.colcon_core.package_identification:_identify(.) by extension 'python_setup_py'
[0.903s] Level 1:colcon.colcon_core.package_identification:_identify(build) by extensions ['ignore', 'ignore_ament_install']
[0.903s] Level 1:colcon.colcon_core.package_identification:_identify(build) by extension 'ignore'
[0.903s] Level 1:colcon.colcon_core.package_identification:_identify(build) ignored
[0.903s] Level 1:colcon.colcon_core.package_identification:_identify(install) by extensions ['ignore', 'ignore_ament_install']
[0.903s] Level 1:colcon.colcon_core.package_identification:_identify(install) by extension 'ignore'
[0.903s] Level 1:colcon.colcon_core.package_identification:_identify(install) ignored
[0.903s] Level 1:colcon.colcon_core.package_identification:_identify(log) by extensions ['ignore', 'ignore_ament_install']
[0.903s] Level 1:colcon.colcon_core.package_identification:_identify(log) by extension 'ignore'
[0.903s] Level 1:colcon.colcon_core.package_identification:_identify(log) ignored
[0.903s] Level 1:colcon.colcon_core.package_identification:_identify(src) by extensions ['ignore', 'ignore_ament_install']
[0.903s] Level 1:colcon.colcon_core.package_identification:_identify(src) by extension 'ignore'
[0.904s] Level 1:colcon.colcon_core.package_identification:_identify(src) by extension 'ignore_ament_install'
[0.904s] Level 1:colcon.colcon_core.package_identification:_identify(src) by extensions ['colcon_pkg']
[0.904s] Level 1:colcon.colcon_core.package_identification:_identify(src) by extension 'colcon_pkg'
[0.904s] Level 1:colcon.colcon_core.package_identification:_identify(src) by extensions ['colcon_meta']
[0.904s] Level 1:colcon.colcon_core.package_identification:_identify(src) by extension 'colcon_meta'
[0.904s] Level 1:colcon.colcon_core.package_identification:_identify(src) by extensions ['ros']
[0.904s] Level 1:colcon.colcon_core.package_identification:_identify(src) by extension 'ros'
[0.904s] Level 1:colcon.colcon_core.package_identification:_identify(src) by extensions ['cmake', 'python']
[0.904s] Level 1:colcon.colcon_core.package_identification:_identify(src) by extension 'cmake'
[0.904s] Level 1:colcon.colcon_core.package_identification:_identify(src) by extension 'python'
[0.904s] Level 1:colcon.colcon_core.package_identification:_identify(src) by extensions ['python_setup_py']
[0.904s] Level 1:colcon.colcon_core.package_identification:_identify(src) by extension 'python_setup_py'
[0.904s] Level 1:colcon.colcon_core.package_identification:_identify(src/arm_mark1) by extensions ['ignore', 'ignore_ament_install']
[0.904s] Level 1:colcon.colcon_core.package_identification:_identify(src/arm_mark1) by extension 'ignore'
[0.904s] Level 1:colcon.colcon_core.package_identification:_identify(src/arm_mark1) by extension 'ignore_ament_install'
[0.904s] Level 1:colcon.colcon_core.package_identification:_identify(src/arm_mark1) by extensions ['colcon_pkg']
[0.904s] Level 1:colcon.colcon_core.package_identification:_identify(src/arm_mark1) by extension 'colcon_pkg'
[0.905s] Level 1:colcon.colcon_core.package_identification:_identify(src/arm_mark1) by extensions ['colcon_meta']
[0.905s] Level 1:colcon.colcon_core.package_identification:_identify(src/arm_mark1) by extension 'colcon_meta'
[0.905s] Level 1:colcon.colcon_core.package_identification:_identify(src/arm_mark1) by extensions ['ros']
[0.905s] Level 1:colcon.colcon_core.package_identification:_identify(src/arm_mark1) by extension 'ros'
[0.906s] DEBUG:colcon.colcon_core.package_identification:Package 'src/arm_mark1' with type 'ros.ament_cmake' and name 'arm_mark1'
[0.907s] Level 1:colcon.colcon_core.package_identification:_identify(src/test_serverws) by extensions ['ignore', 'ignore_ament_install']
[0.907s] Level 1:colcon.colcon_core.package_identification:_identify(src/test_serverws) by extension 'ignore'
[0.907s] Level 1:colcon.colcon_core.package_identification:_identify(src/test_serverws) by extension 'ignore_ament_install'
[0.907s] Level 1:colcon.colcon_core.package_identification:_identify(src/test_serverws) by extensions ['colcon_pkg']
[0.907s] Level 1:colcon.colcon_core.package_identification:_identify(src/test_serverws) by extension 'colcon_pkg'
[0.907s] Level 1:colcon.colcon_core.package_identification:_identify(src/test_serverws) by extensions ['colcon_meta']
[0.907s] Level 1:colcon.colcon_core.package_identification:_identify(src/test_serverws) by extension 'colcon_meta'
[0.907s] Level 1:colcon.colcon_core.package_identification:_identify(src/test_serverws) by extensions ['ros']
[0.907s] Level 1:colcon.colcon_core.package_identification:_identify(src/test_serverws) by extension 'ros'
[0.907s] DEBUG:colcon.colcon_core.package_identification:Package 'src/test_serverws' with type 'ros.ament_python' and name 'test_serverws'
[0.907s] Level 1:colcon.colcon_core.package_discovery:discover_packages(recursive) using defaults
[0.907s] Level 1:colcon.colcon_core.package_discovery:discover_packages(ignore) discover
[0.908s] Level 1:colcon.colcon_core.package_discovery:discover_packages(ignore) using defaults
[0.908s] Level 1:colcon.colcon_core.package_discovery:discover_packages(path) discover
[0.908s] Level 1:colcon.colcon_core.package_discovery:discover_packages(path) using defaults
[0.986s] Level 1:colcon.colcon_core.package_discovery:discover_packages(prefix_path) check parameters
[0.987s] Level 1:colcon.colcon_core.package_discovery:discover_packages(prefix_path) discover
[1.014s] DEBUG:colcon.colcon_installed_package_information.package_discovery:Found 2 installed packages in /home/dinhcuong/arm_ws/install
[1.028s] DEBUG:colcon.colcon_installed_package_information.package_discovery:Found 354 installed packages in /opt/ros/humble
[1.030s] Level 1:colcon.colcon_core.package_discovery:discover_packages(prefix_path) using defaults
[1.122s] Level 5:colcon.colcon_core.verb:set package 'arm_mark1' build argument 'cmake_args' from command line to 'None'
[1.122s] Level 5:colcon.colcon_core.verb:set package 'arm_mark1' build argument 'cmake_target' from command line to 'None'
[1.122s] Level 5:colcon.colcon_core.verb:set package 'arm_mark1' build argument 'cmake_target_skip_unavailable' from command line to 'False'
[1.122s] Level 5:colcon.colcon_core.verb:set package 'arm_mark1' build argument 'cmake_clean_cache' from command line to 'False'
[1.122s] Level 5:colcon.colcon_core.verb:set package 'arm_mark1' build argument 'cmake_clean_first' from command line to 'False'
[1.122s] Level 5:colcon.colcon_core.verb:set package 'arm_mark1' build argument 'cmake_force_configure' from command line to 'False'
[1.122s] Level 5:colcon.colcon_core.verb:set package 'arm_mark1' build argument 'ament_cmake_args' from command line to 'None'
[1.122s] Level 5:colcon.colcon_core.verb:set package 'arm_mark1' build argument 'catkin_cmake_args' from command line to 'None'
[1.122s] Level 5:colcon.colcon_core.verb:set package 'arm_mark1' build argument 'catkin_skip_building_tests' from command line to 'False'
[1.122s] DEBUG:colcon.colcon_core.verb:Building package 'arm_mark1' with the following arguments: {'ament_cmake_args': None, 'build_base': '/home/dinhcuong/arm_ws/build/arm_mark1', 'catkin_cmake_args': None, 'catkin_skip_building_tests': False, 'cmake_args': None, 'cmake_clean_cache': False, 'cmake_clean_first': False, 'cmake_force_configure': False, 'cmake_target': None, 'cmake_target_skip_unavailable': False, 'install_base': '/home/dinhcuong/arm_ws/install/arm_mark1', 'merge_install': False, 'path': '/home/dinhcuong/arm_ws/src/arm_mark1', 'symlink_install': False, 'test_result_base': None}
[1.136s] Level 5:colcon.colcon_core.verb:set package 'test_serverws' build argument 'cmake_args' from command line to 'None'
[1.136s] Level 5:colcon.colcon_core.verb:set package 'test_serverws' build argument 'cmake_target' from command line to 'None'
[1.136s] Level 5:colcon.colcon_core.verb:set package 'test_serverws' build argument 'cmake_target_skip_unavailable' from command line to 'False'
[1.136s] Level 5:colcon.colcon_core.verb:set package 'test_serverws' build argument 'cmake_clean_cache' from command line to 'False'
[1.136s] Level 5:colcon.colcon_core.verb:set package 'test_serverws' build argument 'cmake_clean_first' from command line to 'False'
[1.136s] Level 5:colcon.colcon_core.verb:set package 'test_serverws' build argument 'cmake_force_configure' from command line to 'False'
[1.136s] Level 5:colcon.colcon_core.verb:set package 'test_serverws' build argument 'ament_cmake_args' from command line to 'None'
[1.136s] Level 5:colcon.colcon_core.verb:set package 'test_serverws' build argument 'catkin_cmake_args' from command line to 'None'
[1.136s] Level 5:colcon.colcon_core.verb:set package 'test_serverws' build argument 'catkin_skip_building_tests' from command line to 'False'
[1.136s] DEBUG:colcon.colcon_core.verb:Building package 'test_serverws' with the following arguments: {'ament_cmake_args': None, 'build_base': '/home/dinhcuong/arm_ws/build/test_serverws', 'catkin_cmake_args': None, 'catkin_skip_building_tests': False, 'cmake_args': None, 'cmake_clean_cache': False, 'cmake_clean_first': False, 'cmake_force_configure': False, 'cmake_target': None, 'cmake_target_skip_unavailable': False, 'install_base': '/home/dinhcuong/arm_ws/install/test_serverws', 'merge_install': False, 'path': '/home/dinhcuong/arm_ws/src/test_serverws', 'symlink_install': False, 'test_result_base': None}
[1.149s] INFO:colcon.colcon_core.executor:Executing jobs using 'parallel' executor
[1.163s] DEBUG:colcon.colcon_parallel_executor.executor.parallel:run_until_complete
[1.164s] INFO:colcon.colcon_ros.task.ament_cmake.build:Building ROS package in '/home/dinhcuong/arm_ws/src/arm_mark1' with build type 'ament_cmake'
[1.164s] INFO:colcon.colcon_cmake.task.cmake.build:Building CMake package in '/home/dinhcuong/arm_ws/src/arm_mark1'
[1.179s] INFO:colcon.colcon_core.plugin_system:Skipping extension 'colcon_core.shell.bat': Not used on non-Windows systems
[1.179s] INFO:colcon.colcon_core.shell:Skip shell extension 'powershell' for command environment: Not usable outside of PowerShell
[1.179s] DEBUG:colcon.colcon_core.shell:Skip shell extension 'dsv' for command environment
[1.223s] INFO:colcon.colcon_ros.task.ament_python.build:Building ROS package in '/home/dinhcuong/arm_ws/src/test_serverws' with build type 'ament_python'
[1.223s] Level 1:colcon.colcon_core.shell:create_environment_hook('test_serverws', 'ament_prefix_path')
[1.237s] INFO:colcon.colcon_core.shell:Creating environment hook '/home/dinhcuong/arm_ws/install/test_serverws/share/test_serverws/hook/ament_prefix_path.ps1'
[1.237s] INFO:colcon.colcon_core.shell:Creating environment descriptor '/home/dinhcuong/arm_ws/install/test_serverws/share/test_serverws/hook/ament_prefix_path.dsv'
[1.237s] INFO:colcon.colcon_core.shell:Creating environment hook '/home/dinhcuong/arm_ws/install/test_serverws/share/test_serverws/hook/ament_prefix_path.sh'
[1.250s] INFO:colcon.colcon_core.shell:Skip shell extension 'powershell' for command environment: Not usable outside of PowerShell
[1.250s] DEBUG:colcon.colcon_core.shell:Skip shell extension 'dsv' for command environment
[1.294s] DEBUG:colcon.colcon_core.event_handler.log_command:Invoking command in '/home/dinhcuong/arm_ws/build/arm_mark1': CMAKE_PREFIX_PATH=${CMAKE_PREFIX_PATH}:/home/dinhcuong/arm_ws/install/test_serverws:/opt/ros/humble /usr/bin/cmake --build /home/dinhcuong/arm_ws/build/arm_mark1 -- -j8 -l8
[1.494s] INFO:colcon.colcon_core.task.python.build:Building Python package in '/home/dinhcuong/arm_ws/src/test_serverws'
[1.514s] INFO:colcon.colcon_core.shell:Skip shell extension 'powershell' for command environment: Not usable outside of PowerShell
[1.514s] DEBUG:colcon.colcon_core.shell:Skip shell extension 'dsv' for command environment
[1.553s] DEBUG:colcon.colcon_core.event_handler.log_command:Invoked command in '/home/dinhcuong/arm_ws/build/arm_mark1' returned '0': CMAKE_PREFIX_PATH=${CMAKE_PREFIX_PATH}:/home/dinhcuong/arm_ws/install/test_serverws:/opt/ros/humble /usr/bin/cmake --build /home/dinhcuong/arm_ws/build/arm_mark1 -- -j8 -l8
[1.575s] DEBUG:colcon.colcon_core.event_handler.log_command:Invoking command in '/home/dinhcuong/arm_ws/build/arm_mark1': CMAKE_PREFIX_PATH=${CMAKE_PREFIX_PATH}:/home/dinhcuong/arm_ws/install/test_serverws:/opt/ros/humble /usr/bin/cmake --install /home/dinhcuong/arm_ws/build/arm_mark1
[1.582s] Level 1:colcon.colcon_core.environment:create_environment_scripts_only(arm_mark1)
[1.583s] DEBUG:colcon.colcon_core.event_handler.log_command:Invoked command in '/home/dinhcuong/arm_ws/build/arm_mark1' returned '0': CMAKE_PREFIX_PATH=${CMAKE_PREFIX_PATH}:/home/dinhcuong/arm_ws/install/test_serverws:/opt/ros/humble /usr/bin/cmake --install /home/dinhcuong/arm_ws/build/arm_mark1
[1.597s] Level 1:colcon.colcon_core.environment:checking '/home/dinhcuong/arm_ws/install/arm_mark1' for CMake module files
[1.597s] Level 1:colcon.colcon_core.environment:checking '/home/dinhcuong/arm_ws/install/arm_mark1' for CMake config files
[1.597s] Level 1:colcon.colcon_core.shell:create_environment_hook('arm_mark1', 'cmake_prefix_path')
[1.611s] INFO:colcon.colcon_core.shell:Creating environment hook '/home/dinhcuong/arm_ws/install/arm_mark1/share/arm_mark1/hook/cmake_prefix_path.ps1'
[1.611s] INFO:colcon.colcon_core.shell:Creating environment descriptor '/home/dinhcuong/arm_ws/install/arm_mark1/share/arm_mark1/hook/cmake_prefix_path.dsv'
[1.612s] INFO:colcon.colcon_core.shell:Creating environment hook '/home/dinhcuong/arm_ws/install/arm_mark1/share/arm_mark1/hook/cmake_prefix_path.sh'
[1.612s] Level 1:colcon.colcon_core.environment:checking '/home/dinhcuong/arm_ws/install/arm_mark1/bin'
[1.612s] Level 1:colcon.colcon_core.environment:checking '/home/dinhcuong/arm_ws/install/arm_mark1/lib/pkgconfig/arm_mark1.pc'
[1.612s] Level 1:colcon.colcon_core.environment:checking '/home/dinhcuong/arm_ws/install/arm_mark1/lib/python3.10/site-packages'
[1.613s] Level 1:colcon.colcon_core.environment:checking '/home/dinhcuong/arm_ws/install/arm_mark1/bin'
[1.625s] INFO:colcon.colcon_core.shell:Creating package script '/home/dinhcuong/arm_ws/install/arm_mark1/share/arm_mark1/package.ps1'
[1.626s] INFO:colcon.colcon_core.shell:Creating package descriptor '/home/dinhcuong/arm_ws/install/arm_mark1/share/arm_mark1/package.dsv'
[1.626s] INFO:colcon.colcon_core.shell:Creating package script '/home/dinhcuong/arm_ws/install/arm_mark1/share/arm_mark1/package.sh'
[1.627s] INFO:colcon.colcon_core.shell:Creating package script '/home/dinhcuong/arm_ws/install/arm_mark1/share/arm_mark1/package.bash'
[1.627s] INFO:colcon.colcon_core.shell:Creating package script '/home/dinhcuong/arm_ws/install/arm_mark1/share/arm_mark1/package.zsh'
[1.628s] Level 1:colcon.colcon_core.environment:create_file_with_runtime_dependencies(/home/dinhcuong/arm_ws/install/arm_mark1/share/colcon-core/packages/arm_mark1)
[1.653s] Level 1:colcon.colcon_core.environment:create_environment_scripts_only(arm_mark1)
[1.667s] Level 1:colcon.colcon_core.environment:checking '/home/dinhcuong/arm_ws/install/arm_mark1' for CMake module files
[1.668s] Level 1:colcon.colcon_core.environment:checking '/home/dinhcuong/arm_ws/install/arm_mark1' for CMake config files
[1.668s] Level 1:colcon.colcon_core.shell:create_environment_hook('arm_mark1', 'cmake_prefix_path')
[1.689s] INFO:colcon.colcon_core.shell:Creating environment hook '/home/dinhcuong/arm_ws/install/arm_mark1/share/arm_mark1/hook/cmake_prefix_path.ps1'
[1.690s] INFO:colcon.colcon_core.shell:Creating environment descriptor '/home/dinhcuong/arm_ws/install/arm_mark1/share/arm_mark1/hook/cmake_prefix_path.dsv'
[1.690s] INFO:colcon.colcon_core.shell:Creating environment hook '/home/dinhcuong/arm_ws/install/arm_mark1/share/arm_mark1/hook/cmake_prefix_path.sh'
[1.690s] Level 1:colcon.colcon_core.environment:checking '/home/dinhcuong/arm_ws/install/arm_mark1/bin'
[1.691s] Level 1:colcon.colcon_core.environment:checking '/home/dinhcuong/arm_ws/install/arm_mark1/lib/pkgconfig/arm_mark1.pc'
[1.691s] Level 1:colcon.colcon_core.environment:checking '/home/dinhcuong/arm_ws/install/arm_mark1/lib/python3.10/site-packages'
[1.691s] Level 1:colcon.colcon_core.environment:checking '/home/dinhcuong/arm_ws/install/arm_mark1/bin'
[1.704s] INFO:colcon.colcon_core.shell:Creating package script '/home/dinhcuong/arm_ws/install/arm_mark1/share/arm_mark1/package.ps1'
[1.705s] INFO:colcon.colcon_core.shell:Creating package descriptor '/home/dinhcuong/arm_ws/install/arm_mark1/share/arm_mark1/package.dsv'
[1.705s] INFO:colcon.colcon_core.shell:Creating package script '/home/dinhcuong/arm_ws/install/arm_mark1/share/arm_mark1/package.sh'
[1.705s] INFO:colcon.colcon_core.shell:Creating package script '/home/dinhcuong/arm_ws/install/arm_mark1/share/arm_mark1/package.bash'
[1.706s] INFO:colcon.colcon_core.shell:Creating package script '/home/dinhcuong/arm_ws/install/arm_mark1/share/arm_mark1/package.zsh'
[1.706s] Level 1:colcon.colcon_core.environment:create_file_with_runtime_dependencies(/home/dinhcuong/arm_ws/install/arm_mark1/share/colcon-core/packages/arm_mark1)
[1.859s] DEBUG:colcon.colcon_core.event_handler.log_command:Invoking command in '/home/dinhcuong/arm_ws/src/test_serverws': PYTHONPATH=/home/dinhcuong/arm_ws/build/test_serverws/prefix_override:/home/dinhcuong/arm_ws/install/test_serverws/lib/python3.10/site-packages:${PYTHONPATH} /usr/bin/python3 setup.py egg_info --egg-base ../../build/test_serverws build --build-base /home/dinhcuong/arm_ws/build/test_serverws/build install --record /home/dinhcuong/arm_ws/build/test_serverws/install.log --single-version-externally-managed
[2.112s] DEBUG:colcon.colcon_core.event_handler.log_command:Invoked command in '/home/dinhcuong/arm_ws/src/test_serverws' returned '0': PYTHONPATH=/home/dinhcuong/arm_ws/build/test_serverws/prefix_override:/home/dinhcuong/arm_ws/install/test_serverws/lib/python3.10/site-packages:${PYTHONPATH} /usr/bin/python3 setup.py egg_info --egg-base ../../build/test_serverws build --build-base /home/dinhcuong/arm_ws/build/test_serverws/build install --record /home/dinhcuong/arm_ws/build/test_serverws/install.log --single-version-externally-managed
[2.125s] Level 1:colcon.colcon_core.environment:checking '/home/dinhcuong/arm_ws/install/test_serverws' for CMake module files
[2.126s] Level 1:colcon.colcon_core.environment:checking '/home/dinhcuong/arm_ws/install/test_serverws' for CMake config files
[2.126s] Level 1:colcon.colcon_core.environment:checking '/home/dinhcuong/arm_ws/install/test_serverws/lib'
[2.126s] Level 1:colcon.colcon_core.environment:checking '/home/dinhcuong/arm_ws/install/test_serverws/bin'
[2.126s] Level 1:colcon.colcon_core.environment:checking '/home/dinhcuong/arm_ws/install/test_serverws/lib/pkgconfig/test_serverws.pc'
[2.127s] Level 1:colcon.colcon_core.environment:checking '/home/dinhcuong/arm_ws/install/test_serverws/lib/python3.10/site-packages'
[2.127s] Level 1:colcon.colcon_core.shell:create_environment_hook('test_serverws', 'pythonpath')
[2.140s] INFO:colcon.colcon_core.shell:Creating environment hook '/home/dinhcuong/arm_ws/install/test_serverws/share/test_serverws/hook/pythonpath.ps1'
[2.140s] INFO:colcon.colcon_core.shell:Creating environment descriptor '/home/dinhcuong/arm_ws/install/test_serverws/share/test_serverws/hook/pythonpath.dsv'
[2.140s] INFO:colcon.colcon_core.shell:Creating environment hook '/home/dinhcuong/arm_ws/install/test_serverws/share/test_serverws/hook/pythonpath.sh'
[2.141s] Level 1:colcon.colcon_core.environment:checking '/home/dinhcuong/arm_ws/install/test_serverws/bin'
[2.141s] Level 1:colcon.colcon_core.environment:create_environment_scripts_only(test_serverws)
[2.154s] INFO:colcon.colcon_core.shell:Creating package script '/home/dinhcuong/arm_ws/install/test_serverws/share/test_serverws/package.ps1'
[2.155s] INFO:colcon.colcon_core.shell:Creating package descriptor '/home/dinhcuong/arm_ws/install/test_serverws/share/test_serverws/package.dsv'
[2.155s] INFO:colcon.colcon_core.shell:Creating package script '/home/dinhcuong/arm_ws/install/test_serverws/share/test_serverws/package.sh'
[2.155s] INFO:colcon.colcon_core.shell:Creating package script '/home/dinhcuong/arm_ws/install/test_serverws/share/test_serverws/package.bash'
[2.155s] INFO:colcon.colcon_core.shell:Creating package script '/home/dinhcuong/arm_ws/install/test_serverws/share/test_serverws/package.zsh'
[2.156s] Level 1:colcon.colcon_core.environment:create_file_with_runtime_dependencies(/home/dinhcuong/arm_ws/install/test_serverws/share/colcon-core/packages/test_serverws)
[2.156s] DEBUG:colcon.colcon_parallel_executor.executor.parallel:closing loop
[2.156s] DEBUG:colcon.colcon_parallel_executor.executor.parallel:loop closed
[2.156s] DEBUG:colcon.colcon_parallel_executor.executor.parallel:run_until_complete finished with '0'
[2.156s] DEBUG:colcon.colcon_core.event_reactor:joining thread
[2.174s] INFO:colcon.colcon_core.plugin_system:Skipping extension 'colcon_notification.desktop_notification.terminal_notifier': Not used on non-Darwin systems
[2.174s] INFO:colcon.colcon_core.plugin_system:Skipping extension 'colcon_notification.desktop_notification.win32': Not used on non-Windows systems
[2.174s] INFO:colcon.colcon_notification.desktop_notification:Sending desktop notification using 'notify2'
[2.181s] DEBUG:colcon.colcon_core.event_reactor:joined thread
[2.194s] INFO:colcon.colcon_core.shell:Creating prefix script '/home/dinhcuong/arm_ws/install/local_setup.ps1'
[2.195s] INFO:colcon.colcon_core.shell:Creating prefix util module '/home/dinhcuong/arm_ws/install/_local_setup_util_ps1.py'
[2.196s] INFO:colcon.colcon_core.shell:Creating prefix chain script '/home/dinhcuong/arm_ws/install/setup.ps1'
[2.209s] INFO:colcon.colcon_core.shell:Creating prefix script '/home/dinhcuong/arm_ws/install/local_setup.sh'
[2.210s] INFO:colcon.colcon_core.shell:Creating prefix util module '/home/dinhcuong/arm_ws/install/_local_setup_util_sh.py'
[2.210s] INFO:colcon.colcon_core.shell:Creating prefix chain script '/home/dinhcuong/arm_ws/install/setup.sh'
[2.224s] INFO:colcon.colcon_core.shell:Creating prefix script '/home/dinhcuong/arm_ws/install/local_setup.bash'
[2.225s] INFO:colcon.colcon_core.shell:Creating prefix chain script '/home/dinhcuong/arm_ws/install/setup.bash'
[2.238s] INFO:colcon.colcon_core.shell:Creating prefix script '/home/dinhcuong/arm_ws/install/local_setup.zsh'
[2.239s] INFO:colcon.colcon_core.shell:Creating prefix chain script '/home/dinhcuong/arm_ws/install/setup.zsh'
