[0.056s] Invoking command in '/home/dinhcuong/arm_ws/build/arm_mark1': CMAKE_PREFIX_PATH=${CMAKE_PREFIX_PATH}:/home/dinhcuong/arm_ws/install/test_serverws:/opt/ros/humble /usr/bin/cmake --build /home/dinhcuong/arm_ws/build/arm_mark1 -- -j8 -l8
[0.080s] Invoked command in '/home/dinhcuong/arm_ws/build/arm_mark1' returned '0': CMAKE_PREFIX_PATH=${CMAKE_PREFIX_PATH}:/home/dinhcuong/arm_ws/install/test_serverws:/opt/ros/humble /usr/bin/cmake --build /home/dinhcuong/arm_ws/build/arm_mark1 -- -j8 -l8
[0.099s] Invoking command in '/home/dinhcuong/arm_ws/build/arm_mark1': CMAKE_PREFIX_PATH=${CMAKE_PREFIX_PATH}:/home/dinhcuong/arm_ws/install/test_serverws:/opt/ros/humble /usr/bin/cmake --install /home/dinhcuong/arm_ws/build/arm_mark1
[0.105s] -- Install configuration: ""
[0.105s] -- Up-to-date: /home/dinhcuong/arm_ws/install/arm_mark1/share/arm_mark1/meshes
[0.105s] -- Up-to-date: /home/dinhcuong/arm_ws/install/arm_mark1/share/arm_mark1/meshes/plate.STL
[0.105s] -- Up-to-date: /home/dinhcuong/arm_ws/install/arm_mark1/share/arm_mark1/meshes/left_finger.STL
[0.105s] -- Up-to-date: /home/dinhcuong/arm_ws/install/arm_mark1/share/arm_mark1/meshes/round_plate.STL
[0.105s] -- Up-to-date: /home/dinhcuong/arm_ws/install/arm_mark1/share/arm_mark1/meshes/horizontal_arm.STL
[0.105s] -- Up-to-date: /home/dinhcuong/arm_ws/install/arm_mark1/share/arm_mark1/meshes/vertical_drive_arm.STL
[0.105s] -- Up-to-date: /home/dinhcuong/arm_ws/install/arm_mark1/share/arm_mark1/meshes/triangular_link.STL
[0.105s] -- Up-to-date: /home/dinhcuong/arm_ws/install/arm_mark1/share/arm_mark1/meshes/servo_plate.STL
[0.105s] -- Up-to-date: /home/dinhcuong/arm_ws/install/arm_mark1/share/arm_mark1/meshes/forward_drive_arm.STL
[0.105s] -- Up-to-date: /home/dinhcuong/arm_ws/install/arm_mark1/share/arm_mark1/meshes/claw_support.STL
[0.105s] -- Up-to-date: /home/dinhcuong/arm_ws/install/arm_mark1/share/arm_mark1/meshes/base_plate.STL
[0.105s] -- Up-to-date: /home/dinhcuong/arm_ws/install/arm_mark1/share/arm_mark1/meshes/basement.STL
[0.106s] -- Up-to-date: /home/dinhcuong/arm_ws/install/arm_mark1/share/arm_mark1/meshes/right_finger.STL
[0.106s] -- Up-to-date: /home/dinhcuong/arm_ws/install/arm_mark1/share/arm_mark1/urdf
[0.106s] -- Installing: /home/dinhcuong/arm_ws/install/arm_mark1/share/arm_mark1/urdf/arm.urdf.xacro
[0.106s] -- Up-to-date: /home/dinhcuong/arm_ws/install/arm_mark1/share/ament_index/resource_index/package_run_dependencies/arm_mark1
[0.106s] -- Up-to-date: /home/dinhcuong/arm_ws/install/arm_mark1/share/ament_index/resource_index/parent_prefix_path/arm_mark1
[0.106s] -- Up-to-date: /home/dinhcuong/arm_ws/install/arm_mark1/share/arm_mark1/environment/ament_prefix_path.sh
[0.106s] -- Up-to-date: /home/dinhcuong/arm_ws/install/arm_mark1/share/arm_mark1/environment/ament_prefix_path.dsv
[0.106s] -- Up-to-date: /home/dinhcuong/arm_ws/install/arm_mark1/share/arm_mark1/environment/path.sh
[0.106s] -- Up-to-date: /home/dinhcuong/arm_ws/install/arm_mark1/share/arm_mark1/environment/path.dsv
[0.106s] -- Up-to-date: /home/dinhcuong/arm_ws/install/arm_mark1/share/arm_mark1/local_setup.bash
[0.106s] -- Up-to-date: /home/dinhcuong/arm_ws/install/arm_mark1/share/arm_mark1/local_setup.sh
[0.106s] -- Up-to-date: /home/dinhcuong/arm_ws/install/arm_mark1/share/arm_mark1/local_setup.zsh
[0.106s] -- Up-to-date: /home/dinhcuong/arm_ws/install/arm_mark1/share/arm_mark1/local_setup.dsv
[0.106s] -- Installing: /home/dinhcuong/arm_ws/install/arm_mark1/share/arm_mark1/package.dsv
[0.106s] -- Up-to-date: /home/dinhcuong/arm_ws/install/arm_mark1/share/ament_index/resource_index/packages/arm_mark1
[0.106s] -- Up-to-date: /home/dinhcuong/arm_ws/install/arm_mark1/share/arm_mark1/cmake/arm_mark1Config.cmake
[0.106s] -- Up-to-date: /home/dinhcuong/arm_ws/install/arm_mark1/share/arm_mark1/cmake/arm_mark1Config-version.cmake
[0.106s] -- Up-to-date: /home/dinhcuong/arm_ws/install/arm_mark1/share/arm_mark1/package.xml
[0.107s] Invoked command in '/home/dinhcuong/arm_ws/build/arm_mark1' returned '0': CMAKE_PREFIX_PATH=${CMAKE_PREFIX_PATH}:/home/dinhcuong/arm_ws/install/test_serverws:/opt/ros/humble /usr/bin/cmake --install /home/dinhcuong/arm_ws/build/arm_mark1
