[0.345s] Invoking command in '/home/dinhcuong/arm_ws/build/arduinobot_description': CMAKE_PREFIX_PATH=${CMAKE_PREFIX_PATH}:/home/dinhcuong/arm_ws/install/test_serverws:/home/dinhcuong/arm_ws/install/server_python:/opt/ros/humble /usr/bin/cmake --build /home/dinhcuong/arm_ws/build/arduinobot_description -- -j8 -l8
[0.401s] Invoked command in '/home/dinhcuong/arm_ws/build/arduinobot_description' returned '0': CMAKE_PREFIX_PATH=${CMAKE_PREFIX_PATH}:/home/dinhcuong/arm_ws/install/test_serverws:/home/dinhcuong/arm_ws/install/server_python:/opt/ros/humble /usr/bin/cmake --build /home/dinhcuong/arm_ws/build/arduinobot_description -- -j8 -l8
[0.485s] Invoking command in '/home/dinhcuong/arm_ws/build/arduinobot_description': CMAKE_PREFIX_PATH=${CMAKE_PREFIX_PATH}:/home/dinhcuong/arm_ws/install/test_serverws:/home/dinhcuong/arm_ws/install/server_python:/opt/ros/humble /usr/bin/cmake --install /home/dinhcuong/arm_ws/build/arduinobot_description
[0.498s] -- Install configuration: ""
[0.498s] -- Up-to-date: /home/dinhcuong/arm_ws/install/arduinobot_description/share/arduinobot_description/launch
[0.498s] -- Up-to-date: /home/dinhcuong/arm_ws/install/arduinobot_description/share/arduinobot_description/launch/gazebo.launch.py
[0.499s] -- Up-to-date: /home/dinhcuong/arm_ws/install/arduinobot_description/share/arduinobot_description/meshes
[0.499s] -- Up-to-date: /home/dinhcuong/arm_ws/install/arduinobot_description/share/arduinobot_description/meshes/plate.STL
[0.499s] -- Up-to-date: /home/dinhcuong/arm_ws/install/arduinobot_description/share/arduinobot_description/meshes/left_finger.STL
[0.499s] -- Up-to-date: /home/dinhcuong/arm_ws/install/arduinobot_description/share/arduinobot_description/meshes/round_plate.STL
[0.499s] -- Up-to-date: /home/dinhcuong/arm_ws/install/arduinobot_description/share/arduinobot_description/meshes/horizontal_arm.STL
[0.499s] -- Up-to-date: /home/dinhcuong/arm_ws/install/arduinobot_description/share/arduinobot_description/meshes/vertical_drive_arm.STL
[0.499s] -- Up-to-date: /home/dinhcuong/arm_ws/install/arduinobot_description/share/arduinobot_description/meshes/triangular_link.STL
[0.499s] -- Up-to-date: /home/dinhcuong/arm_ws/install/arduinobot_description/share/arduinobot_description/meshes/servo_plate.STL
[0.499s] -- Up-to-date: /home/dinhcuong/arm_ws/install/arduinobot_description/share/arduinobot_description/meshes/forward_drive_arm.STL
[0.500s] -- Up-to-date: /home/dinhcuong/arm_ws/install/arduinobot_description/share/arduinobot_description/meshes/claw_support.STL
[0.500s] -- Up-to-date: /home/dinhcuong/arm_ws/install/arduinobot_description/share/arduinobot_description/meshes/base_plate.STL
[0.500s] -- Up-to-date: /home/dinhcuong/arm_ws/install/arduinobot_description/share/arduinobot_description/meshes/basement.STL
[0.500s] -- Up-to-date: /home/dinhcuong/arm_ws/install/arduinobot_description/share/arduinobot_description/meshes/right_finger.STL
[0.500s] -- Up-to-date: /home/dinhcuong/arm_ws/install/arduinobot_description/share/arduinobot_description/models
[0.500s] -- Up-to-date: /home/dinhcuong/arm_ws/install/arduinobot_description/share/arduinobot_description/models/ground_plane
[0.500s] -- Up-to-date: /home/dinhcuong/arm_ws/install/arduinobot_description/share/arduinobot_description/models/ground_plane/model-1_2.sdf
[0.501s] -- Up-to-date: /home/dinhcuong/arm_ws/install/arduinobot_description/share/arduinobot_description/models/ground_plane/model-1_3.sdf
[0.501s] -- Up-to-date: /home/dinhcuong/arm_ws/install/arduinobot_description/share/arduinobot_description/models/ground_plane/model-1_4.sdf
[0.501s] -- Up-to-date: /home/dinhcuong/arm_ws/install/arduinobot_description/share/arduinobot_description/models/ground_plane/model.config
[0.501s] -- Up-to-date: /home/dinhcuong/arm_ws/install/arduinobot_description/share/arduinobot_description/models/ground_plane/model.sdf
[0.501s] -- Up-to-date: /home/dinhcuong/arm_ws/install/arduinobot_description/share/arduinobot_description/models/sun
[0.501s] -- Up-to-date: /home/dinhcuong/arm_ws/install/arduinobot_description/share/arduinobot_description/models/sun/model-1_2.sdf
[0.501s] -- Up-to-date: /home/dinhcuong/arm_ws/install/arduinobot_description/share/arduinobot_description/models/sun/model-1_3.sdf
[0.502s] -- Up-to-date: /home/dinhcuong/arm_ws/install/arduinobot_description/share/arduinobot_description/models/sun/model-1_4.sdf
[0.502s] -- Up-to-date: /home/dinhcuong/arm_ws/install/arduinobot_description/share/arduinobot_description/models/sun/model.config
[0.502s] -- Up-to-date: /home/dinhcuong/arm_ws/install/arduinobot_description/share/arduinobot_description/models/sun/model.sdf
[0.502s] -- Up-to-date: /home/dinhcuong/arm_ws/install/arduinobot_description/share/arduinobot_description/urdf
[0.502s] -- Up-to-date: /home/dinhcuong/arm_ws/install/arduinobot_description/share/arduinobot_description/urdf/arduinobot_gazebo.xacro
[0.503s] -- Up-to-date: /home/dinhcuong/arm_ws/install/arduinobot_description/share/arduinobot_description/urdf/arduinobot_ros2_control.xacro
[0.504s] -- Up-to-date: /home/dinhcuong/arm_ws/install/arduinobot_description/share/arduinobot_description/urdf/arduinobot.urdf.xacro
[0.504s] -- Up-to-date: /home/dinhcuong/arm_ws/install/arduinobot_description/share/arduinobot_description/rviz
[0.504s] -- Up-to-date: /home/dinhcuong/arm_ws/install/arduinobot_description/share/ament_index/resource_index/package_run_dependencies/arduinobot_description
[0.504s] -- Up-to-date: /home/dinhcuong/arm_ws/install/arduinobot_description/share/ament_index/resource_index/parent_prefix_path/arduinobot_description
[0.505s] -- Up-to-date: /home/dinhcuong/arm_ws/install/arduinobot_description/share/arduinobot_description/environment/ament_prefix_path.sh
[0.505s] -- Up-to-date: /home/dinhcuong/arm_ws/install/arduinobot_description/share/arduinobot_description/environment/ament_prefix_path.dsv
[0.505s] -- Up-to-date: /home/dinhcuong/arm_ws/install/arduinobot_description/share/arduinobot_description/environment/path.sh
[0.505s] -- Up-to-date: /home/dinhcuong/arm_ws/install/arduinobot_description/share/arduinobot_description/environment/path.dsv
[0.506s] -- Up-to-date: /home/dinhcuong/arm_ws/install/arduinobot_description/share/arduinobot_description/local_setup.bash
[0.509s] -- Up-to-date: /home/dinhcuong/arm_ws/install/arduinobot_description/share/arduinobot_description/local_setup.sh
[0.509s] -- Up-to-date: /home/dinhcuong/arm_ws/install/arduinobot_description/share/arduinobot_description/local_setup.zsh
[0.509s] -- Up-to-date: /home/dinhcuong/arm_ws/install/arduinobot_description/share/arduinobot_description/local_setup.dsv
[0.511s] -- Installing: /home/dinhcuong/arm_ws/install/arduinobot_description/share/arduinobot_description/package.dsv
[0.511s] -- Up-to-date: /home/dinhcuong/arm_ws/install/arduinobot_description/share/ament_index/resource_index/packages/arduinobot_description
[0.511s] -- Up-to-date: /home/dinhcuong/arm_ws/install/arduinobot_description/share/arduinobot_description/cmake/arduinobot_descriptionConfig.cmake
[0.512s] -- Up-to-date: /home/dinhcuong/arm_ws/install/arduinobot_description/share/arduinobot_description/cmake/arduinobot_descriptionConfig-version.cmake
[0.512s] -- Up-to-date: /home/dinhcuong/arm_ws/install/arduinobot_description/share/arduinobot_description/package.xml
[0.616s] Invoked command in '/home/dinhcuong/arm_ws/build/arduinobot_description' returned '0': CMAKE_PREFIX_PATH=${CMAKE_PREFIX_PATH}:/home/dinhcuong/arm_ws/install/test_serverws:/home/dinhcuong/arm_ws/install/server_python:/opt/ros/humble /usr/bin/cmake --install /home/dinhcuong/arm_ws/build/arduinobot_description
