[0.219s] Invoking command in '/home/dinhcuong/arm_ws/build/arduinobot_moveit': CMAKE_PREFIX_PATH=${CMAKE_PREFIX_PATH}:/home/dinhcuong/arm_ws/install/test_serverws:/home/dinhcuong/arm_ws/install/server_python:/opt/ros/humble /usr/bin/cmake --build /home/dinhcuong/arm_ws/build/arduinobot_moveit -- -j8 -l8
[0.260s] Invoked command in '/home/dinhcuong/arm_ws/build/arduinobot_moveit' returned '0': CMAKE_PREFIX_PATH=${CMAKE_PREFIX_PATH}:/home/dinhcuong/arm_ws/install/test_serverws:/home/dinhcuong/arm_ws/install/server_python:/opt/ros/humble /usr/bin/cmake --build /home/dinhcuong/arm_ws/build/arduinobot_moveit -- -j8 -l8
[0.297s] Invoking command in '/home/dinhcuong/arm_ws/build/arduinobot_moveit': CMAKE_PREFIX_PATH=${CMAKE_PREFIX_PATH}:/home/dinhcuong/arm_ws/install/test_serverws:/home/dinhcuong/arm_ws/install/server_python:/opt/ros/humble /usr/bin/cmake --install /home/dinhcuong/arm_ws/build/arduinobot_moveit
[0.315s] -- Install configuration: ""
[0.315s] -- Up-to-date: /home/dinhcuong/arm_ws/install/arduinobot_moveit/share/arduinobot_moveit/launch
[0.316s] -- Installing: /home/dinhcuong/arm_ws/install/arduinobot_moveit/share/arduinobot_moveit/launch/moveit.launch.py
[0.316s] -- Up-to-date: /home/dinhcuong/arm_ws/install/arduinobot_moveit/share/arduinobot_moveit/config
[0.316s] -- Up-to-date: /home/dinhcuong/arm_ws/install/arduinobot_moveit/share/arduinobot_moveit/config/pilz_cartesian_limits.yaml
[0.316s] -- Up-to-date: /home/dinhcuong/arm_ws/install/arduinobot_moveit/share/arduinobot_moveit/config/moveit_controllers.yaml
[0.316s] -- Up-to-date: /home/dinhcuong/arm_ws/install/arduinobot_moveit/share/arduinobot_moveit/config/arduinobot.srdf
[0.316s] -- Up-to-date: /home/dinhcuong/arm_ws/install/arduinobot_moveit/share/arduinobot_moveit/config/initial_positions.yaml
[0.316s] -- Up-to-date: /home/dinhcuong/arm_ws/install/arduinobot_moveit/share/arduinobot_moveit/config/joint_limits.yaml
[0.316s] -- Up-to-date: /home/dinhcuong/arm_ws/install/arduinobot_moveit/share/arduinobot_moveit/config/kinematics.yaml
[0.317s] -- Up-to-date: /home/dinhcuong/arm_ws/install/arduinobot_moveit/share/ament_index/resource_index/package_run_dependencies/arduinobot_moveit
[0.317s] -- Up-to-date: /home/dinhcuong/arm_ws/install/arduinobot_moveit/share/ament_index/resource_index/parent_prefix_path/arduinobot_moveit
[0.317s] -- Up-to-date: /home/dinhcuong/arm_ws/install/arduinobot_moveit/share/arduinobot_moveit/environment/ament_prefix_path.sh
[0.317s] -- Up-to-date: /home/dinhcuong/arm_ws/install/arduinobot_moveit/share/arduinobot_moveit/environment/ament_prefix_path.dsv
[0.317s] -- Up-to-date: /home/dinhcuong/arm_ws/install/arduinobot_moveit/share/arduinobot_moveit/environment/path.sh
[0.317s] -- Up-to-date: /home/dinhcuong/arm_ws/install/arduinobot_moveit/share/arduinobot_moveit/environment/path.dsv
[0.317s] -- Up-to-date: /home/dinhcuong/arm_ws/install/arduinobot_moveit/share/arduinobot_moveit/local_setup.bash
[0.317s] -- Up-to-date: /home/dinhcuong/arm_ws/install/arduinobot_moveit/share/arduinobot_moveit/local_setup.sh
[0.317s] -- Up-to-date: /home/dinhcuong/arm_ws/install/arduinobot_moveit/share/arduinobot_moveit/local_setup.zsh
[0.317s] -- Up-to-date: /home/dinhcuong/arm_ws/install/arduinobot_moveit/share/arduinobot_moveit/local_setup.dsv
[0.317s] -- Up-to-date: /home/dinhcuong/arm_ws/install/arduinobot_moveit/share/arduinobot_moveit/package.dsv
[0.318s] -- Up-to-date: /home/dinhcuong/arm_ws/install/arduinobot_moveit/share/ament_index/resource_index/packages/arduinobot_moveit
[0.318s] -- Up-to-date: /home/dinhcuong/arm_ws/install/arduinobot_moveit/share/arduinobot_moveit/cmake/arduinobot_moveitConfig.cmake
[0.318s] -- Up-to-date: /home/dinhcuong/arm_ws/install/arduinobot_moveit/share/arduinobot_moveit/cmake/arduinobot_moveitConfig-version.cmake
[0.318s] -- Up-to-date: /home/dinhcuong/arm_ws/install/arduinobot_moveit/share/arduinobot_moveit/package.xml
[0.413s] Invoked command in '/home/dinhcuong/arm_ws/build/arduinobot_moveit' returned '0': CMAKE_PREFIX_PATH=${CMAKE_PREFIX_PATH}:/home/dinhcuong/arm_ws/install/test_serverws:/home/dinhcuong/arm_ws/install/server_python:/opt/ros/humble /usr/bin/cmake --install /home/dinhcuong/arm_ws/build/arduinobot_moveit
