[0.327s] Invoking command in '/home/dinhcuong/arm_ws/build/arduinobot_moveit': CMAKE_PREFIX_PATH=${CMAKE_PREFIX_PATH}:/home/dinhcuong/arm_ws/install/test_serverws:/home/dinhcuong/arm_ws/install/server_python:/opt/ros/humble /usr/bin/cmake /home/dinhcuong/arm_ws/src/arduinobot_moveit -DAMENT_CMAKE_SYMLINK_INSTALL=1 -DCMAKE_INSTALL_PREFIX=/home/dinhcuong/arm_ws/install/arduinobot_moveit
[0.362s] -- Found ament_cmake: 1.3.8 (/opt/ros/humble/share/ament_cmake/cmake)
[0.590s] -- Override CMake install command with custom implementation using symlinks instead of copying resources
[0.606s] -- Found ament_lint_auto: 0.12.10 (/opt/ros/humble/share/ament_lint_auto/cmake)
[0.762s] -- Added test 'flake8' to check Python code syntax and style conventions
[0.764s] -- Added test 'lint_cmake' to check CMake code style
[0.765s] -- Added test 'pep257' to check Python code against some of the docstring style conventions in PEP 257
[0.769s] -- Added test 'xmllint' to check XML markup files
[0.772s] -- Configuring done
[0.778s] -- Generating done
[0.780s] -- Build files have been written to: /home/dinhcuong/arm_ws/build/arduinobot_moveit
[0.792s] Invoked command in '/home/dinhcuong/arm_ws/build/arduinobot_moveit' returned '0': CMAKE_PREFIX_PATH=${CMAKE_PREFIX_PATH}:/home/dinhcuong/arm_ws/install/test_serverws:/home/dinhcuong/arm_ws/install/server_python:/opt/ros/humble /usr/bin/cmake /home/dinhcuong/arm_ws/src/arduinobot_moveit -DAMENT_CMAKE_SYMLINK_INSTALL=1 -DCMAKE_INSTALL_PREFIX=/home/dinhcuong/arm_ws/install/arduinobot_moveit
[0.794s] Invoking command in '/home/dinhcuong/arm_ws/build/arduinobot_moveit': CMAKE_PREFIX_PATH=${CMAKE_PREFIX_PATH}:/home/dinhcuong/arm_ws/install/test_serverws:/home/dinhcuong/arm_ws/install/server_python:/opt/ros/humble /usr/bin/cmake --build /home/dinhcuong/arm_ws/build/arduinobot_moveit -- -j8 -l8
[0.859s] Invoked command in '/home/dinhcuong/arm_ws/build/arduinobot_moveit' returned '0': CMAKE_PREFIX_PATH=${CMAKE_PREFIX_PATH}:/home/dinhcuong/arm_ws/install/test_serverws:/home/dinhcuong/arm_ws/install/server_python:/opt/ros/humble /usr/bin/cmake --build /home/dinhcuong/arm_ws/build/arduinobot_moveit -- -j8 -l8
[0.895s] Invoking command in '/home/dinhcuong/arm_ws/build/arduinobot_moveit': CMAKE_PREFIX_PATH=${CMAKE_PREFIX_PATH}:/home/dinhcuong/arm_ws/install/test_serverws:/home/dinhcuong/arm_ws/install/server_python:/opt/ros/humble /usr/bin/cmake --install /home/dinhcuong/arm_ws/build/arduinobot_moveit
[0.911s] -- Install configuration: ""
[0.911s] -- Execute custom install script
[0.911s] -- Symlinking: /home/dinhcuong/arm_ws/install/arduinobot_moveit/share/arduinobot_moveit/launch/moveit.launch.py
[0.922s] -- Symlinking: /home/dinhcuong/arm_ws/install/arduinobot_moveit/share/arduinobot_moveit/config/arduinobot.srdf
[0.938s] -- Symlinking: /home/dinhcuong/arm_ws/install/arduinobot_moveit/share/arduinobot_moveit/config/initial_positions.yaml
[0.953s] -- Symlinking: /home/dinhcuong/arm_ws/install/arduinobot_moveit/share/arduinobot_moveit/config/joint_limits.yaml
[0.966s] -- Symlinking: /home/dinhcuong/arm_ws/install/arduinobot_moveit/share/arduinobot_moveit/config/kinematics.yaml
[0.979s] -- Symlinking: /home/dinhcuong/arm_ws/install/arduinobot_moveit/share/arduinobot_moveit/config/moveit_controllers.yaml
[0.993s] -- Symlinking: /home/dinhcuong/arm_ws/install/arduinobot_moveit/share/arduinobot_moveit/config/pilz_cartesian_limits.yaml
[1.005s] -- Symlinking: /home/dinhcuong/arm_ws/install/arduinobot_moveit/share/ament_index/resource_index/package_run_dependencies/arduinobot_moveit
[1.018s] -- Symlinking: /home/dinhcuong/arm_ws/install/arduinobot_moveit/share/ament_index/resource_index/parent_prefix_path/arduinobot_moveit
[1.031s] -- Symlinking: /home/dinhcuong/arm_ws/install/arduinobot_moveit/share/arduinobot_moveit/environment/ament_prefix_path.sh
[1.045s] -- Symlinking: /home/dinhcuong/arm_ws/install/arduinobot_moveit/share/arduinobot_moveit/environment/ament_prefix_path.dsv
[1.059s] -- Symlinking: /home/dinhcuong/arm_ws/install/arduinobot_moveit/share/arduinobot_moveit/environment/path.sh
[1.072s] -- Symlinking: /home/dinhcuong/arm_ws/install/arduinobot_moveit/share/arduinobot_moveit/environment/path.dsv
[1.086s] -- Symlinking: /home/dinhcuong/arm_ws/install/arduinobot_moveit/share/arduinobot_moveit/local_setup.bash
[1.098s] -- Symlinking: /home/dinhcuong/arm_ws/install/arduinobot_moveit/share/arduinobot_moveit/local_setup.sh
[1.110s] -- Symlinking: /home/dinhcuong/arm_ws/install/arduinobot_moveit/share/arduinobot_moveit/local_setup.zsh
[1.123s] -- Symlinking: /home/dinhcuong/arm_ws/install/arduinobot_moveit/share/arduinobot_moveit/local_setup.dsv
[1.136s] -- Symlinking: /home/dinhcuong/arm_ws/install/arduinobot_moveit/share/arduinobot_moveit/package.dsv
[1.149s] -- Symlinking: /home/dinhcuong/arm_ws/install/arduinobot_moveit/share/ament_index/resource_index/packages/arduinobot_moveit
[1.161s] -- Symlinking: /home/dinhcuong/arm_ws/install/arduinobot_moveit/share/arduinobot_moveit/cmake/arduinobot_moveitConfig.cmake
[1.173s] -- Symlinking: /home/dinhcuong/arm_ws/install/arduinobot_moveit/share/arduinobot_moveit/cmake/arduinobot_moveitConfig-version.cmake
[1.187s] -- Symlinking: /home/dinhcuong/arm_ws/install/arduinobot_moveit/share/arduinobot_moveit/package.xml
[1.201s] Invoked command in '/home/dinhcuong/arm_ws/build/arduinobot_moveit' returned '0': CMAKE_PREFIX_PATH=${CMAKE_PREFIX_PATH}:/home/dinhcuong/arm_ws/install/test_serverws:/home/dinhcuong/arm_ws/install/server_python:/opt/ros/humble /usr/bin/cmake --install /home/dinhcuong/arm_ws/build/arduinobot_moveit
