running egg_info
writing ../../build/server_python/server_python.egg-info/PKG-INFO
writing dependency_links to ../../build/server_python/server_python.egg-info/dependency_links.txt
writing entry points to ../../build/server_python/server_python.egg-info/entry_points.txt
writing requirements to ../../build/server_python/server_python.egg-info/requires.txt
writing top-level names to ../../build/server_python/server_python.egg-info/top_level.txt
reading manifest file '../../build/server_python/server_python.egg-info/SOURCES.txt'
writing manifest file '../../build/server_python/server_python.egg-info/SOURCES.txt'
running build
running build_py
copying server_python/server.py -> /home/dinhcuong/arm_ws/build/server_python/build/lib/server_python
running install
/usr/lib/python3/dist-packages/setuptools/command/install.py:34: SetuptoolsDeprecationWarning: setup.py install is deprecated. Use build and pip and other standards-based tools.
  warnings.warn(
running install_lib
copying /home/dinhcuong/arm_ws/build/server_python/build/lib/server_python/server.py -> /home/dinhcuong/arm_ws/install/server_python/lib/python3.10/site-packages/server_python
byte-compiling /home/dinhcuong/arm_ws/install/server_python/lib/python3.10/site-packages/server_python/server.py to server.cpython-310.pyc
running install_data
running install_egg_info
removing '/home/dinhcuong/arm_ws/install/server_python/lib/python3.10/site-packages/server_python-0.0.0-py3.10.egg-info' (and everything under it)
Copying ../../build/server_python/server_python.egg-info to /home/dinhcuong/arm_ws/install/server_python/lib/python3.10/site-packages/server_python-0.0.0-py3.10.egg-info
running install_scripts
Installing client script to /home/dinhcuong/arm_ws/install/server_python/lib/server_python
Installing server script to /home/dinhcuong/arm_ws/install/server_python/lib/server_python
writing list of installed files to '/home/dinhcuong/arm_ws/build/server_python/install.log'
