[0.269s] Invoking command in '/home/dinhcuong/arm_ws/build/arm_mark1': CMAKE_PREFIX_PATH=${CMAKE_PREFIX_PATH}:/home/dinhcuong/arm_ws/install/test_serverws:/home/dinhcuong/arm_ws/install/server_python:/opt/ros/humble /usr/bin/cmake /home/dinhcuong/arm_ws/src/arm_mark1 -DAMENT_CMAKE_SYMLINK_INSTALL=1 -DCMAKE_INSTALL_PREFIX=/home/dinhcuong/arm_ws/install/arm_mark1
[0.310s] -- Found ament_cmake: 1.3.8 (/opt/ros/humble/share/ament_cmake/cmake)
[0.540s] -- Override CMake install command with custom implementation using symlinks instead of copying resources
[0.556s] -- Found ament_lint_auto: 0.12.10 (/opt/ros/humble/share/ament_lint_auto/cmake)
[0.701s] -- Added test 'flake8' to check Python code syntax and style conventions
[0.702s] -- Added test 'lint_cmake' to check CMake code style
[0.704s] -- Added test 'pep257' to check Python code against some of the docstring style conventions in PEP 257
[0.708s] -- Added test 'xmllint' to check XML markup files
[0.711s] -- Configuring done
[0.716s] -- Generating done
[0.717s] -- Build files have been written to: /home/dinhcuong/arm_ws/build/arm_mark1
[0.726s] Invoked command in '/home/dinhcuong/arm_ws/build/arm_mark1' returned '0': CMAKE_PREFIX_PATH=${CMAKE_PREFIX_PATH}:/home/dinhcuong/arm_ws/install/test_serverws:/home/dinhcuong/arm_ws/install/server_python:/opt/ros/humble /usr/bin/cmake /home/dinhcuong/arm_ws/src/arm_mark1 -DAMENT_CMAKE_SYMLINK_INSTALL=1 -DCMAKE_INSTALL_PREFIX=/home/dinhcuong/arm_ws/install/arm_mark1
[0.728s] Invoking command in '/home/dinhcuong/arm_ws/build/arm_mark1': CMAKE_PREFIX_PATH=${CMAKE_PREFIX_PATH}:/home/dinhcuong/arm_ws/install/test_serverws:/home/dinhcuong/arm_ws/install/server_python:/opt/ros/humble /usr/bin/cmake --build /home/dinhcuong/arm_ws/build/arm_mark1 -- -j8 -l8
[0.778s] Invoked command in '/home/dinhcuong/arm_ws/build/arm_mark1' returned '0': CMAKE_PREFIX_PATH=${CMAKE_PREFIX_PATH}:/home/dinhcuong/arm_ws/install/test_serverws:/home/dinhcuong/arm_ws/install/server_python:/opt/ros/humble /usr/bin/cmake --build /home/dinhcuong/arm_ws/build/arm_mark1 -- -j8 -l8
[0.830s] Invoking command in '/home/dinhcuong/arm_ws/build/arm_mark1': CMAKE_PREFIX_PATH=${CMAKE_PREFIX_PATH}:/home/dinhcuong/arm_ws/install/test_serverws:/home/dinhcuong/arm_ws/install/server_python:/opt/ros/humble /usr/bin/cmake --install /home/dinhcuong/arm_ws/build/arm_mark1
[0.840s] -- Install configuration: ""
[0.841s] -- Execute custom install script
[0.842s] -- Symlinking: /home/dinhcuong/arm_ws/install/arm_mark1/share/arm_mark1/launch/display_gazebo.launch.py
[0.856s] -- Symlinking: /home/dinhcuong/arm_ws/install/arm_mark1/share/arm_mark1/launch/display_rviz2.launch.py
[0.871s] -- Symlinking: /home/dinhcuong/arm_ws/install/arm_mark1/share/arm_mark1/meshes/base_plate.STL
[0.886s] -- Symlinking: /home/dinhcuong/arm_ws/install/arm_mark1/share/arm_mark1/meshes/basement.STL
[0.902s] -- Symlinking: /home/dinhcuong/arm_ws/install/arm_mark1/share/arm_mark1/meshes/claw_support.STL
[0.915s] -- Symlinking: /home/dinhcuong/arm_ws/install/arm_mark1/share/arm_mark1/meshes/forward_drive_arm.STL
[0.929s] -- Symlinking: /home/dinhcuong/arm_ws/install/arm_mark1/share/arm_mark1/meshes/horizontal_arm.STL
[0.942s] -- Symlinking: /home/dinhcuong/arm_ws/install/arm_mark1/share/arm_mark1/meshes/left_finger.STL
[0.954s] -- Symlinking: /home/dinhcuong/arm_ws/install/arm_mark1/share/arm_mark1/meshes/plate.STL
[0.968s] -- Symlinking: /home/dinhcuong/arm_ws/install/arm_mark1/share/arm_mark1/meshes/right_finger.STL
[0.983s] -- Symlinking: /home/dinhcuong/arm_ws/install/arm_mark1/share/arm_mark1/meshes/round_plate.STL
[0.995s] -- Symlinking: /home/dinhcuong/arm_ws/install/arm_mark1/share/arm_mark1/meshes/servo_plate.STL
[1.007s] -- Symlinking: /home/dinhcuong/arm_ws/install/arm_mark1/share/arm_mark1/meshes/triangular_link.STL
[1.021s] -- Symlinking: /home/dinhcuong/arm_ws/install/arm_mark1/share/arm_mark1/meshes/vertical_drive_arm.STL
[1.034s] -- Symlinking: /home/dinhcuong/arm_ws/install/arm_mark1/share/arm_mark1/models/ground_plane/model-1_2.sdf
[1.048s] -- Symlinking: /home/dinhcuong/arm_ws/install/arm_mark1/share/arm_mark1/models/ground_plane/model-1_3.sdf
[1.061s] -- Symlinking: /home/dinhcuong/arm_ws/install/arm_mark1/share/arm_mark1/models/ground_plane/model-1_4.sdf
[1.074s] -- Symlinking: /home/dinhcuong/arm_ws/install/arm_mark1/share/arm_mark1/models/ground_plane/model.config
[1.084s] -- Symlinking: /home/dinhcuong/arm_ws/install/arm_mark1/share/arm_mark1/models/ground_plane/model.sdf
[1.097s] -- Symlinking: /home/dinhcuong/arm_ws/install/arm_mark1/share/arm_mark1/models/sun/model-1_2.sdf
[1.112s] -- Symlinking: /home/dinhcuong/arm_ws/install/arm_mark1/share/arm_mark1/models/sun/model-1_3.sdf
[1.125s] -- Symlinking: /home/dinhcuong/arm_ws/install/arm_mark1/share/arm_mark1/models/sun/model-1_4.sdf
[1.137s] -- Symlinking: /home/dinhcuong/arm_ws/install/arm_mark1/share/arm_mark1/models/sun/model.config
[1.152s] -- Symlinking: /home/dinhcuong/arm_ws/install/arm_mark1/share/arm_mark1/models/sun/model.sdf
[1.159s] -- Symlinking: /home/dinhcuong/arm_ws/install/arm_mark1/share/arm_mark1/urdf/arm.urdf.xacro
[1.172s] -- Symlinking: /home/dinhcuong/arm_ws/install/arm_mark1/share/arm_mark1/urdf/arm_gazebo.xacro
[1.185s] -- Symlinking: /home/dinhcuong/arm_ws/install/arm_mark1/share/arm_mark1/urdf/arm_ros2_control.xacro
[1.198s] -- Symlinking: /home/dinhcuong/arm_ws/install/arm_mark1/share/arm_mark1/rviz/display.rviz
[1.211s] -- Symlinking: /home/dinhcuong/arm_ws/install/arm_mark1/share/ament_index/resource_index/package_run_dependencies/arm_mark1
[1.224s] -- Symlinking: /home/dinhcuong/arm_ws/install/arm_mark1/share/ament_index/resource_index/parent_prefix_path/arm_mark1
[1.234s] -- Symlinking: /home/dinhcuong/arm_ws/install/arm_mark1/share/arm_mark1/environment/ament_prefix_path.sh
[1.243s] -- Symlinking: /home/dinhcuong/arm_ws/install/arm_mark1/share/arm_mark1/environment/ament_prefix_path.dsv
[1.251s] -- Symlinking: /home/dinhcuong/arm_ws/install/arm_mark1/share/arm_mark1/environment/path.sh
[1.261s] -- Symlinking: /home/dinhcuong/arm_ws/install/arm_mark1/share/arm_mark1/environment/path.dsv
[1.273s] -- Symlinking: /home/dinhcuong/arm_ws/install/arm_mark1/share/arm_mark1/local_setup.bash
[1.287s] -- Symlinking: /home/dinhcuong/arm_ws/install/arm_mark1/share/arm_mark1/local_setup.sh
[1.301s] -- Symlinking: /home/dinhcuong/arm_ws/install/arm_mark1/share/arm_mark1/local_setup.zsh
[1.313s] -- Symlinking: /home/dinhcuong/arm_ws/install/arm_mark1/share/arm_mark1/local_setup.dsv
[1.327s] -- Symlinking: /home/dinhcuong/arm_ws/install/arm_mark1/share/arm_mark1/package.dsv
[1.339s] -- Symlinking: /home/dinhcuong/arm_ws/install/arm_mark1/share/ament_index/resource_index/packages/arm_mark1
[1.352s] -- Symlinking: /home/dinhcuong/arm_ws/install/arm_mark1/share/arm_mark1/cmake/arm_mark1Config.cmake
[1.366s] -- Symlinking: /home/dinhcuong/arm_ws/install/arm_mark1/share/arm_mark1/cmake/arm_mark1Config-version.cmake
[1.378s] -- Symlinking: /home/dinhcuong/arm_ws/install/arm_mark1/share/arm_mark1/package.xml
[1.588s] Invoked command in '/home/dinhcuong/arm_ws/build/arm_mark1' returned '0': CMAKE_PREFIX_PATH=${CMAKE_PREFIX_PATH}:/home/dinhcuong/arm_ws/install/test_serverws:/home/dinhcuong/arm_ws/install/server_python:/opt/ros/humble /usr/bin/cmake --install /home/dinhcuong/arm_ws/build/arm_mark1
