[0.612s] Invoking command in '/home/dinhcuong/arm_ws/src/server_python': PYTHONPATH=/home/dinhcuong/arm_ws/build/server_python/prefix_override:/home/dinhcuong/arm_ws/install/server_python/lib/python3.10/site-packages:${PYTHONPATH} /usr/bin/python3 setup.py egg_info --egg-base ../../build/server_python build --build-base /home/dinhcuong/arm_ws/build/server_python/build install --record /home/dinhcuong/arm_ws/build/server_python/install.log --single-version-externally-managed
[0.805s] running egg_info
[0.805s] writing ../../build/server_python/server_python.egg-info/PKG-INFO
[0.806s] writing dependency_links to ../../build/server_python/server_python.egg-info/dependency_links.txt
[0.806s] writing entry points to ../../build/server_python/server_python.egg-info/entry_points.txt
[0.806s] writing requirements to ../../build/server_python/server_python.egg-info/requires.txt
[0.806s] writing top-level names to ../../build/server_python/server_python.egg-info/top_level.txt
[0.808s] reading manifest file '../../build/server_python/server_python.egg-info/SOURCES.txt'
[0.808s] writing manifest file '../../build/server_python/server_python.egg-info/SOURCES.txt'
[0.808s] running build
[0.808s] running build_py
[0.809s] running install
[0.809s] /usr/lib/python3/dist-packages/setuptools/command/install.py:34: SetuptoolsDeprecationWarning: setup.py install is deprecated. Use build and pip and other standards-based tools.
[0.809s]   warnings.warn(
[0.809s] running install_lib
[0.810s] running install_data
[0.810s] running install_egg_info
[0.812s] removing '/home/dinhcuong/arm_ws/install/server_python/lib/python3.10/site-packages/server_python-0.0.0-py3.10.egg-info' (and everything under it)
[0.812s] Copying ../../build/server_python/server_python.egg-info to /home/dinhcuong/arm_ws/install/server_python/lib/python3.10/site-packages/server_python-0.0.0-py3.10.egg-info
[0.812s] running install_scripts
[0.829s] Installing client script to /home/dinhcuong/arm_ws/install/server_python/lib/server_python
[0.829s] Installing server script to /home/dinhcuong/arm_ws/install/server_python/lib/server_python
[0.829s] writing list of installed files to '/home/dinhcuong/arm_ws/build/server_python/install.log'
[0.849s] Invoked command in '/home/dinhcuong/arm_ws/src/server_python' returned '0': PYTHONPATH=/home/dinhcuong/arm_ws/build/server_python/prefix_override:/home/dinhcuong/arm_ws/install/server_python/lib/python3.10/site-packages:${PYTHONPATH} /usr/bin/python3 setup.py egg_info --egg-base ../../build/server_python build --build-base /home/dinhcuong/arm_ws/build/server_python/build install --record /home/dinhcuong/arm_ws/build/server_python/install.log --single-version-externally-managed
