[0.138s] Invoking command in '/home/dinhcuong/arm_ws/build/arm_mark1_controller': CMAKE_PREFIX_PATH=/opt/ros/humble /usr/bin/cmake --build /home/dinhcuong/arm_ws/build/arm_mark1_controller -- -j8 -l8
[0.196s] Invoked command in '/home/dinhcuong/arm_ws/build/arm_mark1_controller' returned '0': CMAKE_PREFIX_PATH=/opt/ros/humble /usr/bin/cmake --build /home/dinhcuong/arm_ws/build/arm_mark1_controller -- -j8 -l8
[0.250s] Invoking command in '/home/dinhcuong/arm_ws/build/arm_mark1_controller': CMAKE_PREFIX_PATH=/opt/ros/humble /usr/bin/cmake --install /home/dinhcuong/arm_ws/build/arm_mark1_controller
[0.270s] -- Install configuration: ""
[0.270s] -- Up-to-date: /home/dinhcuong/arm_ws/install/arm_mark1_controller/share/arm_mark1_controller/config
[0.271s] -- Up-to-date: /home/dinhcuong/arm_ws/install/arm_mark1_controller/share/arm_mark1_controller/config/arm_controller.yaml
[0.271s] -- Up-to-date: /home/dinhcuong/arm_ws/install/arm_mark1_controller/share/arm_mark1_controller/launch
[0.271s] -- Up-to-date: /home/dinhcuong/arm_ws/install/arm_mark1_controller/share/arm_mark1_controller/launch/arm_controller.launch.py
[0.271s] -- Up-to-date: /home/dinhcuong/arm_ws/install/arm_mark1_controller/share/ament_index/resource_index/package_run_dependencies/arm_mark1_controller
[0.271s] -- Up-to-date: /home/dinhcuong/arm_ws/install/arm_mark1_controller/share/ament_index/resource_index/parent_prefix_path/arm_mark1_controller
[0.271s] -- Up-to-date: /home/dinhcuong/arm_ws/install/arm_mark1_controller/share/arm_mark1_controller/environment/ament_prefix_path.sh
[0.272s] -- Up-to-date: /home/dinhcuong/arm_ws/install/arm_mark1_controller/share/arm_mark1_controller/environment/ament_prefix_path.dsv
[0.272s] -- Up-to-date: /home/dinhcuong/arm_ws/install/arm_mark1_controller/share/arm_mark1_controller/environment/path.sh
[0.277s] -- Up-to-date: /home/dinhcuong/arm_ws/install/arm_mark1_controller/share/arm_mark1_controller/environment/path.dsv
[0.277s] -- Up-to-date: /home/dinhcuong/arm_ws/install/arm_mark1_controller/share/arm_mark1_controller/local_setup.bash
[0.277s] -- Up-to-date: /home/dinhcuong/arm_ws/install/arm_mark1_controller/share/arm_mark1_controller/local_setup.sh
[0.278s] -- Up-to-date: /home/dinhcuong/arm_ws/install/arm_mark1_controller/share/arm_mark1_controller/local_setup.zsh
[0.278s] -- Up-to-date: /home/dinhcuong/arm_ws/install/arm_mark1_controller/share/arm_mark1_controller/local_setup.dsv
[0.278s] -- Installing: /home/dinhcuong/arm_ws/install/arm_mark1_controller/share/arm_mark1_controller/package.dsv
[0.278s] -- Up-to-date: /home/dinhcuong/arm_ws/install/arm_mark1_controller/share/ament_index/resource_index/packages/arm_mark1_controller
[0.278s] -- Up-to-date: /home/dinhcuong/arm_ws/install/arm_mark1_controller/share/arm_mark1_controller/cmake/arm_mark1_controllerConfig.cmake
[0.278s] -- Up-to-date: /home/dinhcuong/arm_ws/install/arm_mark1_controller/share/arm_mark1_controller/cmake/arm_mark1_controllerConfig-version.cmake
[0.278s] -- Up-to-date: /home/dinhcuong/arm_ws/install/arm_mark1_controller/share/arm_mark1_controller/package.xml
[0.358s] Invoked command in '/home/dinhcuong/arm_ws/build/arm_mark1_controller' returned '0': CMAKE_PREFIX_PATH=/opt/ros/humble /usr/bin/cmake --install /home/dinhcuong/arm_ws/build/arm_mark1_controller
