[1.026s] DEBUG:colcon:Command line arguments: ['/usr/bin/colcon', 'list', '-p', '--base-paths', '/home/dinhcuong/arm_ws']
[1.026s] DEBUG:colcon:Parsed command line arguments: Namespace(log_base=None, log_level=None, verb_name='list', build_base='build', ignore_user_meta=False, metas=['./colcon.meta'], base_paths=['/home/dinhcuong/arm_ws'], packages_ignore=None, packages_ignore_regex=None, paths=None, packages_up_to=None, packages_up_to_regex=None, packages_above=None, packages_above_and_dependencies=None, packages_above_depth=None, packages_select_by_dep=None, packages_skip_by_dep=None, packages_skip_up_to=None, packages_select_build_failed=False, packages_skip_build_finished=False, packages_select_test_failures=False, packages_skip_test_passed=False, packages_select=None, packages_skip=None, packages_select_regex=None, packages_skip_regex=None, packages_start=None, packages_end=None, allow_overriding=[], topological_order=False, names_only=False, paths_only=True, topological_graph=False, topological_graph_dot=False, topological_graph_density=False, topological_graph_legend=False, topological_graph_dot_cluster=False, topological_graph_dot_include_skipped=False, verb_parser=<colcon_defaults.argument_parser.defaults.DefaultArgumentsDecorator object at 0x7f01e84aa110>, verb_extension=<colcon_package_information.verb.list.ListVerb object at 0x7f01e848da20>, main=<bound method ListVerb.main of <colcon_package_information.verb.list.ListVerb object at 0x7f01e848da20>>)
[1.065s] Level 1:colcon.colcon_core.package_discovery:discover_packages(colcon_meta) check parameters
[1.066s] Level 1:colcon.colcon_core.package_discovery:discover_packages(recursive) check parameters
[1.066s] Level 1:colcon.colcon_core.package_discovery:discover_packages(ignore) check parameters
[1.066s] Level 1:colcon.colcon_core.package_discovery:discover_packages(path) check parameters
[1.066s] Level 1:colcon.colcon_core.package_discovery:discover_packages(recursive) discover
[1.066s] INFO:colcon.colcon_core.package_discovery:Crawling recursively for packages in '/home/dinhcuong/arm_ws'
[1.066s] Level 1:colcon.colcon_core.package_identification:_identify(/home/dinhcuong/arm_ws) by extensions ['ignore', 'ignore_ament_install']
[1.066s] Level 1:colcon.colcon_core.package_identification:_identify(/home/dinhcuong/arm_ws) by extension 'ignore'
[1.066s] Level 1:colcon.colcon_core.package_identification:_identify(/home/dinhcuong/arm_ws) by extension 'ignore_ament_install'
[1.066s] Level 1:colcon.colcon_core.package_identification:_identify(/home/dinhcuong/arm_ws) by extensions ['colcon_pkg']
[1.066s] Level 1:colcon.colcon_core.package_identification:_identify(/home/dinhcuong/arm_ws) by extension 'colcon_pkg'
[1.066s] Level 1:colcon.colcon_core.package_identification:_identify(/home/dinhcuong/arm_ws) by extensions ['colcon_meta']
[1.066s] Level 1:colcon.colcon_core.package_identification:_identify(/home/dinhcuong/arm_ws) by extension 'colcon_meta'
[1.066s] Level 1:colcon.colcon_core.package_identification:_identify(/home/dinhcuong/arm_ws) by extensions ['ros']
[1.066s] Level 1:colcon.colcon_core.package_identification:_identify(/home/dinhcuong/arm_ws) by extension 'ros'
[1.074s] Level 1:colcon.colcon_core.package_identification:_identify(/home/dinhcuong/arm_ws) by extensions ['cmake', 'python']
[1.074s] Level 1:colcon.colcon_core.package_identification:_identify(/home/dinhcuong/arm_ws) by extension 'cmake'
[1.074s] Level 1:colcon.colcon_core.package_identification:_identify(/home/dinhcuong/arm_ws) by extension 'python'
[1.075s] Level 1:colcon.colcon_core.package_identification:_identify(/home/dinhcuong/arm_ws) by extensions ['python_setup_py']
[1.075s] Level 1:colcon.colcon_core.package_identification:_identify(/home/dinhcuong/arm_ws) by extension 'python_setup_py'
[1.075s] Level 1:colcon.colcon_core.package_identification:_identify(/home/dinhcuong/arm_ws/build) by extensions ['ignore', 'ignore_ament_install']
[1.075s] Level 1:colcon.colcon_core.package_identification:_identify(/home/dinhcuong/arm_ws/build) by extension 'ignore'
[1.075s] Level 1:colcon.colcon_core.package_identification:_identify(/home/dinhcuong/arm_ws/build) ignored
[1.075s] Level 1:colcon.colcon_core.package_identification:_identify(/home/dinhcuong/arm_ws/install) by extensions ['ignore', 'ignore_ament_install']
[1.075s] Level 1:colcon.colcon_core.package_identification:_identify(/home/dinhcuong/arm_ws/install) by extension 'ignore'
[1.075s] Level 1:colcon.colcon_core.package_identification:_identify(/home/dinhcuong/arm_ws/install) ignored
[1.075s] Level 1:colcon.colcon_core.package_identification:_identify(/home/dinhcuong/arm_ws/log) by extensions ['ignore', 'ignore_ament_install']
[1.075s] Level 1:colcon.colcon_core.package_identification:_identify(/home/dinhcuong/arm_ws/log) by extension 'ignore'
[1.075s] Level 1:colcon.colcon_core.package_identification:_identify(/home/dinhcuong/arm_ws/log) ignored
[1.075s] Level 1:colcon.colcon_core.package_identification:_identify(/home/dinhcuong/arm_ws/src) by extensions ['ignore', 'ignore_ament_install']
[1.075s] Level 1:colcon.colcon_core.package_identification:_identify(/home/dinhcuong/arm_ws/src) by extension 'ignore'
[1.075s] Level 1:colcon.colcon_core.package_identification:_identify(/home/dinhcuong/arm_ws/src) by extension 'ignore_ament_install'
[1.075s] Level 1:colcon.colcon_core.package_identification:_identify(/home/dinhcuong/arm_ws/src) by extensions ['colcon_pkg']
[1.075s] Level 1:colcon.colcon_core.package_identification:_identify(/home/dinhcuong/arm_ws/src) by extension 'colcon_pkg'
[1.076s] Level 1:colcon.colcon_core.package_identification:_identify(/home/dinhcuong/arm_ws/src) by extensions ['colcon_meta']
[1.076s] Level 1:colcon.colcon_core.package_identification:_identify(/home/dinhcuong/arm_ws/src) by extension 'colcon_meta'
[1.076s] Level 1:colcon.colcon_core.package_identification:_identify(/home/dinhcuong/arm_ws/src) by extensions ['ros']
[1.076s] Level 1:colcon.colcon_core.package_identification:_identify(/home/dinhcuong/arm_ws/src) by extension 'ros'
[1.076s] Level 1:colcon.colcon_core.package_identification:_identify(/home/dinhcuong/arm_ws/src) by extensions ['cmake', 'python']
[1.076s] Level 1:colcon.colcon_core.package_identification:_identify(/home/dinhcuong/arm_ws/src) by extension 'cmake'
[1.076s] Level 1:colcon.colcon_core.package_identification:_identify(/home/dinhcuong/arm_ws/src) by extension 'python'
[1.076s] Level 1:colcon.colcon_core.package_identification:_identify(/home/dinhcuong/arm_ws/src) by extensions ['python_setup_py']
[1.076s] Level 1:colcon.colcon_core.package_identification:_identify(/home/dinhcuong/arm_ws/src) by extension 'python_setup_py'
[1.076s] Level 1:colcon.colcon_core.package_identification:_identify(/home/dinhcuong/arm_ws/src/arm_mark1) by extensions ['ignore', 'ignore_ament_install']
[1.076s] Level 1:colcon.colcon_core.package_identification:_identify(/home/dinhcuong/arm_ws/src/arm_mark1) by extension 'ignore'
[1.076s] Level 1:colcon.colcon_core.package_identification:_identify(/home/dinhcuong/arm_ws/src/arm_mark1) by extension 'ignore_ament_install'
[1.076s] Level 1:colcon.colcon_core.package_identification:_identify(/home/dinhcuong/arm_ws/src/arm_mark1) by extensions ['colcon_pkg']
[1.076s] Level 1:colcon.colcon_core.package_identification:_identify(/home/dinhcuong/arm_ws/src/arm_mark1) by extension 'colcon_pkg'
[1.076s] Level 1:colcon.colcon_core.package_identification:_identify(/home/dinhcuong/arm_ws/src/arm_mark1) by extensions ['colcon_meta']
[1.076s] Level 1:colcon.colcon_core.package_identification:_identify(/home/dinhcuong/arm_ws/src/arm_mark1) by extension 'colcon_meta'
[1.076s] Level 1:colcon.colcon_core.package_identification:_identify(/home/dinhcuong/arm_ws/src/arm_mark1) by extensions ['ros']
[1.076s] Level 1:colcon.colcon_core.package_identification:_identify(/home/dinhcuong/arm_ws/src/arm_mark1) by extension 'ros'
[1.078s] DEBUG:colcon.colcon_core.package_identification:Package '/home/dinhcuong/arm_ws/src/arm_mark1' with type 'ros.ament_cmake' and name 'arm_mark1'
[1.078s] Level 1:colcon.colcon_core.package_identification:_identify(/home/dinhcuong/arm_ws/src/test_serverws) by extensions ['ignore', 'ignore_ament_install']
[1.078s] Level 1:colcon.colcon_core.package_identification:_identify(/home/dinhcuong/arm_ws/src/test_serverws) by extension 'ignore'
[1.078s] Level 1:colcon.colcon_core.package_identification:_identify(/home/dinhcuong/arm_ws/src/test_serverws) by extension 'ignore_ament_install'
[1.078s] Level 1:colcon.colcon_core.package_identification:_identify(/home/dinhcuong/arm_ws/src/test_serverws) by extensions ['colcon_pkg']
[1.078s] Level 1:colcon.colcon_core.package_identification:_identify(/home/dinhcuong/arm_ws/src/test_serverws) by extension 'colcon_pkg'
[1.078s] Level 1:colcon.colcon_core.package_identification:_identify(/home/dinhcuong/arm_ws/src/test_serverws) by extensions ['colcon_meta']
[1.078s] Level 1:colcon.colcon_core.package_identification:_identify(/home/dinhcuong/arm_ws/src/test_serverws) by extension 'colcon_meta'
[1.078s] Level 1:colcon.colcon_core.package_identification:_identify(/home/dinhcuong/arm_ws/src/test_serverws) by extensions ['ros']
[1.078s] Level 1:colcon.colcon_core.package_identification:_identify(/home/dinhcuong/arm_ws/src/test_serverws) by extension 'ros'
[1.079s] DEBUG:colcon.colcon_core.package_identification:Package '/home/dinhcuong/arm_ws/src/test_serverws' with type 'ros.ament_python' and name 'test_serverws'
[1.079s] Level 1:colcon.colcon_core.package_discovery:discover_packages(recursive) using defaults
