[0.361s] Invoking command in '/home/dinhcuong/arm_ws/build/arduinobot_controller': CMAKE_PREFIX_PATH=/opt/ros/humble /usr/bin/cmake --build /home/dinhcuong/arm_ws/build/arduinobot_controller -- -j8 -l8
[0.462s] Invoked command in '/home/dinhcuong/arm_ws/build/arduinobot_controller' returned '0': CMAKE_PREFIX_PATH=/opt/ros/humble /usr/bin/cmake --build /home/dinhcuong/arm_ws/build/arduinobot_controller -- -j8 -l8
[0.510s] Invoking command in '/home/dinhcuong/arm_ws/build/arduinobot_controller': CMAKE_PREFIX_PATH=/opt/ros/humble /usr/bin/cmake --install /home/dinhcuong/arm_ws/build/arduinobot_controller
[0.540s] -- Install configuration: ""
[0.540s] -- Up-to-date: /home/dinhcuong/arm_ws/install/arduinobot_controller/share/arduinobot_controller/launch
[0.540s] -- Up-to-date: /home/dinhcuong/arm_ws/install/arduinobot_controller/share/arduinobot_controller/launch/controller.launch.py
[0.540s] -- Up-to-date: /home/dinhcuong/arm_ws/install/arduinobot_controller/share/arduinobot_controller/config
[0.540s] -- Up-to-date: /home/dinhcuong/arm_ws/install/arduinobot_controller/share/arduinobot_controller/config/arduinobot_controllers.yaml
[0.546s] -- Up-to-date: /home/dinhcuong/arm_ws/install/arduinobot_controller/share/ament_index/resource_index/package_run_dependencies/arduinobot_controller
[0.547s] -- Up-to-date: /home/dinhcuong/arm_ws/install/arduinobot_controller/share/ament_index/resource_index/parent_prefix_path/arduinobot_controller
[0.547s] -- Up-to-date: /home/dinhcuong/arm_ws/install/arduinobot_controller/share/arduinobot_controller/environment/ament_prefix_path.sh
[0.547s] -- Up-to-date: /home/dinhcuong/arm_ws/install/arduinobot_controller/share/arduinobot_controller/environment/ament_prefix_path.dsv
[0.547s] -- Up-to-date: /home/dinhcuong/arm_ws/install/arduinobot_controller/share/arduinobot_controller/environment/path.sh
[0.547s] -- Up-to-date: /home/dinhcuong/arm_ws/install/arduinobot_controller/share/arduinobot_controller/environment/path.dsv
[0.547s] -- Up-to-date: /home/dinhcuong/arm_ws/install/arduinobot_controller/share/arduinobot_controller/local_setup.bash
[0.548s] -- Up-to-date: /home/dinhcuong/arm_ws/install/arduinobot_controller/share/arduinobot_controller/local_setup.sh
[0.548s] -- Up-to-date: /home/dinhcuong/arm_ws/install/arduinobot_controller/share/arduinobot_controller/local_setup.zsh
[0.548s] -- Up-to-date: /home/dinhcuong/arm_ws/install/arduinobot_controller/share/arduinobot_controller/local_setup.dsv
[0.548s] -- Installing: /home/dinhcuong/arm_ws/install/arduinobot_controller/share/arduinobot_controller/package.dsv
[0.548s] -- Up-to-date: /home/dinhcuong/arm_ws/install/arduinobot_controller/share/ament_index/resource_index/packages/arduinobot_controller
[0.548s] -- Up-to-date: /home/dinhcuong/arm_ws/install/arduinobot_controller/share/arduinobot_controller/cmake/arduinobot_controllerConfig.cmake
[0.548s] -- Up-to-date: /home/dinhcuong/arm_ws/install/arduinobot_controller/share/arduinobot_controller/cmake/arduinobot_controllerConfig-version.cmake
[0.548s] -- Up-to-date: /home/dinhcuong/arm_ws/install/arduinobot_controller/share/arduinobot_controller/package.xml
[0.790s] Invoked command in '/home/dinhcuong/arm_ws/build/arduinobot_controller' returned '0': CMAKE_PREFIX_PATH=/opt/ros/humble /usr/bin/cmake --install /home/dinhcuong/arm_ws/build/arduinobot_controller
